Master Name = 128.208.1.139
Master Send Port = 20010
Slave Rcv Port = 20100
U = 200 milliseconds
k = 10
W = 500 milliseconds
Synch Frequency = 300 milliseconds
DoS Target Host Name = 24.17.85.236
DoS Target Port = 80
AttackLifetime = 5 minute(s)
Attack Mode = TCP
Synch: Sending query: time=?;1
Received reply: time=;1146638855472;1
Synch Success: SAftr=1146638855628, SBfr=1146638855484, D=72, M=1146638855472
Scheduled a DoS to fire after 286ms
DOS THREAD: SEND DoS PACKET At :1146638856003 1
Synch: Sending query: time=?;2
Received reply: time=;1146638856274;2
Synch Success: SAftr=1146638856429, SBfr=1146638856286, D=71, M=1146638856274
Scheduled a DoS to fire after 154ms
DOS THREAD: SEND DoS PACKET At :1146638856501 2
Synch: Sending query: time=?;3
Received reply: time=;1146638856793;3
Synch Success: SAftr=1146638856949, SBfr=1146638856805, D=72, M=1146638856793
Scheduled a DoS to fire after 134ms
DOS THREAD: SEND DoS PACKET At :1146638857001 3
Synch: Sending query: time=?;4
Received reply: time=;1146638857311;4
Synch Success: SAftr=1146638857467, SBfr=1146638857323, D=72, M=1146638857311
Scheduled a DoS to fire after 116ms
DOS THREAD: SEND DoS PACKET At :1146638857501 4
Synch: Sending query: time=?;5
Received reply: time=;1146638857828;5
Synch Success: SAftr=1146638857985, SBfr=1146638857841, D=72, M=1146638857828
Scheduled a DoS to fire after 100ms
DOS THREAD: SEND DoS PACKET At :1146638858001 5
Synch: Sending query: time=?;6
Received reply: time=;1146638858347;6
Synch Success: SAftr=1146638858503, SBfr=1146638858360, D=71, M=1146638858347
Scheduled a DoS to fire after 81ms
DOS THREAD: SEND DoS PACKET At :1146638858502 6
Synch: Sending query: time=?;7
Received reply: time=;1146638858865;7
Synch Success: SAftr=1146638859022, SBfr=1146638858878, D=72, M=1146638858865
Scheduled a DoS to fire after 62ms
DOS THREAD: SEND DoS PACKET At :1146638859002 7
Synch: Sending query: time=?;8
Received reply: time=;1146638859384;8
Synch Success: SAftr=1146638859542, SBfr=1146638859397, D=72, M=1146638859384
Scheduled a DoS to fire after 43ms
DOS THREAD: SEND DoS PACKET At :1146638859502 8
Synch: Sending query: time=?;9
Received reply: time=;1146638859904;9
Synch Success: SAftr=1146638860060, SBfr=1146638859916, D=72, M=1146638859904
Scheduled a DoS to fire after 23ms
DOS THREAD: SEND DoS PACKET At :1146638860002 9
Synch: Sending query: time=?;10
Received reply: time=;1146638860422;10
Synch Success: SAftr=1146638860577, SBfr=1146638860434, D=71, M=1146638860422
Scheduled a DoS to fire after 6ms
DOS THREAD: SEND DoS PACKET At :1146638860501 10
Synch: Sending query: time=?;11
Received reply: time=;1146638860996;11
Synch Success: SAftr=1146638861214, SBfr=1146638860972, D=121, M=1146638860996
Scheduled a DoS to fire after 382ms
DOS THREAD: SEND DoS PACKET At :1146638861003 11
Synch: Sending query: time=?;12
DOS THREAD: SEND DoS PACKET At :1146638861502 12
Received reply: time=;1146638861627;12
Synch Success: SAftr=1146638861835, SBfr=1146638861605, D=115, M=1146638861627
Scheduled a DoS to fire after 257ms
Synch: Sending query: time=?;13
DOS THREAD: SEND DoS PACKET At :1146638862001 13
Received reply: time=;1146638862211;13
Synch Success: SAftr=1146638862366, SBfr=1146638862223, D=71, M=1146638862211
Scheduled a DoS to fire after 217ms
DOS THREAD: SEND DoS PACKET At :1146638862501 14
Synch: Sending query: time=?;14
Received reply: time=;1146638862728;14
Synch Success: SAftr=1146638862883, SBfr=1146638862740, D=71, M=1146638862728
Scheduled a DoS to fire after 200ms
DOS THREAD: SEND DoS PACKET At :1146638863001 15
Synch: Sending query: time=?;15
Received reply: time=;1146638863245;15
Synch Success: SAftr=1146638863400, SBfr=1146638863257, D=71, M=1146638863245
Scheduled a DoS to fire after 174ms
DOS THREAD: SEND DoS PACKET At :1146638863501 16
Synch: Sending query: time=?;16
Received reply: time=;1146638863771;16
Synch Success: SAftr=1146638863977, SBfr=1146638863783, D=97, M=1146638863771
Scheduled a DoS to fire after 131ms
DOS THREAD: SEND DoS PACKET At :1146638864001 17
Synch: Sending query: time=?;17
Received reply: time=;1146638864444;17
Synch Success: SAftr=1146638864631, SBfr=1146638864439, D=96, M=1146638864444
Scheduled a DoS to fire after 459ms
DOS THREAD: SEND DoS PACKET At :1146638864503 18
Synch: Sending query: time=?;18
DOS THREAD: SEND DoS PACKET At :1146638865002 19
Received reply: time=;1146638865160;18
Synch Success: SAftr=1146638865397, SBfr=1146638865025, D=186, M=1146638865160
Scheduled a DoS to fire after 152ms
DOS THREAD: SEND DoS PACKET At :1146638865501 20
Synch: Sending query: time=?;19
Received reply: time=;1146638865759;19
Synch Success: SAftr=1146638865916, SBfr=1146638865772, D=72, M=1146638865759
Scheduled a DoS to fire after 166ms
DOS THREAD: SEND DoS PACKET At :1146638866001 21
Synch: Sending query: time=?;20
Received reply: time=;1146638866280;20
Synch Success: SAftr=1146638866435, SBfr=1146638866291, D=72, M=1146638866280
Scheduled a DoS to fire after 147ms
DOS THREAD: SEND DoS PACKET At :1146638866501 22
Synch: Sending query: time=?;21
Received reply: time=;1146638866979;21
Synch Success: SAftr=1146638867138, SBfr=1146638866991, D=73, M=1146638866979
Scheduled a DoS to fire after 448ms
DOS THREAD: SEND DoS PACKET At :1146638867003 23
Synch: Sending query: time=?;22
Received reply: time=;1146638867500;22
Synch Success: SAftr=1146638867655, SBfr=1146638867512, D=71, M=1146638867500
Scheduled a DoS to fire after 429ms
DOS THREAD: SEND DoS PACKET At :1146638867501 23
Synch: Sending query: time=?;23
Received reply: time=;1146638868017;23
Synch Success: SAftr=1146638868173, SBfr=1146638868028, D=72, M=1146638868017
Scheduled a DoS to fire after 411ms
DOS THREAD: SEND DoS PACKET At :1146638868002 24
Synch: Sending query: time=?;24
DOS THREAD: SEND DoS PACKET At :1146638868503 25
Received reply: time=;1146638868620;24
Synch Success: SAftr=1146638868906, SBfr=1146638868610, D=148, M=1146638868620
Scheduled a DoS to fire after 231ms
Synch: Sending query: time=?;25
Received reply: time=;1146638869304;25
Synch Success: SAftr=1146638869487, SBfr=1146638869310, D=88, M=1146638869304
Scheduled a DoS to fire after 106ms
DOS THREAD: SEND DoS PACKET At :1146638869502 26
Synch: Sending query: time=?;26
Received reply: time=;1146638869850;26
Synch Success: SAftr=1146638870005, SBfr=1146638869862, D=71, M=1146638869850
Scheduled a DoS to fire after 78ms
DOS THREAD: SEND DoS PACKET At :1146638870002 27
Synch: Sending query: time=?;27
Received reply: time=;1146638870368;27
Synch Success: SAftr=1146638870524, SBfr=1146638870379, D=72, M=1146638870368
Scheduled a DoS to fire after 60ms
DOS THREAD: SEND DoS PACKET At :1146638870501 28
Synch: Sending query: time=?;28
Received reply: time=;1146638870886;28
Synch Success: SAftr=1146638871042, SBfr=1146638870899, D=71, M=1146638870886
Scheduled a DoS to fire after 42ms
DOS THREAD: SEND DoS PACKET At :1146638871001 29
Synch: Sending query: time=?;29
Received reply: time=;1146638871408;29
Synch Success: SAftr=1146638871564, SBfr=1146638871420, D=72, M=1146638871408
Scheduled a DoS to fire after 19ms
DOS THREAD: SEND DoS PACKET At :1146638871501 30
Synch: Sending query: time=?;30
Received reply: time=;1146638871927;30
Synch Success: SAftr=1146638872082, SBfr=1146638871938, D=72, M=1146638871927
Scheduled a DoS to fire after 500ms
DOS THREAD: SEND DoS PACKET At :1146638869002 31
Synch: Sending query: time=?;31
Received reply: time=;1146638872613;31
Synch Success: SAftr=1146638872801, SBfr=1146638872549, D=126, M=1146638872613
Scheduled a DoS to fire after 260ms
DOS THREAD: SEND DoS PACKET At :1146638872501 32
DOS THREAD: SEND DoS PACKET At :1146638873001 33
Synch: Sending query: time=?;32
Received reply: time=;1146638873209;32
Synch Success: SAftr=1146638873374, SBfr=1146638873205, D=84, M=1146638873209
Scheduled a DoS to fire after 196ms
DOS THREAD: SEND DoS PACKET At :1146638873502 34
Synch: Sending query: time=?;33
Received reply: time=;1146638873820;33
Synch Success: SAftr=1146638873975, SBfr=1146638873805, D=85, M=1146638873820
Scheduled a DoS to fire after 94ms
Synch: Sending query: time=?;34
Received reply: time=;1146638874337;34
Synch Success: SAftr=1146638874493, SBfr=1146638874350, D=71, M=1146638874337
Scheduled a DoS to fire after 91ms
Synch: Sending query: time=?;35
Received reply: time=;1146638874854;35
Synch Success: SAftr=1146638875010, SBfr=1146638874866, D=72, M=1146638874854
Scheduled a DoS to fire after 74ms
DOS THREAD: SEND DoS PACKET At :1146638875001 34
Synch: Sending query: time=?;36
Received reply: time=;1146638875371;36
Synch Success: SAftr=1146638875526, SBfr=1146638875383, D=71, M=1146638875371
Scheduled a DoS to fire after 57ms
DOS THREAD: SEND DoS PACKET At :1146638875502 34
Synch: Sending query: time=?;37
Received reply: time=;1146638875888;37
Synch Success: SAftr=1146638876044, SBfr=1146638875900, D=72, M=1146638875888
Scheduled a DoS to fire after 38ms
DOS THREAD: SEND DoS PACKET At :1146638876002 34
Synch: Sending query: time=?;38
Received reply: time=;1146638876409;38
Synch Success: SAftr=1146638876564, SBfr=1146638876421, D=71, M=1146638876409
Scheduled a DoS to fire after 19ms
DOS THREAD: SEND DoS PACKET At :1146638876502 34
Synch: Sending query: time=?;39
Received reply: time=;1146638876928;39
Synch Success: SAftr=1146638877087, SBfr=1146638876940, D=73, M=1146638876928
Scheduled a DoS to fire after 498ms
DOS THREAD: SEND DoS PACKET At :1146638874002 35
DOS THREAD: SEND DoS PACKET At :1146638877003 35
Synch: Sending query: time=?;40
Received reply: time=;1146638877450;40
Synch Success: SAftr=1146638877607, SBfr=1146638877461, D=73, M=1146638877450
Scheduled a DoS to fire after 475ms
Synch: Sending query: time=?;41
Received reply: time=;1146638877970;41
Synch Success: SAftr=1146638878125, SBfr=1146638877982, D=71, M=1146638877970
Scheduled a DoS to fire after 458ms
DOS THREAD: SEND DoS PACKET At :1146638878002 36
Synch: Sending query: time=?;42
Received reply: time=;1146638878490;42
Synch Success: SAftr=1146638878646, SBfr=1146638878502, D=72, M=1146638878490
Scheduled a DoS to fire after 438ms
DOS THREAD: SEND DoS PACKET At :1146638878502 36
Synch: Sending query: time=?;43
Received reply: time=;1146638879009;43
Synch Success: SAftr=1146638879164, SBfr=1146638879022, D=71, M=1146638879009
Scheduled a DoS to fire after 419ms
DOS THREAD: SEND DoS PACKET At :1146638879001 36
Synch: Sending query: time=?;44
Received reply: time=;1146638879526;44
Synch Success: SAftr=1146638879682, SBfr=1146638879539, D=71, M=1146638879526
Scheduled a DoS to fire after 402ms
DOS THREAD: SEND DoS PACKET At :1146638879501 36
Synch: Sending query: time=?;45
Received reply: time=;1146638880046;45
Synch Success: SAftr=1146638880202, SBfr=1146638880056, D=73, M=1146638880046
Scheduled a DoS to fire after 381ms
DOS THREAD: SEND DoS PACKET At :1146638880001 36
Synch: Sending query: time=?;46
Received reply: time=;1146638880563;46
DOS THREAD: SEND DoS PACKET At :1146638880502 36
Synch Success: SAftr=1146638880718, SBfr=1146638880575, D=71, M=1146638880563
DOS THREAD: SEND DoS PACKET At :1146638877502 36
Scheduled a DoS to fire after 347ms
Synch: Sending query: time=?;47
DOS THREAD: SEND DoS PACKET At :1146638881001 36
Received reply: time=;1146638881099;47
Synch Success: SAftr=1146638881254, SBfr=1146638881111, D=71, M=1146638881099
Scheduled a DoS to fire after 329ms
Synch: Sending query: time=?;48
DOS THREAD: SEND DoS PACKET At :1146638881501 37
Received reply: time=;1146638881616;48
Synch Success: SAftr=1146638881771, SBfr=1146638881628, D=71, M=1146638881616
Scheduled a DoS to fire after 313ms
Synch: Sending query: time=?;49
DOS THREAD: SEND DoS PACKET At :1146638882001 38
Received reply: time=;1146638882258;49
Synch Success: SAftr=1146638882482, SBfr=1146638882238, D=122, M=1146638882258
Scheduled a DoS to fire after 120ms
Synch: Sending query: time=?;50
Received reply: time=;1146638882920;50
Synch Success: SAftr=1146638883148, SBfr=1146638882896, D=126, M=1146638882920
Scheduled a DoS to fire after 453ms
Synch: Sending query: time=?;51
DOS THREAD: SEND DoS PACKET At :1146638874502 38
Received reply: time=;1146638883547;51
Synch Success: SAftr=1146638883702, SBfr=1146638883559, D=71, M=1146638883547
Scheduled a DoS to fire after 381ms
DOS THREAD: SEND DoS PACKET At :1146638883502 38
Synch: Sending query: time=?;52
DOS THREAD: SEND DoS PACKET At :1146638884002 39
Received reply: time=;1146638884066;52
Synch Success: SAftr=1146638884246, SBfr=1146638884078, D=84, M=1146638884066
Scheduled a DoS to fire after 348ms
Synch: Sending query: time=?;53
DOS THREAD: SEND DoS PACKET At :1146638884502 39
Received reply: time=;1146638884611;53
Synch Success: SAftr=1146638884766, SBfr=1146638884623, D=71, M=1146638884611
Scheduled a DoS to fire after 317ms
Synch: Sending query: time=?;54
DOS THREAD: SEND DoS PACKET At :1146638885002 40
Received reply: time=;1146638885128;54
Synch Success: SAftr=1146638885284, SBfr=1146638885140, D=72, M=1146638885128
Scheduled a DoS to fire after 299ms
Synch: Sending query: time=?;55
DOS THREAD: SEND DoS PACKET At :1146638885501 41
DOS THREAD: SEND DoS PACKET At :1146638882502 42
Received reply: time=;1146638885646;55
Synch Success: SAftr=1146638885801, SBfr=1146638885657, D=72, M=1146638885646
Scheduled a DoS to fire after 281ms
Synch: Sending query: time=?;56
DOS THREAD: SEND DoS PACKET At :1146638886002 43
Received reply: time=;1146638886163;56
Synch Success: SAftr=1146638886388, SBfr=1146638886176, D=106, M=1146638886163
Scheduled a DoS to fire after 231ms
DOS THREAD: SEND DoS PACKET At :1146638886502 44
Synch: Sending query: time=?;57
Received reply: time=;1146638886994;57
Synch Success: SAftr=1146638887195, SBfr=1146638886915, D=140, M=1146638886994
Scheduled a DoS to fire after 366ms
Synch: Sending query: time=?;58
DOS THREAD: SEND DoS PACKET At :1146638887501 45
Received reply: time=;1146638887653;58
Synch Success: SAftr=1146638887860, SBfr=1146638887647, D=106, M=1146638887653
Scheduled a DoS to fire after 240ms
Synch: Sending query: time=?;59
DOS THREAD: SEND DoS PACKET At :1146638888001 46
Received reply: time=;1146638888222;59
Synch Success: SAftr=1146638888377, SBfr=1146638888234, D=71, M=1146638888222
Scheduled a DoS to fire after 206ms
DOS THREAD: SEND DoS PACKET At :1146638888501 47
Synch: Sending query: time=?;60
Received reply: time=;1146638888739;60
Synch Success: SAftr=1146638888894, SBfr=1146638888751, D=71, M=1146638888739
Scheduled a DoS to fire after 189ms
DOS THREAD: SEND DoS PACKET At :1146638889007 48
Synch: Sending query: time=?;61
Received reply: time=;1146638889259;61
Synch Success: SAftr=1146638889416, SBfr=1146638889269, D=73, M=1146638889259
Scheduled a DoS to fire after 167ms
DOS THREAD: SEND DoS PACKET At :1146638889501 49
Synch: Sending query: time=?;62
Received reply: time=;1146638889778;62
Synch Success: SAftr=1146638889933, SBfr=1146638889790, D=71, M=1146638889778
Scheduled a DoS to fire after 150ms
DOS THREAD: SEND DoS PACKET At :1146638890002 50
Synch: Sending query: time=?;63
Received reply: time=;1146638890377;63
Synch Success: SAftr=1146638890611, SBfr=1146638890308, D=151, M=1146638890377
Scheduled a DoS to fire after 471ms
DOS THREAD: SEND DoS PACKET At :1146638890503 51
Synch: Sending query: time=?;64
DOS THREAD: SEND DoS PACKET At :1146638891001 51
Received reply: time=;1146638891081;64
Synch Success: SAftr=1146638891265, SBfr=1146638891028, D=118, M=1146638891081
Scheduled a DoS to fire after 300ms
Synch: Sending query: time=?;65
DOS THREAD: SEND DoS PACKET At :1146638891502 52
Received reply: time=;1146638891696;65
Synch Success: SAftr=1146638891861, SBfr=1146638891698, D=81, M=1146638891696
Scheduled a DoS to fire after 220ms
DOS THREAD: SEND DoS PACKET At :1146638892001 53
Synch: Sending query: time=?;66
Received reply: time=;1146638892225;66
Synch Success: SAftr=1146638892383, SBfr=1146638892236, D=73, M=1146638892225
Scheduled a DoS to fire after 201ms
DOS THREAD: SEND DoS PACKET At :1146638892501 53
Synch: Sending query: time=?;67
Received reply: time=;1146638892747;67
Synch Success: SAftr=1146638892902, SBfr=1146638892757, D=72, M=1146638892747
Scheduled a DoS to fire after 180ms
DOS THREAD: SEND DoS PACKET At :1146638893001 54
Synch: Sending query: time=?;68
Received reply: time=;1146638893265;68
Synch Success: SAftr=1146638893420, SBfr=1146638893276, D=72, M=1146638893265
Scheduled a DoS to fire after 162ms
DOS THREAD: SEND DoS PACKET At :1146638893502 55
Synch: Sending query: time=?;69
Received reply: time=;1146638893782;69
Synch Success: SAftr=1146638893940, SBfr=1146638893794, D=73, M=1146638893782
Scheduled a DoS to fire after 144ms
DOS THREAD: SEND DoS PACKET At :1146638894002 56
Synch: Sending query: time=?;70
Received reply: time=;1146638894302;70
Synch Success: SAftr=1146638894462, SBfr=1146638894314, D=74, M=1146638894302
Scheduled a DoS to fire after 123ms
DOS THREAD: SEND DoS PACKET At :1146638894502 57
Synch: Sending query: time=?;71
Received reply: time=;1146638894948;71
Synch Success: SAftr=1146638895150, SBfr=1146638894881, D=134, M=1146638894948
Scheduled a DoS to fire after 417ms
DOS THREAD: SEND DoS PACKET At :1146638895004 58
Synch: Sending query: time=?;72
DOS THREAD: SEND DoS PACKET At :1146638895502 58
Received reply: time=;1146638895599;72
Synch Success: SAftr=1146638895871, SBfr=1146638895590, D=140, M=1146638895599
Scheduled a DoS to fire after 260ms
Synch: Sending query: time=?;73
DOS THREAD: SEND DoS PACKET At :1146638887004 59
Received reply: time=;1146638896272;73
Synch Success: SAftr=1146638896428, SBfr=1146638896252, D=88, M=1146638896272
Scheduled a DoS to fire after 139ms
DOS THREAD: SEND DoS PACKET At :1146638896501 60
Synch: Sending query: time=?;74
Received reply: time=;1146638896791;74
Synch Success: SAftr=1146638896946, SBfr=1146638896803, D=71, M=1146638896791
Scheduled a DoS to fire after 137ms
DOS THREAD: SEND DoS PACKET At :1146638897001 61
Synch: Sending query: time=?;75
Received reply: time=;1146638897312;75
Synch Success: SAftr=1146638897468, SBfr=1146638897324, D=72, M=1146638897312
Scheduled a DoS to fire after 116ms
DOS THREAD: SEND DoS PACKET At :1146638897502 62
Synch: Sending query: time=?;76
Received reply: time=;1146638897830;76
Synch Success: SAftr=1146638897985, SBfr=1146638897842, D=71, M=1146638897830
Scheduled a DoS to fire after 98ms
DOS THREAD: SEND DoS PACKET At :1146638898001 62
Synch: Sending query: time=?;77
Received reply: time=;1146638898347;77
Synch Success: SAftr=1146638898554, SBfr=1146638898359, D=97, M=1146638898347
Scheduled a DoS to fire after 55ms
DOS THREAD: SEND DoS PACKET At :1146638898501 63
Synch: Sending query: time=?;78
DOS THREAD: SEND DoS PACKET At :1146638896002 64
Received reply: time=;1146638899032;78
Synch Success: SAftr=1146638899246, SBfr=1146638898958, D=144, M=1146638899032
Scheduled a DoS to fire after 324ms
DOS THREAD: SEND DoS PACKET At :1146638899002 65
Synch: Sending query: time=?;79
DOS THREAD: SEND DoS PACKET At :1146638899501 66
Received reply: time=;1146638899673;79
Synch Success: SAftr=1146638899862, SBfr=1146638899649, D=106, M=1146638899673
Scheduled a DoS to fire after 220ms
DOS THREAD: SEND DoS PACKET At :1146638900001 66
Synch: Sending query: time=?;80
Received reply: time=;1146638900224;80
Synch Success: SAftr=1146638900379, SBfr=1146638900236, D=71, M=1146638900224
Scheduled a DoS to fire after 205ms
DOS THREAD: SEND DoS PACKET At :1146638900502 67
Synch: Sending query: time=?;81
Received reply: time=;1146638900741;81
Synch Success: SAftr=1146638900896, SBfr=1146638900753, D=71, M=1146638900741
Scheduled a DoS to fire after 187ms
DOS THREAD: SEND DoS PACKET At :1146638901002 68
Synch: Sending query: time=?;82
Received reply: time=;1146638901259;82
Synch Success: SAftr=1146638901414, SBfr=1146638901270, D=72, M=1146638901259
Scheduled a DoS to fire after 168ms
DOS THREAD: SEND DoS PACKET At :1146638901502 69
Synch: Sending query: time=?;83
Received reply: time=;1146638901776;83
Synch Success: SAftr=1146638901932, SBfr=1146638901788, D=72, M=1146638901776
Scheduled a DoS to fire after 152ms
DOS THREAD: SEND DoS PACKET At :1146638902002 70
Synch: Sending query: time=?;84
Received reply: time=;1146638902293;84
Synch Success: SAftr=1146638902448, SBfr=1146638902306, D=71, M=1146638902293
Scheduled a DoS to fire after 135ms
DOS THREAD: SEND DoS PACKET At :1146638902502 71
Synch: Sending query: time=?;85
Received reply: time=;1146638902955;85
Synch Success: SAftr=1146638903208, SBfr=1146638902886, D=161, M=1146638902955
Scheduled a DoS to fire after 383ms
Synch: Sending query: time=?;86
DOS THREAD: SEND DoS PACKET At :1146638903502 71
Received reply: time=;1146638903636;86
Synch Success: SAftr=1146638903928, SBfr=1146638903600, D=164, M=1146638903636
Scheduled a DoS to fire after 199ms
Synch: Sending query: time=?;87
Received reply: time=;1146638904296;87
Synch Success: SAftr=1146638904453, SBfr=1146638904306, D=73, M=1146638904296
Scheduled a DoS to fire after 129ms
DOS THREAD: SEND DoS PACKET At :1146638904501 71
Synch: Sending query: time=?;88
Received reply: time=;1146638904816;88
Synch Success: SAftr=1146638904973, SBfr=1146638904828, D=72, M=1146638904816
Scheduled a DoS to fire after 112ms
DOS THREAD: SEND DoS PACKET At :1146638905001 72
Synch: Sending query: time=?;89
Received reply: time=;1146638905336;89
Synch Success: SAftr=1146638905491, SBfr=1146638905348, D=71, M=1146638905336
Scheduled a DoS to fire after 92ms
DOS THREAD: SEND DoS PACKET At :1146638905501 72
Synch: Sending query: time=?;90
Received reply: time=;1146638905853;90
Synch Success: SAftr=1146638906010, SBfr=1146638905865, D=72, M=1146638905853
Scheduled a DoS to fire after 33ms
DOS THREAD: SEND DoS PACKET At :1146638903004 73
DOS THREAD: SEND DoS PACKET At :1146638906010 73
Synch: Sending query: time=?;91
Received reply: time=;1146638906414;91
Synch Success: SAftr=1146638906570, SBfr=1146638906426, D=72, M=1146638906414
Scheduled a DoS to fire after 14ms
DOS THREAD: SEND DoS PACKET At :1146638906502 74
Synch: Sending query: time=?;92
Received reply: time=;1146638906935;92
Synch Success: SAftr=1146638907090, SBfr=1146638906947, D=71, M=1146638906935
Scheduled a DoS to fire after 493ms
DOS THREAD: SEND DoS PACKET At :1146638907004 75
DOS THREAD: SEND DoS PACKET At :1146638904002 76
Synch: Sending query: time=?;93
Received reply: time=;1146638907572;93
Synch Success: SAftr=1146638907794, SBfr=1146638907505, D=144, M=1146638907572
Scheduled a DoS to fire after 283ms
DOS THREAD: SEND DoS PACKET At :1146638907501 77
Synch: Sending query: time=?;94
DOS THREAD: SEND DoS PACKET At :1146638908002 78
Received reply: time=;1146638908222;94
Synch Success: SAftr=1146638908416, SBfr=1146638908229, D=93, M=1146638908222
Scheduled a DoS to fire after 185ms
Synch: Sending query: time=?;95
Received reply: time=;1146638908894;95
Synch Success: SAftr=1146638909051, SBfr=1146638908905, D=73, M=1146638908894
Scheduled a DoS to fire after 31ms
DOS THREAD: SEND DoS PACKET At :1146638909001 79
Synch: Sending query: time=?;96
Received reply: time=;1146638909414;96
Synch Success: SAftr=1146638909569, SBfr=1146638909426, D=71, M=1146638909414
Scheduled a DoS to fire after 14ms
DOS THREAD: SEND DoS PACKET At :1146638909502 80
Synch: Sending query: time=?;97
Received reply: time=;1146638909932;97
Synch Success: SAftr=1146638910087, SBfr=1146638909943, D=72, M=1146638909932
Scheduled a DoS to fire after 495ms
DOS THREAD: SEND DoS PACKET At :1146638910003 81
Synch: Sending query: time=?;98
Received reply: time=;1146638910450;98
Synch Success: SAftr=1146638910605, SBfr=1146638910462, D=71, M=1146638910450
Scheduled a DoS to fire after 478ms
DOS THREAD: SEND DoS PACKET At :1146638910502 82
Synch: Sending query: time=?;99
DOS THREAD: SEND DoS PACKET At :1146638911002 83
Received reply: time=;1146638911186;99
Synch Success: SAftr=1146638911377, SBfr=1146638911094, D=141, M=1146638911186
Scheduled a DoS to fire after 172ms
DOS THREAD: SEND DoS PACKET At :1146638911502 84
DOS THREAD: SEND DoS PACKET At :1146638908501 85
Synch: Sending query: time=?;100
Received reply: time=;1146638911882;100
Synch Success: SAftr=1146638912042, SBfr=1146638911846, D=98, M=1146638911882
Scheduled a DoS to fire after 19ms
Synch: Sending query: time=?;101
Received reply: time=;1146638912404;101
Synch Success: SAftr=1146638912560, SBfr=1146638912416, D=72, M=1146638912404
Scheduled a DoS to fire after 24ms
DOS THREAD: SEND DoS PACKET At :1146638912502 85
Synch: Sending query: time=?;102
Received reply: time=;1146638912922;102
Synch Success: SAftr=1146638913078, SBfr=1146638912934, D=72, M=1146638912922
Scheduled a DoS to fire after 5ms
DOS THREAD: SEND DoS PACKET At :1146638913001 85
Synch: Sending query: time=?;103
Received reply: time=;1146638913440;103
Synch Success: SAftr=1146638913606, SBfr=1146638913452, D=77, M=1146638913440
Scheduled a DoS to fire after 483ms
DOS THREAD: SEND DoS PACKET At :1146638913501 85
Synch: Sending query: time=?;104
Received reply: time=;1146638913967;104
Synch Success: SAftr=1146638914122, SBfr=1146638913979, D=71, M=1146638913967
Scheduled a DoS to fire after 461ms
DOS THREAD: SEND DoS PACKET At :1146638914001 86
Synch: Sending query: time=?;105
Received reply: time=;1146638914495;105
Synch Success: SAftr=1146638914651, SBfr=1146638914507, D=72, M=1146638914495
Scheduled a DoS to fire after 433ms
DOS THREAD: SEND DoS PACKET At :1146638914501 87
Synch: Sending query: time=?;106
Received reply: time=;1146638915014;106
Synch Success: SAftr=1146638915169, SBfr=1146638915026, D=71, M=1146638915014
Scheduled a DoS to fire after 414ms
DOS THREAD: SEND DoS PACKET At :1146638915001 88
DOS THREAD: SEND DoS PACKET At :1146638912002 89
Synch: Sending query: time=?;107
DOS THREAD: SEND DoS PACKET At :1146638915501 90
Received reply: time=;1146638915608;107
Synch Success: SAftr=1146638915849, SBfr=1146638915597, D=126, M=1146638915608
Scheduled a DoS to fire after 265ms
DOS THREAD: SEND DoS PACKET At :1146638916002 91
Synch: Sending query: time=?;108
Received reply: time=;1146638916326;108
Synch Success: SAftr=1146638916500, SBfr=1146638916277, D=111, M=1146638916326
Scheduled a DoS to fire after 62ms
DOS THREAD: SEND DoS PACKET At :1146638916501 92
Synch: Sending query: time=?;109
Received reply: time=;1146638916865;109
Synch Success: SAftr=1146638917021, SBfr=1146638916877, D=72, M=1146638916865
Scheduled a DoS to fire after 63ms
DOS THREAD: SEND DoS PACKET At :1146638917001 93
Synch: Sending query: time=?;110
Received reply: time=;1146638917385;110
Synch Success: SAftr=1146638917541, SBfr=1146638917397, D=72, M=1146638917385
Scheduled a DoS to fire after 43ms
DOS THREAD: SEND DoS PACKET At :1146638917502 94
Synch: Sending query: time=?;111
Received reply: time=;1146638917902;111
Synch Success: SAftr=1146638918057, SBfr=1146638917914, D=71, M=1146638917902
Scheduled a DoS to fire after 26ms
DOS THREAD: SEND DoS PACKET At :1146638918002 95
Synch: Sending query: time=?;112
Received reply: time=;1146638918420;112
Synch Success: SAftr=1146638918575, SBfr=1146638918431, D=72, M=1146638918420
Scheduled a DoS to fire after 7ms
DOS THREAD: SEND DoS PACKET At :1146638918502 96
Synch: Sending query: time=?;113
Received reply: time=;1146638918937;113
Synch Success: SAftr=1146638919099, SBfr=1146638918949, D=75, M=1146638918937
Scheduled a DoS to fire after 467ms
DOS THREAD: SEND DoS PACKET At :1146638919015 97
Synch: Sending query: time=?;114
DOS THREAD: SEND DoS PACKET At :1146638919502 98
Received reply: time=;1146638919591;114
Synch Success: SAftr=1146638919821, SBfr=1146638919525, D=148, M=1146638919591
Scheduled a DoS to fire after 260ms
Synch: Sending query: time=?;115
DOS THREAD: SEND DoS PACKET At :1146638920002 99
Received reply: time=;1146638920264;115
Synch Success: SAftr=1146638920440, SBfr=1146638920248, D=96, M=1146638920264
Scheduled a DoS to fire after 140ms
DOS THREAD: SEND DoS PACKET At :1146638920502 100
Synch: Sending query: time=?;116
Received reply: time=;1146638920847;116
Synch Success: SAftr=1146638921002, SBfr=1146638920858, D=72, M=1146638920847
Scheduled a DoS to fire after 80ms
DOS THREAD: SEND DoS PACKET At :1146638921002 101
Synch: Sending query: time=?;117
Received reply: time=;1146638921366;117
Synch Success: SAftr=1146638921522, SBfr=1146638921378, D=72, M=1146638921366
Scheduled a DoS to fire after 61ms
DOS THREAD: SEND DoS PACKET At :1146638921502 102
Synch: Sending query: time=?;118
Received reply: time=;1146638921884;118
Synch Success: SAftr=1146638922044, SBfr=1146638921896, D=74, M=1146638921884
Scheduled a DoS to fire after 41ms
DOS THREAD: SEND DoS PACKET At :1146638922001 103
Synch: Sending query: time=?;119
Received reply: time=;1146638922406;119
Synch Success: SAftr=1146638922561, SBfr=1146638922418, D=71, M=1146638922406
Scheduled a DoS to fire after 19ms
DOS THREAD: SEND DoS PACKET At :1146638922505 103
Synch: Sending query: time=?;120
Received reply: time=;1146638922928;120
Synch Success: SAftr=1146638923083, SBfr=1146638922939, D=72, M=1146638922928
Scheduled a DoS to fire after 499ms
Synch: Sending query: time=?;121
Received reply: time=;1146638923444;121
Synch Success: SAftr=1146638923599, SBfr=1146638923457, D=71, M=1146638923444
Scheduled a DoS to fire after 484ms
DOS THREAD: SEND DoS PACKET At :1146638923501 104
Synch: Sending query: time=?;122
Received reply: time=;1146638923965;122
Synch Success: SAftr=1146638924121, SBfr=1146638923977, D=72, M=1146638923965
Scheduled a DoS to fire after 462ms
DOS THREAD: SEND DoS PACKET At :1146638924002 104
Synch: Sending query: time=?;123
Received reply: time=;1146638924522;123
Synch Success: SAftr=1146638924690, SBfr=1146638924519, D=85, M=1146638924522
Scheduled a DoS to fire after 393ms
Synch: Sending query: time=?;124
DOS THREAD: SEND DoS PACKET At :1146638925002 105
Received reply: time=;1146638925155;124
Synch Success: SAftr=1146638925350, SBfr=1146638925132, D=109, M=1146638925155
Scheduled a DoS to fire after 235ms
DOS THREAD: SEND DoS PACKET At :1146638925501 106
Synch: Sending query: time=?;125
Received reply: time=;1146638925824;125
Synch Success: SAftr=1146638925980, SBfr=1146638925763, D=108, M=1146638925824
Scheduled a DoS to fire after 66ms
DOS THREAD: SEND DoS PACKET At :1146638926002 107
Synch: Sending query: time=?;126
Received reply: time=;1146638926344;126
Synch Success: SAftr=1146638926501, SBfr=1146638926356, D=72, M=1146638926344
Scheduled a DoS to fire after 84ms
DOS THREAD: SEND DoS PACKET At :1146638926501 108
Synch: Sending query: time=?;127
Received reply: time=;1146638926864;127
Synch Success: SAftr=1146638927018, SBfr=1146638926876, D=71, M=1146638926864
Scheduled a DoS to fire after 63ms
Synch: Sending query: time=?;128
Received reply: time=;1146638927380;128
Synch Success: SAftr=1146638927535, SBfr=1146638927392, D=71, M=1146638927380
Scheduled a DoS to fire after 48ms
DOS THREAD: SEND DoS PACKET At :1146638924501 109
DOS THREAD: SEND DoS PACKET At :1146638927502 109
Synch: Sending query: time=?;129
Received reply: time=;1146638927898;129
Synch Success: SAftr=1146638928054, SBfr=1146638927910, D=72, M=1146638927898
Scheduled a DoS to fire after 29ms
DOS THREAD: SEND DoS PACKET At :1146638928002 110
Synch: Sending query: time=?;130
Received reply: time=;1146638928501;130
Synch Success: SAftr=1146638928681, SBfr=1146638928462, D=109, M=1146638928501
Scheduled a DoS to fire after 389ms
Synch: Sending query: time=?;131
DOS THREAD: SEND DoS PACKET At :1146638929002 111
Received reply: time=;1146638929120;131
Synch Success: SAftr=1146638929306, SBfr=1146638929078, D=114, M=1146638929120
Scheduled a DoS to fire after 264ms
Synch: Sending query: time=?;132
DOS THREAD: SEND DoS PACKET At :1146638929502 112
Received reply: time=;1146638929671;132
Synch Success: SAftr=1146638929827, SBfr=1146638929683, D=72, M=1146638929671
Scheduled a DoS to fire after 257ms
DOS THREAD: SEND DoS PACKET At :1146638927001 113
Synch: Sending query: time=?;133
DOS THREAD: SEND DoS PACKET At :1146638930002 114
Received reply: time=;1146638930188;133
Synch Success: SAftr=1146638930343, SBfr=1146638930200, D=71, M=1146638930188
Scheduled a DoS to fire after 240ms
Synch: Sending query: time=?;134
Received reply: time=;1146638930705;134
Synch Success: SAftr=1146638930860, SBfr=1146638930717, D=71, M=1146638930705
Scheduled a DoS to fire after 222ms
DOS THREAD: SEND DoS PACKET At :1146638931001 115
Synch: Sending query: time=?;135
Received reply: time=;1146638931338;135
Synch Success: SAftr=1146638931502, SBfr=1146638931312, D=95, M=1146638931338
Scheduled a DoS to fire after 67ms
DOS THREAD: SEND DoS PACKET At :1146638928504 116
DOS THREAD: SEND DoS PACKET At :1146638931502 116
Synch: Sending query: time=?;136
Received reply: time=;1146638931905;136
Synch Success: SAftr=1146638932115, SBfr=1146638931887, D=114, M=1146638931905
Scheduled a DoS to fire after 480ms
DOS THREAD: SEND DoS PACKET At :1146638932003 117
Synch: Sending query: time=?;137
Received reply: time=;1146638932511;137
Synch Success: SAftr=1146638932672, SBfr=1146638932497, D=87, M=1146638932511
Scheduled a DoS to fire after 402ms
DOS THREAD: SEND DoS PACKET At :1146638932501 118
Synch: Sending query: time=?;138
Received reply: time=;1146638933034;138
Synch Success: SAftr=1146638933189, SBfr=1146638933046, D=71, M=1146638933034
Scheduled a DoS to fire after 394ms
DOS THREAD: SEND DoS PACKET At :1146638933002 119
Synch: Sending query: time=?;139
Received reply: time=;1146638933551;139
Synch Success: SAftr=1146638933706, SBfr=1146638933563, D=71, M=1146638933551
Scheduled a DoS to fire after 378ms
DOS THREAD: SEND DoS PACKET At :1146638933501 120
DOS THREAD: SEND DoS PACKET At :1146638930502 121
Synch: Sending query: time=?;140
DOS THREAD: SEND DoS PACKET At :1146638934001 122
Received reply: time=;1146638934163;140
Synch Success: SAftr=1146638934349, SBfr=1146638934146, D=101, M=1146638934163
Scheduled a DoS to fire after 235ms
Synch: Sending query: time=?;141
Received reply: time=;1146638934789;141
Synch Success: SAftr=1146638935004, SBfr=1146638934729, D=137, M=1146638934789
Scheduled a DoS to fire after 73ms
DOS THREAD: SEND DoS PACKET At :1146638935002 123
Synch: Sending query: time=?;142
Received reply: time=;1146638935418;142
Synch Success: SAftr=1146638935574, SBfr=1146638935430, D=72, M=1146638935418
Scheduled a DoS to fire after 9ms
DOS THREAD: SEND DoS PACKET At :1146638935502 123
Synch: Sending query: time=?;143
Received reply: time=;1146638935936;143
Synch Success: SAftr=1146638936092, SBfr=1146638935948, D=72, M=1146638935936
Scheduled a DoS to fire after 491ms
DOS THREAD: SEND DoS PACKET At :1146638936004 124
Synch: Sending query: time=?;144
Received reply: time=;1146638936458;144
Synch Success: SAftr=1146638936613, SBfr=1146638936467, D=73, M=1146638936458
Scheduled a DoS to fire after 468ms
DOS THREAD: SEND DoS PACKET At :1146638936502 124
Synch: Sending query: time=?;145
Received reply: time=;1146638936975;145
Synch Success: SAftr=1146638937130, SBfr=1146638936987, D=71, M=1146638936975
Scheduled a DoS to fire after 453ms
DOS THREAD: SEND DoS PACKET At :1146638937002 124
Synch: Sending query: time=?;146
Received reply: time=;1146638937494;146
Synch Success: SAftr=1146638937649, SBfr=1146638937504, D=72, M=1146638937494
Scheduled a DoS to fire after 434ms
DOS THREAD: SEND DoS PACKET At :1146638937502 124
DOS THREAD: SEND DoS PACKET At :1146638934501 124
Synch: Sending query: time=?;147
Received reply: time=;1146638938019;147
Synch Success: SAftr=1146638938176, SBfr=1146638938031, D=72, M=1146638938019
Scheduled a DoS to fire after 408ms
DOS THREAD: SEND DoS PACKET At :1146638938002 124
Synch: Sending query: time=?;148
Received reply: time=;1146638938538;148
Synch Success: SAftr=1146638938693, SBfr=1146638938550, D=71, M=1146638938538
Scheduled a DoS to fire after 390ms
Synch: Sending query: time=?;149
DOS THREAD: SEND DoS PACKET At :1146638939001 124
Received reply: time=;1146638939056;149
Synch Success: SAftr=1146638939212, SBfr=1146638939068, D=72, M=1146638939056
Scheduled a DoS to fire after 371ms
Synch: Sending query: time=?;150
DOS THREAD: SEND DoS PACKET At :1146638939501 124
Received reply: time=;1146638939574;150
Synch Success: SAftr=1146638939729, SBfr=1146638939586, D=71, M=1146638939574
Scheduled a DoS to fire after 354ms
Synch: Sending query: time=?;151
DOS THREAD: SEND DoS PACKET At :1146638940001 124
Received reply: time=;1146638940091;151
Synch Success: SAftr=1146638940246, SBfr=1146638940103, D=71, M=1146638940091
Scheduled a DoS to fire after 337ms
Synch: Sending query: time=?;152
DOS THREAD: SEND DoS PACKET At :1146638940508 124
Received reply: time=;1146638940610;152
Synch Success: SAftr=1146638940766, SBfr=1146638940622, D=72, M=1146638940610
Scheduled a DoS to fire after 318ms
Synch: Sending query: time=?;153
DOS THREAD: SEND DoS PACKET At :1146638941002 124
Received reply: time=;1146638941131;153
Synch Success: SAftr=1146638941290, SBfr=1146638941143, D=73, M=1146638941131
Scheduled a DoS to fire after 296ms
Synch: Sending query: time=?;154
DOS THREAD: SEND DoS PACKET At :1146638938502 125
Received reply: time=;1146638941655;154
Synch Success: SAftr=1146638941810, SBfr=1146638941667, D=71, M=1146638941655
Scheduled a DoS to fire after 273ms
Synch: Sending query: time=?;155
DOS THREAD: SEND DoS PACKET At :1146638942002 126
Received reply: time=;1146638942177;155
Synch Success: SAftr=1146638942344, SBfr=1146638942189, D=77, M=1146638942177
Scheduled a DoS to fire after 245ms
DOS THREAD: SEND DoS PACKET At :1146638942502 126
Synch: Sending query: time=?;156
Received reply: time=;1146638942843;156
Synch Success: SAftr=1146638943023, SBfr=1146638942764, D=129, M=1146638942843
Scheduled a DoS to fire after 28ms
DOS THREAD: SEND DoS PACKET At :1146638943002 127
Synch: Sending query: time=?;157
Received reply: time=;1146638943502;157
Synch Success: SAftr=1146638943753, SBfr=1146638943464, D=144, M=1146638943502
Scheduled a DoS to fire after 354ms
Synch: Sending query: time=?;158
DOS THREAD: SEND DoS PACKET At :1146638944007 127
Received reply: time=;1146638944114;158
Synch Success: SAftr=1146638944270, SBfr=1146638944126, D=72, M=1146638944114
Scheduled a DoS to fire after 313ms
Synch: Sending query: time=?;159
DOS THREAD: SEND DoS PACKET At :1146638944504 127
DOS THREAD: SEND DoS PACKET At :1146638941509 127
Received reply: time=;1146638944635;159
Synch Success: SAftr=1146638944790, SBfr=1146638944647, D=71, M=1146638944635
Scheduled a DoS to fire after 293ms
Synch: Sending query: time=?;160
DOS THREAD: SEND DoS PACKET At :1146638945001 128
Received reply: time=;1146638945152;160
Synch Success: SAftr=1146638945308, SBfr=1146638945163, D=72, M=1146638945152
Scheduled a DoS to fire after 275ms
Synch: Sending query: time=?;161
DOS THREAD: SEND DoS PACKET At :1146638945502 129
Received reply: time=;1146638945670;161
Synch Success: SAftr=1146638945825, SBfr=1146638945682, D=71, M=1146638945670
Scheduled a DoS to fire after 257ms
DOS THREAD: SEND DoS PACKET At :1146638946002 129
Synch: Sending query: time=?;162
Received reply: time=;1146638946190;162
Synch Success: SAftr=1146638946346, SBfr=1146638946201, D=72, M=1146638946190
Scheduled a DoS to fire after 238ms
DOS THREAD: SEND DoS PACKET At :1146638946502 130
Synch: Sending query: time=?;163
DOS THREAD: SEND DoS PACKET At :1146638943504 131
Received reply: time=;1146638946707;163
Synch Success: SAftr=1146638946920, SBfr=1146638946719, D=100, M=1146638946707
Scheduled a DoS to fire after 192ms
Synch: Sending query: time=?;164
DOS THREAD: SEND DoS PACKET At :1146638947002 132
Received reply: time=;1146638947330;164
Synch Success: SAftr=1146638947525, SBfr=1146638947307, D=109, M=1146638947330
Scheduled a DoS to fire after 60ms
DOS THREAD: SEND DoS PACKET At :1146638947501 132
Synch: Sending query: time=?;165
Received reply: time=;1146638947923;165
Synch Success: SAftr=1146638948187, SBfr=1146638947901, D=143, M=1146638947923
Scheduled a DoS to fire after 433ms
Synch: Sending query: time=?;166
Received reply: time=;1146638948549;166
Synch Success: SAftr=1146638948707, SBfr=1146638948561, D=73, M=1146638948549
Scheduled a DoS to fire after 377ms
DOS THREAD: SEND DoS PACKET At :1146638948501 132
Synch: Sending query: time=?;167
DOS THREAD: SEND DoS PACKET At :1146638949001 132
Received reply: time=;1146638949069;167
Synch Success: SAftr=1146638949224, SBfr=1146638949081, D=71, M=1146638949069
Scheduled a DoS to fire after 358ms
Synch: Sending query: time=?;168
DOS THREAD: SEND DoS PACKET At :1146638949501 132
Received reply: time=;1146638949587;168
Synch Success: SAftr=1146638949742, SBfr=1146638949599, D=71, M=1146638949587
Scheduled a DoS to fire after 340ms
Synch: Sending query: time=?;169
DOS THREAD: SEND DoS PACKET At :1146638950001 132
Received reply: time=;1146638950105;169
Synch Success: SAftr=1146638950260, SBfr=1146638950117, D=71, M=1146638950105
Scheduled a DoS to fire after 322ms
Synch: Sending query: time=?;170
DOS THREAD: SEND DoS PACKET At :1146638950501 132
Received reply: time=;1146638950624;170
Synch Success: SAftr=1146638950780, SBfr=1146638950635, D=72, M=1146638950624
Scheduled a DoS to fire after 304ms
Synch: Sending query: time=?;171
DOS THREAD: SEND DoS PACKET At :1146638951002 132
DOS THREAD: SEND DoS PACKET At :1146638948002 133
Received reply: time=;1146638951142;171
Synch Success: SAftr=1146638951299, SBfr=1146638951153, D=73, M=1146638951142
Scheduled a DoS to fire after 284ms
Synch: Sending query: time=?;172
DOS THREAD: SEND DoS PACKET At :1146638951501 133
Received reply: time=;1146638951661;172
Synch Success: SAftr=1146638951816, SBfr=1146638951673, D=71, M=1146638951661
Scheduled a DoS to fire after 267ms
Synch: Sending query: time=?;173
DOS THREAD: SEND DoS PACKET At :1146638952010 134
Received reply: time=;1146638952179;173
Synch Success: SAftr=1146638952335, SBfr=1146638952191, D=72, M=1146638952179
Scheduled a DoS to fire after 248ms
Synch: Sending query: time=?;174
DOS THREAD: SEND DoS PACKET At :1146638952502 135
Received reply: time=;1146638952699;174
Synch Success: SAftr=1146638952900, SBfr=1146638952711, D=94, M=1146638952699
Scheduled a DoS to fire after 206ms
DOS THREAD: SEND DoS PACKET At :1146638953001 136
Synch: Sending query: time=?;175
Received reply: time=;1146638953414;175
Synch Success: SAftr=1146638953630, SBfr=1146638953333, D=148, M=1146638953414
Scheduled a DoS to fire after 437ms
DOS THREAD: SEND DoS PACKET At :1146638953503 137
Synch: Sending query: time=?;176
DOS THREAD: SEND DoS PACKET At :1146638954002 138
Received reply: time=;1146638954068;176
Synch Success: SAftr=1146638954262, SBfr=1146638954037, D=112, M=1146638954068
Scheduled a DoS to fire after 319ms
Synch: Sending query: time=?;177
DOS THREAD: SEND DoS PACKET At :1146638954502 138
Received reply: time=;1146638954625;177
Synch Success: SAftr=1146638954780, SBfr=1146638954636, D=72, M=1146638954625
Scheduled a DoS to fire after 302ms
Synch: Sending query: time=?;178
DOS THREAD: SEND DoS PACKET At :1146638955002 138
Received reply: time=;1146638955142;178
Synch Success: SAftr=1146638955297, SBfr=1146638955154, D=71, M=1146638955142
Scheduled a DoS to fire after 286ms
Synch: Sending query: time=?;179
DOS THREAD: SEND DoS PACKET At :1146638955502 139
Received reply: time=;1146638955659;179
Synch Success: SAftr=1146638955815, SBfr=1146638955671, D=72, M=1146638955659
Scheduled a DoS to fire after 268ms
Synch: Sending query: time=?;180
DOS THREAD: SEND DoS PACKET At :1146638956001 140
Received reply: time=;1146638956177;180
Synch Success: SAftr=1146638956333, SBfr=1146638956189, D=72, M=1146638956177
Scheduled a DoS to fire after 251ms
DOS THREAD: SEND DoS PACKET At :1146638956501 140
Synch: Sending query: time=?;181
Received reply: time=;1146638956694;181
Synch Success: SAftr=1146638956854, SBfr=1146638956706, D=74, M=1146638956694
Scheduled a DoS to fire after 232ms
DOS THREAD: SEND DoS PACKET At :1146638957001 140
Synch: Sending query: time=?;182
Received reply: time=;1146638957216;182
Synch Success: SAftr=1146638957373, SBfr=1146638957228, D=72, M=1146638957216
Scheduled a DoS to fire after 211ms
DOS THREAD: SEND DoS PACKET At :1146638957501 140
Synch: Sending query: time=?;183
Received reply: time=;1146638957735;183
Synch Success: SAftr=1146638957890, SBfr=1146638957747, D=71, M=1146638957735
Scheduled a DoS to fire after 193ms
DOS THREAD: SEND DoS PACKET At :1146638958001 140
Synch: Sending query: time=?;184
Received reply: time=;1146638958252;184
Synch Success: SAftr=1146638958408, SBfr=1146638958264, D=72, M=1146638958252
Scheduled a DoS to fire after 176ms
DOS THREAD: SEND DoS PACKET At :1146638958507 140
Synch: Sending query: time=?;185
Received reply: time=;1146638958770;185
Synch Success: SAftr=1146638958925, SBfr=1146638958782, D=71, M=1146638958770
Scheduled a DoS to fire after 158ms
DOS THREAD: SEND DoS PACKET At :1146638959001 140
Synch: Sending query: time=?;186
Received reply: time=;1146638959287;186
Synch Success: SAftr=1146638959445, SBfr=1146638959299, D=73, M=1146638959287
Scheduled a DoS to fire after 139ms
DOS THREAD: SEND DoS PACKET At :1146638959501 141
Synch: Sending query: time=?;187
Received reply: time=;1146638959916;187
Synch Success: SAftr=1146638960103, SBfr=1146638959887, D=108, M=1146638959916
Scheduled a DoS to fire after 475ms
DOS THREAD: SEND DoS PACKET At :1146638960003 141
Synch: Sending query: time=?;188
Received reply: time=;1146638960540;188
Synch Success: SAftr=1146638960779, SBfr=1146638960520, D=129, M=1146638960540
Scheduled a DoS to fire after 330ms
DOS THREAD: SEND DoS PACKET At :1146638960501 142
Synch: Sending query: time=?;189
DOS THREAD: SEND DoS PACKET At :1146638961002 143
Received reply: time=;1146638961203;189
Synch Success: SAftr=1146638961359, SBfr=1146638961162, D=98, M=1146638961203
Scheduled a DoS to fire after 198ms
DOS THREAD: SEND DoS PACKET At :1146638961502 144
Synch: Sending query: time=?;190
Received reply: time=;1146638961720;190
Synch Success: SAftr=1146638961878, SBfr=1146638961732, D=73, M=1146638961720
Scheduled a DoS to fire after 206ms
DOS THREAD: SEND DoS PACKET At :1146638962002 144
Synch: Sending query: time=?;191
Received reply: time=;1146638962240;191
Synch Success: SAftr=1146638962395, SBfr=1146638962252, D=71, M=1146638962240
Scheduled a DoS to fire after 188ms
DOS THREAD: SEND DoS PACKET At :1146638962502 144
Synch: Sending query: time=?;192
Received reply: time=;1146638962760;192
Synch Success: SAftr=1146638962915, SBfr=1146638962772, D=71, M=1146638962760
Scheduled a DoS to fire after 168ms
DOS THREAD: SEND DoS PACKET At :1146638963004 144
Synch: Sending query: time=?;193
Received reply: time=;1146638963277;193
Synch Success: SAftr=1146638963436, SBfr=1146638963289, D=73, M=1146638963277
Scheduled a DoS to fire after 150ms
DOS THREAD: SEND DoS PACKET At :1146638963502 144
Synch: Sending query: time=?;194
Received reply: time=;1146638963797;194
Synch Success: SAftr=1146638963952, SBfr=1146638963809, D=71, M=1146638963797
Scheduled a DoS to fire after 131ms
DOS THREAD: SEND DoS PACKET At :1146638964002 144
Synch: Sending query: time=?;195
Received reply: time=;1146638964314;195
Synch Success: SAftr=1146638964469, SBfr=1146638964326, D=71, M=1146638964314
Scheduled a DoS to fire after 114ms
DOS THREAD: SEND DoS PACKET At :1146638964501 144
Synch: Sending query: time=?;196
Received reply: time=;1146638964833;196
Synch Success: SAftr=1146638964988, SBfr=1146638964845, D=71, M=1146638964833
Scheduled a DoS to fire after 95ms
DOS THREAD: SEND DoS PACKET At :1146638965001 144
Synch: Sending query: time=?;197
Received reply: time=;1146638965350;197
Synch Success: SAftr=1146638965506, SBfr=1146638965362, D=72, M=1146638965350
Scheduled a DoS to fire after 78ms
DOS THREAD: SEND DoS PACKET At :1146638965502 144
Synch: Sending query: time=?;198
Received reply: time=;1146638965867;198
Synch Success: SAftr=1146638966023, SBfr=1146638965880, D=71, M=1146638965867
Scheduled a DoS to fire after 61ms
DOS THREAD: SEND DoS PACKET At :1146638966001 144
Synch: Sending query: time=?;199
Received reply: time=;1146638966385;199
Synch Success: SAftr=1146638966540, SBfr=1146638966397, D=71, M=1146638966385
Scheduled a DoS to fire after 43ms
DOS THREAD: SEND DoS PACKET At :1146638966501 144
Synch: Sending query: time=?;200
Received reply: time=;1146638966902;200
Synch Success: SAftr=1146638967057, SBfr=1146638966914, D=71, M=1146638966902
Scheduled a DoS to fire after 26ms
DOS THREAD: SEND DoS PACKET At :1146638967001 144
Synch: Sending query: time=?;201
Received reply: time=;1146638967419;201
Synch Success: SAftr=1146638967574, SBfr=1146638967431, D=71, M=1146638967419
Scheduled a DoS to fire after 9ms
DOS THREAD: SEND DoS PACKET At :1146638967501 144
Synch: Sending query: time=?;202
Received reply: time=;1146638967936;202
Synch Success: SAftr=1146638968093, SBfr=1146638967947, D=73, M=1146638967936
Scheduled a DoS to fire after 489ms
DOS THREAD: SEND DoS PACKET At :1146638968003 144
Synch: Sending query: time=?;203
Received reply: time=;1146638968455;203
Synch Success: SAftr=1146638968611, SBfr=1146638968468, D=71, M=1146638968455
Scheduled a DoS to fire after 473ms
DOS THREAD: SEND DoS PACKET At :1146638968501 144
Synch: Sending query: time=?;204
DOS THREAD: SEND DoS PACKET At :1146638969002 145
Received reply: time=;1146638969152;204
Synch Success: SAftr=1146638969310, SBfr=1146638969083, D=113, M=1146638969152
Scheduled a DoS to fire after 235ms
DOS THREAD: SEND DoS PACKET At :1146638969502 146
Synch: Sending query: time=?;205
Received reply: time=;1146638969740;205
Synch Success: SAftr=1146638969914, SBfr=1146638969737, D=88, M=1146638969740
Scheduled a DoS to fire after 171ms
Synch: Sending query: time=?;206
Received reply: time=;1146638970277;206
Synch Success: SAftr=1146638970432, SBfr=1146638970288, D=72, M=1146638970277
Scheduled a DoS to fire after 150ms
DOS THREAD: SEND DoS PACKET At :1146638970502 147
Synch: Sending query: time=?;207
Received reply: time=;1146638970795;207
Synch Success: SAftr=1146638970950, SBfr=1146638970807, D=71, M=1146638970795
Scheduled a DoS to fire after 134ms
DOS THREAD: SEND DoS PACKET At :1146638971001 148
Synch: Sending query: time=?;208
Received reply: time=;1146638971311;208
Synch Success: SAftr=1146638971466, SBfr=1146638971323, D=71, M=1146638971311
Scheduled a DoS to fire after 117ms
DOS THREAD: SEND DoS PACKET At :1146638971502 149
Synch: Sending query: time=?;209
Received reply: time=;1146638971830;209
Synch Success: SAftr=1146638971986, SBfr=1146638971841, D=72, M=1146638971830
Scheduled a DoS to fire after 97ms
DOS THREAD: SEND DoS PACKET At :1146638972002 149
Synch: Sending query: time=?;210
Received reply: time=;1146638972349;210
Synch Success: SAftr=1146638972504, SBfr=1146638972360, D=72, M=1146638972349
Scheduled a DoS to fire after 73ms
DOS THREAD: SEND DoS PACKET At :1146638972502 149
Synch: Sending query: time=?;211
Received reply: time=;1146638972873;211
Synch Success: SAftr=1146638973031, SBfr=1146638972884, D=73, M=1146638972873
Scheduled a DoS to fire after 42ms
DOS THREAD: SEND DoS PACKET At :1146638973001 149
DOS THREAD: SEND DoS PACKET At :1146638970002 150
Synch: Sending query: time=?;212
Received reply: time=;1146638973416;212
Synch Success: SAftr=1146638973572, SBfr=1146638973428, D=72, M=1146638973416
Scheduled a DoS to fire after 12ms
DOS THREAD: SEND DoS PACKET At :1146638973502 150
Synch: Sending query: time=?;213
Received reply: time=;1146638974002;213
Synch Success: SAftr=1146638974192, SBfr=1146638973976, D=108, M=1146638974002
Scheduled a DoS to fire after 389ms
DOS THREAD: SEND DoS PACKET At :1146638974003 151
Synch: Sending query: time=?;214
DOS THREAD: SEND DoS PACKET At :1146638974501 152
Received reply: time=;1146638974637;214
Synch Success: SAftr=1146638974800, SBfr=1146638974574, D=113, M=1146638974637
Scheduled a DoS to fire after 249ms
DOS THREAD: SEND DoS PACKET At :1146638975001 153
Synch: Sending query: time=?;215
Received reply: time=;1146638975186;215
Synch Success: SAftr=1146638975346, SBfr=1146638975191, D=77, M=1146638975186
Scheduled a DoS to fire after 185ms
DOS THREAD: SEND DoS PACKET At :1146638975501 153
Synch: Sending query: time=?;216
Received reply: time=;1146638975759;216
Synch Success: SAftr=1146638975914, SBfr=1146638975771, D=71, M=1146638975759
Scheduled a DoS to fire after 170ms
DOS THREAD: SEND DoS PACKET At :1146638976002 154
Synch: Sending query: time=?;217
Received reply: time=;1146638976276;217
Synch Success: SAftr=1146638976434, SBfr=1146638976288, D=73, M=1146638976276
Scheduled a DoS to fire after 150ms
DOS THREAD: SEND DoS PACKET At :1146638976502 154
Synch: Sending query: time=?;218
Received reply: time=;1146638976795;218
Synch Success: SAftr=1146638976950, SBfr=1146638976807, D=71, M=1146638976795
Scheduled a DoS to fire after 133ms
DOS THREAD: SEND DoS PACKET At :1146638977002 154
Synch: Sending query: time=?;219
Received reply: time=;1146638977312;219
Synch Success: SAftr=1146638977471, SBfr=1146638977324, D=73, M=1146638977312
Scheduled a DoS to fire after 115ms
DOS THREAD: SEND DoS PACKET At :1146638977502 154
Synch: Sending query: time=?;220
Received reply: time=;1146638977838;220
Synch Success: SAftr=1146638977993, SBfr=1146638977850, D=71, M=1146638977838
Scheduled a DoS to fire after 90ms
DOS THREAD: SEND DoS PACKET At :1146638978001 155
Synch: Sending query: time=?;221
Received reply: time=;1146638978355;221
Synch Success: SAftr=1146638978510, SBfr=1146638978366, D=72, M=1146638978355
Scheduled a DoS to fire after 73ms
DOS THREAD: SEND DoS PACKET At :1146638978502 155
Synch: Sending query: time=?;222
Received reply: time=;1146638978871;222
Synch Success: SAftr=1146638979026, SBfr=1146638978883, D=71, M=1146638978871
Scheduled a DoS to fire after 57ms
DOS THREAD: SEND DoS PACKET At :1146638979002 156
Synch: Sending query: time=?;223
Received reply: time=;1146638979388;223
Synch Success: SAftr=1146638979543, SBfr=1146638979400, D=71, M=1146638979388
Scheduled a DoS to fire after 40ms
DOS THREAD: SEND DoS PACKET At :1146638979502 156
Synch: Sending query: time=?;224
Received reply: time=;1146638979932;224
Synch Success: SAftr=1146638980118, SBfr=1146638979944, D=87, M=1146638979932
Scheduled a DoS to fire after 480ms
DOS THREAD: SEND DoS PACKET At :1146638980003 156
Synch: Sending query: time=?;225
DOS THREAD: SEND DoS PACKET At :1146638980502 156
Received reply: time=;1146638980578;225
Synch Success: SAftr=1146638980758, SBfr=1146638980522, D=118, M=1146638980578
Scheduled a DoS to fire after 303ms
Synch: Sending query: time=?;226
Received reply: time=;1146638981238;226
Synch Success: SAftr=1146638981429, SBfr=1146638981210, D=109, M=1146638981238
Scheduled a DoS to fire after 151ms
DOS THREAD: SEND DoS PACKET At :1146638981501 157
Synch: Sending query: time=?;227
Received reply: time=;1146638981792;227
Synch Success: SAftr=1146638981947, SBfr=1146638981804, D=71, M=1146638981792
Scheduled a DoS to fire after 136ms
DOS THREAD: SEND DoS PACKET At :1146638982001 157
Synch: Sending query: time=?;228
Received reply: time=;1146638982309;228
Synch Success: SAftr=1146638982464, SBfr=1146638982321, D=71, M=1146638982309
Scheduled a DoS to fire after 120ms
DOS THREAD: SEND DoS PACKET At :1146638982501 158
Synch: Sending query: time=?;229
Received reply: time=;1146638982826;229
Synch Success: SAftr=1146638982994, SBfr=1146638982838, D=78, M=1146638982826
Scheduled a DoS to fire after 86ms
DOS THREAD: SEND DoS PACKET At :1146638983001 158
Synch: Sending query: time=?;230
Received reply: time=;1146638983366;230
Synch Success: SAftr=1146638983521, SBfr=1146638983378, D=71, M=1146638983366
Scheduled a DoS to fire after 62ms
DOS THREAD: SEND DoS PACKET At :1146638983502 159
Synch: Sending query: time=?;231
Received reply: time=;1146638983897;231
Synch Success: SAftr=1146638984052, SBfr=1146638983898, D=77, M=1146638983897
Scheduled a DoS to fire after 25ms
DOS THREAD: SEND DoS PACKET At :1146638984003 159
DOS THREAD: SEND DoS PACKET At :1146638981002 160
Synch: Sending query: time=?;232
Received reply: time=;1146638984415;232
Synch Success: SAftr=1146638984575, SBfr=1146638984426, D=74, M=1146638984415
Scheduled a DoS to fire after 10ms
DOS THREAD: SEND DoS PACKET At :1146638984501 160
Synch: Sending query: time=?;233
Received reply: time=;1146638984937;233
Synch Success: SAftr=1146638985092, SBfr=1146638984948, D=72, M=1146638984937
Scheduled a DoS to fire after 491ms
DOS THREAD: SEND DoS PACKET At :1146638985002 160
Synch: Sending query: time=?;234
Received reply: time=;1146638985456;234
Synch Success: SAftr=1146638985611, SBfr=1146638985468, D=71, M=1146638985456
Scheduled a DoS to fire after 472ms
DOS THREAD: SEND DoS PACKET At :1146638985501 160
Synch: Sending query: time=?;235
Received reply: time=;1146638985972;235
Synch Success: SAftr=1146638986128, SBfr=1146638985985, D=71, M=1146638985972
Scheduled a DoS to fire after 457ms
DOS THREAD: SEND DoS PACKET At :1146638986001 160
Synch: Sending query: time=?;236
Received reply: time=;1146638986489;236
Synch Success: SAftr=1146638986645, SBfr=1146638986501, D=72, M=1146638986489
Scheduled a DoS to fire after 438ms
DOS THREAD: SEND DoS PACKET At :1146638986502 161
Synch: Sending query: time=?;237
Received reply: time=;1146638987041;237
Synch Success: SAftr=1146638987215, SBfr=1146638987026, D=94, M=1146638987041
Scheduled a DoS to fire after 364ms
DOS THREAD: SEND DoS PACKET At :1146638987001 161
Synch: Sending query: time=?;238
DOS THREAD: SEND DoS PACKET At :1146638987502 162
Received reply: time=;1146638987611;238
Synch Success: SAftr=1146638987811, SBfr=1146638987595, D=108, M=1146638987611
Scheduled a DoS to fire after 280ms
Synch: Sending query: time=?;239
DOS THREAD: SEND DoS PACKET At :1146638988002 163
Received reply: time=;1146638988219;239
Synch Success: SAftr=1146638988378, SBfr=1146638988204, D=87, M=1146638988219
Scheduled a DoS to fire after 193ms
DOS THREAD: SEND DoS PACKET At :1146638988502 164
Synch: Sending query: time=?;240
Received reply: time=;1146638988741;240
Synch Success: SAftr=1146638988896, SBfr=1146638988752, D=72, M=1146638988741
Scheduled a DoS to fire after 186ms
DOS THREAD: SEND DoS PACKET At :1146638989002 165
Synch: Sending query: time=?;241
Received reply: time=;1146638989258;241
Synch Success: SAftr=1146638989415, SBfr=1146638989271, D=72, M=1146638989258
Scheduled a DoS to fire after 170ms
DOS THREAD: SEND DoS PACKET At :1146638989502 165
Synch: Sending query: time=?;242
Received reply: time=;1146638989777;242
Synch Success: SAftr=1146638989932, SBfr=1146638989788, D=72, M=1146638989777
Scheduled a DoS to fire after 149ms
DOS THREAD: SEND DoS PACKET At :1146638990001 165
Synch: Sending query: time=?;243
Received reply: time=;1146638990295;243
Synch Success: SAftr=1146638990450, SBfr=1146638990307, D=71, M=1146638990295
Scheduled a DoS to fire after 134ms
DOS THREAD: SEND DoS PACKET At :1146638990501 165
Synch: Sending query: time=?;244
Received reply: time=;1146638990812;244
Synch Success: SAftr=1146638990967, SBfr=1146638990824, D=71, M=1146638990812
Scheduled a DoS to fire after 116ms
DOS THREAD: SEND DoS PACKET At :1146638991002 165
Synch: Sending query: time=?;245
Received reply: time=;1146638991329;245
Synch Success: SAftr=1146638991484, SBfr=1146638991341, D=71, M=1146638991329
Scheduled a DoS to fire after 99ms
DOS THREAD: SEND DoS PACKET At :1146638991501 165
Synch: Sending query: time=?;246
Received reply: time=;1146638991846;246
Synch Success: SAftr=1146638992001, SBfr=1146638991858, D=71, M=1146638991846
Scheduled a DoS to fire after 83ms
DOS THREAD: SEND DoS PACKET At :1146638992001 165
Synch: Sending query: time=?;247
Received reply: time=;1146638992363;247
Synch Success: SAftr=1146638992519, SBfr=1146638992375, D=72, M=1146638992363
Scheduled a DoS to fire after 64ms
DOS THREAD: SEND DoS PACKET At :1146638992501 166
Synch: Sending query: time=?;248
Received reply: time=;1146638992882;248
Synch Success: SAftr=1146638993038, SBfr=1146638992893, D=72, M=1146638992882
Scheduled a DoS to fire after 44ms
DOS THREAD: SEND DoS PACKET At :1146638993002 166
Synch: Sending query: time=?;249
Received reply: time=;1146638993401;249
Synch Success: SAftr=1146638993558, SBfr=1146638993413, D=72, M=1146638993401
Scheduled a DoS to fire after 26ms
DOS THREAD: SEND DoS PACKET At :1146638993501 166
Synch: Sending query: time=?;250
Received reply: time=;1146638994026;250
Synch Success: SAftr=1146638994222, SBfr=1146638993995, D=113, M=1146638994026
Scheduled a DoS to fire after 361ms
DOS THREAD: SEND DoS PACKET At :1146638994003 167
Synch: Sending query: time=?;251
Received reply: time=;1146638994631;251
Synch Success: SAftr=1146638994834, SBfr=1146638994627, D=103, M=1146638994631
Scheduled a DoS to fire after 261ms
Synch: Sending query: time=?;252
Received reply: time=;1146638995239;252
Synch Success: SAftr=1146638995394, SBfr=1146638995251, D=71, M=1146638995239
Scheduled a DoS to fire after 189ms
DOS THREAD: SEND DoS PACKET At :1146638995028 167
DOS THREAD: SEND DoS PACKET At :1146638995502 167
Synch: Sending query: time=?;253
Received reply: time=;1146638995756;253
Synch Success: SAftr=1146638995911, SBfr=1146638995768, D=71, M=1146638995756
Scheduled a DoS to fire after 172ms
DOS THREAD: SEND DoS PACKET At :1146638996002 167
Synch: Sending query: time=?;254
Received reply: time=;1146638996273;254
Synch Success: SAftr=1146638996429, SBfr=1146638996284, D=72, M=1146638996273
Scheduled a DoS to fire after 154ms
DOS THREAD: SEND DoS PACKET At :1146638996502 167
Synch: Sending query: time=?;255
Received reply: time=;1146638996790;255
Synch Success: SAftr=1146638996946, SBfr=1146638996802, D=72, M=1146638996790
Scheduled a DoS to fire after 137ms
DOS THREAD: SEND DoS PACKET At :1146638997002 167
Synch: Sending query: time=?;256
Received reply: time=;1146638997309;256
Synch Success: SAftr=1146638997464, SBfr=1146638997321, D=71, M=1146638997309
Scheduled a DoS to fire after 119ms
DOS THREAD: SEND DoS PACKET At :1146638994501 167
DOS THREAD: SEND DoS PACKET At :1146638997502 167
Synch: Sending query: time=?;257
Received reply: time=;1146638997827;257
Synch Success: SAftr=1146638997982, SBfr=1146638997839, D=71, M=1146638997827
Scheduled a DoS to fire after 102ms
DOS THREAD: SEND DoS PACKET At :1146638998002 168
Synch: Sending query: time=?;258
Received reply: time=;1146638998343;258
Synch Success: SAftr=1146638998498, SBfr=1146638998355, D=71, M=1146638998343
Scheduled a DoS to fire after 85ms
DOS THREAD: SEND DoS PACKET At :1146638998501 168
Synch: Sending query: time=?;259
Received reply: time=;1146638998860;259
Synch Success: SAftr=1146638999016, SBfr=1146638998872, D=72, M=1146638998860
Scheduled a DoS to fire after 68ms
DOS THREAD: SEND DoS PACKET At :1146638999002 169
Synch: Sending query: time=?;260
Received reply: time=;1146638999378;260
Synch Success: SAftr=1146638999533, SBfr=1146638999389, D=72, M=1146638999378
Scheduled a DoS to fire after 49ms
DOS THREAD: SEND DoS PACKET At :1146638999502 170
Synch: Sending query: time=?;261
Received reply: time=;1146638999919;261
Synch Success: SAftr=1146639000074, SBfr=1146638999910, D=82, M=1146638999919
Scheduled a DoS to fire after 496ms
Synch: Sending query: time=?;262
Received reply: time=;1146639000444;262
Synch Success: SAftr=1146639000600, SBfr=1146639000456, D=72, M=1146639000444
Scheduled a DoS to fire after 484ms
DOS THREAD: SEND DoS PACKET At :1146639000501 170
Synch: Sending query: time=?;263
Received reply: time=;1146639001073;263
Synch Success: SAftr=1146639001243, SBfr=1146639001014, D=114, M=1146639001073
Scheduled a DoS to fire after 313ms
DOS THREAD: SEND DoS PACKET At :1146639001001 171
Synch: Sending query: time=?;264
DOS THREAD: SEND DoS PACKET At :1146639001502 171
Received reply: time=;1146639001660;264
Synch Success: SAftr=1146639001841, SBfr=1146639001657, D=92, M=1146639001660
Scheduled a DoS to fire after 247ms
Synch: Sending query: time=?;265
DOS THREAD: SEND DoS PACKET At :1146639002001 171
Received reply: time=;1146639002206;265
Synch Success: SAftr=1146639002362, SBfr=1146639002218, D=72, M=1146639002206
Scheduled a DoS to fire after 222ms
DOS THREAD: SEND DoS PACKET At :1146639002502 171
Synch: Sending query: time=?;266
Received reply: time=;1146639002724;266
Synch Success: SAftr=1146639002879, SBfr=1146639002735, D=72, M=1146639002724
Scheduled a DoS to fire after 204ms
DOS THREAD: SEND DoS PACKET At :1146639003001 171
Synch: Sending query: time=?;267
Received reply: time=;1146639003240;267
Synch Success: SAftr=1146639003398, SBfr=1146639003252, D=73, M=1146639003240
Scheduled a DoS to fire after 187ms
DOS THREAD: SEND DoS PACKET At :1146639003502 171
Synch: Sending query: time=?;268
Received reply: time=;1146639003759;268
Synch Success: SAftr=1146639003915, SBfr=1146639003771, D=72, M=1146639003759
Scheduled a DoS to fire after 168ms
DOS THREAD: SEND DoS PACKET At :1146639004002 172
Synch: Sending query: time=?;269
Received reply: time=;1146639004289;269
Synch Success: SAftr=1146639004445, SBfr=1146639004292, D=76, M=1146639004289
Scheduled a DoS to fire after 134ms
DOS THREAD: SEND DoS PACKET At :1146639004501 173
Synch: Sending query: time=?;270
Received reply: time=;1146639004812;270
Synch Success: SAftr=1146639004968, SBfr=1146639004824, D=72, M=1146639004812
Scheduled a DoS to fire after 116ms
DOS THREAD: SEND DoS PACKET At :1146639005002 173
Synch: Sending query: time=?;271
Received reply: time=;1146639005329;271
Synch Success: SAftr=1146639005484, SBfr=1146639005341, D=71, M=1146639005329
Scheduled a DoS to fire after 99ms
DOS THREAD: SEND DoS PACKET At :1146639005502 173
Synch: Sending query: time=?;272
Received reply: time=;1146639005898;272
Synch Success: SAftr=1146639006056, SBfr=1146639005858, D=99, M=1146639005898
Scheduled a DoS to fire after 1ms
DOS THREAD: SEND DoS PACKET At :1146639006001 174
Synch: Sending query: time=?;273
Received reply: time=;1146639006419;273
Synch Success: SAftr=1146639006576, SBfr=1146639006431, D=72, M=1146639006419
Scheduled a DoS to fire after 500ms
DOS THREAD: SEND DoS PACKET At :1146639006503 175
Synch: Sending query: time=?;274
Received reply: time=;1146639006946;274
Synch Success: SAftr=1146639007101, SBfr=1146639006958, D=71, M=1146639006946
Scheduled a DoS to fire after 482ms
DOS THREAD: SEND DoS PACKET At :1146639007001 175
Synch: Sending query: time=?;275
Received reply: time=;1146639007463;275
Synch Success: SAftr=1146639007635, SBfr=1146639007475, D=80, M=1146639007463
Scheduled a DoS to fire after 456ms
DOS THREAD: SEND DoS PACKET At :1146639007501 176
Synch: Sending query: time=?;276
DOS THREAD: SEND DoS PACKET At :1146639008001 177
Received reply: time=;1146639008070;276
Synch Success: SAftr=1146639008271, SBfr=1146639008021, D=125, M=1146639008070
Scheduled a DoS to fire after 304ms
Synch: Sending query: time=?;277
DOS THREAD: SEND DoS PACKET At :1146639008502 178
Received reply: time=;1146639008743;277
Synch Success: SAftr=1146639008943, SBfr=1146639008714, D=114, M=1146639008743
Scheduled a DoS to fire after 142ms
Synch: Sending query: time=?;278
Received reply: time=;1146639009304;278
Synch Success: SAftr=1146639009466, SBfr=1146639009317, D=74, M=1146639009304
Scheduled a DoS to fire after 121ms
DOS THREAD: SEND DoS PACKET At :1146639009501 179
Synch: Sending query: time=?;279
Received reply: time=;1146639009828;279
Synch Success: SAftr=1146639009984, SBfr=1146639009839, D=72, M=1146639009828
Scheduled a DoS to fire after 100ms
DOS THREAD: SEND DoS PACKET At :1146639010002 180
Synch: Sending query: time=?;280
Received reply: time=;1146639010348;280
Synch Success: SAftr=1146639010503, SBfr=1146639010360, D=71, M=1146639010348
Scheduled a DoS to fire after 80ms
DOS THREAD: SEND DoS PACKET At :1146639010502 180
Synch: Sending query: time=?;281
Received reply: time=;1146639010866;281
Synch Success: SAftr=1146639011023, SBfr=1146639010878, D=72, M=1146639010866
Scheduled a DoS to fire after 61ms
DOS THREAD: SEND DoS PACKET At :1146639011002 180
Synch: Sending query: time=?;282
Received reply: time=;1146639011386;282
Synch Success: SAftr=1146639011541, SBfr=1146639011397, D=72, M=1146639011386
Scheduled a DoS to fire after 42ms
DOS THREAD: SEND DoS PACKET At :1146639011502 180
Synch: Sending query: time=?;283
Received reply: time=;1146639011905;283
Synch Success: SAftr=1146639012060, SBfr=1146639011915, D=72, M=1146639011905
Scheduled a DoS to fire after 23ms
DOS THREAD: SEND DoS PACKET At :1146639012002 180
DOS THREAD: SEND DoS PACKET At :1146639009001 180
Synch: Sending query: time=?;284
Received reply: time=;1146639012422;284
Synch Success: SAftr=1146639012578, SBfr=1146639012433, D=72, M=1146639012422
Scheduled a DoS to fire after 6ms
DOS THREAD: SEND DoS PACKET At :1146639012501 180
Synch: Sending query: time=?;285
Received reply: time=;1146639012942;285
Synch Success: SAftr=1146639013098, SBfr=1146639012953, D=72, M=1146639012942
Scheduled a DoS to fire after 485ms
DOS THREAD: SEND DoS PACKET At :1146639013003 180
Synch: Sending query: time=?;286
Received reply: time=;1146639013460;286
Synch Success: SAftr=1146639013615, SBfr=1146639013472, D=71, M=1146639013460
Scheduled a DoS to fire after 468ms
DOS THREAD: SEND DoS PACKET At :1146639013502 180
Synch: Sending query: time=?;287
Received reply: time=;1146639013977;287
Synch Success: SAftr=1146639014132, SBfr=1146639013989, D=71, M=1146639013977
Scheduled a DoS to fire after 451ms
DOS THREAD: SEND DoS PACKET At :1146639014002 180
Synch: Sending query: time=?;288
Received reply: time=;1146639014500;288
Synch Success: SAftr=1146639014661, SBfr=1146639014508, D=76, M=1146639014500
Scheduled a DoS to fire after 423ms
DOS THREAD: SEND DoS PACKET At :1146639014502 180
Synch: Sending query: time=?;289
Received reply: time=;1146639015023;289
Synch Success: SAftr=1146639015179, SBfr=1146639015035, D=72, M=1146639015023
Scheduled a DoS to fire after 404ms
DOS THREAD: SEND DoS PACKET At :1146639015002 180
Synch: Sending query: time=?;290
Received reply: time=;1146639015541;290
Synch Success: SAftr=1146639015696, SBfr=1146639015553, D=71, M=1146639015541
Scheduled a DoS to fire after 387ms
DOS THREAD: SEND DoS PACKET At :1146639015501 180
Synch: Sending query: time=?;291
DOS THREAD: SEND DoS PACKET At :1146639016001 180
Received reply: time=;1146639016058;291
Synch Success: SAftr=1146639016213, SBfr=1146639016070, D=71, M=1146639016058
Scheduled a DoS to fire after 370ms
Synch: Sending query: time=?;292
DOS THREAD: SEND DoS PACKET At :1146639016501 180
Received reply: time=;1146639016575;292
Synch Success: SAftr=1146639016730, SBfr=1146639016587, D=71, M=1146639016575
Scheduled a DoS to fire after 353ms
Synch: Sending query: time=?;293
DOS THREAD: SEND DoS PACKET At :1146639017001 180
Received reply: time=;1146639017092;293
Synch Success: SAftr=1146639017247, SBfr=1146639017104, D=71, M=1146639017092
Scheduled a DoS to fire after 337ms
Synch: Sending query: time=?;294
DOS THREAD: SEND DoS PACKET At :1146639017502 180
Received reply: time=;1146639017608;294
Synch Success: SAftr=1146639017763, SBfr=1146639017621, D=71, M=1146639017608
Scheduled a DoS to fire after 320ms
Synch: Sending query: time=?;295
DOS THREAD: SEND DoS PACKET At :1146639018001 180
Received reply: time=;1146639018232;295
Synch Success: SAftr=1146639018438, SBfr=1146639018137, D=150, M=1146639018232
Scheduled a DoS to fire after 117ms
DOS THREAD: SEND DoS PACKET At :1146639018502 180
Synch: Sending query: time=?;296
Received reply: time=;1146639018984;296
Synch Success: SAftr=1146639019163, SBfr=1146639018863, D=150, M=1146639018984
Scheduled a DoS to fire after 365ms
DOS THREAD: SEND DoS PACKET At :1146639019003 180
Synch: Sending query: time=?;297
DOS THREAD: SEND DoS PACKET At :1146639019501 181
Received reply: time=;1146639019643;297
Synch Success: SAftr=1146639019798, SBfr=1146639019613, D=92, M=1146639019643
Scheduled a DoS to fire after 264ms
Synch: Sending query: time=?;298
DOS THREAD: SEND DoS PACKET At :1146639020001 182
Received reply: time=;1146639020160;298
Synch Success: SAftr=1146639020315, SBfr=1146639020172, D=71, M=1146639020160
Scheduled a DoS to fire after 269ms
Synch: Sending query: time=?;299
DOS THREAD: SEND DoS PACKET At :1146639020501 183
Received reply: time=;1146639020677;299
Synch Success: SAftr=1146639020832, SBfr=1146639020688, D=72, M=1146639020677
Scheduled a DoS to fire after 250ms
Synch: Sending query: time=?;300
DOS THREAD: SEND DoS PACKET At :1146639021001 183
Received reply: time=;1146639021193;300
Synch Success: SAftr=1146639021349, SBfr=1146639021205, D=72, M=1146639021193
Scheduled a DoS to fire after 235ms
DOS THREAD: SEND DoS PACKET At :1146639021502 183
Synch: Sending query: time=?;301
Received reply: time=;1146639021710;301
Synch Success: SAftr=1146639021865, SBfr=1146639021723, D=71, M=1146639021710
Scheduled a DoS to fire after 218ms
DOS THREAD: SEND DoS PACKET At :1146639022002 184
Synch: Sending query: time=?;302
Received reply: time=;1146639022227;302
Synch Success: SAftr=1146639022383, SBfr=1146639022239, D=72, M=1146639022227
Scheduled a DoS to fire after 200ms
DOS THREAD: SEND DoS PACKET At :1146639022502 184
Synch: Sending query: time=?;303
Received reply: time=;1146639022745;303
Synch Success: SAftr=1146639022900, SBfr=1146639022757, D=71, M=1146639022745
Scheduled a DoS to fire after 183ms
DOS THREAD: SEND DoS PACKET At :1146639023002 184
Synch: Sending query: time=?;304
Received reply: time=;1146639023266;304
Synch Success: SAftr=1146639023421, SBfr=1146639023277, D=72, M=1146639023266
Scheduled a DoS to fire after 162ms
DOS THREAD: SEND DoS PACKET At :1146639023502 184
Synch: Sending query: time=?;305
Received reply: time=;1146639023782;305
Synch Success: SAftr=1146639023937, SBfr=1146639023794, D=71, M=1146639023782
Scheduled a DoS to fire after 147ms
DOS THREAD: SEND DoS PACKET At :1146639024001 184
Synch: Sending query: time=?;306
Received reply: time=;1146639024298;306
Synch Success: SAftr=1146639024454, SBfr=1146639024310, D=72, M=1146639024298
Scheduled a DoS to fire after 129ms
DOS THREAD: SEND DoS PACKET At :1146639024501 185
Synch: Sending query: time=?;307
Received reply: time=;1146639024817;307
Synch Success: SAftr=1146639024972, SBfr=1146639024829, D=71, M=1146639024817
Scheduled a DoS to fire after 109ms
DOS THREAD: SEND DoS PACKET At :1146639025017 185
Synch: Sending query: time=?;308
Received reply: time=;1146639025369;308
Synch Success: SAftr=1146639025552, SBfr=1146639025352, D=100, M=1146639025369
Scheduled a DoS to fire after 31ms
DOS THREAD: SEND DoS PACKET At :1146639025501 185
Synch: Sending query: time=?;309
Received reply: time=;1146639026022;309
Synch Success: SAftr=1146639026219, SBfr=1146639026010, D=104, M=1146639026022
Scheduled a DoS to fire after 373ms
DOS THREAD: SEND DoS PACKET At :1146639026002 185
Synch: Sending query: time=?;310
DOS THREAD: SEND DoS PACKET At :1146639026501 185
Received reply: time=;1146639026616;310
Synch Success: SAftr=1146639026770, SBfr=1146639026628, D=71, M=1146639026616
Scheduled a DoS to fire after 312ms
Synch: Sending query: time=?;311
Received reply: time=;1146639027132;311
Synch Success: SAftr=1146639027288, SBfr=1146639027144, D=72, M=1146639027132
Scheduled a DoS to fire after 295ms
Synch: Sending query: time=?;312
DOS THREAD: SEND DoS PACKET At :1146639027501 185
Received reply: time=;1146639027649;312
Synch Success: SAftr=1146639027804, SBfr=1146639027661, D=71, M=1146639027649
Scheduled a DoS to fire after 279ms
Synch: Sending query: time=?;313
DOS THREAD: SEND DoS PACKET At :1146639028001 185
Received reply: time=;1146639028165;313
Synch Success: SAftr=1146639028320, SBfr=1146639028177, D=71, M=1146639028165
Scheduled a DoS to fire after 263ms
Synch: Sending query: time=?;314
DOS THREAD: SEND DoS PACKET At :1146639028502 186
Received reply: time=;1146639028682;314
Synch Success: SAftr=1146639028837, SBfr=1146639028694, D=71, M=1146639028682
Scheduled a DoS to fire after 246ms
Synch: Sending query: time=?;315
DOS THREAD: SEND DoS PACKET At :1146639029001 187
Received reply: time=;1146639029198;315
Synch Success: SAftr=1146639029353, SBfr=1146639029211, D=71, M=1146639029198
Scheduled a DoS to fire after 230ms
DOS THREAD: SEND DoS PACKET At :1146639029501 187
Synch: Sending query: time=?;316
Received reply: time=;1146639029714;316
Synch Success: SAftr=1146639029869, SBfr=1146639029726, D=71, M=1146639029714
Scheduled a DoS to fire after 210ms
DOS THREAD: SEND DoS PACKET At :1146639030002 187
DOS THREAD: SEND DoS PACKET At :1146639027008 187
Synch: Sending query: time=?;317
Received reply: time=;1146639030235;317
Synch Success: SAftr=1146639030391, SBfr=1146639030247, D=72, M=1146639030235
Scheduled a DoS to fire after 192ms
DOS THREAD: SEND DoS PACKET At :1146639030502 187
Synch: Sending query: time=?;318
Received reply: time=;1146639030752;318
Synch Success: SAftr=1146639030908, SBfr=1146639030764, D=72, M=1146639030752
Scheduled a DoS to fire after 175ms
DOS THREAD: SEND DoS PACKET At :1146639031002 188
Synch: Sending query: time=?;319
Received reply: time=;1146639031271;319
Synch Success: SAftr=1146639031426, SBfr=1146639031283, D=71, M=1146639031271
Scheduled a DoS to fire after 157ms
DOS THREAD: SEND DoS PACKET At :1146639031502 189
Synch: Sending query: time=?;320
Received reply: time=;1146639031788;320
Synch Success: SAftr=1146639031946, SBfr=1146639031800, D=73, M=1146639031788
Scheduled a DoS to fire after 138ms
DOS THREAD: SEND DoS PACKET At :1146639032002 189
Synch: Sending query: time=?;321
Received reply: time=;1146639032394;321
Synch Success: SAftr=1146639032594, SBfr=1146639032364, D=115, M=1146639032394
Scheduled a DoS to fire after 489ms
DOS THREAD: SEND DoS PACKET At :1146639032503 190
Synch: Sending query: time=?;322
Received reply: time=;1146639033002;322
Synch Success: SAftr=1146639033196, SBfr=1146639032986, D=105, M=1146639033002
Scheduled a DoS to fire after 392ms
DOS THREAD: SEND DoS PACKET At :1146639033001 190
Synch: Sending query: time=?;323
Received reply: time=;1146639033558;323
Synch Success: SAftr=1146639033713, SBfr=1146639033570, D=71, M=1146639033558
DOS THREAD: SEND DoS PACKET At :1146639033501 190
Scheduled a DoS to fire after 370ms
Synch: Sending query: time=?;324
DOS THREAD: SEND DoS PACKET At :1146639034001 190
Received reply: time=;1146639034075;324
Synch Success: SAftr=1146639034230, SBfr=1146639034087, D=71, M=1146639034075
Scheduled a DoS to fire after 353ms
Synch: Sending query: time=?;325
DOS THREAD: SEND DoS PACKET At :1146639034501 191
Received reply: time=;1146639034593;325
Synch Success: SAftr=1146639034749, SBfr=1146639034605, D=72, M=1146639034593
Scheduled a DoS to fire after 334ms
Synch: Sending query: time=?;326
DOS THREAD: SEND DoS PACKET At :1146639035001 191
Received reply: time=;1146639035111;326
Synch Success: SAftr=1146639035266, SBfr=1146639035122, D=72, M=1146639035111
Scheduled a DoS to fire after 316ms
Synch: Sending query: time=?;327
DOS THREAD: SEND DoS PACKET At :1146639035502 191
Received reply: time=;1146639035627;327
Synch Success: SAftr=1146639035794, SBfr=1146639035640, D=77, M=1146639035627
Scheduled a DoS to fire after 264ms
Synch: Sending query: time=?;328
DOS THREAD: SEND DoS PACKET At :1146639036002 191
Received reply: time=;1146639036187;328
Synch Success: SAftr=1146639036342, SBfr=1146639036199, D=71, M=1146639036187
Scheduled a DoS to fire after 242ms
DOS THREAD: SEND DoS PACKET At :1146639036501 191
Synch: Sending query: time=?;329
Received reply: time=;1146639036703;329
Synch Success: SAftr=1146639036861, SBfr=1146639036715, D=73, M=1146639036703
Scheduled a DoS to fire after 224ms
DOS THREAD: SEND DoS PACKET At :1146639037002 191
Synch: Sending query: time=?;330
Received reply: time=;1146639037224;330
Synch Success: SAftr=1146639037379, SBfr=1146639037236, D=71, M=1146639037224
Scheduled a DoS to fire after 204ms
DOS THREAD: SEND DoS PACKET At :1146639037501 191
Synch: Sending query: time=?;331
Received reply: time=;1146639037741;331
Synch Success: SAftr=1146639037896, SBfr=1146639037753, D=71, M=1146639037741
Scheduled a DoS to fire after 187ms
DOS THREAD: SEND DoS PACKET At :1146639038001 192
Synch: Sending query: time=?;332
Received reply: time=;1146639038258;332
Synch Success: SAftr=1146639038413, SBfr=1146639038270, D=71, M=1146639038258
Scheduled a DoS to fire after 171ms
DOS THREAD: SEND DoS PACKET At :1146639038502 192
Synch: Sending query: time=?;333
Received reply: time=;1146639038775;333
Synch Success: SAftr=1146639038930, SBfr=1146639038787, D=71, M=1146639038775
Scheduled a DoS to fire after 153ms
DOS THREAD: SEND DoS PACKET At :1146639039002 192
Synch: Sending query: time=?;334
Received reply: time=;1146639039293;334
Synch Success: SAftr=1146639039450, SBfr=1146639039304, D=73, M=1146639039293
Scheduled a DoS to fire after 132ms
DOS THREAD: SEND DoS PACKET At :1146639039502 192
Synch: Sending query: time=?;335
Received reply: time=;1146639039812;335
Synch Success: SAftr=1146639039967, SBfr=1146639039824, D=71, M=1146639039812
Scheduled a DoS to fire after 116ms
DOS THREAD: SEND DoS PACKET At :1146639040002 193
Synch: Sending query: time=?;336
Received reply: time=;1146639040329;336
Synch Success: SAftr=1146639040516, SBfr=1146639040341, D=87, M=1146639040329
Scheduled a DoS to fire after 83ms
DOS THREAD: SEND DoS PACKET At :1146639040502 194
Synch: Sending query: time=?;337
Received reply: time=;1146639040962;337
Synch Success: SAftr=1146639041181, SBfr=1146639040939, D=121, M=1146639040962
Scheduled a DoS to fire after 417ms
DOS THREAD: SEND DoS PACKET At :1146639041003 194
Synch: Sending query: time=?;338
DOS THREAD: SEND DoS PACKET At :1146639041501 195
Received reply: time=;1146639041705;338
Synch Success: SAftr=1146639041883, SBfr=1146639041645, D=119, M=1146639041705
Scheduled a DoS to fire after 175ms
DOS THREAD: SEND DoS PACKET At :1146639042001 196
Synch: Sending query: time=?;339
Received reply: time=;1146639042245;339
Synch Success: SAftr=1146639042400, SBfr=1146639042257, D=71, M=1146639042245
Scheduled a DoS to fire after 183ms
DOS THREAD: SEND DoS PACKET At :1146639042501 196
Synch: Sending query: time=?;340
Received reply: time=;1146639042763;340
Synch Success: SAftr=1146639042918, SBfr=1146639042775, D=71, M=1146639042763
Scheduled a DoS to fire after 166ms
DOS THREAD: SEND DoS PACKET At :1146639043002 196
Synch: Sending query: time=?;341
Received reply: time=;1146639043280;341
Synch Success: SAftr=1146639043435, SBfr=1146639043292, D=71, M=1146639043280
Scheduled a DoS to fire after 149ms
DOS THREAD: SEND DoS PACKET At :1146639043501 196
Synch: Sending query: time=?;342
Received reply: time=;1146639043796;342
Synch Success: SAftr=1146639043952, SBfr=1146639043808, D=72, M=1146639043796
Scheduled a DoS to fire after 132ms
DOS THREAD: SEND DoS PACKET At :1146639044002 196
Synch: Sending query: time=?;343
Received reply: time=;1146639044319;343
Synch Success: SAftr=1146639044475, SBfr=1146639044331, D=72, M=1146639044319
Scheduled a DoS to fire after 109ms
DOS THREAD: SEND DoS PACKET At :1146639044502 196
Synch: Sending query: time=?;344
Received reply: time=;1146639044837;344
Synch Success: SAftr=1146639044991, SBfr=1146639044848, D=71, M=1146639044837
Scheduled a DoS to fire after 91ms
DOS THREAD: SEND DoS PACKET At :1146639045002 196
Synch: Sending query: time=?;345
Received reply: time=;1146639045353;345
Synch Success: SAftr=1146639045508, SBfr=1146639045365, D=71, M=1146639045353
Scheduled a DoS to fire after 75ms
DOS THREAD: SEND DoS PACKET At :1146639045501 196
Synch: Sending query: time=?;346
Received reply: time=;1146639045873;346
Synch Success: SAftr=1146639046028, SBfr=1146639045882, D=73, M=1146639045873
Scheduled a DoS to fire after 53ms
DOS THREAD: SEND DoS PACKET At :1146639046002 196
Synch: Sending query: time=?;347
Received reply: time=;1146639046390;347
Synch Success: SAftr=1146639046552, SBfr=1146639046402, D=75, M=1146639046390
Scheduled a DoS to fire after 35ms
DOS THREAD: SEND DoS PACKET At :1146639046501 197
Synch: Sending query: time=?;348
Received reply: time=;1146639046914;348
Synch Success: SAftr=1146639047069, SBfr=1146639046925, D=72, M=1146639046914
Scheduled a DoS to fire after 8ms
DOS THREAD: SEND DoS PACKET At :1146639047002 197
Synch: Sending query: time=?;349
Received reply: time=;1146639047436;349
Synch Success: SAftr=1146639047591, SBfr=1146639047448, D=71, M=1146639047436
Scheduled a DoS to fire after 492ms
DOS THREAD: SEND DoS PACKET At :1146639047504 197
Synch: Sending query: time=?;350
Received reply: time=;1146639047954;350
Synch Success: SAftr=1146639048109, SBfr=1146639047965, D=72, M=1146639047954
Scheduled a DoS to fire after 473ms
DOS THREAD: SEND DoS PACKET At :1146639048001 197
Synch: Sending query: time=?;351
Received reply: time=;1146639048473;351
Synch Success: SAftr=1146639048629, SBfr=1146639048484, D=72, M=1146639048473
Scheduled a DoS to fire after 455ms
DOS THREAD: SEND DoS PACKET At :1146639048502 197
Synch: Sending query: time=?;352
Received reply: time=;1146639048990;352
Synch Success: SAftr=1146639049145, SBfr=1146639049002, D=71, M=1146639048990
Scheduled a DoS to fire after 439ms
DOS THREAD: SEND DoS PACKET At :1146639049002 197
Synch: Sending query: time=?;353
DOS THREAD: SEND DoS PACKET At :1146639049502 197
Received reply: time=;1146639049506;353
Synch Success: SAftr=1146639049727, SBfr=1146639049518, D=104, M=1146639049506
Scheduled a DoS to fire after 389ms
Synch: Sending query: time=?;354
DOS THREAD: SEND DoS PACKET At :1146639050001 198
Received reply: time=;1146639050156;354
Synch Success: SAftr=1146639050343, SBfr=1146639050122, D=110, M=1146639050156
Scheduled a DoS to fire after 234ms
DOS THREAD: SEND DoS PACKET At :1146639050501 198
Synch: Sending query: time=?;355
Received reply: time=;1146639050811;355
Synch Success: SAftr=1146639051014, SBfr=1146639050766, D=124, M=1146639050811
Scheduled a DoS to fire after 65ms
DOS THREAD: SEND DoS PACKET At :1146639051002 198
Synch: Sending query: time=?;356
Received reply: time=;1146639051376;356
Synch Success: SAftr=1146639051531, SBfr=1146639051388, D=71, M=1146639051376
Scheduled a DoS to fire after 53ms
DOS THREAD: SEND DoS PACKET At :1146639051501 199
Synch: Sending query: time=?;357
Received reply: time=;1146639051892;357
Synch Success: SAftr=1146639052047, SBfr=1146639051904, D=71, M=1146639051892
Scheduled a DoS to fire after 36ms
DOS THREAD: SEND DoS PACKET At :1146639052002 199
Synch: Sending query: time=?;358
Received reply: time=;1146639052409;358
Synch Success: SAftr=1146639052564, SBfr=1146639052421, D=71, M=1146639052409
Scheduled a DoS to fire after 19ms
DOS THREAD: SEND DoS PACKET At :1146639052501 199
Synch: Sending query: time=?;359
Received reply: time=;1146639052926;359
Synch Success: SAftr=1146639053081, SBfr=1146639052937, D=72, M=1146639052926
Scheduled a DoS to fire after 1ms
DOS THREAD: SEND DoS PACKET At :1146639053001 199
Synch: Sending query: time=?;360
Received reply: time=;1146639053444;360
Synch Success: SAftr=1146639053604, SBfr=1146639053456, D=74, M=1146639053444
Scheduled a DoS to fire after 481ms
DOS THREAD: SEND DoS PACKET At :1146639053502 199
Synch: Sending query: time=?;361
Received reply: time=;1146639053966;361
Synch Success: SAftr=1146639054124, SBfr=1146639053978, D=73, M=1146639053966
Scheduled a DoS to fire after 460ms
DOS THREAD: SEND DoS PACKET At :1146639054002 199
Synch: Sending query: time=?;362
Received reply: time=;1146639054485;362
Synch Success: SAftr=1146639054640, SBfr=1146639054497, D=71, M=1146639054485
Scheduled a DoS to fire after 444ms
DOS THREAD: SEND DoS PACKET At :1146639054501 199
Synch: Sending query: time=?;363
Received reply: time=;1146639055003;363
Synch Success: SAftr=1146639055169, SBfr=1146639055013, D=78, M=1146639055003
Scheduled a DoS to fire after 418ms
DOS THREAD: SEND DoS PACKET At :1146639055001 199
Synch: Sending query: time=?;364
Received reply: time=;1146639055532;364
Synch Success: SAftr=1146639055686, SBfr=1146639055543, D=71, M=1146639055532
Scheduled a DoS to fire after 396ms
Synch: Sending query: time=?;365
DOS THREAD: SEND DoS PACKET At :1146639056002 199
Received reply: time=;1146639056048;365
Synch Success: SAftr=1146639056204, SBfr=1146639056060, D=72, M=1146639056048
Scheduled a DoS to fire after 379ms
Synch: Sending query: time=?;366
DOS THREAD: SEND DoS PACKET At :1146639056502 199
Received reply: time=;1146639056574;366
Synch Success: SAftr=1146639056730, SBfr=1146639056584, D=73, M=1146639056574
Scheduled a DoS to fire after 352ms
Synch: Sending query: time=?;367
DOS THREAD: SEND DoS PACKET At :1146639057002 199
Received reply: time=;1146639057092;367
Synch Success: SAftr=1146639057247, SBfr=1146639057104, D=71, M=1146639057092
Scheduled a DoS to fire after 336ms
Synch: Sending query: time=?;368
DOS THREAD: SEND DoS PACKET At :1146639057502 199
Received reply: time=;1146639057609;368
Synch Success: SAftr=1146639057764, SBfr=1146639057621, D=71, M=1146639057609
Scheduled a DoS to fire after 319ms
Synch: Sending query: time=?;369
DOS THREAD: SEND DoS PACKET At :1146639058002 199
Received reply: time=;1146639058128;369
Synch Success: SAftr=1146639058283, SBfr=1146639058138, D=72, M=1146639058128
Scheduled a DoS to fire after 299ms
Synch: Sending query: time=?;370
DOS THREAD: SEND DoS PACKET At :1146639058501 199
DOS THREAD: SEND DoS PACKET At :1146639055502 199
Received reply: time=;1146639058673;370
Synch Success: SAftr=1146639058829, SBfr=1146639058684, D=72, M=1146639058673
Scheduled a DoS to fire after 255ms
Synch: Sending query: time=?;371
DOS THREAD: SEND DoS PACKET At :1146639059001 199
Received reply: time=;1146639059190;371
Synch Success: SAftr=1146639059345, SBfr=1146639059202, D=71, M=1146639059190
Scheduled a DoS to fire after 238ms
DOS THREAD: SEND DoS PACKET At :1146639059501 199
Synch: Sending query: time=?;372
Received reply: time=;1146639059712;372
Synch Success: SAftr=1146639059869, SBfr=1146639059724, D=72, M=1146639059712
Scheduled a DoS to fire after 216ms
DOS THREAD: SEND DoS PACKET At :1146639060002 199
Synch: Sending query: time=?;373
Received reply: time=;1146639060231;373
Synch Success: SAftr=1146639060424, SBfr=1146639060243, D=90, M=1146639060231
Scheduled a DoS to fire after 178ms
DOS THREAD: SEND DoS PACKET At :1146639060501 200
Synch: Sending query: time=?;374
Received reply: time=;1146639060867;374
Synch Success: SAftr=1146639061025, SBfr=1146639060838, D=93, M=1146639060867
Scheduled a DoS to fire after 40ms
DOS THREAD: SEND DoS PACKET At :1146639061001 200
Synch: Sending query: time=?;375
Received reply: time=;1146639061445;375
Synch Success: SAftr=1146639061611, SBfr=1146639061426, D=92, M=1146639061445
Scheduled a DoS to fire after 462ms
DOS THREAD: SEND DoS PACKET At :1146639061503 200
Synch: Sending query: time=?;376
Received reply: time=;1146639061974;376
Synch Success: SAftr=1146639062130, SBfr=1146639061986, D=72, M=1146639061974
Scheduled a DoS to fire after 451ms
DOS THREAD: SEND DoS PACKET At :1146639062002 200
Synch: Sending query: time=?;377
Received reply: time=;1146639062496;377
Synch Success: SAftr=1146639062650, SBfr=1146639062507, D=71, M=1146639062496
Scheduled a DoS to fire after 432ms
DOS THREAD: SEND DoS PACKET At :1146639062501 201
Synch: Sending query: time=?;378
Received reply: time=;1146639063026;378
Synch Success: SAftr=1146639063182, SBfr=1146639063038, D=72, M=1146639063026
Scheduled a DoS to fire after 401ms
DOS THREAD: SEND DoS PACKET At :1146639063002 201
Synch: Sending query: time=?;379
DOS THREAD: SEND DoS PACKET At :1146639063502 201
Received reply: time=;1146639063543;379
Synch Success: SAftr=1146639063699, SBfr=1146639063555, D=72, M=1146639063543
Scheduled a DoS to fire after 384ms
Synch: Sending query: time=?;380
DOS THREAD: SEND DoS PACKET At :1146639064002 201
Received reply: time=;1146639064061;380
Synch Success: SAftr=1146639064219, SBfr=1146639064073, D=73, M=1146639064061
Scheduled a DoS to fire after 365ms
Synch: Sending query: time=?;381
DOS THREAD: SEND DoS PACKET At :1146639064501 201
Received reply: time=;1146639064580;381
Synch Success: SAftr=1146639064735, SBfr=1146639064592, D=71, M=1146639064580
Scheduled a DoS to fire after 272ms
Synch: Sending query: time=?;382
DOS THREAD: SEND DoS PACKET At :1146639065001 201
Received reply: time=;1146639065173;382
Synch Success: SAftr=1146639065328, SBfr=1146639065185, D=71, M=1146639065173
Scheduled a DoS to fire after 255ms
DOS THREAD: SEND DoS PACKET At :1146639065501 201
Synch: Sending query: time=?;383
Received reply: time=;1146639065693;383
Synch Success: SAftr=1146639065882, SBfr=1146639065702, D=90, M=1146639065693
Scheduled a DoS to fire after 171ms
DOS THREAD: SEND DoS PACKET At :1146639066002 201
Synch: Sending query: time=?;384
Received reply: time=;1146639066290;384
Synch Success: SAftr=1146639066444, SBfr=1146639066301, D=71, M=1146639066290
Scheduled a DoS to fire after 138ms
DOS THREAD: SEND DoS PACKET At :1146639066502 201
Synch: Sending query: time=?;385
Received reply: time=;1146639066806;385
Synch Success: SAftr=1146639066961, SBfr=1146639066819, D=71, M=1146639066806
Scheduled a DoS to fire after 122ms
DOS THREAD: SEND DoS PACKET At :1146639067001 201
Synch: Sending query: time=?;386
Received reply: time=;1146639067324;386
Synch Success: SAftr=1146639067479, SBfr=1146639067336, D=71, M=1146639067324
Scheduled a DoS to fire after 103ms
DOS THREAD: SEND DoS PACKET At :1146639067501 201
Synch: Sending query: time=?;387
Received reply: time=;1146639067854;387
Synch Success: SAftr=1146639068013, SBfr=1146639067864, D=74, M=1146639067854
Scheduled a DoS to fire after 72ms
DOS THREAD: SEND DoS PACKET At :1146639068001 201
Synch: Sending query: time=?;388
Received reply: time=;1146639068376;388
Synch Success: SAftr=1146639068531, SBfr=1146639068388, D=71, M=1146639068376
Scheduled a DoS to fire after 52ms
DOS THREAD: SEND DoS PACKET At :1146639068501 201
Synch: Sending query: time=?;389
Received reply: time=;1146639068893;389
Synch Success: SAftr=1146639069049, SBfr=1146639068905, D=72, M=1146639068893
Scheduled a DoS to fire after 34ms
DOS THREAD: SEND DoS PACKET At :1146639069002 201
Synch: Sending query: time=?;390
Received reply: time=;1146639069414;390
Synch Success: SAftr=1146639069569, SBfr=1146639069426, D=71, M=1146639069414
Scheduled a DoS to fire after 15ms
DOS THREAD: SEND DoS PACKET At :1146639069501 202
Synch: Sending query: time=?;391
Received reply: time=;1146639069932;391
Synch Success: SAftr=1146639070087, SBfr=1146639069944, D=71, M=1146639069932
Scheduled a DoS to fire after 496ms
DOS THREAD: SEND DoS PACKET At :1146639070003 203
Synch: Sending query: time=?;392
Received reply: time=;1146639070448;392
Synch Success: SAftr=1146639070604, SBfr=1146639070460, D=72, M=1146639070448
Scheduled a DoS to fire after 479ms
DOS THREAD: SEND DoS PACKET At :1146639070501 204
Synch: Sending query: time=?;393
DOS THREAD: SEND DoS PACKET At :1146639071002 205
Received reply: time=;1146639071095;393
Synch Success: SAftr=1146639071291, SBfr=1146639071045, D=123, M=1146639071095
Scheduled a DoS to fire after 281ms
DOS THREAD: SEND DoS PACKET At :1146639071502 206
Synch: Sending query: time=?;394
Received reply: time=;1146639071763;394
Synch Success: SAftr=1146639071957, SBfr=1146639071741, D=108, M=1146639071763
Scheduled a DoS to fire after 128ms
DOS THREAD: SEND DoS PACKET At :1146639072002 207
Synch: Sending query: time=?;395
Received reply: time=;1146639072366;395
Synch Success: SAftr=1146639072521, SBfr=1146639072378, D=71, M=1146639072366
Scheduled a DoS to fire after 63ms
DOS THREAD: SEND DoS PACKET At :1146639072502 208
Synch: Sending query: time=?;396
Received reply: time=;1146639072883;396
Synch Success: SAftr=1146639073038, SBfr=1146639072894, D=72, M=1146639072883
Scheduled a DoS to fire after 45ms
DOS THREAD: SEND DoS PACKET At :1146639073002 209
Synch: Sending query: time=?;397
Received reply: time=;1146639073399;397
Synch Success: SAftr=1146639073554, SBfr=1146639073411, D=71, M=1146639073399
Scheduled a DoS to fire after 29ms
DOS THREAD: SEND DoS PACKET At :1146639073502 210
Synch: Sending query: time=?;398
Received reply: time=;1146639073918;398
Synch Success: SAftr=1146639074074, SBfr=1146639073929, D=72, M=1146639073918
Scheduled a DoS to fire after 8ms
DOS THREAD: SEND DoS PACKET At :1146639074001 211
Synch: Sending query: time=?;399
Received reply: time=;1146639074441;399
Synch Success: SAftr=1146639074596, SBfr=1146639074453, D=71, M=1146639074441
Scheduled a DoS to fire after 487ms
Synch: Sending query: time=?;400
Received reply: time=;1146639074958;400
Synch Success: SAftr=1146639075116, SBfr=1146639074970, D=73, M=1146639074958
Scheduled a DoS to fire after 468ms
DOS THREAD: SEND DoS PACKET At :1146639075002 212
Synch: Sending query: time=?;401
DOS THREAD: SEND DoS PACKET At :1146639075501 213
Received reply: time=;1146639075590;401
Synch Success: SAftr=1146639075882, SBfr=1146639075565, D=158, M=1146639075590
Scheduled a DoS to fire after 251ms
Synch: Sending query: time=?;402
DOS THREAD: SEND DoS PACKET At :1146639076001 214
Received reply: time=;1146639076392;402
Synch Success: SAftr=1146639076563, SBfr=1146639076295, D=134, M=1146639076392
Scheduled a DoS to fire after 473ms
Synch: Sending query: time=?;403
Received reply: time=;1146639076925;403
Synch Success: SAftr=1146639077080, SBfr=1146639076937, D=71, M=1146639076925
Scheduled a DoS to fire after 4ms
DOS THREAD: SEND DoS PACKET At :1146639077001 215
DOS THREAD: SEND DoS PACKET At :1146639077001 215
Synch: Sending query: time=?;404
Received reply: time=;1146639077443;404
Synch Success: SAftr=1146639077599, SBfr=1146639077454, D=72, M=1146639077443
Scheduled a DoS to fire after 484ms
DOS THREAD: SEND DoS PACKET At :1146639074503 216
DOS THREAD: SEND DoS PACKET At :1146639077502 217
Synch: Sending query: time=?;405
Received reply: time=;1146639077962;405
Synch Success: SAftr=1146639078117, SBfr=1146639077974, D=71, M=1146639077962
Scheduled a DoS to fire after 466ms
DOS THREAD: SEND DoS PACKET At :1146639078001 218
Synch: Sending query: time=?;406
DOS THREAD: SEND DoS PACKET At :1146639078502 219
Received reply: time=;1146639078624;406
Synch Success: SAftr=1146639078804, SBfr=1146639078573, D=115, M=1146639078624
Scheduled a DoS to fire after 256ms
DOS THREAD: SEND DoS PACKET At :1146639079001 220
Synch: Sending query: time=?;407
Received reply: time=;1146639079321;407
Synch Failure: 210 D was greater than U
DOS THREAD: SEND DoS PACKET At :1146639079502 221
Attempt: Sending query: time=?;408
Received reply: time=;1146639079848;408
Synch Success: SAftr=1146639080003, SBfr=1146639079860, D=71, M=1146639079848
Scheduled a DoS to fire after 80ms
DOS THREAD: SEND DoS PACKET At :1146639080001 222
Synch: Sending query: time=?;409
Received reply: time=;1146639080365;409
Synch Success: SAftr=1146639080520, SBfr=1146639080377, D=71, M=1146639080365
Scheduled a DoS to fire after 62ms
DOS THREAD: SEND DoS PACKET At :1146639080501 223
Synch: Sending query: time=?;410
Received reply: time=;1146639080882;410
Synch Success: SAftr=1146639081040, SBfr=1146639080894, D=73, M=1146639080882
Scheduled a DoS to fire after 45ms
DOS THREAD: SEND DoS PACKET At :1146639081002 224
Synch: Sending query: time=?;411
Received reply: time=;1146639081401;411
Synch Success: SAftr=1146639081556, SBfr=1146639081413, D=71, M=1146639081401
Scheduled a DoS to fire after 27ms
DOS THREAD: SEND DoS PACKET At :1146639081502 225
Synch: Sending query: time=?;412
Received reply: time=;1146639081918;412
Synch Success: SAftr=1146639082075, SBfr=1146639081930, D=72, M=1146639081918
Scheduled a DoS to fire after 10ms
DOS THREAD: SEND DoS PACKET At :1146639082002 226
Synch: Sending query: time=?;413
DOS THREAD: SEND DoS PACKET At :1146639082503 226
Received reply: time=;1146639082589;413
Synch Success: SAftr=1146639082830, SBfr=1146639082460, D=185, M=1146639082589
Scheduled a DoS to fire after 222ms
Synch: Sending query: time=?;414
DOS THREAD: SEND DoS PACKET At :1146639083001 227
Received reply: time=;1146639083254;414
