Master Name = 128.208.1.139
Master Send Port = 20010
Slave Rcv Port = 20100
U = 200 milliseconds
k = 10
W = 500 milliseconds
Synch Frequency = 300 milliseconds
DoS Target Host Name = 24.17.85.236
DoS Target Port = 80
AttackLifetime = 5 minute(s)
Attack Mode = TCP
Synch: Sending query: time=?;1
Received reply: time=;1146638840607;1
Synch Success: SAftr=1146638840866, SBfr=1146638840517, D=174, M=1146638840607
Scheduled a DoS to fire after 215ms
DOS THREAD: SEND DoS PACKET At :1146638841004 1
Synch: Sending query: time=?;2
Received reply: time=;1146638841437;2
Synch Success: SAftr=1146638841694, SBfr=1146638841348, D=173, M=1146638841437
Scheduled a DoS to fire after 389ms
DOS THREAD: SEND DoS PACKET At :1146638841506 2
Synch: Sending query: time=?;3
DOS THREAD: SEND DoS PACKET At :1146638842002 3
Received reply: time=;1146638842260;3
Synch Success: SAftr=1146638842517, SBfr=1146638842170, D=173, M=1146638842260
Scheduled a DoS to fire after 64ms
DOS THREAD: SEND DoS PACKET At :1146638842502 4
Synch: Sending query: time=?;4
DOS THREAD: SEND DoS PACKET At :1146638843008 5
Received reply: time=;1146638843084;4
Synch Success: SAftr=1146638843343, SBfr=1146638842995, D=174, M=1146638843084
Scheduled a DoS to fire after 241ms
DOS THREAD: SEND DoS PACKET At :1146638843502 6
Synch: Sending query: time=?;5
Received reply: time=;1146638843912;5
Synch Success: SAftr=1146638844170, SBfr=1146638843822, D=174, M=1146638843912
Scheduled a DoS to fire after 413ms
DOS THREAD: SEND DoS PACKET At :1146638844003 7
Synch: Sending query: time=?;6
Received reply: time=;1146638844736;6
Synch Success: SAftr=1146638844993, SBfr=1146638844647, D=173, M=1146638844736
Scheduled a DoS to fire after 90ms
DOS THREAD: SEND DoS PACKET At :1146638845004 8
Synch: Sending query: time=?;7
Received reply: time=;1146638845558;7
Synch Success: SAftr=1146638845815, SBfr=1146638845469, D=173, M=1146638845558
Scheduled a DoS to fire after 268ms
DOS THREAD: SEND DoS PACKET At :1146638846006 9
Synch: Sending query: time=?;8
Received reply: time=;1146638846384;8
Synch Success: SAftr=1146638846641, SBfr=1146638846295, D=173, M=1146638846384
Scheduled a DoS to fire after 442ms
Synch: Sending query: time=?;9
DOS THREAD: SEND DoS PACKET At :1146638847001 10
Received reply: time=;1146638847207;9
Synch Success: SAftr=1146638847464, SBfr=1146638847118, D=173, M=1146638847207
Scheduled a DoS to fire after 118ms
DOS THREAD: SEND DoS PACKET At :1146638847502 11
DOS THREAD: SEND DoS PACKET At :1146638844502 12
Synch: Sending query: time=?;10
Received reply: time=;1146638848033;10
DOS THREAD: SEND DoS PACKET At :1146638848003 13
Synch Success: SAftr=1146638848290, SBfr=1146638847943, D=173, M=1146638848033
Scheduled a DoS to fire after 288ms
Synch: Sending query: time=?;11
DOS THREAD: SEND DoS PACKET At :1146638848501 14
DOS THREAD: SEND DoS PACKET At :1146638845505 15
Received reply: time=;1146638848860;11
Synch Success: SAftr=1146638849117, SBfr=1146638848770, D=173, M=1146638848860
Scheduled a DoS to fire after 462ms
DOS THREAD: SEND DoS PACKET At :1146638849002 16
Synch: Sending query: time=?;12
DOS THREAD: SEND DoS PACKET At :1146638849501 17
DOS THREAD: SEND DoS PACKET At :1146638846507 18
Received reply: time=;1146638849685;12
Synch Success: SAftr=1146638849943, SBfr=1146638849596, D=173, M=1146638849685
Scheduled a DoS to fire after 141ms
Synch: Sending query: time=?;13
Received reply: time=;1146638850508;13
Synch Success: SAftr=1146638850765, SBfr=1146638850418, D=173, M=1146638850508
Scheduled a DoS to fire after 318ms
Synch: Sending query: time=?;14
DOS THREAD: SEND DoS PACKET At :1146638851002 19
Received reply: time=;1146638851329;14
Synch Success: SAftr=1146638851586, SBfr=1146638851240, D=173, M=1146638851329
Scheduled a DoS to fire after 496ms
DOS THREAD: SEND DoS PACKET At :1146638851503 20
Synch: Sending query: time=?;15
DOS THREAD: SEND DoS PACKET At :1146638852003 21
Received reply: time=;1146638852156;15
Synch Success: SAftr=1146638852414, SBfr=1146638852066, D=174, M=1146638852156
Scheduled a DoS to fire after 167ms
DOS THREAD: SEND DoS PACKET At :1146638852501 22
Synch: Sending query: time=?;16
DOS THREAD: SEND DoS PACKET At :1146638850001 23
Received reply: time=;1146638852983;16
Synch Success: SAftr=1146638853240, SBfr=1146638852893, D=173, M=1146638852983
Scheduled a DoS to fire after 342ms
DOS THREAD: SEND DoS PACKET At :1146638853010 24
Synch: Sending query: time=?;17
DOS THREAD: SEND DoS PACKET At :1146638853501 25
Received reply: time=;1146638853807;17
Synch Success: SAftr=1146638854064, SBfr=1146638853718, D=173, M=1146638853807
Scheduled a DoS to fire after 17ms
DOS THREAD: SEND DoS PACKET At :1146638854002 26
Synch: Sending query: time=?;18
DOS THREAD: SEND DoS PACKET At :1146638854504 27
Received reply: time=;1146638854650;18
Synch Success: SAftr=1146638854907, SBfr=1146638854561, D=173, M=1146638854650
Scheduled a DoS to fire after 176ms
DOS THREAD: SEND DoS PACKET At :1146638855002 28
Synch: Sending query: time=?;19
Received reply: time=;1146638855472;19
Synch Success: SAftr=1146638855729, SBfr=1146638855383, D=173, M=1146638855472
Scheduled a DoS to fire after 353ms
DOS THREAD: SEND DoS PACKET At :1146638855504 29
Synch: Sending query: time=?;20
Received reply: time=;1146638856295;20
Synch Success: SAftr=1146638856552, SBfr=1146638856206, D=173, M=1146638856295
Scheduled a DoS to fire after 30ms
DOS THREAD: SEND DoS PACKET At :1146638856502 30
Synch: Sending query: time=?;21
Received reply: time=;1146638857128;21
Synch Success: SAftr=1146638857387, SBfr=1146638857037, D=175, M=1146638857128
Scheduled a DoS to fire after 191ms
DOS THREAD: SEND DoS PACKET At :1146638857503 31
Synch: Sending query: time=?;22
Received reply: time=;1146638857961;22
Synch Success: SAftr=1146638858218, SBfr=1146638857872, D=173, M=1146638857961
Scheduled a DoS to fire after 365ms
DOS THREAD: SEND DoS PACKET At :1146638858004 32
Synch: Sending query: time=?;23
DOS THREAD: SEND DoS PACKET At :1146638858501 33
Received reply: time=;1146638858783;23
Synch Success: SAftr=1146638859042, SBfr=1146638858694, D=174, M=1146638858783
Scheduled a DoS to fire after 39ms
DOS THREAD: SEND DoS PACKET At :1146638856002 34
Synch: Sending query: time=?;24
Received reply: time=;1146638859611;24
Synch Success: SAftr=1146638859869, SBfr=1146638859522, D=173, M=1146638859611
Scheduled a DoS to fire after 215ms
DOS THREAD: SEND DoS PACKET At :1146638857009 35
DOS THREAD: SEND DoS PACKET At :1146638860008 36
Synch: Sending query: time=?;25
Received reply: time=;1146638860435;25
Synch Success: SAftr=1146638860691, SBfr=1146638860345, D=173, M=1146638860435
Scheduled a DoS to fire after 390ms
Synch: Sending query: time=?;26
DOS THREAD: SEND DoS PACKET At :1146638861005 37
Received reply: time=;1146638861259;26
Synch Success: SAftr=1146638861516, SBfr=1146638861169, D=173, M=1146638861259
Scheduled a DoS to fire after 67ms
DOS THREAD: SEND DoS PACKET At :1146638861501 38
Synch: Sending query: time=?;27
DOS THREAD: SEND DoS PACKET At :1146638859001 39
DOS THREAD: SEND DoS PACKET At :1146638862003 40
Received reply: time=;1146638862081;27
Synch Success: SAftr=1146638862338, SBfr=1146638861992, D=173, M=1146638862081
Scheduled a DoS to fire after 245ms
DOS THREAD: SEND DoS PACKET At :1146638862501 41
Synch: Sending query: time=?;28
Received reply: time=;1146638862905;28
Synch Success: SAftr=1146638863162, SBfr=1146638862816, D=173, M=1146638862905
Scheduled a DoS to fire after 418ms
DOS THREAD: SEND DoS PACKET At :1146638863004 42
Synch: Sending query: time=?;29
DOS THREAD: SEND DoS PACKET At :1146638860509 43
DOS THREAD: SEND DoS PACKET At :1146638863501 44
Received reply: time=;1146638863746;29
Synch Success: SAftr=1146638864004, SBfr=1146638863657, D=173, M=1146638863746
Scheduled a DoS to fire after 78ms
Synch: Sending query: time=?;30
Received reply: time=;1146638864574;30
Synch Success: SAftr=1146638864831, SBfr=1146638864485, D=173, M=1146638864574
Scheduled a DoS to fire after 252ms
DOS THREAD: SEND DoS PACKET At :1146638865002 45
Synch: Sending query: time=?;31
Received reply: time=;1146638865397;31
Synch Success: SAftr=1146638865654, SBfr=1146638865307, D=173, M=1146638865397
Scheduled a DoS to fire after 427ms
DOS THREAD: SEND DoS PACKET At :1146638865504 46
Synch: Sending query: time=?;32
DOS THREAD: SEND DoS PACKET At :1146638866004 47
Received reply: time=;1146638866223;32
Synch Success: SAftr=1146638866480, SBfr=1146638866133, D=173, M=1146638866223
Scheduled a DoS to fire after 103ms
Synch: Sending query: time=?;33
DOS THREAD: SEND DoS PACKET At :1146638864002 48
Received reply: time=;1146638867047;33
Synch Success: SAftr=1146638867305, SBfr=1146638866956, D=174, M=1146638867047
Scheduled a DoS to fire after 266ms
DOS THREAD: SEND DoS PACKET At :1146638867502 49
Synch: Sending query: time=?;34
Received reply: time=;1146638867883;34
Synch Success: SAftr=1146638868140, SBfr=1146638867793, D=173, M=1146638867883
Scheduled a DoS to fire after 443ms
DOS THREAD: SEND DoS PACKET At :1146638868003 50
Synch: Sending query: time=?;35
DOS THREAD: SEND DoS PACKET At :1146638868502 51
Received reply: time=;1146638868706;35
Synch Success: SAftr=1146638868962, SBfr=1146638868616, D=173, M=1146638868706
Scheduled a DoS to fire after 120ms
DOS THREAD: SEND DoS PACKET At :1146638869002 52
Synch: Sending query: time=?;36
Received reply: time=;1146638869527;36
Synch Success: SAftr=1146638869785, SBfr=1146638869438, D=173, M=1146638869527
Scheduled a DoS to fire after 298ms
Synch: Sending query: time=?;37
Received reply: time=;1146638870351;37
Synch Success: SAftr=1146638870611, SBfr=1146638870262, D=174, M=1146638870351
Scheduled a DoS to fire after 472ms
Synch: Sending query: time=?;38
DOS THREAD: SEND DoS PACKET At :1146638871002 53
Received reply: time=;1146638871178;38
Synch Success: SAftr=1146638871435, SBfr=1146638871089, D=173, M=1146638871178
Scheduled a DoS to fire after 148ms
DOS THREAD: SEND DoS PACKET At :1146638871513 54
Synch: Sending query: time=?;39
Received reply: time=;1146638872005;39
Synch Success: SAftr=1146638872262, SBfr=1146638871914, D=174, M=1146638872005
Scheduled a DoS to fire after 320ms
DOS THREAD: SEND DoS PACKET At :1146638872014 55
Synch: Sending query: time=?;40
DOS THREAD: SEND DoS PACKET At :1146638869506 56
Received reply: time=;1146638872831;40
Synch Success: SAftr=1146638873088, SBfr=1146638872741, D=173, M=1146638872831
Scheduled a DoS to fire after 496ms
Synch: Sending query: time=?;41
DOS THREAD: SEND DoS PACKET At :1146638873501 57
Received reply: time=;1146638873664;41
Synch Success: SAftr=1146638873921, SBfr=1146638873564, D=178, M=1146638873664
Scheduled a DoS to fire after 156ms
Synch: Sending query: time=?;42
Received reply: time=;1146638874490;42
Synch Success: SAftr=1146638874746, SBfr=1146638874400, D=173, M=1146638874490
Scheduled a DoS to fire after 330ms
Synch: Sending query: time=?;43
DOS THREAD: SEND DoS PACKET At :1146638875001 58
Received reply: time=;1146638875317;43
Synch Success: SAftr=1146638875575, SBfr=1146638875228, D=173, M=1146638875317
Scheduled a DoS to fire after 4ms
DOS THREAD: SEND DoS PACKET At :1146638875504 59
DOS THREAD: SEND DoS PACKET At :1146638872503 60
DOS THREAD: SEND DoS PACKET At :1146638866504 61
Synch: Sending query: time=?;44
DOS THREAD: SEND DoS PACKET At :1146638876006 62
Received reply: time=;1146638876145;44
Synch Success: SAftr=1146638876402, SBfr=1146638876055, D=173, M=1146638876145
Scheduled a DoS to fire after 180ms
DOS THREAD: SEND DoS PACKET At :1146638876502 63
Synch: Sending query: time=?;45
Received reply: time=;1146638876995;45
Synch Success: SAftr=1146638877252, SBfr=1146638876879, D=186, M=1146638876995
Scheduled a DoS to fire after 317ms
DOS THREAD: SEND DoS PACKET At :1146638874002 64
Synch: Sending query: time=?;46
DOS THREAD: SEND DoS PACKET At :1146638877503 65
Received reply: time=;1146638877819;46
Synch Success: SAftr=1146638878075, SBfr=1146638877729, D=173, M=1146638877819
Scheduled a DoS to fire after 5ms
Synch: Sending query: time=?;47
Received reply: time=;1146638878642;47
Synch Success: SAftr=1146638878900, SBfr=1146638878553, D=173, M=1146638878642
Scheduled a DoS to fire after 184ms
DOS THREAD: SEND DoS PACKET At :1146638879001 66
DOS THREAD: SEND DoS PACKET At :1146638870002 67
Synch: Sending query: time=?;48
Received reply: time=;1146638879464;48
Synch Success: SAftr=1146638879721, SBfr=1146638879375, D=173, M=1146638879464
Scheduled a DoS to fire after 362ms
Synch: Sending query: time=?;49
DOS THREAD: SEND DoS PACKET At :1146638880002 68
Received reply: time=;1146638880287;49
Synch Success: SAftr=1146638880545, SBfr=1146638880198, D=173, M=1146638880287
Scheduled a DoS to fire after 40ms
Synch: Sending query: time=?;50
DOS THREAD: SEND DoS PACKET At :1146638878004 69
DOS THREAD: SEND DoS PACKET At :1146638878001 70
Received reply: time=;1146638881110;50
Synch Success: SAftr=1146638881367, SBfr=1146638881020, D=173, M=1146638881110
Scheduled a DoS to fire after 216ms
DOS THREAD: SEND DoS PACKET At :1146638881502 71
Synch: Sending query: time=?;51
Received reply: time=;1146638881932;51
Synch Success: SAftr=1146638882204, SBfr=1146638881843, D=180, M=1146638881932
Scheduled a DoS to fire after 387ms
DOS THREAD: SEND DoS PACKET At :1146638882007 72
Synch: Sending query: time=?;52
DOS THREAD: SEND DoS PACKET At :1146638879502 73
DOS THREAD: SEND DoS PACKET At :1146638882502 74
Received reply: time=;1146638882769;52
Synch Success: SAftr=1146638883028, SBfr=1146638882680, D=174, M=1146638882769
Scheduled a DoS to fire after 55ms
Synch: Sending query: time=?;53
DOS THREAD: SEND DoS PACKET At :1146638880503 75
Received reply: time=;1146638883594;53
Synch Success: SAftr=1146638883851, SBfr=1146638883505, D=173, M=1146638883594
Scheduled a DoS to fire after 232ms
DOS THREAD: SEND DoS PACKET At :1146638884002 76
Synch: Sending query: time=?;54
Received reply: time=;1146638884423;54
Synch Success: SAftr=1146638884680, SBfr=1146638884334, D=173, M=1146638884423
Scheduled a DoS to fire after 403ms
Synch: Sending query: time=?;55
DOS THREAD: SEND DoS PACKET At :1146638885002 77
Received reply: time=;1146638885247;55
Synch Success: SAftr=1146638885505, SBfr=1146638885156, D=174, M=1146638885247
Scheduled a DoS to fire after 68ms
DOS THREAD: SEND DoS PACKET At :1146638885501 78
Synch: Sending query: time=?;56
DOS THREAD: SEND DoS PACKET At :1146638883002 79
DOS THREAD: SEND DoS PACKET At :1146638886005 80
DOS THREAD: SEND DoS PACKET At :1146638877003 81
Received reply: time=;1146638886080;56
Synch Success: SAftr=1146638886337, SBfr=1146638885991, D=173, M=1146638886080
Scheduled a DoS to fire after 246ms
Synch: Sending query: time=?;57
DOS THREAD: SEND DoS PACKET At :1146638886501 82
Received reply: time=;1146638886920;57
Synch Success: SAftr=1146638887177, SBfr=1146638886812, D=182, M=1146638886920
Scheduled a DoS to fire after 394ms
DOS THREAD: SEND DoS PACKET At :1146638887002 83
Synch: Sending query: time=?;58
DOS THREAD: SEND DoS PACKET At :1146638884503 84
DOS THREAD: SEND DoS PACKET At :1146638887505 85
Received reply: time=;1146638887789;58
Synch Success: SAftr=1146638888047, SBfr=1146638887691, D=178, M=1146638887789
Scheduled a DoS to fire after 32ms
DOS THREAD: SEND DoS PACKET At :1146638888003 86
Synch: Sending query: time=?;59
Received reply: time=;1146638888611;59
Synch Success: SAftr=1146638888870, SBfr=1146638888522, D=174, M=1146638888611
Scheduled a DoS to fire after 214ms
DOS THREAD: SEND DoS PACKET At :1146638889003 87
Synch: Sending query: time=?;60
Received reply: time=;1146638889436;60
Synch Success: SAftr=1146638889693, SBfr=1146638889347, D=173, M=1146638889436
Scheduled a DoS to fire after 389ms
Synch: Sending query: time=?;61
DOS THREAD: SEND DoS PACKET At :1146638890001 88
Received reply: time=;1146638890259;61
Synch Success: SAftr=1146638890519, SBfr=1146638890170, D=174, M=1146638890259
Scheduled a DoS to fire after 66ms
Synch: Sending query: time=?;62
Received reply: time=;1146638891084;62
Synch Success: SAftr=1146638891341, SBfr=1146638890995, D=173, M=1146638891084
Scheduled a DoS to fire after 241ms
DOS THREAD: SEND DoS PACKET At :1146638888504 89
DOS THREAD: SEND DoS PACKET At :1146638891502 90
Synch: Sending query: time=?;63
Received reply: time=;1146638891908;63
Synch Success: SAftr=1146638892165, SBfr=1146638891818, D=173, M=1146638891908
Scheduled a DoS to fire after 417ms
DOS THREAD: SEND DoS PACKET At :1146638892004 91
Synch: Sending query: time=?;64
DOS THREAD: SEND DoS PACKET At :1146638889504 92
DOS THREAD: SEND DoS PACKET At :1146638892502 93
Received reply: time=;1146638892732;64
Synch Success: SAftr=1146638892989, SBfr=1146638892643, D=173, M=1146638892732
Scheduled a DoS to fire after 94ms
DOS THREAD: SEND DoS PACKET At :1146638893001 94
Synch: Sending query: time=?;65
DOS THREAD: SEND DoS PACKET At :1146638890502 95
Received reply: time=;1146638893553;65
Synch Success: SAftr=1146638893810, SBfr=1146638893464, D=173, M=1146638893553
Scheduled a DoS to fire after 269ms
DOS THREAD: SEND DoS PACKET At :1146638894002 96
Synch: Sending query: time=?;66
Received reply: time=;1146638894379;66
Synch Success: SAftr=1146638894636, SBfr=1146638894289, D=173, M=1146638894379
Scheduled a DoS to fire after 447ms
Synch: Sending query: time=?;67
DOS THREAD: SEND DoS PACKET At :1146638895003 97
Received reply: time=;1146638895202;67
Synch Success: SAftr=1146638895460, SBfr=1146638895113, D=173, M=1146638895202
Scheduled a DoS to fire after 108ms
DOS THREAD: SEND DoS PACKET At :1146638895502 98
Synch: Sending query: time=?;68
Received reply: time=;1146638896041;68
Synch Success: SAftr=1146638896298, SBfr=1146638895952, D=173, M=1146638896041
Scheduled a DoS to fire after 283ms
DOS THREAD: SEND DoS PACKET At :1146638896004 99
DOS THREAD: SEND DoS PACKET At :1146638893506 100
Synch: Sending query: time=?;69
DOS THREAD: SEND DoS PACKET At :1146638896503 101
Received reply: time=;1146638896865;69
Synch Success: SAftr=1146638897127, SBfr=1146638896776, D=175, M=1146638896865
Scheduled a DoS to fire after 458ms
DOS THREAD: SEND DoS PACKET At :1146638897005 102
Synch: Sending query: time=?;70
DOS THREAD: SEND DoS PACKET At :1146638894504 103
DOS THREAD: SEND DoS PACKET At :1146638897504 104
Received reply: time=;1146638897734;70
Synch Success: SAftr=1146638897991, SBfr=1146638897627, D=182, M=1146638897734
Scheduled a DoS to fire after 47ms
Synch: Sending query: time=?;71
Received reply: time=;1146638898615;71
Synch Success: SAftr=1146638898873, SBfr=1146638898526, D=173, M=1146638898615
Scheduled a DoS to fire after 208ms
Synch: Sending query: time=?;72
Received reply: time=;1146638899450;72
Synch Success: SAftr=1146638899708, SBfr=1146638899358, D=175, M=1146638899450
Scheduled a DoS to fire after 374ms
Synch: Sending query: time=?;73
DOS THREAD: SEND DoS PACKET At :1146638900003 105
Received reply: time=;1146638900277;73
Synch Success: SAftr=1146638900534, SBfr=1146638900187, D=173, M=1146638900277
Scheduled a DoS to fire after 49ms
Synch: Sending query: time=?;74
DOS THREAD: SEND DoS PACKET At :1146638898002 106
Received reply: time=;1146638901099;74
Synch Success: SAftr=1146638901356, SBfr=1146638901009, D=173, M=1146638901099
Scheduled a DoS to fire after 221ms
DOS THREAD: SEND DoS PACKET At :1146638901501 107
Synch: Sending query: time=?;75
Received reply: time=;1146638901928;75
Synch Success: SAftr=1146638902185, SBfr=1146638901839, D=173, M=1146638901928
Scheduled a DoS to fire after 398ms
DOS THREAD: SEND DoS PACKET At :1146638899001 108
DOS THREAD: SEND DoS PACKET At :1146638902002 109
Synch: Sending query: time=?;76
DOS THREAD: SEND DoS PACKET At :1146638902502 110
Received reply: time=;1146638902751;76
Synch Success: SAftr=1146638903009, SBfr=1146638902661, D=174, M=1146638902751
Scheduled a DoS to fire after 73ms
DOS THREAD: SEND DoS PACKET At :1146638903002 111
Synch: Sending query: time=?;77
DOS THREAD: SEND DoS PACKET At :1146638903507 112
Received reply: time=;1146638903581;77
Synch Success: SAftr=1146638903838, SBfr=1146638903492, D=173, M=1146638903581
Scheduled a DoS to fire after 243ms
Synch: Sending query: time=?;78
Received reply: time=;1146638904405;78
Synch Success: SAftr=1146638904662, SBfr=1146638904316, D=173, M=1146638904405
Scheduled a DoS to fire after 417ms
Synch: Sending query: time=?;79
Received reply: time=;1146638905231;79
Synch Success: SAftr=1146638905487, SBfr=1146638905141, D=173, M=1146638905231
Scheduled a DoS to fire after 92ms
Synch: Sending query: time=?;80
Received reply: time=;1146638906061;80
Synch Success: SAftr=1146638906318, SBfr=1146638905968, D=175, M=1146638906061
Scheduled a DoS to fire after 263ms
Synch: Sending query: time=?;81
DOS THREAD: SEND DoS PACKET At :1146638906501 113
Received reply: time=;1146638906884;81
Synch Success: SAftr=1146638907140, SBfr=1146638906794, D=173, M=1146638906884
Scheduled a DoS to fire after 439ms
DOS THREAD: SEND DoS PACKET At :1146638904002 114
Synch: Sending query: time=?;82
DOS THREAD: SEND DoS PACKET At :1146638907512 115
Received reply: time=;1146638907708;82
Synch Success: SAftr=1146638907965, SBfr=1146638907619, D=173, M=1146638907708
Scheduled a DoS to fire after 115ms
DOS THREAD: SEND DoS PACKET At :1146638908002 116
DOS THREAD: SEND DoS PACKET At :1146638905003 117
Synch: Sending query: time=?;83
DOS THREAD: SEND DoS PACKET At :1146638905502 118
Received reply: time=;1146638908543;83
Synch Success: SAftr=1146638908801, SBfr=1146638908454, D=173, M=1146638908543
Scheduled a DoS to fire after 282ms
Synch: Sending query: time=?;84
DOS THREAD: SEND DoS PACKET At :1146638909002 119
Received reply: time=;1146638909368;84
Synch Success: SAftr=1146638909626, SBfr=1146638909278, D=174, M=1146638909368
Scheduled a DoS to fire after 457ms
DOS THREAD: SEND DoS PACKET At :1146638909504 120
DOS THREAD: SEND DoS PACKET At :1146638900501 121
Synch: Sending query: time=?;85
DOS THREAD: SEND DoS PACKET At :1146638910004 122
DOS THREAD: SEND DoS PACKET At :1146638907010 123
Received reply: time=;1146638910198;85
Synch Success: SAftr=1146638910469, SBfr=1146638910108, D=180, M=1146638910198
Scheduled a DoS to fire after 119ms
DOS THREAD: SEND DoS PACKET At :1146638910502 124
Synch: Sending query: time=?;86
DOS THREAD: SEND DoS PACKET At :1146638911004 125
Received reply: time=;1146638911055;86
Synch Success: SAftr=1146638911330, SBfr=1146638910956, D=187, M=1146638911055
Scheduled a DoS to fire after 257ms
DOS THREAD: SEND DoS PACKET At :1146638908505 126
Synch: Sending query: time=?;87
Received reply: time=;1146638911924;87
Synch Success: SAftr=1146638912180, SBfr=1146638911834, D=173, M=1146638911924
Scheduled a DoS to fire after 397ms
Synch: Sending query: time=?;88
DOS THREAD: SEND DoS PACKET At :1146638912501 127
Received reply: time=;1146638912760;88
Synch Success: SAftr=1146638913019, SBfr=1146638912671, D=174, M=1146638912760
Scheduled a DoS to fire after 61ms
DOS THREAD: SEND DoS PACKET At :1146638913001 128
Synch: Sending query: time=?;89
DOS THREAD: SEND DoS PACKET At :1146638913502 129
Received reply: time=;1146638913597;89
Synch Success: SAftr=1146638913854, SBfr=1146638913508, D=173, M=1146638913597
Scheduled a DoS to fire after 229ms
Synch: Sending query: time=?;90
Received reply: time=;1146638914419;90
Synch Success: SAftr=1146638914678, SBfr=1146638914330, D=174, M=1146638914419
Scheduled a DoS to fire after 402ms
DOS THREAD: SEND DoS PACKET At :1146638911501 130
Synch: Sending query: time=?;91
DOS THREAD: SEND DoS PACKET At :1146638915007 131
Received reply: time=;1146638915252;91
Synch Success: SAftr=1146638915509, SBfr=1146638915163, D=173, M=1146638915252
Scheduled a DoS to fire after 73ms
Synch: Sending query: time=?;92
Received reply: time=;1146638916080;92
Synch Success: SAftr=1146638916337, SBfr=1146638915986, D=175, M=1146638916080
Scheduled a DoS to fire after 235ms
DOS THREAD: SEND DoS PACKET At :1146638916502 132
Synch: Sending query: time=?;93
Received reply: time=;1146638916914;93
Synch Success: SAftr=1146638917171, SBfr=1146638916825, D=173, M=1146638916914
Scheduled a DoS to fire after 411ms
DOS THREAD: SEND DoS PACKET At :1146638914001 133
Synch: Sending query: time=?;94
DOS THREAD: SEND DoS PACKET At :1146638917502 134
Received reply: time=;1146638917740;94
Synch Success: SAftr=1146638917997, SBfr=1146638917651, D=173, M=1146638917740
Scheduled a DoS to fire after 86ms
DOS THREAD: SEND DoS PACKET At :1146638918002 135
Synch: Sending query: time=?;95
DOS THREAD: SEND DoS PACKET At :1146638915509 136
DOS THREAD: SEND DoS PACKET At :1146638918504 137
Received reply: time=;1146638918562;95
Synch Success: SAftr=1146638918821, SBfr=1146638918473, D=174, M=1146638918562
Scheduled a DoS to fire after 263ms
DOS THREAD: SEND DoS PACKET At :1146638919004 138
Synch: Sending query: time=?;96
Received reply: time=;1146638919388;96
Synch Success: SAftr=1146638919652, SBfr=1146638919298, D=177, M=1146638919388
Scheduled a DoS to fire after 424ms
Synch: Sending query: time=?;97
DOS THREAD: SEND DoS PACKET At :1146638917006 139
Received reply: time=;1146638920228;97
Synch Success: SAftr=1146638920485, SBfr=1146638920139, D=173, M=1146638920228
Scheduled a DoS to fire after 98ms
DOS THREAD: SEND DoS PACKET At :1146638920502 140
Synch: Sending query: time=?;98
Received reply: time=;1146638921052;98
Synch Success: SAftr=1146638921310, SBfr=1146638920963, D=173, M=1146638921052
Scheduled a DoS to fire after 274ms
DOS THREAD: SEND DoS PACKET At :1146638921502 141
Synch: Sending query: time=?;99
Received reply: time=;1146638921875;99
Synch Success: SAftr=1146638922132, SBfr=1146638921786, D=173, M=1146638921875
Scheduled a DoS to fire after 434ms
Synch: Sending query: time=?;100
DOS THREAD: SEND DoS PACKET At :1146638919506 142
Received reply: time=;1146638922726;100
Synch Success: SAftr=1146638922983, SBfr=1146638922636, D=173, M=1146638922726
Scheduled a DoS to fire after 100ms
Synch: Sending query: time=?;101
Received reply: time=;1146638923548;101
Synch Success: SAftr=1146638923804, SBfr=1146638923459, D=172, M=1146638923548
Scheduled a DoS to fire after 278ms
DOS THREAD: SEND DoS PACKET At :1146638921005 143
Synch: Sending query: time=?;102
Received reply: time=;1146638924373;102
Synch Success: SAftr=1146638924630, SBfr=1146638924284, D=173, M=1146638924373
Scheduled a DoS to fire after 452ms
Synch: Sending query: time=?;103
DOS THREAD: SEND DoS PACKET At :1146638922005 144
Received reply: time=;1146638925196;103
Synch Success: SAftr=1146638925453, SBfr=1146638925107, D=173, M=1146638925196
Scheduled a DoS to fire after 131ms
DOS THREAD: SEND DoS PACKET At :1146638922502 145
Synch: Sending query: time=?;104
DOS THREAD: SEND DoS PACKET At :1146638923003 146
Received reply: time=;1146638926019;104
Synch Success: SAftr=1146638926276, SBfr=1146638925930, D=173, M=1146638926019
Scheduled a DoS to fire after 308ms
Synch: Sending query: time=?;105
DOS THREAD: SEND DoS PACKET At :1146638926502 147
Received reply: time=;1146638926842;105
Synch Success: SAftr=1146638927099, SBfr=1146638926753, D=173, M=1146638926842
Scheduled a DoS to fire after 484ms
DOS THREAD: SEND DoS PACKET At :1146638927003 148
Synch: Sending query: time=?;106
DOS THREAD: SEND DoS PACKET At :1146638927501 149
Received reply: time=;1146638927664;106
Synch Success: SAftr=1146638927920, SBfr=1146638927575, D=172, M=1146638927664
Scheduled a DoS to fire after 161ms
DOS THREAD: SEND DoS PACKET At :1146638925002 150
Synch: Sending query: time=?;107
DOS THREAD: SEND DoS PACKET At :1146638925502 151
Received reply: time=;1146638928486;107
Synch Success: SAftr=1146638928743, SBfr=1146638928397, D=173, M=1146638928486
Scheduled a DoS to fire after 339ms
DOS THREAD: SEND DoS PACKET At :1146638920002 152
Synch: Sending query: time=?;108
DOS THREAD: SEND DoS PACKET At :1146638929001 153
Received reply: time=;1146638929310;108
Synch Success: SAftr=1146638929567, SBfr=1146638929221, D=173, M=1146638929310
Scheduled a DoS to fire after 9ms
DOS THREAD: SEND DoS PACKET At :1146638929502 153
Synch: Sending query: time=?;109
DOS THREAD: SEND DoS PACKET At :1146638930011 154
Received reply: time=;1146638930143;109
Synch Success: SAftr=1146638930401, SBfr=1146638930054, D=173, M=1146638930143
Scheduled a DoS to fire after 182ms
Synch: Sending query: time=?;110
Received reply: time=;1146638930971;110
Synch Success: SAftr=1146638931228, SBfr=1146638930882, D=173, M=1146638930971
Scheduled a DoS to fire after 355ms
DOS THREAD: SEND DoS PACKET At :1146638928001 155
Synch: Sending query: time=?;111
DOS THREAD: SEND DoS PACKET At :1146638931502 156
Received reply: time=;1146638931794;111
Synch Success: SAftr=1146638932054, SBfr=1146638931705, D=174, M=1146638931794
Scheduled a DoS to fire after 18ms
DOS THREAD: SEND DoS PACKET At :1146638932001 157
Synch: Sending query: time=?;112
DOS THREAD: SEND DoS PACKET At :1146638932502 158
Received reply: time=;1146638932633;112
Synch Success: SAftr=1146638932890, SBfr=1146638932544, D=173, M=1146638932633
Scheduled a DoS to fire after 184ms
DOS THREAD: SEND DoS PACKET At :1146638924002 159
DOS THREAD: SEND DoS PACKET At :1146638933002 160
Synch: Sending query: time=?;113
Received reply: time=;1146638933468;113
Synch Success: SAftr=1146638933724, SBfr=1146638933378, D=173, M=1146638933468
Scheduled a DoS to fire after 357ms
Synch: Sending query: time=?;114
Received reply: time=;1146638934292;114
Synch Success: SAftr=1146638934551, SBfr=1146638934202, D=174, M=1146638934292
Scheduled a DoS to fire after 29ms
Synch: Sending query: time=?;115
Received reply: time=;1146638935119;115
Synch Success: SAftr=1146638935376, SBfr=1146638935030, D=173, M=1146638935119
Scheduled a DoS to fire after 204ms
DOS THREAD: SEND DoS PACKET At :1146638935502 161
Synch: Sending query: time=?;116
Received reply: time=;1146638935944;116
Synch Success: SAftr=1146638936201, SBfr=1146638935855, D=173, M=1146638935944
Scheduled a DoS to fire after 382ms
DOS THREAD: SEND DoS PACKET At :1146638936004 162
Synch: Sending query: time=?;117
Received reply: time=;1146638936781;117
Synch Success: SAftr=1146638937038, SBfr=1146638936682, D=178, M=1146638936781
Scheduled a DoS to fire after 40ms
DOS THREAD: SEND DoS PACKET At :1146638937016 163
Synch: Sending query: time=?;118
DOS THREAD: SEND DoS PACKET At :1146638934506 164
DOS THREAD: SEND DoS PACKET At :1146638937518 165
Received reply: time=;1146638937604;118
Synch Success: SAftr=1146638937867, SBfr=1146638937515, D=176, M=1146638937604
Scheduled a DoS to fire after 219ms
DOS THREAD: SEND DoS PACKET At :1146638934001 166
Synch: Sending query: time=?;119
Received reply: time=;1146638938434;119
Synch Success: SAftr=1146638938695, SBfr=1146638938345, D=175, M=1146638938434
Scheduled a DoS to fire after 381ms
Synch: Sending query: time=?;120
DOS THREAD: SEND DoS PACKET At :1146638939001 167
Received reply: time=;1146638939274;120
Synch Success: SAftr=1146638939531, SBfr=1146638939185, D=173, M=1146638939274
Scheduled a DoS to fire after 45ms
DOS THREAD: SEND DoS PACKET At :1146638939502 168
DOS THREAD: SEND DoS PACKET At :1146638936502 169
DOS THREAD: SEND DoS PACKET At :1146638930502 170
Synch: Sending query: time=?;121
DOS THREAD: SEND DoS PACKET At :1146638940003 171
Received reply: time=;1146638940104;121
Synch Success: SAftr=1146638940362, SBfr=1146638940015, D=173, M=1146638940104
Scheduled a DoS to fire after 219ms
DOS THREAD: SEND DoS PACKET At :1146638940501 172
Synch: Sending query: time=?;122
Received reply: time=;1146638940931;122
Synch Success: SAftr=1146638941188, SBfr=1146638940842, D=173, M=1146638940931
Scheduled a DoS to fire after 391ms
DOS THREAD: SEND DoS PACKET At :1146638941002 173
DOS THREAD: SEND DoS PACKET At :1146638938007 174
Synch: Sending query: time=?;123
DOS THREAD: SEND DoS PACKET At :1146638941501 175
Received reply: time=;1146638941763;123
Synch Success: SAftr=1146638942021, SBfr=1146638941674, D=173, M=1146638941763
Scheduled a DoS to fire after 62ms
DOS THREAD: SEND DoS PACKET At :1146638942002 176
Synch: Sending query: time=?;124
DOS THREAD: SEND DoS PACKET At :1146638942504 177
Received reply: time=;1146638942588;124
Synch Success: SAftr=1146638942845, SBfr=1146638942499, D=173, M=1146638942588
Scheduled a DoS to fire after 237ms
Synch: Sending query: time=?;125
Received reply: time=;1146638943410;125
Synch Success: SAftr=1146638943667, SBfr=1146638943321, D=173, M=1146638943410
Scheduled a DoS to fire after 416ms
Synch: Sending query: time=?;126
DOS THREAD: SEND DoS PACKET At :1146638944001 178
Received reply: time=;1146638944233;126
Synch Success: SAftr=1146638944490, SBfr=1146638944143, D=173, M=1146638944233
Scheduled a DoS to fire after 93ms
DOS THREAD: SEND DoS PACKET At :1146638944501 179
Synch: Sending query: time=?;127
Received reply: time=;1146638945056;127
Synch Success: SAftr=1146638945313, SBfr=1146638944966, D=173, M=1146638945056
Scheduled a DoS to fire after 270ms
DOS THREAD: SEND DoS PACKET At :1146638945502 180
Synch: Sending query: time=?;128
Received reply: time=;1146638945879;128
Synch Success: SAftr=1146638946135, SBfr=1146638945789, D=173, M=1146638945879
Scheduled a DoS to fire after 443ms
DOS THREAD: SEND DoS PACKET At :1146638943002 181
Synch: Sending query: time=?;129
DOS THREAD: SEND DoS PACKET At :1146638946501 182
Received reply: time=;1146638946705;129
Synch Success: SAftr=1146638946964, SBfr=1146638946616, D=174, M=1146638946705
Scheduled a DoS to fire after 119ms
DOS THREAD: SEND DoS PACKET At :1146638947002 183
Synch: Sending query: time=?;130
Received reply: time=;1146638947530;130
DOS THREAD: SEND DoS PACKET At :1146638947503 184
Synch Success: SAftr=1146638947788, SBfr=1146638947441, D=173, M=1146638947530
Scheduled a DoS to fire after 293ms
DOS THREAD: SEND DoS PACKET At :1146638945003 185
Synch: Sending query: time=?;131
DOS THREAD: SEND DoS PACKET At :1146638948001 186
Received reply: time=;1146638948358;131
Synch Success: SAftr=1146638948615, SBfr=1146638948269, D=173, M=1146638948358
Scheduled a DoS to fire after 468ms
DOS THREAD: SEND DoS PACKET At :1146638948503 187
Synch: Sending query: time=?;132
DOS THREAD: SEND DoS PACKET At :1146638949002 188
Received reply: time=;1146638949180;132
Synch Success: SAftr=1146638949437, SBfr=1146638949091, D=173, M=1146638949180
Scheduled a DoS to fire after 145ms
DOS THREAD: SEND DoS PACKET At :1146638949504 189
Synch: Sending query: time=?;133
Received reply: time=;1146638950007;133
Synch Success: SAftr=1146638950263, SBfr=1146638949917, D=173, M=1146638950007
Scheduled a DoS to fire after 316ms
DOS THREAD: SEND DoS PACKET At :1146638950010 190
Synch: Sending query: time=?;134
DOS THREAD: SEND DoS PACKET At :1146638950502 191
Received reply: time=;1146638950837;134
Synch Success: SAftr=1146638951105, SBfr=1146638950748, D=178, M=1146638950837
Scheduled a DoS to fire after 484ms
DOS THREAD: SEND DoS PACKET At :1146638951004 192
Synch: Sending query: time=?;135
Received reply: time=;1146638951670;135
Synch Success: SAftr=1146638951929, SBfr=1146638951581, D=174, M=1146638951670
Scheduled a DoS to fire after 154ms
DOS THREAD: SEND DoS PACKET At :1146638952002 193
Synch: Sending query: time=?;136
Received reply: time=;1146638952495;136
Synch Success: SAftr=1146638952751, SBfr=1146638952406, D=172, M=1146638952495
Scheduled a DoS to fire after 331ms
DOS THREAD: SEND DoS PACKET At :1146638952504 194
Synch: Sending query: time=?;137
Received reply: time=;1146638953320;137
Synch Success: SAftr=1146638953577, SBfr=1146638953231, D=173, M=1146638953320
Scheduled a DoS to fire after 5ms
DOS THREAD: SEND DoS PACKET At :1146638953508 195
Synch: Sending query: time=?;138
Received reply: time=;1146638954144;138
Synch Success: SAftr=1146638954401, SBfr=1146638954055, D=173, M=1146638954144
Scheduled a DoS to fire after 182ms
DOS THREAD: SEND DoS PACKET At :1146638951502 196
Synch: Sending query: time=?;139
Received reply: time=;1146638954966;139
Synch Success: SAftr=1146638955222, SBfr=1146638954876, D=173, M=1146638954966
Scheduled a DoS to fire after 358ms
DOS THREAD: SEND DoS PACKET At :1146638946003 197
Synch: Sending query: time=?;140
DOS THREAD: SEND DoS PACKET At :1146638955503 198
Received reply: time=;1146638955788;140
Synch Success: SAftr=1146638956045, SBfr=1146638955699, D=173, M=1146638955788
Scheduled a DoS to fire after 26ms
DOS THREAD: SEND DoS PACKET At :1146638953005 199
Synch: Sending query: time=?;141
Received reply: time=;1146638956622;141
Synch Success: SAftr=1146638956878, SBfr=1146638956533, D=172, M=1146638956622
Scheduled a DoS to fire after 205ms
DOS THREAD: SEND DoS PACKET At :1146638954013 200
DOS THREAD: SEND DoS PACKET At :1146638957002 201
Synch: Sending query: time=?;142
Received reply: time=;1146638957444;142
Synch Success: SAftr=1146638957701, SBfr=1146638957354, D=173, M=1146638957444
Scheduled a DoS to fire after 380ms
DOS THREAD: SEND DoS PACKET At :1146638954501 202
DOS THREAD: SEND DoS PACKET At :1146638957505 203
Synch: Sending query: time=?;143
Received reply: time=;1146638958272;143
Synch Success: SAftr=1146638958529, SBfr=1146638958183, D=173, M=1146638958272
Scheduled a DoS to fire after 54ms
DOS THREAD: SEND DoS PACKET At :1146638958502 204
Synch: Sending query: time=?;144
DOS THREAD: SEND DoS PACKET At :1146638956001 205
DOS THREAD: SEND DoS PACKET At :1146638959003 206
Received reply: time=;1146638959093;144
Synch Success: SAftr=1146638959350, SBfr=1146638959004, D=173, M=1146638959093
Scheduled a DoS to fire after 233ms
Synch: Sending query: time=?;145
Received reply: time=;1146638959915;145
Synch Success: SAftr=1146638960174, SBfr=1146638959826, D=174, M=1146638959915
Scheduled a DoS to fire after 408ms
Synch: Sending query: time=?;146
Received reply: time=;1146638960740;146
Synch Success: SAftr=1146638960997, SBfr=1146638960651, D=173, M=1146638960740
Scheduled a DoS to fire after 86ms
DOS THREAD: SEND DoS PACKET At :1146638958005 207
DOS THREAD: SEND DoS PACKET At :1146638961001 208
Synch: Sending query: time=?;147
DOS THREAD: SEND DoS PACKET At :1146638961503 209
Received reply: time=;1146638961562;147
Synch Success: SAftr=1146638961819, SBfr=1146638961473, D=173, M=1146638961562
Scheduled a DoS to fire after 264ms
Synch: Sending query: time=?;148
Received reply: time=;1146638962384;148
Synch Success: SAftr=1146638962641, SBfr=1146638962295, D=173, M=1146638962384
Scheduled a DoS to fire after 442ms
DOS THREAD: SEND DoS PACKET At :1146638959502 210
Synch: Sending query: time=?;149
Received reply: time=;1146638963218;149
Synch Success: SAftr=1146638963474, SBfr=1146638963129, D=172, M=1146638963218
Scheduled a DoS to fire after 94ms
DOS THREAD: SEND DoS PACKET At :1146638960502 211
DOS THREAD: SEND DoS PACKET At :1146638963502 212
Synch: Sending query: time=?;150
Received reply: time=;1146638964056;150
Synch Success: SAftr=1146638964312, SBfr=1146638963966, D=173, M=1146638964056
Scheduled a DoS to fire after 269ms
Synch: Sending query: time=?;151
DOS THREAD: SEND DoS PACKET At :1146638964504 213
Received reply: time=;1146638964878;151
Synch Success: SAftr=1146638965134, SBfr=1146638964789, D=172, M=1146638964878
Scheduled a DoS to fire after 447ms
DOS THREAD: SEND DoS PACKET At :1146638962002 214
DOS THREAD: SEND DoS PACKET At :1146638965006 215
Synch: Sending query: time=?;152
Received reply: time=;1146638965710;152
Synch Success: SAftr=1146638965966, SBfr=1146638965621, D=172, M=1146638965710
Scheduled a DoS to fire after 117ms
DOS THREAD: SEND DoS PACKET At :1146638963001 216
DOS THREAD: SEND DoS PACKET At :1146638966002 217
Synch: Sending query: time=?;153
Received reply: time=;1146638966531;153
Synch Success: SAftr=1146638966788, SBfr=1146638966442, D=173, M=1146638966531
DOS THREAD: SEND DoS PACKET At :1146638966502 218
Scheduled a DoS to fire after 294ms
Synch: Sending query: time=?;154
DOS THREAD: SEND DoS PACKET At :1146638964005 219
Received reply: time=;1146638967354;154
Synch Success: SAftr=1146638967611, SBfr=1146638967264, D=173, M=1146638967354
Scheduled a DoS to fire after 472ms
Synch: Sending query: time=?;155
Received reply: time=;1146638968179;155
Synch Success: SAftr=1146638968436, SBfr=1146638968090, D=173, M=1146638968179
Scheduled a DoS to fire after 147ms
DOS THREAD: SEND DoS PACKET At :1146638968501 220
DOS THREAD: SEND DoS PACKET At :1146638965507 221
Synch: Sending query: time=?;156
Received reply: time=;1146638969003;156
Synch Success: SAftr=1146638969259, SBfr=1146638968914, D=172, M=1146638969003
Scheduled a DoS to fire after 323ms
DOS THREAD: SEND DoS PACKET At :1146638969002 222
Synch: Sending query: time=?;157
DOS THREAD: SEND DoS PACKET At :1146638969501 223
Received reply: time=;1146638969825;157
Synch Success: SAftr=1146638970082, SBfr=1146638969736, D=173, M=1146638969825
Scheduled a DoS to fire after 1ms
DOS THREAD: SEND DoS PACKET At :1146638970000 224
DOS THREAD: SEND DoS PACKET At :1146638967003 225
Synch: Sending query: time=?;158
DOS THREAD: SEND DoS PACKET At :1146638970501 226
Received reply: time=;1146638970647;158
Synch Success: SAftr=1146638970904, SBfr=1146638970557, D=173, M=1146638970647
Scheduled a DoS to fire after 179ms
DOS THREAD: SEND DoS PACKET At :1146638971003 227
DOS THREAD: SEND DoS PACKET At :1146638968003 228
Synch: Sending query: time=?;159
Received reply: time=;1146638971469;159
Synch Success: SAftr=1146638971728, SBfr=1146638971379, D=174, M=1146638971469
Scheduled a DoS to fire after 355ms
DOS THREAD: SEND DoS PACKET At :1146638971505 229
Synch: Sending query: time=?;160
Received reply: time=;1146638972297;160
Synch Success: SAftr=1146638972554, SBfr=1146638972207, D=173, M=1146638972297
Scheduled a DoS to fire after 29ms
DOS THREAD: SEND DoS PACKET At :1146638972501 230
Synch: Sending query: time=?;161
DOS THREAD: SEND DoS PACKET At :1146638973003 231
Received reply: time=;1146638973128;161
Synch Success: SAftr=1146638973385, SBfr=1146638973039, D=173, M=1146638973128
Scheduled a DoS to fire after 196ms
DOS THREAD: SEND DoS PACKET At :1146638973502 232
Synch: Sending query: time=?;162
Received reply: time=;1146638973952;162
Synch Success: SAftr=1146638974209, SBfr=1146638973863, D=173, M=1146638973952
Scheduled a DoS to fire after 373ms
DOS THREAD: SEND DoS PACKET At :1146638974007 233
Synch: Sending query: time=?;163
Received reply: time=;1146638974774;163
Synch Success: SAftr=1146638975036, SBfr=1146638974685, D=175, M=1146638974774
Scheduled a DoS to fire after 46ms
DOS THREAD: SEND DoS PACKET At :1146638972002 234
DOS THREAD: SEND DoS PACKET At :1146638975002 235
Synch: Sending query: time=?;164
DOS THREAD: SEND DoS PACKET At :1146638975504 236
Received reply: time=;1146638975606;164
Synch Success: SAftr=1146638975862, SBfr=1146638975516, D=173, M=1146638975606
Scheduled a DoS to fire after 219ms
DOS THREAD: SEND DoS PACKET At :1146638976002 237
Synch: Sending query: time=?;165
Received reply: time=;1146638976428;165
Synch Success: SAftr=1146638976686, SBfr=1146638976339, D=173, M=1146638976428
Scheduled a DoS to fire after 399ms
DOS THREAD: SEND DoS PACKET At :1146638976504 238
Synch: Sending query: time=?;166
DOS THREAD: SEND DoS PACKET At :1146638977002 239
Received reply: time=;1146638977311;166
Synch Failure: 204 D was greater than U
DOS THREAD: SEND DoS PACKET At :1146638974502 240
DOS THREAD: SEND DoS PACKET At :1146638977505 241
Attempt: Sending query: time=?;167
Received reply: time=;1146638977930;167
Synch Success: SAftr=1146638978186, SBfr=1146638977840, D=173, M=1146638977930
Scheduled a DoS to fire after 396ms
DOS THREAD: SEND DoS PACKET At :1146638978008 242
Synch: Sending query: time=?;168
DOS THREAD: SEND DoS PACKET At :1146638978502 243
DOS THREAD: SEND DoS PACKET At :1146638933504 244
Received reply: time=;1146638978751;168
Synch Success: SAftr=1146638979008, SBfr=1146638978662, D=173, M=1146638978751
Scheduled a DoS to fire after 75ms
DOS THREAD: SEND DoS PACKET At :1146638979008 245
Synch: Sending query: time=?;169
DOS THREAD: SEND DoS PACKET At :1146638979510 246
Received reply: time=;1146638979579;169
Synch Success: SAftr=1146638979839, SBfr=1146638979490, D=174, M=1146638979579
Scheduled a DoS to fire after 246ms
DOS THREAD: SEND DoS PACKET At :1146638980004 247
Synch: Sending query: time=?;170
Received reply: time=;1146638980406;170
Synch Success: SAftr=1146638980663, SBfr=1146638980316, D=173, M=1146638980406
Scheduled a DoS to fire after 420ms
Synch: Sending query: time=?;171
Received reply: time=;1146638981228;171
Synch Success: SAftr=1146638981486, SBfr=1146638981138, D=174, M=1146638981228
Scheduled a DoS to fire after 97ms
DOS THREAD: SEND DoS PACKET At :1146638981507 248
Synch: Sending query: time=?;172
DOS THREAD: SEND DoS PACKET At :1146638982009 249
Received reply: time=;1146638982051;172
Synch Success: SAftr=1146638982308, SBfr=1146638981962, D=173, M=1146638982051
Scheduled a DoS to fire after 272ms
DOS THREAD: SEND DoS PACKET At :1146638982501 250
Synch: Sending query: time=?;173
Received reply: time=;1146638982876;173
Synch Success: SAftr=1146638983133, SBfr=1146638982786, D=173, M=1146638982876
Scheduled a DoS to fire after 445ms
Synch: Sending query: time=?;174
DOS THREAD: SEND DoS PACKET At :1146638980505 251
DOS THREAD: SEND DoS PACKET At :1146638983505 252
Received reply: time=;1146638983708;174
Synch Success: SAftr=1146638983967, SBfr=1146638983619, D=174, M=1146638983708
Scheduled a DoS to fire after 104ms
DOS THREAD: SEND DoS PACKET At :1146638981001 253
DOS THREAD: SEND DoS PACKET At :1146638984002 254
Synch: Sending query: time=?;175
DOS THREAD: SEND DoS PACKET At :1146638984507 255
Received reply: time=;1146638984614;175
Synch Failure: 208 D was greater than U
Attempt: Sending query: time=?;176
Received reply: time=;1146638985269;176
Synch Failure: 201 D was greater than U
Attempt: Sending query: time=?;177
Received reply: time=;1146638985936;177
Synch Success: SAftr=1146638986192, SBfr=1146638985846, D=173, M=1146638985936
Scheduled a DoS to fire after 390ms
DOS THREAD: SEND DoS PACKET At :1146638983002 256
Synch: Sending query: time=?;178
DOS THREAD: SEND DoS PACKET At :1146638986502 257
Received reply: time=;1146638986757;178
Synch Success: SAftr=1146638987014, SBfr=1146638986668, D=173, M=1146638986757
Scheduled a DoS to fire after 69ms
DOS THREAD: SEND DoS PACKET At :1146638987001 258
Synch: Sending query: time=?;179
DOS THREAD: SEND DoS PACKET At :1146638987503 259
Received reply: time=;1146638987579;179
Synch Success: SAftr=1146638987836, SBfr=1146638987490, D=173, M=1146638987579
Scheduled a DoS to fire after 247ms
DOS THREAD: SEND DoS PACKET At :1146638988002 260
Synch: Sending query: time=?;180
Received reply: time=;1146638988401;180
Synch Success: SAftr=1146638988658, SBfr=1146638988312, D=173, M=1146638988401
Scheduled a DoS to fire after 425ms
Synch: Sending query: time=?;181
DOS THREAD: SEND DoS PACKET At :1146638989002 261
Received reply: time=;1146638989228;181
Synch Success: SAftr=1146638989485, SBfr=1146638989135, D=175, M=1146638989228
Scheduled a DoS to fire after 93ms
Synch: Sending query: time=?;182
Received reply: time=;1146638990054;182
Synch Success: SAftr=1146638990310, SBfr=1146638989964, D=173, M=1146638990054
Scheduled a DoS to fire after 272ms
Synch: Sending query: time=?;183
DOS THREAD: SEND DoS PACKET At :1146638990501 262
Received reply: time=;1146638990876;183
Synch Success: SAftr=1146638991133, SBfr=1146638990786, D=173, M=1146638990876
Scheduled a DoS to fire after 450ms
DOS THREAD: SEND DoS PACKET At :1146638991003 263
Synch: Sending query: time=?;184
DOS THREAD: SEND DoS PACKET At :1146638988504 264
Received reply: time=;1146638991698;184
Synch Success: SAftr=1146638991955, SBfr=1146638991609, D=173, M=1146638991698
Scheduled a DoS to fire after 128ms
DOS THREAD: SEND DoS PACKET At :1146638992004 265
Synch: Sending query: time=?;185
DOS THREAD: SEND DoS PACKET At :1146638989502 266
Received reply: time=;1146638992520;185
Synch Success: SAftr=1146638992777, SBfr=1146638992431, D=173, M=1146638992520
Scheduled a DoS to fire after 301ms
DOS THREAD: SEND DoS PACKET At :1146638992505 267
Synch: Sending query: time=?;186
Received reply: time=;1146638993346;186
Synch Success: SAftr=1146638993604, SBfr=1146638993257, D=173, M=1146638993346
Scheduled a DoS to fire after 479ms
Synch: Sending query: time=?;187
DOS THREAD: SEND DoS PACKET At :1146638985008 268
DOS THREAD: SEND DoS PACKET At :1146638994003 269
Received reply: time=;1146638994170;187
Synch Success: SAftr=1146638994427, SBfr=1146638994081, D=173, M=1146638994170
Scheduled a DoS to fire after 155ms
DOS THREAD: SEND DoS PACKET At :1146638994501 270
DOS THREAD: SEND DoS PACKET At :1146638991502 271
Synch: Sending query: time=?;188
Received reply: time=;1146638995001;188
Synch Success: SAftr=1146638995258, SBfr=1146638994912, D=173, M=1146638995001
Scheduled a DoS to fire after 322ms
DOS THREAD: SEND DoS PACKET At :1146638995002 271
Synch: Sending query: time=?;189
DOS THREAD: SEND DoS PACKET At :1146638995501 272
Received reply: time=;1146638995827;189
Synch Success: SAftr=1146638996084, SBfr=1146638995738, D=173, M=1146638995827
Scheduled a DoS to fire after 499ms
DOS THREAD: SEND DoS PACKET At :1146638993001 273
Synch: Sending query: time=?;190
DOS THREAD: SEND DoS PACKET At :1146638996507 274
Received reply: time=;1146638996650;190
Synch Success: SAftr=1146638996914, SBfr=1146638996561, D=176, M=1146638996650
Scheduled a DoS to fire after 150ms
Synch: Sending query: time=?;191
Received reply: time=;1146638997507;191
Synch Success: SAftr=1146638997768, SBfr=1146638997418, D=175, M=1146638997507
Scheduled a DoS to fire after 311ms
Synch: Sending query: time=?;192
DOS THREAD: SEND DoS PACKET At :1146638998002 274
Received reply: time=;1146638998341;192
Synch Success: SAftr=1146638998598, SBfr=1146638998252, D=173, M=1146638998341
Scheduled a DoS to fire after 485ms
DOS THREAD: SEND DoS PACKET At :1146638998503 275
Synch: Sending query: time=?;193
DOS THREAD: SEND DoS PACKET At :1146638999006 275
Received reply: time=;1146638999166;193
Synch Success: SAftr=1146638999422, SBfr=1146638999076, D=173, M=1146638999166
Scheduled a DoS to fire after 159ms
DOS THREAD: SEND DoS PACKET At :1146638999501 276
Synch: Sending query: time=?;194
Received reply: time=;1146638999987;194
Synch Success: SAftr=1146639000244, SBfr=1146638999898, D=173, M=1146638999987
Scheduled a DoS to fire after 333ms
DOS THREAD: SEND DoS PACKET At :1146639000005 277
Synch: Sending query: time=?;195
DOS THREAD: SEND DoS PACKET At :1146639000501 278
Received reply: time=;1146639000816;195
Synch Success: SAftr=1146639001073, SBfr=1146639000726, D=173, M=1146639000816
Scheduled a DoS to fire after 10ms
DOS THREAD: SEND DoS PACKET At :1146639001009 279
Synch: Sending query: time=?;196
DOS THREAD: SEND DoS PACKET At :1146639001511 280
Received reply: time=;1146639001640;196
Synch Success: SAftr=1146639001897, SBfr=1146639001549, D=174, M=1146639001640
Scheduled a DoS to fire after 186ms
DOS THREAD: SEND DoS PACKET At :1146639002011 280
Synch: Sending query: time=?;197
Received reply: time=;1146639002462;197
Synch Success: SAftr=1146639002718, SBfr=1146639002373, D=172, M=1146639002462
Scheduled a DoS to fire after 364ms
DOS THREAD: SEND DoS PACKET At :1146639002513 280
Synch: Sending query: time=?;198
DOS THREAD: SEND DoS PACKET At :1146639003002 280
Received reply: time=;1146639003284;198
Synch Success: SAftr=1146639003541, SBfr=1146639003195, D=173, M=1146639003284
Scheduled a DoS to fire after 42ms
DOS THREAD: SEND DoS PACKET At :1146639003502 281
Synch: Sending query: time=?;199
DOS THREAD: SEND DoS PACKET At :1146639004004 282
Received reply: time=;1146639004106;199
Synch Success: SAftr=1146639004363, SBfr=1146639004017, D=173, M=1146639004106
Scheduled a DoS to fire after 220ms
DOS THREAD: SEND DoS PACKET At :1146639004502 283
Synch: Sending query: time=?;200
Received reply: time=;1146639004928;200
Synch Success: SAftr=1146639005184, SBfr=1146639004839, D=172, M=1146639004928
Scheduled a DoS to fire after 392ms
DOS THREAD: SEND DoS PACKET At :1146639005004 284
Synch: Sending query: time=?;201
DOS THREAD: SEND DoS PACKET At :1146639005502 285
Received reply: time=;1146639005756;201
Synch Success: SAftr=1146639006016, SBfr=1146639005667, D=174, M=1146639005756
Scheduled a DoS to fire after 68ms
DOS THREAD: SEND DoS PACKET At :1146638997001 286
Synch: Sending query: time=?;202
Received reply: time=;1146639006582;202
Synch Success: SAftr=1146639006838, SBfr=1146639006493, D=172, M=1146639006582
Scheduled a DoS to fire after 245ms
DOS THREAD: SEND DoS PACKET At :1146639007001 286
Synch: Sending query: time=?;203
Received reply: time=;1146639007403;203
Synch Success: SAftr=1146639007660, SBfr=1146639007314, D=173, M=1146639007403
Scheduled a DoS to fire after 361ms
DOS THREAD: SEND DoS PACKET At :1146639007504 287
Synch: Sending query: time=?;204
DOS THREAD: SEND DoS PACKET At :1146639008004 288
Received reply: time=;1146639008288;204
Synch Success: SAftr=1146639008545, SBfr=1146639008198, D=173, M=1146639008288
Scheduled a DoS to fire after 38ms
DOS THREAD: SEND DoS PACKET At :1146639008502 289
Synch: Sending query: time=?;205
DOS THREAD: SEND DoS PACKET At :1146639006005 290
DOS THREAD: SEND DoS PACKET At :1146639009003 291
Received reply: time=;1146639009112;205
Synch Success: SAftr=1146639009369, SBfr=1146639009023, D=173, M=1146639009112
Scheduled a DoS to fire after 215ms
DOS THREAD: SEND DoS PACKET At :1146639009501 292
Synch: Sending query: time=?;206
Received reply: time=;1146639009942;206
Synch Success: SAftr=1146639010199, SBfr=1146639009853, D=173, M=1146639009942
Scheduled a DoS to fire after 384ms
Synch: Sending query: time=?;207
DOS THREAD: SEND DoS PACKET At :1146639010502 293
Received reply: time=;1146639010764;207
Synch Success: SAftr=1146639011021, SBfr=1146639010675, D=173, M=1146639010764
Scheduled a DoS to fire after 62ms
Synch: Sending query: time=?;208
Received reply: time=;1146639011586;208
Synch Success: SAftr=1146639011843, SBfr=1146639011497, D=173, M=1146639011586
Scheduled a DoS to fire after 240ms
DOS THREAD: SEND DoS PACKET At :1146639012002 294
Synch: Sending query: time=?;209
Received reply: time=;1146639012421;209
Synch Success: SAftr=1146639012678, SBfr=1146639012331, D=173, M=1146639012421
Scheduled a DoS to fire after 405ms
DOS THREAD: SEND DoS PACKET At :1146639012503 295
Synch: Sending query: time=?;210
DOS THREAD: SEND DoS PACKET At :1146639010003 296
DOS THREAD: SEND DoS PACKET At :1146639013003 297
Received reply: time=;1146639013243;210
Synch Success: SAftr=1146639013500, SBfr=1146639013154, D=173, M=1146639013243
Scheduled a DoS to fire after 81ms
DOS THREAD: SEND DoS PACKET At :1146639013502 298
Synch: Sending query: time=?;211
DOS THREAD: SEND DoS PACKET At :1146639011004 299
DOS THREAD: SEND DoS PACKET At :1146639014004 300
Received reply: time=;1146639014068;211
Synch Success: SAftr=1146639014325, SBfr=1146639013979, D=173, M=1146639014068
Scheduled a DoS to fire after 258ms
DOS THREAD: SEND DoS PACKET At :1146639014502 301
Synch: Sending query: time=?;212
Received reply: time=;1146639014890;212
Synch Success: SAftr=1146639015147, SBfr=1146639014801, D=173, M=1146639014890
Scheduled a DoS to fire after 436ms
Synch: Sending query: time=?;213
Received reply: time=;1146639015712;213
Synch Success: SAftr=1146639015969, SBfr=1146639015623, D=173, M=1146639015712
Scheduled a DoS to fire after 112ms
DOS THREAD: SEND DoS PACKET At :1146639016001 302
Synch: Sending query: time=?;214
DOS THREAD: SEND DoS PACKET At :1146639016503 303
Received reply: time=;1146639016536;214
Synch Success: SAftr=1146639016793, SBfr=1146639016447, D=173, M=1146639016536
Scheduled a DoS to fire after 290ms
Synch: Sending query: time=?;215
DOS THREAD: SEND DoS PACKET At :1146639017002 304
Received reply: time=;1146639017358;215
Synch Success: SAftr=1146639017614, SBfr=1146639017269, D=172, M=1146639017358
Scheduled a DoS to fire after 469ms
DOS THREAD: SEND DoS PACKET At :1146639017503 305
Synch: Sending query: time=?;216
DOS THREAD: SEND DoS PACKET At :1146639015004 306
DOS THREAD: SEND DoS PACKET At :1146639018006 307
Received reply: time=;1146639018180;216
Synch Success: SAftr=1146639018437, SBfr=1146639018091, D=173, M=1146639018180
Scheduled a DoS to fire after 146ms
DOS THREAD: SEND DoS PACKET At :1146639015506 308
Synch: Sending query: time=?;217
Received reply: time=;1146639019002;217
Synch Success: SAftr=1146639019259, SBfr=1146639018913, D=173, M=1146639019002
Scheduled a DoS to fire after 325ms
Synch: Sending query: time=?;218
DOS THREAD: SEND DoS PACKET At :1146639019501 309
Received reply: time=;1146639019837;218
Synch Success: SAftr=1146639020094, SBfr=1146639019748, D=173, M=1146639019837
Scheduled a DoS to fire after 489ms
DOS THREAD: SEND DoS PACKET At :1146639020002 310
Synch: Sending query: time=?;219
Received reply: time=;1146639020660;219
Synch Success: SAftr=1146639020917, SBfr=1146639020571, D=173, M=1146639020660
Scheduled a DoS to fire after 166ms
DOS THREAD: SEND DoS PACKET At :1146639021002 311
Synch: Sending query: time=?;220
Received reply: time=;1146639021483;220
Synch Success: SAftr=1146639021740, SBfr=1146639021394, D=173, M=1146639021483
Scheduled a DoS to fire after 343ms
DOS THREAD: SEND DoS PACKET At :1146639018502 312
DOS THREAD: SEND DoS PACKET At :1146639021503 313
Synch: Sending query: time=?;221
DOS THREAD: SEND DoS PACKET At :1146639022002 314
Received reply: time=;1146639022306;221
Synch Success: SAftr=1146639022564, SBfr=1146639022217, D=173, M=1146639022306
Scheduled a DoS to fire after 20ms
DOS THREAD: SEND DoS PACKET At :1146639022502 315
Synch: Sending query: time=?;222
DOS THREAD: SEND DoS PACKET At :1146639023004 315
Received reply: time=;1146639023128;222
Synch Success: SAftr=1146639023386, SBfr=1146639023039, D=173, M=1146639023128
Scheduled a DoS to fire after 198ms
DOS THREAD: SEND DoS PACKET At :1146639020501 316
DOS THREAD: SEND DoS PACKET At :1146639023501 317
Synch: Sending query: time=?;223
Received reply: time=;1146639023951;223
Synch Success: SAftr=1146639024208, SBfr=1146639023861, D=173, M=1146639023951
Scheduled a DoS to fire after 374ms
DOS THREAD: SEND DoS PACKET At :1146639024005 318
Synch: Sending query: time=?;224
DOS THREAD: SEND DoS PACKET At :1146639024501 319
Received reply: time=;1146639024774;224
Synch Success: SAftr=1146639025035, SBfr=1146639024685, D=175, M=1146639024774
Scheduled a DoS to fire after 46ms
Synch: Sending query: time=?;225
Received reply: time=;1146639025603;225
Synch Success: SAftr=1146639025860, SBfr=1146639025514, D=173, M=1146639025603
Scheduled a DoS to fire after 223ms
DOS THREAD: SEND DoS PACKET At :1146639026003 319
Synch: Sending query: time=?;226
Received reply: time=;1146639026426;226
Synch Success: SAftr=1146639026683, SBfr=1146639026336, D=173, M=1146639026426
Scheduled a DoS to fire after 399ms
Synch: Sending query: time=?;227
DOS THREAD: SEND DoS PACKET At :1146639027002 319
Received reply: time=;1146639027249;227
Synch Success: SAftr=1146639027506, SBfr=1146639027159, D=173, M=1146639027249
Scheduled a DoS to fire after 77ms
DOS THREAD: SEND DoS PACKET At :1146639027502 320
Synch: Sending query: time=?;228
DOS THREAD: SEND DoS PACKET At :1146639025008 321
Received reply: time=;1146639028072;228
Synch Success: SAftr=1146639028329, SBfr=1146639027983, D=173, M=1146639028072
Scheduled a DoS to fire after 255ms
Synch: Sending query: time=?;229
DOS THREAD: SEND DoS PACKET At :1146639028502 322
Received reply: time=;1146639028893;229
Synch Success: SAftr=1146639029152, SBfr=1146639028804, D=174, M=1146639028893
Scheduled a DoS to fire after 430ms
DOS THREAD: SEND DoS PACKET At :1146639029004 323
Synch: Sending query: time=?;230
DOS THREAD: SEND DoS PACKET At :1146639026507 324
DOS THREAD: SEND DoS PACKET At :1146639029502 325
Received reply: time=;1146639029719;230
Synch Success: SAftr=1146639029981, SBfr=1146639029630, D=175, M=1146639029719
Scheduled a DoS to fire after 104ms
DOS THREAD: SEND DoS PACKET At :1146639030002 326
Synch: Sending query: time=?;231
Received reply: time=;1146639030547;231
Synch Success: SAftr=1146639030825, SBfr=1146639030458, D=183, M=1146639030547
Scheduled a DoS to fire after 268ms
DOS THREAD: SEND DoS PACKET At :1146639028004 327
DOS THREAD: SEND DoS PACKET At :1146639031002 328
Synch: Sending query: time=?;232
Received reply: time=;1146639031391;232
Synch Success: SAftr=1146639031648, SBfr=1146639031302, D=173, M=1146639031391
Scheduled a DoS to fire after 435ms
Synch: Sending query: time=?;233
DOS THREAD: SEND DoS PACKET At :1146639032002 329
Received reply: time=;1146639032213;233
Synch Success: SAftr=1146639032470, SBfr=1146639032124, D=173, M=1146639032213
Scheduled a DoS to fire after 113ms
DOS THREAD: SEND DoS PACKET At :1146639032506 330
Synch: Sending query: time=?;234
DOS THREAD: SEND DoS PACKET At :1146639033009 331
Received reply: time=;1146639033035;234
Synch Success: SAftr=1146639033291, SBfr=1146639032946, D=172, M=1146639033035
Scheduled a DoS to fire after 282ms
Synch: Sending query: time=?;235
DOS THREAD: SEND DoS PACKET At :1146639033501 332
DOS THREAD: SEND DoS PACKET At :1146639030505 333
Received reply: time=;1146639033866;235
Synch Success: SAftr=1146639034123, SBfr=1146639033777, D=173, M=1146639033866
Scheduled a DoS to fire after 458ms
DOS THREAD: SEND DoS PACKET At :1146639034004 334
Synch: Sending query: time=?;236
DOS THREAD: SEND DoS PACKET At :1146639034501 335
Received reply: time=;1146639034690;236
Synch Success: SAftr=1146639034946, SBfr=1146639034601, D=172, M=1146639034690
Scheduled a DoS to fire after 136ms
DOS THREAD: SEND DoS PACKET At :1146639035001 336
Synch: Sending query: time=?;237
Received reply: time=;1146639035516;237
Synch Success: SAftr=1146639035773, SBfr=1146639035427, D=173, M=1146639035516
Scheduled a DoS to fire after 310ms
DOS THREAD: SEND DoS PACKET At :1146639035502 337
Synch: Sending query: time=?;238
DOS THREAD: SEND DoS PACKET At :1146639036002 338
Received reply: time=;1146639036338;238
Synch Success: SAftr=1146639036594, SBfr=1146639036248, D=173, M=1146639036338
Scheduled a DoS to fire after 488ms
DOS THREAD: SEND DoS PACKET At :1146639036504 338
Synch: Sending query: time=?;239
DOS THREAD: SEND DoS PACKET At :1146639037005 339
Received reply: time=;1146639037160;239
Synch Success: SAftr=1146639037416, SBfr=1146639037070, D=173, M=1146639037160
Scheduled a DoS to fire after 166ms
DOS THREAD: SEND DoS PACKET At :1146639037502 340
Synch: Sending query: time=?;240
Received reply: time=;1146639037981;240
Synch Success: SAftr=1146639038238, SBfr=1146639037892, D=173, M=1146639037981
Scheduled a DoS to fire after 341ms
Synch: Sending query: time=?;241
DOS THREAD: SEND DoS PACKET At :1146639038501 341
Received reply: time=;1146639038809;241
Synch Success: SAftr=1146639039065, SBfr=1146639038719, D=173, M=1146639038809
Scheduled a DoS to fire after 16ms
Synch: Sending query: time=?;242
Received reply: time=;1146639039631;242
Synch Success: SAftr=1146639039887, SBfr=1146639039542, D=172, M=1146639039631
Scheduled a DoS to fire after 195ms
DOS THREAD: SEND DoS PACKET At :1146639040001 342
Synch: Sending query: time=?;243
Received reply: time=;1146639040452;243
Synch Success: SAftr=1146639040709, SBfr=1146639040363, D=173, M=1146639040452
Scheduled a DoS to fire after 374ms
DOS THREAD: SEND DoS PACKET At :1146639031504 343
Synch: Sending query: time=?;244
DOS THREAD: SEND DoS PACKET At :1146639038007 344
DOS THREAD: SEND DoS PACKET At :1146639041002 345
Received reply: time=;1146639041276;244
Synch Success: SAftr=1146639041533, SBfr=1146639041187, D=173, M=1146639041276
Scheduled a DoS to fire after 50ms
DOS THREAD: SEND DoS PACKET At :1146639041502 346
Synch: Sending query: time=?;245
DOS THREAD: SEND DoS PACKET At :1146639039001 347
DOS THREAD: SEND DoS PACKET At :1146639042003 348
Received reply: time=;1146639042099;245
Synch Success: SAftr=1146639042355, SBfr=1146639042010, D=172, M=1146639042099
Scheduled a DoS to fire after 228ms
DOS THREAD: SEND DoS PACKET At :1146639042502 349
Synch: Sending query: time=?;246
Received reply: time=;1146639042920;246
Synch Success: SAftr=1146639043177, SBfr=1146639042831, D=173, M=1146639042920
Scheduled a DoS to fire after 406ms
DOS THREAD: SEND DoS PACKET At :1146639043004 350
Synch: Sending query: time=?;247
DOS THREAD: SEND DoS PACKET At :1146639040507 351
DOS THREAD: SEND DoS PACKET At :1146639043501 352
Received reply: time=;1146639043773;247
Synch Success: SAftr=1146639044056, SBfr=1146639043684, D=186, M=1146639043773
Scheduled a DoS to fire after 40ms
DOS THREAD: SEND DoS PACKET At :1146639044002 353
Synch: Sending query: time=?;248
DOS THREAD: SEND DoS PACKET At :1146639044504 354
Received reply: time=;1146639044724;248
Synch Failure: 218 D was greater than U
Attempt: Sending query: time=?;249
DOS THREAD: SEND DoS PACKET At :1146639045006 355
Received reply: time=;1146639045370;249
Synch Success: SAftr=1146639045628, SBfr=1146639045255, D=186, M=1146639045370
Scheduled a DoS to fire after 442ms
DOS THREAD: SEND DoS PACKET At :1146639045508 356
Synch: Sending query: time=?;250
DOS THREAD: SEND DoS PACKET At :1146639046003 357
Received reply: time=;1146639046194;250
Synch Success: SAftr=1146639046450, SBfr=1146639046105, D=172, M=1146639046194
Scheduled a DoS to fire after 133ms
DOS THREAD: SEND DoS PACKET At :1146639046501 358
Synch: Sending query: time=?;251
Received reply: time=;1146639047016;251
Synch Success: SAftr=1146639047273, SBfr=1146639046927, D=173, M=1146639047016
Scheduled a DoS to fire after 291ms
DOS THREAD: SEND DoS PACKET At :1146639047003 359
Synch: Sending query: time=?;252
DOS THREAD: SEND DoS PACKET At :1146639047501 360
Received reply: time=;1146639047858;252
Synch Success: SAftr=1146639048115, SBfr=1146639047769, D=173, M=1146639047858
Scheduled a DoS to fire after 468ms
DOS THREAD: SEND DoS PACKET At :1146639048002 361
Synch: Sending query: time=?;253
DOS THREAD: SEND DoS PACKET At :1146639048501 362
Received reply: time=;1146639048680;253
Synch Success: SAftr=1146639048937, SBfr=1146639048590, D=173, M=1146639048680
Scheduled a DoS to fire after 146ms
DOS THREAD: SEND DoS PACKET At :1146639049002 363
Synch: Sending query: time=?;254
Received reply: time=;1146639049502;254
Synch Success: SAftr=1146639049759, SBfr=1146639049413, D=173, M=1146639049502
Scheduled a DoS to fire after 324ms
DOS THREAD: SEND DoS PACKET At :1146639049503 364
Synch: Sending query: time=?;255
DOS THREAD: SEND DoS PACKET At :1146639050004 365
Received reply: time=;1146639050326;255
Synch Success: SAftr=1146639050582, SBfr=1146639050236, D=173, M=1146639050326
Scheduled a DoS to fire after 500ms
Synch: Sending query: time=?;256
DOS THREAD: SEND DoS PACKET At :1146639051001 366
Received reply: time=;1146639051152;256
Synch Success: SAftr=1146639051409, SBfr=1146639051062, D=173, M=1146639051152
Scheduled a DoS to fire after 174ms
DOS THREAD: SEND DoS PACKET At :1146639051501 367
Synch: Sending query: time=?;257
Received reply: time=;1146639051975;257
Synch Success: SAftr=1146639052232, SBfr=1146639051886, D=173, M=1146639051975
Scheduled a DoS to fire after 351ms
DOS THREAD: SEND DoS PACKET At :1146639052005 368
Synch: Sending query: time=?;258
DOS THREAD: SEND DoS PACKET At :1146639052501 369
Received reply: time=;1146639052797;258
Synch Success: SAftr=1146639053056, SBfr=1146639052707, D=174, M=1146639052797
Scheduled a DoS to fire after 27ms
DOS THREAD: SEND DoS PACKET At :1146639053008 370
Synch: Sending query: time=?;259
DOS THREAD: SEND DoS PACKET At :1146639053510 371
Received reply: time=;1146639053622;259
Synch Success: SAftr=1146639053878, SBfr=1146639053532, D=173, M=1146639053622
Scheduled a DoS to fire after 204ms
DOS THREAD: SEND DoS PACKET At :1146639054002 372
Synch: Sending query: time=?;260
Received reply: time=;1146639054443;260
Synch Success: SAftr=1146639054700, SBfr=1146639054354, D=173, M=1146639054443
Scheduled a DoS to fire after 382ms
DOS THREAD: SEND DoS PACKET At :1146639054504 373
Synch: Sending query: time=?;261
DOS THREAD: SEND DoS PACKET At :1146639055002 374
Received reply: time=;1146639055266;261
Synch Success: SAftr=1146639055523, SBfr=1146639055176, D=173, M=1146639055266
Scheduled a DoS to fire after 60ms
DOS THREAD: SEND DoS PACKET At :1146639055506 375
Synch: Sending query: time=?;262
DOS THREAD: SEND DoS PACKET At :1146639056008 376
Received reply: time=;1146639056088;262
Synch Success: SAftr=1146639056345, SBfr=1146639055999, D=173, M=1146639056088
Scheduled a DoS to fire after 238ms
DOS THREAD: SEND DoS PACKET At :1146639056501 377
Synch: Sending query: time=?;263
Received reply: time=;1146639056910;263
Synch Success: SAftr=1146639057167, SBfr=1146639056821, D=173, M=1146639056910
Scheduled a DoS to fire after 407ms
DOS THREAD: SEND DoS PACKET At :1146639057003 378
Synch: Sending query: time=?;264
DOS THREAD: SEND DoS PACKET At :1146639057502 379
Received reply: time=;1146639057741;264
Synch Success: SAftr=1146639057998, SBfr=1146639057652, D=173, M=1146639057741
Scheduled a DoS to fire after 85ms
DOS THREAD: SEND DoS PACKET At :1146639058002 380
Synch: Sending query: time=?;265
DOS THREAD: SEND DoS PACKET At :1146639058504 381
Received reply: time=;1146639058564;265
Synch Success: SAftr=1146639058820, SBfr=1146639058475, D=172, M=1146639058564
Scheduled a DoS to fire after 258ms
DOS THREAD: SEND DoS PACKET At :1146639059006 382
Synch: Sending query: time=?;266
Received reply: time=;1146639059392;266
Synch Success: SAftr=1146639059648, SBfr=1146639059302, D=173, M=1146639059392
Scheduled a DoS to fire after 431ms
DOS THREAD: SEND DoS PACKET At :1146639059508 383
Synch: Sending query: time=?;267
DOS THREAD: SEND DoS PACKET At :1146639060003 384
Received reply: time=;1146639060231;267
Synch Success: SAftr=1146639060487, SBfr=1146639060142, D=172, M=1146639060231
Scheduled a DoS to fire after 95ms
DOS THREAD: SEND DoS PACKET At :1146639060502 385
Synch: Sending query: time=?;268
DOS THREAD: SEND DoS PACKET At :1146639061003 386
Received reply: time=;1146639061052;268
Synch Success: SAftr=1146639061311, SBfr=1146639060963, D=174, M=1146639061052
Scheduled a DoS to fire after 269ms
DOS THREAD: SEND DoS PACKET At :1146639061501 387
Synch: Sending query: time=?;269
Received reply: time=;1146639061922;269
Synch Success: SAftr=1146639062194, SBfr=1146639061826, D=184, M=1146639061922
Scheduled a DoS to fire after 393ms
DOS THREAD: SEND DoS PACKET At :1146639062002 388
Synch: Sending query: time=?;270
DOS THREAD: SEND DoS PACKET At :1146639062501 389
Received reply: time=;1146639062759;270
Synch Success: SAftr=1146639063021, SBfr=1146639062670, D=175, M=1146639062759
Scheduled a DoS to fire after 49ms
DOS THREAD: SEND DoS PACKET At :1146639063007 390
Synch: Sending query: time=?;271
DOS THREAD: SEND DoS PACKET At :1146639063508 391
Received reply: time=;1146639063603;271
Synch Success: SAftr=1146639063860, SBfr=1146639063514, D=173, M=1146639063603
Scheduled a DoS to fire after 223ms
DOS THREAD: SEND DoS PACKET At :1146639064002 392
Synch: Sending query: time=?;272
Received reply: time=;1146639064431;272
Synch Success: SAftr=1146639064687, SBfr=1146639064341, D=173, M=1146639064431
Scheduled a DoS to fire after 394ms
DOS THREAD: SEND DoS PACKET At :1146639064503 393
Synch: Sending query: time=?;273
DOS THREAD: SEND DoS PACKET At :1146639065002 393
Received reply: time=;1146639065257;273
Synch Success: SAftr=1146639065515, SBfr=1146639065168, D=173, M=1146639065257
Scheduled a DoS to fire after 67ms
DOS THREAD: SEND DoS PACKET At :1146639065504 394
Synch: Sending query: time=?;274
DOS THREAD: SEND DoS PACKET At :1146639066007 394
Received reply: time=;1146639066083;274
Synch Success: SAftr=1146639066340, SBfr=1146639065993, D=173, M=1146639066083
Scheduled a DoS to fire after 243ms
DOS THREAD: SEND DoS PACKET At :1146639066502 395
Synch: Sending query: time=?;275
Received reply: time=;1146639066909;275
Synch Success: SAftr=1146639067166, SBfr=1146639066820, D=173, M=1146639066909
Scheduled a DoS to fire after 416ms
DOS THREAD: SEND DoS PACKET At :1146639067004 396
Synch: Sending query: time=?;276
DOS THREAD: SEND DoS PACKET At :1146639067502 397
Received reply: time=;1146639067732;276
Synch Success: SAftr=1146639067993, SBfr=1146639067643, D=175, M=1146639067732
Scheduled a DoS to fire after 86ms
DOS THREAD: SEND DoS PACKET At :1146639068002 398
Synch: Sending query: time=?;277
DOS THREAD: SEND DoS PACKET At :1146639068505 399
Received reply: time=;1146639068566;277
Synch Success: SAftr=1146639068824, SBfr=1146639068477, D=173, M=1146639068566
Scheduled a DoS to fire after 259ms
DOS THREAD: SEND DoS PACKET At :1146639069001 400
Synch: Sending query: time=?;278
Received reply: time=;1146639069390;278
Synch Success: SAftr=1146639069657, SBfr=1146639069301, D=178, M=1146639069390
Scheduled a DoS to fire after 424ms
DOS THREAD: SEND DoS PACKET At :1146639069503 401
Synch: Sending query: time=?;279
DOS THREAD: SEND DoS PACKET At :1146639070003 402
Received reply: time=;1146639070230;279
Synch Success: SAftr=1146639070487, SBfr=1146639070141, D=173, M=1146639070230
Scheduled a DoS to fire after 96ms
DOS THREAD: SEND DoS PACKET At :1146639070502 403
Synch: Sending query: time=?;280
DOS THREAD: SEND DoS PACKET At :1146639071004 404
Received reply: time=;1146639071059;280
Synch Success: SAftr=1146639071315, SBfr=1146639070969, D=173, M=1146639071059
Scheduled a DoS to fire after 256ms
Synch: Sending query: time=?;281
Received reply: time=;1146639071891;281
Synch Success: SAftr=1146639072148, SBfr=1146639071802, D=173, M=1146639071891
Scheduled a DoS to fire after 432ms
Synch: Sending query: time=?;282
DOS THREAD: SEND DoS PACKET At :1146639072502 405
Received reply: time=;1146639072731;282
Synch Success: SAftr=1146639072988, SBfr=1146639072627, D=180, M=1146639072731
Scheduled a DoS to fire after 83ms
DOS THREAD: SEND DoS PACKET At :1146639073005 406
Synch: Sending query: time=?;283
Received reply: time=;1146639073558;283
Synch Success: SAftr=1146639073815, SBfr=1146639073469, D=173, M=1146639073558
Scheduled a DoS to fire after 268ms
DOS THREAD: SEND DoS PACKET At :1146639074001 407
Synch: Sending query: time=?;284
Received reply: time=;1146639074380;284
Synch Success: SAftr=1146639074640, SBfr=1146639074291, D=174, M=1146639074380
Scheduled a DoS to fire after 441ms
DOS THREAD: SEND DoS PACKET At :1146639071502 408
Synch: Sending query: time=?;285
DOS THREAD: SEND DoS PACKET At :1146639075004 409
Received reply: time=;1146639075213;285
Synch Success: SAftr=1146639075470, SBfr=1146639075124, D=173, M=1146639075213
Scheduled a DoS to fire after 102ms
Synch: Sending query: time=?;286
Received reply: time=;1146639076047;286
Synch Success: SAftr=1146639076303, SBfr=1146639075958, D=172, M=1146639076047
Scheduled a DoS to fire after 279ms
DOS THREAD: SEND DoS PACKET At :1146639073506 410
Synch: Sending query: time=?;287
DOS THREAD: SEND DoS PACKET At :1146639076502 411
Received reply: time=;1146639076869;287
Synch Success: SAftr=1146639077126, SBfr=1146639076780, D=173, M=1146639076869
Scheduled a DoS to fire after 457ms
DOS THREAD: SEND DoS PACKET At :1146639077003 412
Synch: Sending query: time=?;288
DOS THREAD: SEND DoS PACKET At :1146639074506 413
Received reply: time=;1146639077692;288
Synch Success: SAftr=1146639077949, SBfr=1146639077602, D=173, M=1146639077692
Scheduled a DoS to fire after 133ms
DOS THREAD: SEND DoS PACKET At :1146639078005 414
Synch: Sending query: time=?;289
DOS THREAD: SEND DoS PACKET At :1146639075501 415
Received reply: time=;1146639078515;289
Synch Success: SAftr=1146639078772, SBfr=1146639078426, D=173, M=1146639078515
Scheduled a DoS to fire after 311ms
DOS THREAD: SEND DoS PACKET At :1146639078507 416
Synch: Sending query: time=?;290
DOS THREAD: SEND DoS PACKET At :1146639079001 417
Received reply: time=;1146639079344;290
Synch Success: SAftr=1146639079604, SBfr=1146639079253, D=175, M=1146639079344
Scheduled a DoS to fire after 473ms
Synch: Sending query: time=?;291
Received reply: time=;1146639080180;291
Synch Success: SAftr=1146639080436, SBfr=1146639080090, D=173, M=1146639080180
Scheduled a DoS to fire after 146ms
DOS THREAD: SEND DoS PACKET At :1146639077501 418
DOS THREAD: SEND DoS PACKET At :1146639080502 419
Synch: Sending query: time=?;292
Received reply: time=;1146639081001;292
Synch Success: SAftr=1146639081258, SBfr=1146639080912, D=173, M=1146639081001
Scheduled a DoS to fire after 325ms
DOS THREAD: SEND DoS PACKET At :1146639081004 420
Synch: Sending query: time=?;293
Received reply: time=;1146639081823;293
Synch Success: SAftr=1146639082080, SBfr=1146639081734, D=173, M=1146639081823
Scheduled a DoS to fire after 4ms
Synch: Sending query: time=?;294
DOS THREAD: SEND DoS PACKET At :1146639079502 421
Received reply: time=;1146639082646;294
Synch Success: SAftr=1146639082902, SBfr=1146639082557, D=172, M=1146639082646
Scheduled a DoS to fire after 180ms
