Master Name = 128.208.1.139
Master Send Port = 20010
Slave Rcv Port = 20100
U = 200 milliseconds
k = 10
W = 500 milliseconds
Synch Frequency = 300 milliseconds
DoS Target Host Name = 24.17.85.236
DoS Target Port = 80
AttackLifetime = 5 minute(s)
Attack Mode = TCP
Synch: Sending query: time=?;1
Received reply: time=;1146638838356;1
Synch Success: SAftr=1146638838390, SBfr=1146638838344, D=23, M=1146638838356
Scheduled a DoS to fire after 111ms
DOS THREAD: SEND DoS PACKET At :1146638838501 1
Synch: Sending query: time=?;2
Received reply: time=;1146638838735;2
Synch Success: SAftr=1146638838764, SBfr=1146638838722, D=21, M=1146638838735
Scheduled a DoS to fire after 243ms
DOS THREAD: SEND DoS PACKET At :1146638839002 2
Synch: Sending query: time=?;3
Received reply: time=;1146638839101;3
Synch Success: SAftr=1146638839131, SBfr=1146638839088, D=21, M=1146638839101
Scheduled a DoS to fire after 376ms
Synch: Sending query: time=?;4
Received reply: time=;1146638839467;4
Synch Success: SAftr=1146638839496, SBfr=1146638839454, D=21, M=1146638839467
Scheduled a DoS to fire after 10ms
DOS THREAD: SEND DoS PACKET At :1146638839501 3
Synch: Sending query: time=?;5
Received reply: time=;1146638839835;5
Synch Success: SAftr=1146638839864, SBfr=1146638839823, D=20, M=1146638839835
Scheduled a DoS to fire after 139ms
DOS THREAD: SEND DoS PACKET At :1146638840002 4
Synch: Sending query: time=?;6
Received reply: time=;1146638840205;6
Synch Success: SAftr=1146638840234, SBfr=1146638840192, D=21, M=1146638840205
Scheduled a DoS to fire after 273ms
DOS THREAD: SEND DoS PACKET At :1146638840501 5
Synch: Sending query: time=?;7
Received reply: time=;1146638840571;7
Synch Success: SAftr=1146638840600, SBfr=1146638840559, D=20, M=1146638840571
Scheduled a DoS to fire after 402ms
Synch: Sending query: time=?;8
Received reply: time=;1146638840942;8
Synch Success: SAftr=1146638840970, SBfr=1146638840929, D=20, M=1146638840942
Scheduled a DoS to fire after 36ms
DOS THREAD: SEND DoS PACKET At :1146638841002 6
Synch: Sending query: time=?;9
Received reply: time=;1146638841309;9
Synch Success: SAftr=1146638841338, SBfr=1146638841296, D=21, M=1146638841309
Scheduled a DoS to fire after 168ms
DOS THREAD: SEND DoS PACKET At :1146638841501 7
Synch: Sending query: time=?;10
Received reply: time=;1146638841674;10
Synch Success: SAftr=1146638841704, SBfr=1146638841662, D=21, M=1146638841674
Scheduled a DoS to fire after 300ms
Synch: Sending query: time=?;11
DOS THREAD: SEND DoS PACKET At :1146638842002 8
Received reply: time=;1146638842046;11
Synch Success: SAftr=1146638842075, SBfr=1146638842033, D=21, M=1146638842046
Scheduled a DoS to fire after 426ms
Synch: Sending query: time=?;12
Received reply: time=;1146638842420;12
Synch Success: SAftr=1146638842450, SBfr=1146638842406, D=22, M=1146638842420
Scheduled a DoS to fire after 57ms
DOS THREAD: SEND DoS PACKET At :1146638842501 9
Synch: Sending query: time=?;13
Received reply: time=;1146638842788;13
Synch Success: SAftr=1146638842816, SBfr=1146638842775, D=20, M=1146638842788
Scheduled a DoS to fire after 189ms
DOS THREAD: SEND DoS PACKET At :1146638843001 10
Synch: Sending query: time=?;14
Received reply: time=;1146638843154;14
Synch Success: SAftr=1146638843183, SBfr=1146638843142, D=20, M=1146638843154
Scheduled a DoS to fire after 324ms
Synch: Sending query: time=?;15
Received reply: time=;1146638843520;15
Synch Success: SAftr=1146638843549, SBfr=1146638843508, D=20, M=1146638843520
Scheduled a DoS to fire after 459ms
DOS THREAD: SEND DoS PACKET At :1146638843502 11
Synch: Sending query: time=?;16
Received reply: time=;1146638843893;16
Synch Success: SAftr=1146638843922, SBfr=1146638843880, D=21, M=1146638843893
Scheduled a DoS to fire after 85ms
DOS THREAD: SEND DoS PACKET At :1146638844001 12
Synch: Sending query: time=?;17
Received reply: time=;1146638844258;17
Synch Success: SAftr=1146638844289, SBfr=1146638844246, D=21, M=1146638844258
Scheduled a DoS to fire after 214ms
DOS THREAD: SEND DoS PACKET At :1146638844502 13
Synch: Sending query: time=?;18
Received reply: time=;1146638844637;18
Synch Success: SAftr=1146638844667, SBfr=1146638844624, D=21, M=1146638844637
Scheduled a DoS to fire after 335ms
Synch: Sending query: time=?;19
Received reply: time=;1146638845009;19
Synch Success: SAftr=1146638845038, SBfr=1146638844997, D=20, M=1146638845009
Scheduled a DoS to fire after 470ms
DOS THREAD: SEND DoS PACKET At :1146638845002 14
Synch: Sending query: time=?;20
Received reply: time=;1146638845375;20
Synch Success: SAftr=1146638845404, SBfr=1146638845362, D=21, M=1146638845375
Scheduled a DoS to fire after 102ms
DOS THREAD: SEND DoS PACKET At :1146638845502 15
Synch: Sending query: time=?;21
Received reply: time=;1146638845740;21
Synch Success: SAftr=1146638845769, SBfr=1146638845728, D=20, M=1146638845740
Scheduled a DoS to fire after 238ms
DOS THREAD: SEND DoS PACKET At :1146638846002 16
Synch: Sending query: time=?;22
Received reply: time=;1146638846105;22
Synch Success: SAftr=1146638846133, SBfr=1146638846092, D=20, M=1146638846105
Scheduled a DoS to fire after 373ms
Synch: Sending query: time=?;23
Received reply: time=;1146638846473;23
Synch Success: SAftr=1146638846516, SBfr=1146638846457, D=29, M=1146638846473
Scheduled a DoS to fire after 492ms
DOS THREAD: SEND DoS PACKET At :1146638846507 17
Synch: Sending query: time=?;24
Received reply: time=;1146638846857;24
Synch Success: SAftr=1146638846885, SBfr=1146638846844, D=20, M=1146638846857
Scheduled a DoS to fire after 121ms
DOS THREAD: SEND DoS PACKET At :1146638847001 18
Synch: Sending query: time=?;25
Received reply: time=;1146638847222;25
Synch Success: SAftr=1146638847251, SBfr=1146638847209, D=21, M=1146638847222
Scheduled a DoS to fire after 256ms
DOS THREAD: SEND DoS PACKET At :1146638847502 19
Synch: Sending query: time=?;26
Received reply: time=;1146638847587;26
Synch Success: SAftr=1146638847616, SBfr=1146638847574, D=21, M=1146638847587
Scheduled a DoS to fire after 390ms
Synch: Sending query: time=?;27
Received reply: time=;1146638847960;27
Synch Success: SAftr=1146638847989, SBfr=1146638847948, D=20, M=1146638847960
Scheduled a DoS to fire after 12ms
DOS THREAD: SEND DoS PACKET At :1146638848001 20
Synch: Sending query: time=?;28
Received reply: time=;1146638848337;28
Synch Success: SAftr=1146638848367, SBfr=1146638848325, D=21, M=1146638848337
Scheduled a DoS to fire after 140ms
DOS THREAD: SEND DoS PACKET At :1146638848502 21
Synch: Sending query: time=?;29
Received reply: time=;1146638848704;29
Synch Success: SAftr=1146638848735, SBfr=1146638848692, D=21, M=1146638848704
Scheduled a DoS to fire after 273ms
Synch: Sending query: time=?;30
DOS THREAD: SEND DoS PACKET At :1146638849003 22
Received reply: time=;1146638849073;30
Synch Success: SAftr=1146638849102, SBfr=1146638849061, D=20, M=1146638849073
Scheduled a DoS to fire after 404ms
Synch: Sending query: time=?;31
Received reply: time=;1146638849440;31
Synch Success: SAftr=1146638849471, SBfr=1146638849428, D=21, M=1146638849440
Scheduled a DoS to fire after 35ms
DOS THREAD: SEND DoS PACKET At :1146638849501 23
Synch: Sending query: time=?;32
Received reply: time=;1146638849818;32
Synch Success: SAftr=1146638849847, SBfr=1146638849806, D=20, M=1146638849818
Scheduled a DoS to fire after 158ms
DOS THREAD: SEND DoS PACKET At :1146638850001 24
Synch: Sending query: time=?;33
Received reply: time=;1146638850185;33
Synch Success: SAftr=1146638850214, SBfr=1146638850173, D=20, M=1146638850185
Scheduled a DoS to fire after 292ms
Synch: Sending query: time=?;34
DOS THREAD: SEND DoS PACKET At :1146638850502 25
Received reply: time=;1146638850552;34
Synch Success: SAftr=1146638850582, SBfr=1146638850539, D=21, M=1146638850552
Scheduled a DoS to fire after 419ms
Synch: Sending query: time=?;35
Received reply: time=;1146638850929;35
Synch Success: SAftr=1146638850958, SBfr=1146638850917, D=20, M=1146638850929
Scheduled a DoS to fire after 49ms
DOS THREAD: SEND DoS PACKET At :1146638851001 26
Synch: Sending query: time=?;36
Received reply: time=;1146638851303;36
Synch Success: SAftr=1146638851332, SBfr=1146638851290, D=21, M=1146638851303
Scheduled a DoS to fire after 172ms
DOS THREAD: SEND DoS PACKET At :1146638851502 27
Synch: Sending query: time=?;37
Received reply: time=;1146638851674;37
Synch Success: SAftr=1146638851703, SBfr=1146638851661, D=21, M=1146638851674
Scheduled a DoS to fire after 298ms
Synch: Sending query: time=?;38
DOS THREAD: SEND DoS PACKET At :1146638852002 28
Received reply: time=;1146638852045;38
Synch Success: SAftr=1146638852074, SBfr=1146638852032, D=21, M=1146638852045
Scheduled a DoS to fire after 423ms
Synch: Sending query: time=?;39
Received reply: time=;1146638852420;39
Synch Success: SAftr=1146638852450, SBfr=1146638852408, D=21, M=1146638852420
Scheduled a DoS to fire after 58ms
DOS THREAD: SEND DoS PACKET At :1146638852500 29
Synch: Sending query: time=?;40
Received reply: time=;1146638852787;40
Synch Success: SAftr=1146638852816, SBfr=1146638852774, D=21, M=1146638852787
Scheduled a DoS to fire after 187ms
DOS THREAD: SEND DoS PACKET At :1146638853007 30
Synch: Sending query: time=?;41
Received reply: time=;1146638853157;41
Synch Success: SAftr=1146638853185, SBfr=1146638853144, D=20, M=1146638853157
Scheduled a DoS to fire after 319ms
Synch: Sending query: time=?;42
Received reply: time=;1146638853530;42
Synch Success: SAftr=1146638853560, SBfr=1146638853518, D=21, M=1146638853530
Scheduled a DoS to fire after 447ms
DOS THREAD: SEND DoS PACKET At :1146638853507 31
Synch: Sending query: time=?;43
Received reply: time=;1146638853904;43
Synch Success: SAftr=1146638853932, SBfr=1146638853891, D=20, M=1146638853904
Scheduled a DoS to fire after 62ms
DOS THREAD: SEND DoS PACKET At :1146638854002 32
Synch: Sending query: time=?;44
Received reply: time=;1146638854283;44
Synch Success: SAftr=1146638854315, SBfr=1146638854271, D=22, M=1146638854283
Scheduled a DoS to fire after 151ms
DOS THREAD: SEND DoS PACKET At :1146638854502 33
Synch: Sending query: time=?;45
Received reply: time=;1146638854693;45
Synch Success: SAftr=1146638854721, SBfr=1146638854680, D=20, M=1146638854693
Scheduled a DoS to fire after 285ms
Synch: Sending query: time=?;46
DOS THREAD: SEND DoS PACKET At :1146638855002 34
Received reply: time=;1146638855065;46
Synch Success: SAftr=1146638855094, SBfr=1146638855052, D=21, M=1146638855065
Scheduled a DoS to fire after 413ms
Synch: Sending query: time=?;47
Received reply: time=;1146638855430;47
Synch Success: SAftr=1146638855463, SBfr=1146638855417, D=23, M=1146638855430
Scheduled a DoS to fire after 45ms
DOS THREAD: SEND DoS PACKET At :1146638855502 35
Synch: Sending query: time=?;48
Received reply: time=;1146638855801;48
Synch Success: SAftr=1146638855830, SBfr=1146638855787, D=21, M=1146638855801
Scheduled a DoS to fire after 172ms
DOS THREAD: SEND DoS PACKET At :1146638856002 36
Synch: Sending query: time=?;49
Received reply: time=;1146638856172;49
Synch Success: SAftr=1146638856200, SBfr=1146638856159, D=20, M=1146638856172
Scheduled a DoS to fire after 306ms
Synch: Sending query: time=?;50
DOS THREAD: SEND DoS PACKET At :1146638856502 37
Received reply: time=;1146638856539;50
Synch Success: SAftr=1146638856568, SBfr=1146638856527, D=20, M=1146638856539
Scheduled a DoS to fire after 433ms
Synch: Sending query: time=?;51
Received reply: time=;1146638856912;51
Synch Success: SAftr=1146638856940, SBfr=1146638856898, D=21, M=1146638856912
Scheduled a DoS to fire after 65ms
DOS THREAD: SEND DoS PACKET At :1146638857002 38
Synch: Sending query: time=?;52
Received reply: time=;1146638857278;52
Synch Success: SAftr=1146638857307, SBfr=1146638857265, D=21, M=1146638857278
Scheduled a DoS to fire after 199ms
DOS THREAD: SEND DoS PACKET At :1146638857502 39
Synch: Sending query: time=?;53
Received reply: time=;1146638857644;53
Synch Success: SAftr=1146638857674, SBfr=1146638857631, D=21, M=1146638857644
Scheduled a DoS to fire after 331ms
Synch: Sending query: time=?;54
Received reply: time=;1146638858012;54
Synch Success: SAftr=1146638858041, SBfr=1146638858000, D=20, M=1146638858012
Scheduled a DoS to fire after 461ms
DOS THREAD: SEND DoS PACKET At :1146638858001 40
Synch: Sending query: time=?;55
Received reply: time=;1146638858384;55
Synch Success: SAftr=1146638858412, SBfr=1146638858371, D=20, M=1146638858384
Scheduled a DoS to fire after 94ms
DOS THREAD: SEND DoS PACKET At :1146638858508 41
Synch: Sending query: time=?;56
Received reply: time=;1146638858749;56
Synch Success: SAftr=1146638858778, SBfr=1146638858737, D=20, M=1146638858749
Scheduled a DoS to fire after 230ms
DOS THREAD: SEND DoS PACKET At :1146638859010 42
Synch: Sending query: time=?;57
Received reply: time=;1146638859114;57
Synch Success: SAftr=1146638859143, SBfr=1146638859102, D=20, M=1146638859114
Scheduled a DoS to fire after 356ms
Synch: Sending query: time=?;58
Received reply: time=;1146638859496;58
Synch Success: SAftr=1146638859525, SBfr=1146638859484, D=20, M=1146638859496
Scheduled a DoS to fire after 483ms
DOS THREAD: SEND DoS PACKET At :1146638859502 43
Synch: Sending query: time=?;59
Received reply: time=;1146638859861;59
Synch Success: SAftr=1146638859895, SBfr=1146638859848, D=23, M=1146638859861
Scheduled a DoS to fire after 115ms
DOS THREAD: SEND DoS PACKET At :1146638860002 44
Synch: Sending query: time=?;60
Received reply: time=;1146638860233;60
Synch Success: SAftr=1146638860262, SBfr=1146638860221, D=20, M=1146638860233
Scheduled a DoS to fire after 245ms
DOS THREAD: SEND DoS PACKET At :1146638860502 45
Synch: Sending query: time=?;61
Received reply: time=;1146638860600;61
Synch Success: SAftr=1146638860628, SBfr=1146638860586, D=21, M=1146638860600
Scheduled a DoS to fire after 367ms
Synch: Sending query: time=?;62
Received reply: time=;1146638860975;62
Synch Success: SAftr=1146638861003, SBfr=1146638860963, D=20, M=1146638860975
Scheduled a DoS to fire after 3ms
DOS THREAD: SEND DoS PACKET At :1146638861002 46
Synch: Sending query: time=?;63
Received reply: time=;1146638861346;63
Synch Success: SAftr=1146638861375, SBfr=1146638861331, D=22, M=1146638861346
Scheduled a DoS to fire after 129ms
DOS THREAD: SEND DoS PACKET At :1146638861501 47
Synch: Sending query: time=?;64
Received reply: time=;1146638861712;64
Synch Success: SAftr=1146638861741, SBfr=1146638861700, D=20, M=1146638861712
Scheduled a DoS to fire after 266ms
DOS THREAD: SEND DoS PACKET At :1146638862002 48
Synch: Sending query: time=?;65
Received reply: time=;1146638862078;65
Synch Success: SAftr=1146638862107, SBfr=1146638862065, D=21, M=1146638862078
Scheduled a DoS to fire after 400ms
Synch: Sending query: time=?;66
Received reply: time=;1146638862445;66
Synch Success: SAftr=1146638862475, SBfr=1146638862432, D=21, M=1146638862445
Scheduled a DoS to fire after 30ms
DOS THREAD: SEND DoS PACKET At :1146638862502 49
Synch: Sending query: time=?;67
Received reply: time=;1146638862814;67
Synch Success: SAftr=1146638862842, SBfr=1146638862801, D=20, M=1146638862814
Scheduled a DoS to fire after 164ms
DOS THREAD: SEND DoS PACKET At :1146638863002 50
Synch: Sending query: time=?;68
Received reply: time=;1146638863179;68
Synch Success: SAftr=1146638863207, SBfr=1146638863166, D=20, M=1146638863179
Scheduled a DoS to fire after 299ms
Synch: Sending query: time=?;69
DOS THREAD: SEND DoS PACKET At :1146638863503 51
Received reply: time=;1146638863543;69
Synch Success: SAftr=1146638863573, SBfr=1146638863530, D=21, M=1146638863543
Scheduled a DoS to fire after 425ms
Synch: Sending query: time=?;70
Received reply: time=;1146638863920;70
Synch Success: SAftr=1146638863948, SBfr=1146638863907, D=20, M=1146638863920
Scheduled a DoS to fire after 58ms
DOS THREAD: SEND DoS PACKET At :1146638864002 52
Synch: Sending query: time=?;71
Received reply: time=;1146638864285;71
Synch Success: SAftr=1146638864313, SBfr=1146638864273, D=20, M=1146638864285
Scheduled a DoS to fire after 193ms
DOS THREAD: SEND DoS PACKET At :1146638864502 53
Synch: Sending query: time=?;72
Received reply: time=;1146638864650;72
Synch Success: SAftr=1146638864678, SBfr=1146638864637, D=20, M=1146638864650
Scheduled a DoS to fire after 323ms
Synch: Sending query: time=?;73
Received reply: time=;1146638865022;73
Synch Success: SAftr=1146638865051, SBfr=1146638865009, D=21, M=1146638865022
Scheduled a DoS to fire after 456ms
DOS THREAD: SEND DoS PACKET At :1146638865002 54
Synch: Sending query: time=?;74
Received reply: time=;1146638865388;74
Synch Success: SAftr=1146638865417, SBfr=1146638865375, D=21, M=1146638865388
Scheduled a DoS to fire after 90ms
DOS THREAD: SEND DoS PACKET At :1146638865502 55
Synch: Sending query: time=?;75
Received reply: time=;1146638865755;75
Synch Success: SAftr=1146638865784, SBfr=1146638865743, D=20, M=1146638865755
Scheduled a DoS to fire after 219ms
DOS THREAD: SEND DoS PACKET At :1146638866002 56
Synch: Sending query: time=?;76
Received reply: time=;1146638866124;76
Synch Success: SAftr=1146638866153, SBfr=1146638866112, D=20, M=1146638866124
Scheduled a DoS to fire after 331ms
Synch: Sending query: time=?;77
Received reply: time=;1146638866514;77
Synch Success: SAftr=1146638866542, SBfr=1146638866500, D=21, M=1146638866514
Scheduled a DoS to fire after 463ms
DOS THREAD: SEND DoS PACKET At :1146638866501 57
Synch: Sending query: time=?;78
Received reply: time=;1146638866878;78
Synch Success: SAftr=1146638866907, SBfr=1146638866866, D=20, M=1146638866878
Scheduled a DoS to fire after 92ms
DOS THREAD: SEND DoS PACKET At :1146638867001 58
Synch: Sending query: time=?;79
Received reply: time=;1146638867260;79
Synch Success: SAftr=1146638867289, SBfr=1146638867245, D=22, M=1146638867260
Scheduled a DoS to fire after 217ms
DOS THREAD: SEND DoS PACKET At :1146638867501 59
Synch: Sending query: time=?;80
Received reply: time=;1146638867625;80
Synch Success: SAftr=1146638867654, SBfr=1146638867613, D=20, M=1146638867625
Scheduled a DoS to fire after 353ms
Synch: Sending query: time=?;81
Received reply: time=;1146638867992;81
Synch Success: SAftr=1146638868020, SBfr=1146638867978, D=21, M=1146638867992
Scheduled a DoS to fire after 485ms
DOS THREAD: SEND DoS PACKET At :1146638868001 60
Synch: Sending query: time=?;82
Received reply: time=;1146638868356;82
Synch Success: SAftr=1146638868387, SBfr=1146638868344, D=21, M=1146638868356
Scheduled a DoS to fire after 120ms
DOS THREAD: SEND DoS PACKET At :1146638868502 61
Synch: Sending query: time=?;83
Received reply: time=;1146638868735;83
Synch Success: SAftr=1146638868763, SBfr=1146638868713, D=25, M=1146638868735
Scheduled a DoS to fire after 238ms
DOS THREAD: SEND DoS PACKET At :1146638869001 62
Synch: Sending query: time=?;84
Received reply: time=;1146638869101;84
Synch Success: SAftr=1146638869135, SBfr=1146638869088, D=23, M=1146638869101
Scheduled a DoS to fire after 306ms
Synch: Sending query: time=?;85
Received reply: time=;1146638869539;85
DOS THREAD: SEND DoS PACKET At :1146638869501 63
Synch Success: SAftr=1146638869569, SBfr=1146638869527, D=21, M=1146638869539
Scheduled a DoS to fire after 428ms
Synch: Sending query: time=?;86
Received reply: time=;1146638869916;86
Synch Success: SAftr=1146638869944, SBfr=1146638869904, D=20, M=1146638869916
Scheduled a DoS to fire after 62ms
DOS THREAD: SEND DoS PACKET At :1146638870003 64
Synch: Sending query: time=?;87
Received reply: time=;1146638870280;87
Synch Success: SAftr=1146638870310, SBfr=1146638870268, D=21, M=1146638870280
Scheduled a DoS to fire after 193ms
DOS THREAD: SEND DoS PACKET At :1146638870502 65
Synch: Sending query: time=?;88
Received reply: time=;1146638870653;88
Synch Success: SAftr=1146638870683, SBfr=1146638870640, D=21, M=1146638870653
Scheduled a DoS to fire after 323ms
Synch: Sending query: time=?;89
Received reply: time=;1146638871021;89
Synch Success: SAftr=1146638871049, SBfr=1146638871009, D=20, M=1146638871021
Scheduled a DoS to fire after 457ms
DOS THREAD: SEND DoS PACKET At :1146638871002 66
Synch: Sending query: time=?;90
Received reply: time=;1146638871386;90
Synch Success: SAftr=1146638871415, SBfr=1146638871373, D=21, M=1146638871386
Scheduled a DoS to fire after 91ms
DOS THREAD: SEND DoS PACKET At :1146638871502 67
Synch: Sending query: time=?;91
Received reply: time=;1146638871864;91
Synch Success: SAftr=1146638871894, SBfr=1146638871851, D=21, M=1146638871864
Scheduled a DoS to fire after 106ms
DOS THREAD: SEND DoS PACKET At :1146638872002 68
Synch: Sending query: time=?;92
Received reply: time=;1146638872240;92
Synch Success: SAftr=1146638872268, SBfr=1146638872227, D=20, M=1146638872240
Scheduled a DoS to fire after 238ms
DOS THREAD: SEND DoS PACKET At :1146638872502 69
Synch: Sending query: time=?;93
Received reply: time=;1146638872605;93
Synch Success: SAftr=1146638872634, SBfr=1146638872592, D=21, M=1146638872605
Scheduled a DoS to fire after 373ms
Synch: Sending query: time=?;94
Received reply: time=;1146638872971;94
Synch Success: SAftr=1146638873000, SBfr=1146638872959, D=20, M=1146638872971
Scheduled a DoS to fire after 8ms
DOS THREAD: SEND DoS PACKET At :1146638873009 70
Synch: Sending query: time=?;95
Received reply: time=;1146638873343;95
Synch Success: SAftr=1146638873371, SBfr=1146638873330, D=20, M=1146638873343
Scheduled a DoS to fire after 110ms
DOS THREAD: SEND DoS PACKET At :1146638873502 71
Synch: Sending query: time=?;96
DOS THREAD: SEND DoS PACKET At :1146638874004 72
Attempt: Sending query: time=?;97
Received reply: time=;1146638874254;97
Synch Success: SAftr=1146638874283, SBfr=1146638874242, D=20, M=1146638874254
Scheduled a DoS to fire after 225ms
DOS THREAD: SEND DoS PACKET At :1146638874502 73
Synch: Sending query: time=?;98
Received reply: time=;1146638874620;98
Synch Success: SAftr=1146638874648, SBfr=1146638874607, D=20, M=1146638874620
Scheduled a DoS to fire after 358ms
DOS THREAD: SEND DoS PACKET At :1146638875001 74
DOS THREAD: SEND DoS PACKET At :1146638875502 75
DOS THREAD: SEND DoS PACKET At :1146638876003 76
DOS THREAD: SEND DoS PACKET At :1146638876505 77
DOS THREAD: SEND DoS PACKET At :1146638877006 78
DOS THREAD: SEND DoS PACKET At :1146638877509 79
DOS THREAD: SEND DoS PACKET At :1146638878010 80
DOS THREAD: SEND DoS PACKET At :1146638878511 81
DOS THREAD: SEND DoS PACKET At :1146638879013 82
DOS THREAD: SEND DoS PACKET At :1146638879515 83
DOS THREAD: SEND DoS PACKET At :1146638880017 84
DOS THREAD: SEND DoS PACKET At :1146638880518 85
DOS THREAD: SEND DoS PACKET At :1146638881020 86
DOS THREAD: SEND DoS PACKET At :1146638881522 87
DOS THREAD: SEND DoS PACKET At :1146638882023 88
DOS THREAD: SEND DoS PACKET At :1146638882525 89
DOS THREAD: SEND DoS PACKET At :1146638883028 90
DOS THREAD: SEND DoS PACKET At :1146638883530 91
DOS THREAD: SEND DoS PACKET At :1146638884030 92
DOS THREAD: SEND DoS PACKET At :1146638884533 93
DOS THREAD: SEND DoS PACKET At :1146638885034 94
DOS THREAD: SEND DoS PACKET At :1146638885535 95
DOS THREAD: SEND DoS PACKET At :1146638886036 96
DOS THREAD: SEND DoS PACKET At :1146638886537 97
DOS THREAD: SEND DoS PACKET At :1146638887039 98
DOS THREAD: SEND DoS PACKET At :1146638887541 99
DOS THREAD: SEND DoS PACKET At :1146638888042 100
DOS THREAD: SEND DoS PACKET At :1146638888543 101
DOS THREAD: SEND DoS PACKET At :1146638889045 102
DOS THREAD: SEND DoS PACKET At :1146638889547 103
DOS THREAD: SEND DoS PACKET At :1146638890049 104
DOS THREAD: SEND DoS PACKET At :1146638890551 105
DOS THREAD: SEND DoS PACKET At :1146638891053 106
DOS THREAD: SEND DoS PACKET At :1146638891555 107
DOS THREAD: SEND DoS PACKET At :1146638892057 108
DOS THREAD: SEND DoS PACKET At :1146638892559 109
DOS THREAD: SEND DoS PACKET At :1146638893061 110
DOS THREAD: SEND DoS PACKET At :1146638893562 111
DOS THREAD: SEND DoS PACKET At :1146638894064 111
DOS THREAD: SEND DoS PACKET At :1146638894565 111
DOS THREAD: SEND DoS PACKET At :1146638895066 111
DOS THREAD: SEND DoS PACKET At :1146638895570 112
DOS THREAD: SEND DoS PACKET At :1146638896072 112
DOS THREAD: SEND DoS PACKET At :1146638896575 113
DOS THREAD: SEND DoS PACKET At :1146638897077 113
DOS THREAD: SEND DoS PACKET At :1146638900142 114
DOS THREAD: SEND DoS PACKET At :1146638900644 115
DOS THREAD: SEND DoS PACKET At :1146638909733 116
DOS THREAD: SEND DoS PACKET At :1146638910238 117
DOS THREAD: SEND DoS PACKET At :1146638910739 118
DOS THREAD: SEND DoS PACKET At :1146638913739 119
DOS THREAD: SEND DoS PACKET At :1146638914241 120
DOS THREAD: SEND DoS PACKET At :1146638914743 121
DOS THREAD: SEND DoS PACKET At :1146638915245 122
DOS THREAD: SEND DoS PACKET At :1146638915747 123
DOS THREAD: SEND DoS PACKET At :1146638916249 124
DOS THREAD: SEND DoS PACKET At :1146638916751 125
DOS THREAD: SEND DoS PACKET At :1146638917253 126
DOS THREAD: SEND DoS PACKET At :1146638917755 127
DOS THREAD: SEND DoS PACKET At :1146638918257 128
DOS THREAD: SEND DoS PACKET At :1146638918757 129
DOS THREAD: SEND DoS PACKET At :1146638919259 130
DOS THREAD: SEND DoS PACKET At :1146638919760 131
DOS THREAD: SEND DoS PACKET At :1146638920261 132
DOS THREAD: SEND DoS PACKET At :1146638920762 133
DOS THREAD: SEND DoS PACKET At :1146638921268 134
DOS THREAD: SEND DoS PACKET At :1146638921770 135
DOS THREAD: SEND DoS PACKET At :1146638922272 136
DOS THREAD: SEND DoS PACKET At :1146638922778 137
DOS THREAD: SEND DoS PACKET At :1146638923280 138
DOS THREAD: SEND DoS PACKET At :1146638923781 139
DOS THREAD: SEND DoS PACKET At :1146638926761 140
DOS THREAD: SEND DoS PACKET At :1146638927262 141
DOS THREAD: SEND DoS PACKET At :1146638927764 142
DOS THREAD: SEND DoS PACKET At :1146638928265 143
DOS THREAD: SEND DoS PACKET At :1146638928766 144
DOS THREAD: SEND DoS PACKET At :1146638929267 145
DOS THREAD: SEND DoS PACKET At :1146638929769 146
DOS THREAD: SEND DoS PACKET At :1146638930270 147
DOS THREAD: SEND DoS PACKET At :1146638930772 148
DOS THREAD: SEND DoS PACKET At :1146638931274 149
DOS THREAD: SEND DoS PACKET At :1146638931776 150
DOS THREAD: SEND DoS PACKET At :1146638932280 151
DOS THREAD: SEND DoS PACKET At :1146638932782 152
DOS THREAD: SEND DoS PACKET At :1146638933284 153
DOS THREAD: SEND DoS PACKET At :1146638933786 154
DOS THREAD: SEND DoS PACKET At :1146638934288 155
DOS THREAD: SEND DoS PACKET At :1146638937820 156
DOS THREAD: SEND DoS PACKET At :1146638938321 157
DOS THREAD: SEND DoS PACKET At :1146638938824 158
DOS THREAD: SEND DoS PACKET At :1146638939326 159
DOS THREAD: SEND DoS PACKET At :1146638939828 160
DOS THREAD: SEND DoS PACKET At :1146638940329 161
DOS THREAD: SEND DoS PACKET At :1146638940831 162
DOS THREAD: SEND DoS PACKET At :1146638941332 163
DOS THREAD: SEND DoS PACKET At :1146638941834 164
DOS THREAD: SEND DoS PACKET At :1146638942336 165
DOS THREAD: SEND DoS PACKET At :1146638942838 166
DOS THREAD: SEND DoS PACKET At :1146638943348 167
DOS THREAD: SEND DoS PACKET At :1146638943850 168
DOS THREAD: SEND DoS PACKET At :1146638944351 169
DOS THREAD: SEND DoS PACKET At :1146638944852 170
DOS THREAD: SEND DoS PACKET At :1146638945353 171
DOS THREAD: SEND DoS PACKET At :1146638945854 172
DOS THREAD: SEND DoS PACKET At :1146638946355 173
DOS THREAD: SEND DoS PACKET At :1146638946856 174
DOS THREAD: SEND DoS PACKET At :1146638947357 175
DOS THREAD: SEND DoS PACKET At :1146638947858 176
DOS THREAD: SEND DoS PACKET At :1146638948359 177
DOS THREAD: SEND DoS PACKET At :1146638948860 178
DOS THREAD: SEND DoS PACKET At :1146638949362 179
DOS THREAD: SEND DoS PACKET At :1146638949864 180
DOS THREAD: SEND DoS PACKET At :1146638950370 181
DOS THREAD: SEND DoS PACKET At :1146638950876 182
DOS THREAD: SEND DoS PACKET At :1146638951378 183
DOS THREAD: SEND DoS PACKET At :1146638951880 184
DOS THREAD: SEND DoS PACKET At :1146638952382 185
DOS THREAD: SEND DoS PACKET At :1146638952884 186
DOS THREAD: SEND DoS PACKET At :1146638953384 187
DOS THREAD: SEND DoS PACKET At :1146638953885 188
DOS THREAD: SEND DoS PACKET At :1146638954387 189
DOS THREAD: SEND DoS PACKET At :1146638954888 190
DOS THREAD: SEND DoS PACKET At :1146638955389 191
DOS THREAD: SEND DoS PACKET At :1146638955890 192
DOS THREAD: SEND DoS PACKET At :1146638956394 193
DOS THREAD: SEND DoS PACKET At :1146638956896 194
DOS THREAD: SEND DoS PACKET At :1146638957397 195
DOS THREAD: SEND DoS PACKET At :1146638957902 196
DOS THREAD: SEND DoS PACKET At :1146638958404 197
DOS THREAD: SEND DoS PACKET At :1146638958905 198
DOS THREAD: SEND DoS PACKET At :1146638959407 199
DOS THREAD: SEND DoS PACKET At :1146638959909 200
DOS THREAD: SEND DoS PACKET At :1146638960411 201
DOS THREAD: SEND DoS PACKET At :1146638960914 202
DOS THREAD: SEND DoS PACKET At :1146638961416 203
DOS THREAD: SEND DoS PACKET At :1146638961917 204
DOS THREAD: SEND DoS PACKET At :1146638962426 205
DOS THREAD: SEND DoS PACKET At :1146638962927 206
DOS THREAD: SEND DoS PACKET At :1146638963428 207
DOS THREAD: SEND DoS PACKET At :1146638963931 208
DOS THREAD: SEND DoS PACKET At :1146638964432 209
DOS THREAD: SEND DoS PACKET At :1146638964934 210
DOS THREAD: SEND DoS PACKET At :1146638965436 211
DOS THREAD: SEND DoS PACKET At :1146638965938 212
DOS THREAD: SEND DoS PACKET At :1146638966439 213
Received reply: time=;1146638873732;96
Synch Failure: sn and snPrime are not equal
Synch: Sending query: time=?;99
Received reply: time=;1146638966782;99
Synch Success: SAftr=1146638966810, SBfr=1146638966769, D=20, M=1146638966782
Scheduled a DoS to fire after 197ms
DOS THREAD: SEND DoS PACKET At :1146638967001 214
Synch: Sending query: time=?;100
Received reply: time=;1146638967146;100
Synch Success: SAftr=1146638967174, SBfr=1146638967133, D=20, M=1146638967146
Scheduled a DoS to fire after 332ms
Synch: Sending query: time=?;101
Received reply: time=;1146638967511;101
Synch Success: SAftr=1146638967539, SBfr=1146638967498, D=20, M=1146638967511
Scheduled a DoS to fire after 462ms
DOS THREAD: SEND DoS PACKET At :1146638967501 215
Synch: Sending query: time=?;102
Received reply: time=;1146638967882;102
Synch Success: SAftr=1146638967910, SBfr=1146638967869, D=20, M=1146638967882
Scheduled a DoS to fire after 97ms
DOS THREAD: SEND DoS PACKET At :1146638968001 216
Synch: Sending query: time=?;103
Received reply: time=;1146638968247;103
Synch Success: SAftr=1146638968276, SBfr=1146638968233, D=21, M=1146638968247
Scheduled a DoS to fire after 231ms
DOS THREAD: SEND DoS PACKET At :1146638968502 217
Synch: Sending query: time=?;104
Received reply: time=;1146638968612;104
Synch Success: SAftr=1146638968643, SBfr=1146638968599, D=22, M=1146638968612
Scheduled a DoS to fire after 363ms
Synch: Sending query: time=?;105
Received reply: time=;1146638968984;105
Synch Success: SAftr=1146638969012, SBfr=1146638968971, D=20, M=1146638968984
Scheduled a DoS to fire after 495ms
DOS THREAD: SEND DoS PACKET At :1146638969002 218
Synch: Sending query: time=?;106
Received reply: time=;1146638969347;106
Synch Success: SAftr=1146638969378, SBfr=1146638969335, D=21, M=1146638969347
Scheduled a DoS to fire after 117ms
DOS THREAD: SEND DoS PACKET At :1146638969502 219
Synch: Sending query: time=?;107
Received reply: time=;1146638969731;107
Synch Success: SAftr=1146638969759, SBfr=1146638969719, D=20, M=1146638969731
Scheduled a DoS to fire after 247ms
DOS THREAD: SEND DoS PACKET At :1146638970002 220
Synch: Sending query: time=?;108
Received reply: time=;1146638970096;108
Synch Success: SAftr=1146638970128, SBfr=1146638970084, D=22, M=1146638970096
Scheduled a DoS to fire after 378ms
Synch: Sending query: time=?;109
Received reply: time=;1146638970466;109
Synch Success: SAftr=1146638970495, SBfr=1146638970454, D=20, M=1146638970466
Scheduled a DoS to fire after 12ms
DOS THREAD: SEND DoS PACKET At :1146638970500 221
Synch: Sending query: time=?;110
Received reply: time=;1146638970831;110
Synch Success: SAftr=1146638970860, SBfr=1146638970819, D=20, M=1146638970831
Scheduled a DoS to fire after 143ms
DOS THREAD: SEND DoS PACKET At :1146638971001 222
Synch: Sending query: time=?;111
Received reply: time=;1146638971241;111
Synch Success: SAftr=1146638971270, SBfr=1146638971219, D=25, M=1146638971241
Scheduled a DoS to fire after 231ms
DOS THREAD: SEND DoS PACKET At :1146638971501 223
Synch: Sending query: time=?;112
Received reply: time=;1146638971608;112
Synch Success: SAftr=1146638971640, SBfr=1146638971596, D=22, M=1146638971608
Scheduled a DoS to fire after 369ms
Synch: Sending query: time=?;113
Received reply: time=;1146638971976;113
Synch Success: SAftr=1146638972005, SBfr=1146638971964, D=20, M=1146638971976
Scheduled a DoS to fire after 2ms
DOS THREAD: SEND DoS PACKET At :1146638972000 224
Synch: Sending query: time=?;114
Received reply: time=;1146638972341;114
Synch Success: SAftr=1146638972370, SBfr=1146638972329, D=20, M=1146638972341
Scheduled a DoS to fire after 133ms
DOS THREAD: SEND DoS PACKET At :1146638972506 225
Synch: Sending query: time=?;115
Received reply: time=;1146638972713;115
Synch Success: SAftr=1146638972743, SBfr=1146638972701, D=21, M=1146638972713
Scheduled a DoS to fire after 264ms
DOS THREAD: SEND DoS PACKET At :1146638973002 226
Synch: Sending query: time=?;116
Received reply: time=;1146638973082;116
Synch Success: SAftr=1146638973111, SBfr=1146638973070, D=20, M=1146638973082
Scheduled a DoS to fire after 391ms
Synch: Sending query: time=?;117
Received reply: time=;1146638973454;117
Synch Success: SAftr=1146638973484, SBfr=1146638973441, D=21, M=1146638973454
Scheduled a DoS to fire after 18ms
DOS THREAD: SEND DoS PACKET At :1146638973501 227
Synch: Sending query: time=?;118
Received reply: time=;1146638973826;118
Synch Success: SAftr=1146638973881, SBfr=1146638973814, D=33, M=1146638973826
Scheduled a DoS to fire after 135ms
DOS THREAD: SEND DoS PACKET At :1146638974001 228
Synch: Sending query: time=?;119
Received reply: time=;1146638974222;119
Synch Success: SAftr=1146638974250, SBfr=1146638974210, D=20, M=1146638974222
Scheduled a DoS to fire after 248ms
DOS THREAD: SEND DoS PACKET At :1146638974502 229
Synch: Sending query: time=?;120
Received reply: time=;1146638974595;120
Synch Success: SAftr=1146638974623, SBfr=1146638974583, D=20, M=1146638974595
Scheduled a DoS to fire after 383ms
Synch: Sending query: time=?;121
Received reply: time=;1146638974971;121
Synch Success: SAftr=1146638974999, SBfr=1146638974959, D=20, M=1146638974971
Scheduled a DoS to fire after 7ms
DOS THREAD: SEND DoS PACKET At :1146638975000 230
Synch: Sending query: time=?;122
Received reply: time=;1146638975343;122
Synch Success: SAftr=1146638975382, SBfr=1146638975330, D=26, M=1146638975343
Scheduled a DoS to fire after 130ms
DOS THREAD: SEND DoS PACKET At :1146638975502 231
Synch: Sending query: time=?;123
Received reply: time=;1146638975718;123
Synch Success: SAftr=1146638975746, SBfr=1146638975705, D=20, M=1146638975718
Scheduled a DoS to fire after 251ms
DOS THREAD: SEND DoS PACKET At :1146638976002 232
Synch: Sending query: time=?;124
Received reply: time=;1146638976092;124
Synch Success: SAftr=1146638976126, SBfr=1146638976079, D=23, M=1146638976092
Scheduled a DoS to fire after 382ms
Synch: Sending query: time=?;125
Received reply: time=;1146638976463;125
Synch Success: SAftr=1146638976495, SBfr=1146638976451, D=22, M=1146638976463
Scheduled a DoS to fire after 13ms
DOS THREAD: SEND DoS PACKET At :1146638976501 233
Synch: Sending query: time=?;126
Received reply: time=;1146638976832;126
Synch Success: SAftr=1146638976860, SBfr=1146638976819, D=20, M=1146638976832
Scheduled a DoS to fire after 146ms
DOS THREAD: SEND DoS PACKET At :1146638977002 234
Synch: Sending query: time=?;127
Received reply: time=;1146638977196;127
Synch Success: SAftr=1146638977225, SBfr=1146638977183, D=21, M=1146638977196
Scheduled a DoS to fire after 282ms
Synch: Sending query: time=?;128
DOS THREAD: SEND DoS PACKET At :1146638977502 235
Received reply: time=;1146638977561;128
Synch Success: SAftr=1146638977589, SBfr=1146638977548, D=20, M=1146638977561
Scheduled a DoS to fire after 417ms
Synch: Sending query: time=?;129
Received reply: time=;1146638977927;129
Synch Success: SAftr=1146638977956, SBfr=1146638977915, D=20, M=1146638977927
Scheduled a DoS to fire after 44ms
DOS THREAD: SEND DoS PACKET At :1146638978002 236
Synch: Sending query: time=?;130
Received reply: time=;1146638978301;130
Synch Success: SAftr=1146638978329, SBfr=1146638978288, D=20, M=1146638978301
Scheduled a DoS to fire after 165ms
DOS THREAD: SEND DoS PACKET At :1146638978502 237
Synch: Sending query: time=?;131
Received reply: time=;1146638978679;131
Synch Success: SAftr=1146638978707, SBfr=1146638978665, D=21, M=1146638978679
Scheduled a DoS to fire after 293ms
Synch: Sending query: time=?;132
DOS THREAD: SEND DoS PACKET At :1146638979019 238
Received reply: time=;1146638979060;132
Synch Success: SAftr=1146638979094, SBfr=1146638979048, D=23, M=1146638979060
Scheduled a DoS to fire after 409ms
Synch: Sending query: time=?;133
Received reply: time=;1146638979436;133
Synch Success: SAftr=1146638979465, SBfr=1146638979424, D=20, M=1146638979436
Scheduled a DoS to fire after 37ms
DOS THREAD: SEND DoS PACKET At :1146638979501 239
Synch: Sending query: time=?;134
Received reply: time=;1146638979808;134
Synch Success: SAftr=1146638979836, SBfr=1146638979795, D=20, M=1146638979808
Scheduled a DoS to fire after 154ms
DOS THREAD: SEND DoS PACKET At :1146638980002 240
Synch: Sending query: time=?;135
Received reply: time=;1146638980189;135
Synch Success: SAftr=1146638980219, SBfr=1146638980176, D=21, M=1146638980189
Scheduled a DoS to fire after 283ms
Synch: Sending query: time=?;136
DOS THREAD: SEND DoS PACKET At :1146638980502 241
Received reply: time=;1146638980560;136
Synch Success: SAftr=1146638980595, SBfr=1146638980548, D=23, M=1146638980560
Scheduled a DoS to fire after 411ms
Synch: Sending query: time=?;137
Received reply: time=;1146638980936;137
Synch Success: SAftr=1146638980965, SBfr=1146638980924, D=20, M=1146638980936
Scheduled a DoS to fire after 43ms
DOS THREAD: SEND DoS PACKET At :1146638981026 242
Synch: Sending query: time=?;138
Received reply: time=;1146638981300;138
Synch Success: SAftr=1146638981329, SBfr=1146638981288, D=20, M=1146638981300
Scheduled a DoS to fire after 179ms
DOS THREAD: SEND DoS PACKET At :1146638981502 243
Synch: Sending query: time=?;139
Received reply: time=;1146638981664;139
Synch Success: SAftr=1146638981692, SBfr=1146638981652, D=20, M=1146638981664
Scheduled a DoS to fire after 314ms
Synch: Sending query: time=?;140
Received reply: time=;1146638982030;140
Synch Success: SAftr=1146638982058, SBfr=1146638982017, D=20, M=1146638982030
Scheduled a DoS to fire after 448ms
DOS THREAD: SEND DoS PACKET At :1146638982003 244
Synch: Sending query: time=?;141
Received reply: time=;1146638982395;141
Synch Success: SAftr=1146638982424, SBfr=1146638982383, D=20, M=1146638982395
Scheduled a DoS to fire after 84ms
DOS THREAD: SEND DoS PACKET At :1146638982502 245
Synch: Sending query: time=?;142
Received reply: time=;1146638982760;142
Synch Success: SAftr=1146638982788, SBfr=1146638982747, D=20, M=1146638982760
Scheduled a DoS to fire after 219ms
DOS THREAD: SEND DoS PACKET At :1146638983001 246
Synch: Sending query: time=?;143
Received reply: time=;1146638983124;143
Synch Success: SAftr=1146638983152, SBfr=1146638983111, D=20, M=1146638983124
Scheduled a DoS to fire after 354ms
Synch: Sending query: time=?;144
Received reply: time=;1146638983489;144
Synch Success: SAftr=1146638983517, SBfr=1146638983477, D=20, M=1146638983489
Scheduled a DoS to fire after 488ms
DOS THREAD: SEND DoS PACKET At :1146638983502 247
Synch: Sending query: time=?;145
Received reply: time=;1146638983853;145
Synch Success: SAftr=1146638983886, SBfr=1146638983841, D=22, M=1146638983853
Scheduled a DoS to fire after 60ms
DOS THREAD: SEND DoS PACKET At :1146638984002 248
Synch: Sending query: time=?;146
Received reply: time=;1146638984286;146
Synch Success: SAftr=1146638984314, SBfr=1146638984273, D=20, M=1146638984286
Scheduled a DoS to fire after 187ms
DOS THREAD: SEND DoS PACKET At :1146638984502 249
Synch: Sending query: time=?;147
Received reply: time=;1146638984654;147
Synch Success: SAftr=1146638984683, SBfr=1146638984642, D=20, M=1146638984654
Scheduled a DoS to fire after 324ms
Synch: Sending query: time=?;148
Received reply: time=;1146638985020;148
Synch Success: SAftr=1146638985053, SBfr=1146638985008, D=22, M=1146638985020
Scheduled a DoS to fire after 456ms
DOS THREAD: SEND DoS PACKET At :1146638985002 250
Synch: Sending query: time=?;149
Received reply: time=;1146638985389;149
Synch Success: SAftr=1146638985417, SBfr=1146638985377, D=20, M=1146638985389
Scheduled a DoS to fire after 89ms
DOS THREAD: SEND DoS PACKET At :1146638985502 251
Synch: Sending query: time=?;150
Received reply: time=;1146638985757;150
Synch Success: SAftr=1146638985785, SBfr=1146638985744, D=20, M=1146638985757
Scheduled a DoS to fire after 221ms
DOS THREAD: SEND DoS PACKET At :1146638986002 252
Synch: Sending query: time=?;151
Received reply: time=;1146638986121;151
Synch Success: SAftr=1146638986150, SBfr=1146638986109, D=20, M=1146638986121
Scheduled a DoS to fire after 357ms
Synch: Sending query: time=?;152
Received reply: time=;1146638986492;152
Synch Success: SAftr=1146638986520, SBfr=1146638986480, D=20, M=1146638986492
Scheduled a DoS to fire after 487ms
DOS THREAD: SEND DoS PACKET At :1146638986502 253
Synch: Sending query: time=?;153
Received reply: time=;1146638986855;153
Synch Success: SAftr=1146638986884, SBfr=1146638986842, D=21, M=1146638986855
Scheduled a DoS to fire after 123ms
DOS THREAD: SEND DoS PACKET At :1146638987004 254
Synch: Sending query: time=?;154
Received reply: time=;1146638987219;154
Synch Success: SAftr=1146638987250, SBfr=1146638987207, D=21, M=1146638987219
Scheduled a DoS to fire after 256ms
DOS THREAD: SEND DoS PACKET At :1146638987501 255
Synch: Sending query: time=?;155
Received reply: time=;1146638987588;155
Synch Success: SAftr=1146638987616, SBfr=1146638987576, D=20, M=1146638987588
Scheduled a DoS to fire after 390ms
Synch: Sending query: time=?;156
Received reply: time=;1146638987952;156
Synch Success: SAftr=1146638987984, SBfr=1146638987940, D=22, M=1146638987952
Scheduled a DoS to fire after 19ms
DOS THREAD: SEND DoS PACKET At :1146638988000 256
Synch: Sending query: time=?;157
Received reply: time=;1146638988325;157
Synch Success: SAftr=1146638988353, SBfr=1146638988313, D=20, M=1146638988325
Scheduled a DoS to fire after 153ms
DOS THREAD: SEND DoS PACKET At :1146638988501 257
Synch: Sending query: time=?;158
Received reply: time=;1146638988690;158
Synch Success: SAftr=1146638988719, SBfr=1146638988678, D=20, M=1146638988690
Scheduled a DoS to fire after 267ms
DOS THREAD: SEND DoS PACKET At :1146638989001 258
Synch: Sending query: time=?;159
Received reply: time=;1146638989078;159
Synch Success: SAftr=1146638989106, SBfr=1146638989066, D=20, M=1146638989078
Scheduled a DoS to fire after 331ms
Synch: Sending query: time=?;160
Received reply: time=;1146638989511;160
Synch Success: SAftr=1146638989540, SBfr=1146638989499, D=20, M=1146638989511
Scheduled a DoS to fire after 468ms
DOS THREAD: SEND DoS PACKET At :1146638989501 259
Synch: Sending query: time=?;161
Received reply: time=;1146638989877;161
Synch Success: SAftr=1146638989905, SBfr=1146638989865, D=20, M=1146638989877
Scheduled a DoS to fire after 101ms
DOS THREAD: SEND DoS PACKET At :1146638990001 260
Synch: Sending query: time=?;162
Received reply: time=;1146638990241;162
Synch Success: SAftr=1146638990269, SBfr=1146638990229, D=20, M=1146638990241
Scheduled a DoS to fire after 238ms
DOS THREAD: SEND DoS PACKET At :1146638990501 261
Synch: Sending query: time=?;163
Received reply: time=;1146638990608;163
Synch Success: SAftr=1146638990637, SBfr=1146638990596, D=20, M=1146638990608
Scheduled a DoS to fire after 371ms
Synch: Sending query: time=?;164
Received reply: time=;1146638990973;164
Synch Success: SAftr=1146638991001, SBfr=1146638990961, D=20, M=1146638990973
Scheduled a DoS to fire after 5ms
DOS THREAD: SEND DoS PACKET At :1146638991000 262
Synch: Sending query: time=?;165
Received reply: time=;1146638991337;165
Synch Success: SAftr=1146638991365, SBfr=1146638991325, D=20, M=1146638991337
Scheduled a DoS to fire after 142ms
DOS THREAD: SEND DoS PACKET At :1146638991501 263
Synch: Sending query: time=?;166
Received reply: time=;1146638991701;166
Synch Success: SAftr=1146638991729, SBfr=1146638991689, D=20, M=1146638991701
Scheduled a DoS to fire after 277ms
DOS THREAD: SEND DoS PACKET At :1146638992002 264
Synch: Sending query: time=?;167
Received reply: time=;1146638992106;167
Synch Success: SAftr=1146638992134, SBfr=1146638992091, D=21, M=1146638992106
Scheduled a DoS to fire after 371ms
Synch: Sending query: time=?;168
Received reply: time=;1146638992472;168
DOS THREAD: SEND DoS PACKET At :1146638992503 265
Synch Success: SAftr=1146638992502, SBfr=1146638992459, D=21, M=1146638992472
Scheduled a DoS to fire after 426ms
Synch: Sending query: time=?;169
Received reply: time=;1146638992917;169
Synch Success: SAftr=1146638992945, SBfr=1146638992904, D=20, M=1146638992917
Scheduled a DoS to fire after 60ms
DOS THREAD: SEND DoS PACKET At :1146638993002 266
Synch: Sending query: time=?;170
Received reply: time=;1146638993282;170
Synch Success: SAftr=1146638993310, SBfr=1146638993270, D=20, M=1146638993282
Scheduled a DoS to fire after 196ms
DOS THREAD: SEND DoS PACKET At :1146638993502 267
Synch: Sending query: time=?;171
Received reply: time=;1146638993646;171
Synch Success: SAftr=1146638993674, SBfr=1146638993633, D=20, M=1146638993646
Scheduled a DoS to fire after 326ms
Synch: Sending query: time=?;172
Received reply: time=;1146638994016;172
Synch Success: SAftr=1146638994045, SBfr=1146638994004, D=20, M=1146638994016
Scheduled a DoS to fire after 463ms
DOS THREAD: SEND DoS PACKET At :1146638994002 268
Synch: Sending query: time=?;173
Received reply: time=;1146638994380;173
Synch Success: SAftr=1146638994409, SBfr=1146638994368, D=20, M=1146638994380
Scheduled a DoS to fire after 99ms
DOS THREAD: SEND DoS PACKET At :1146638994502 269
Synch: Sending query: time=?;174
Received reply: time=;1146638994744;174
Synch Success: SAftr=1146638994773, SBfr=1146638994732, D=20, M=1146638994744
Scheduled a DoS to fire after 230ms
Synch: Sending query: time=?;175
Received reply: time=;1146638995114;175
Synch Success: SAftr=1146638995149, SBfr=1146638995101, D=24, M=1146638995114
Scheduled a DoS to fire after 356ms
Synch: Sending query: time=?;176
DOS THREAD: SEND DoS PACKET At :1146638995002 270
Received reply: time=;1146638995490;176
Synch Success: SAftr=1146638995519, SBfr=1146638995478, D=20, M=1146638995490
Scheduled a DoS to fire after 489ms
DOS THREAD: SEND DoS PACKET At :1146638995502 271
Synch: Sending query: time=?;177
Received reply: time=;1146638995854;177
Synch Success: SAftr=1146638995883, SBfr=1146638995842, D=20, M=1146638995854
Scheduled a DoS to fire after 125ms
DOS THREAD: SEND DoS PACKET At :1146638996003 272
Synch: Sending query: time=?;178
Received reply: time=;1146638996219;178
Synch Success: SAftr=1146638996247, SBfr=1146638996206, D=20, M=1146638996219
Scheduled a DoS to fire after 259ms
DOS THREAD: SEND DoS PACKET At :1146638996502 273
Synch: Sending query: time=?;179
Received reply: time=;1146638996602;179
Synch Success: SAftr=1146638996631, SBfr=1146638996571, D=30, M=1146638996602
Scheduled a DoS to fire after 365ms
Synch: Sending query: time=?;180
Received reply: time=;1146638996970;180
Synch Success: SAftr=1146638996998, SBfr=1146638996958, D=20, M=1146638996970
Scheduled a DoS to fire after 458ms
DOS THREAD: SEND DoS PACKET At :1146638997001 274
Synch: Sending query: time=?;181
Received reply: time=;1146638997386;181
Synch Success: SAftr=1146638997418, SBfr=1146638997373, D=22, M=1146638997386
Scheduled a DoS to fire after 88ms
DOS THREAD: SEND DoS PACKET At :1146638997501 275
Synch: Sending query: time=?;182
Received reply: time=;1146638997757;182
Synch Success: SAftr=1146638997786, SBfr=1146638997745, D=20, M=1146638997757
Scheduled a DoS to fire after 218ms
DOS THREAD: SEND DoS PACKET At :1146638998001 276
Synch: Sending query: time=?;183
Received reply: time=;1146638998131;183
Synch Success: SAftr=1146638998160, SBfr=1146638998119, D=20, M=1146638998131
Scheduled a DoS to fire after 348ms
Synch: Sending query: time=?;184
Received reply: time=;1146638998495;184
Synch Success: SAftr=1146638998535, SBfr=1146638998483, D=26, M=1146638998495
Scheduled a DoS to fire after 476ms
DOS THREAD: SEND DoS PACKET At :1146638998501 277
Synch: Sending query: time=?;185
Received reply: time=;1146638998873;185
Synch Success: SAftr=1146638998902, SBfr=1146638998861, D=20, M=1146638998873
Scheduled a DoS to fire after 106ms
DOS THREAD: SEND DoS PACKET At :1146638999002 278
Synch: Sending query: time=?;186
Received reply: time=;1146638999237;186
Synch Success: SAftr=1146638999270, SBfr=1146638999225, D=22, M=1146638999237
Scheduled a DoS to fire after 239ms
DOS THREAD: SEND DoS PACKET At :1146638999502 279
Synch: Sending query: time=?;187
Received reply: time=;1146638999614;187
Synch Success: SAftr=1146638999643, SBfr=1146638999602, D=20, M=1146638999614
Scheduled a DoS to fire after 364ms
Synch: Sending query: time=?;188
Received reply: time=;1146638999979;188
Synch Success: SAftr=1146639000007, SBfr=1146638999966, D=20, M=1146638999979
Scheduled a DoS to fire after 494ms
DOS THREAD: SEND DoS PACKET At :1146639000003 280
Synch: Sending query: time=?;189
Received reply: time=;1146639000349;189
Synch Success: SAftr=1146639000378, SBfr=1146639000336, D=21, M=1146639000349
Scheduled a DoS to fire after 122ms
DOS THREAD: SEND DoS PACKET At :1146639000502 281
Synch: Sending query: time=?;190
Received reply: time=;1146639000721;190
Synch Success: SAftr=1146639000749, SBfr=1146639000708, D=20, M=1146639000721
Scheduled a DoS to fire after 258ms
DOS THREAD: SEND DoS PACKET At :1146639001001 282
Synch: Sending query: time=?;191
Received reply: time=;1146639001085;191
Synch Success: SAftr=1146639001113, SBfr=1146639001073, D=20, M=1146639001085
Scheduled a DoS to fire after 393ms
Synch: Sending query: time=?;192
Received reply: time=;1146639001455;192
Synch Success: SAftr=1146639001484, SBfr=1146639001443, D=20, M=1146639001455
Scheduled a DoS to fire after 22ms
DOS THREAD: SEND DoS PACKET At :1146639001502 283
Synch: Sending query: time=?;193
Received reply: time=;1146639001821;193
Synch Success: SAftr=1146639001853, SBfr=1146639001809, D=22, M=1146639001821
Scheduled a DoS to fire after 152ms
DOS THREAD: SEND DoS PACKET At :1146639002003 284
Synch: Sending query: time=?;194
Received reply: time=;1146639002193;194
Synch Success: SAftr=1146639002222, SBfr=1146639002181, D=20, M=1146639002193
Scheduled a DoS to fire after 286ms
Synch: Sending query: time=?;195
DOS THREAD: SEND DoS PACKET At :1146639002502 285
Received reply: time=;1146639002557;195
Synch Success: SAftr=1146639002586, SBfr=1146639002545, D=20, M=1146639002557
Scheduled a DoS to fire after 421ms
Synch: Sending query: time=?;196
Received reply: time=;1146639002923;196
Synch Success: SAftr=1146639002953, SBfr=1146639002910, D=21, M=1146639002923
Scheduled a DoS to fire after 54ms
DOS THREAD: SEND DoS PACKET At :1146639003002 285
Synch: Sending query: time=?;197
Received reply: time=;1146639003289;197
Synch Success: SAftr=1146639003318, SBfr=1146639003277, D=20, M=1146639003289
Scheduled a DoS to fire after 189ms
DOS THREAD: SEND DoS PACKET At :1146639003502 286
Synch: Sending query: time=?;198
Received reply: time=;1146639003654;198
Synch Success: SAftr=1146639003683, SBfr=1146639003642, D=20, M=1146639003654
Scheduled a DoS to fire after 313ms
Synch: Sending query: time=?;199
Received reply: time=;1146639004034;199
DOS THREAD: SEND DoS PACKET At :1146639004004 287
Synch Success: SAftr=1146639004064, SBfr=1146639004022, D=21, M=1146639004034
Scheduled a DoS to fire after 443ms
Synch: Sending query: time=?;200
Received reply: time=;1146639004405;200
Synch Success: SAftr=1146639004436, SBfr=1146639004393, D=21, M=1146639004405
Scheduled a DoS to fire after 73ms
DOS THREAD: SEND DoS PACKET At :1146639004510 288
Synch: Sending query: time=?;201
Received reply: time=;1146639004773;201
Synch Success: SAftr=1146639004801, SBfr=1146639004760, D=20, M=1146639004773
Scheduled a DoS to fire after 205ms
DOS THREAD: SEND DoS PACKET At :1146639005001 289
Synch: Sending query: time=?;202
Received reply: time=;1146639005138;202
Synch Success: SAftr=1146639005166, SBfr=1146639005126, D=20, M=1146639005138
Scheduled a DoS to fire after 339ms
Synch: Sending query: time=?;203
Received reply: time=;1146639005505;203
Synch Success: SAftr=1146639005533, SBfr=1146639005493, D=20, M=1146639005505
Scheduled a DoS to fire after 474ms
DOS THREAD: SEND DoS PACKET At :1146639005501 290
Synch: Sending query: time=?;204
Received reply: time=;1146639005876;204
Synch Success: SAftr=1146639005905, SBfr=1146639005864, D=20, M=1146639005876
Scheduled a DoS to fire after 103ms
DOS THREAD: SEND DoS PACKET At :1146639006001 291
Synch: Sending query: time=?;205
Received reply: time=;1146639006242;205
Synch Success: SAftr=1146639006270, SBfr=1146639006230, D=20, M=1146639006242
Scheduled a DoS to fire after 236ms
DOS THREAD: SEND DoS PACKET At :1146639006502 292
Synch: Sending query: time=?;206
Received reply: time=;1146639006617;206
Synch Success: SAftr=1146639006651, SBfr=1146639006605, D=23, M=1146639006617
Scheduled a DoS to fire after 355ms
Synch: Sending query: time=?;207
Received reply: time=;1146639006991;207
Synch Success: SAftr=1146639007020, SBfr=1146639006979, D=20, M=1146639006991
Scheduled a DoS to fire after 488ms
DOS THREAD: SEND DoS PACKET At :1146639007001 293
Synch: Sending query: time=?;208
Received reply: time=;1146639007368;208
Synch Success: SAftr=1146639007397, SBfr=1146639007356, D=20, M=1146639007368
Scheduled a DoS to fire after 111ms
DOS THREAD: SEND DoS PACKET At :1146639007505 294
Synch: Sending query: time=?;209
Received reply: time=;1146639007736;209
Synch Success: SAftr=1146639007770, SBfr=1146639007724, D=23, M=1146639007736
Scheduled a DoS to fire after 239ms
DOS THREAD: SEND DoS PACKET At :1146639008002 295
Synch: Sending query: time=?;210
Received reply: time=;1146639008106;210
Synch Success: SAftr=1146639008135, SBfr=1146639008094, D=20, M=1146639008106
Scheduled a DoS to fire after 373ms
Synch: Sending query: time=?;211
Received reply: time=;1146639008472;211
Synch Success: SAftr=1146639008500, SBfr=1146639008459, D=20, M=1146639008472
Scheduled a DoS to fire after 6ms
DOS THREAD: SEND DoS PACKET At :1146639008500 296
Synch: Sending query: time=?;212
Received reply: time=;1146639008836;212
Synch Success: SAftr=1146639008865, SBfr=1146639008824, D=20, M=1146639008836
Scheduled a DoS to fire after 143ms
DOS THREAD: SEND DoS PACKET At :1146639009002 297
Synch: Sending query: time=?;213
Received reply: time=;1146639009201;213
Synch Success: SAftr=1146639009229, SBfr=1146639009188, D=20, M=1146639009201
Scheduled a DoS to fire after 278ms
Synch: Sending query: time=?;214
DOS THREAD: SEND DoS PACKET At :1146639009501 298
Received reply: time=;1146639009565;214
Synch Success: SAftr=1146639009593, SBfr=1146639009552, D=20, M=1146639009565
Scheduled a DoS to fire after 413ms
Synch: Sending query: time=?;215
Received reply: time=;1146639009930;215
Synch Success: SAftr=1146639009959, SBfr=1146639009917, D=21, M=1146639009930
Scheduled a DoS to fire after 48ms
DOS THREAD: SEND DoS PACKET At :1146639010002 299
Synch: Sending query: time=?;216
Received reply: time=;1146639010295;216
Synch Success: SAftr=1146639010332, SBfr=1146639010282, D=25, M=1146639010295
Scheduled a DoS to fire after 173ms
Synch: Sending query: time=?;217
Received reply: time=;1146639010674;217
Synch Success: SAftr=1146639010703, SBfr=1146639010662, D=20, M=1146639010674
Scheduled a DoS to fire after 301ms
Synch: Sending query: time=?;218
DOS THREAD: SEND DoS PACKET At :1146639011002 300
Received reply: time=;1146639011043;218
Synch Success: SAftr=1146639011071, SBfr=1146639011030, D=20, M=1146639011043
Scheduled a DoS to fire after 424ms
Synch: Sending query: time=?;219
Received reply: time=;1146639011419;219
Synch Success: SAftr=1146639011448, SBfr=1146639011407, D=20, M=1146639011419
Scheduled a DoS to fire after 60ms
DOS THREAD: SEND DoS PACKET At :1146639011506 301
Synch: Sending query: time=?;220
Received reply: time=;1146639011783;220
Synch Success: SAftr=1146639011812, SBfr=1146639011771, D=20, M=1146639011783
Scheduled a DoS to fire after 195ms
DOS THREAD: SEND DoS PACKET At :1146639012002 302
Synch: Sending query: time=?;221
Received reply: time=;1146639012152;221
Synch Success: SAftr=1146639012181, SBfr=1146639012140, D=20, M=1146639012152
Scheduled a DoS to fire after 327ms
Synch: Sending query: time=?;222
Received reply: time=;1146639012516;222
Synch Success: SAftr=1146639012547, SBfr=1146639012504, D=21, M=1146639012516
DOS THREAD: SEND DoS PACKET At :1146639012502 303
Scheduled a DoS to fire after 460ms
Synch: Sending query: time=?;223
Received reply: time=;1146639012884;223
Synch Success: SAftr=1146639012913, SBfr=1146639012872, D=20, M=1146639012884
Scheduled a DoS to fire after 95ms
DOS THREAD: SEND DoS PACKET At :1146639013012 304
Synch: Sending query: time=?;224
Received reply: time=;1146639013252;224
Synch Success: SAftr=1146639013280, SBfr=1146639013239, D=20, M=1146639013252
Scheduled a DoS to fire after 226ms
DOS THREAD: SEND DoS PACKET At :1146639013502 305
DOS THREAD: SEND DoS PACKET At :1146639010501 306
Synch: Sending query: time=?;225
Received reply: time=;1146639013617;225
Synch Success: SAftr=1146639013646, SBfr=1146639013605, D=20, M=1146639013617
Scheduled a DoS to fire after 361ms
Synch: Sending query: time=?;226
Received reply: time=;1146639013983;226
Synch Success: SAftr=1146639014012, SBfr=1146639013971, D=20, M=1146639013983
Scheduled a DoS to fire after 496ms
DOS THREAD: SEND DoS PACKET At :1146639014001 307
Synch: Sending query: time=?;227
Received reply: time=;1146639014350;227
Synch Success: SAftr=1146639014379, SBfr=1146639014338, D=20, M=1146639014350
Scheduled a DoS to fire after 78ms
DOS THREAD: SEND DoS PACKET At :1146639014502 308
Synch: Sending query: time=?;228
Received reply: time=;1146639014765;228
Synch Success: SAftr=1146639014794, SBfr=1146639014753, D=20, M=1146639014765
Scheduled a DoS to fire after 214ms
DOS THREAD: SEND DoS PACKET At :1146639015004 309
Synch: Sending query: time=?;229
Received reply: time=;1146639015131;229
Synch Success: SAftr=1146639015160, SBfr=1146639015117, D=21, M=1146639015131
Scheduled a DoS to fire after 345ms
Synch: Sending query: time=?;230
Received reply: time=;1146639015499;230
Synch Success: SAftr=1146639015527, SBfr=1146639015486, D=20, M=1146639015499
Scheduled a DoS to fire after 480ms
DOS THREAD: SEND DoS PACKET At :1146639015503 310
Synch: Sending query: time=?;231
Received reply: time=;1146639015868;231
Synch Success: SAftr=1146639015897, SBfr=1146639015856, D=20, M=1146639015868
Scheduled a DoS to fire after 110ms
DOS THREAD: SEND DoS PACKET At :1146639016002 311
Synch: Sending query: time=?;232
Received reply: time=;1146639016234;232
Synch Success: SAftr=1146639016263, SBfr=1146639016222, D=20, M=1146639016234
Scheduled a DoS to fire after 240ms
DOS THREAD: SEND DoS PACKET At :1146639016502 312
Synch: Sending query: time=?;233
Received reply: time=;1146639016604;233
Synch Success: SAftr=1146639016633, SBfr=1146639016592, D=20, M=1146639016604
Scheduled a DoS to fire after 375ms
Synch: Sending query: time=?;234
Received reply: time=;1146639016969;234
Synch Success: SAftr=1146639016997, SBfr=1146639016956, D=20, M=1146639016969
Scheduled a DoS to fire after 10ms
DOS THREAD: SEND DoS PACKET At :1146639017001 313
Synch: Sending query: time=?;235
Received reply: time=;1146639017333;235
Synch Success: SAftr=1146639017361, SBfr=1146639017320, D=20, M=1146639017333
Scheduled a DoS to fire after 140ms
DOS THREAD: SEND DoS PACKET At :1146639017502 314
Synch: Sending query: time=?;236
Received reply: time=;1146639017702;236
Synch Success: SAftr=1146639017731, SBfr=1146639017689, D=21, M=1146639017702
Scheduled a DoS to fire after 275ms
Synch: Sending query: time=?;237
DOS THREAD: SEND DoS PACKET At :1146639018002 315
Received reply: time=;1146639018069;237
Synch Success: SAftr=1146639018099, SBfr=1146639018057, D=21, M=1146639018069
Scheduled a DoS to fire after 406ms
Synch: Sending query: time=?;238
Received reply: time=;1146639018438;238
Synch Success: SAftr=1146639018466, SBfr=1146639018426, D=20, M=1146639018438
Scheduled a DoS to fire after 40ms
DOS THREAD: SEND DoS PACKET At :1146639018502 316
Synch: Sending query: time=?;239
Received reply: time=;1146639018804;239
Synch Success: SAftr=1146639018832, SBfr=1146639018790, D=21, M=1146639018804
Scheduled a DoS to fire after 174ms
DOS THREAD: SEND DoS PACKET At :1146639019001 317
Synch: Sending query: time=?;240
Received reply: time=;1146639019168;240
Synch Success: SAftr=1146639019196, SBfr=1146639019155, D=20, M=1146639019168
Scheduled a DoS to fire after 311ms
Synch: Sending query: time=?;241
DOS THREAD: SEND DoS PACKET At :1146639019502 318
Received reply: time=;1146639019531;241
Synch Success: SAftr=1146639019560, SBfr=1146639019519, D=20, M=1146639019531
Scheduled a DoS to fire after 444ms
Synch: Sending query: time=?;242
Received reply: time=;1146639019899;242
Synch Success: SAftr=1146639019929, SBfr=1146639019887, D=21, M=1146639019899
Scheduled a DoS to fire after 79ms
DOS THREAD: SEND DoS PACKET At :1146639020002 319
Synch: Sending query: time=?;243
Received reply: time=;1146639020265;243
Synch Success: SAftr=1146639020293, SBfr=1146639020252, D=20, M=1146639020265
Scheduled a DoS to fire after 211ms
DOS THREAD: SEND DoS PACKET At :1146639020502 320
Synch: Sending query: time=?;244
Received reply: time=;1146639020632;244
Synch Success: SAftr=1146639020660, SBfr=1146639020620, D=20, M=1146639020632
Scheduled a DoS to fire after 346ms
Synch: Sending query: time=?;245
Received reply: time=;1146639020996;245
Synch Success: SAftr=1146639021025, SBfr=1146639020984, D=20, M=1146639020996
Scheduled a DoS to fire after 483ms
DOS THREAD: SEND DoS PACKET At :1146639021002 321
Synch: Sending query: time=?;246
Received reply: time=;1146639021363;246
Synch Success: SAftr=1146639021391, SBfr=1146639021348, D=21, M=1146639021363
Scheduled a DoS to fire after 115ms
DOS THREAD: SEND DoS PACKET At :1146639021502 322
Synch: Sending query: time=?;247
Received reply: time=;1146639021728;247
Synch Success: SAftr=1146639021757, SBfr=1146639021715, D=21, M=1146639021728
Scheduled a DoS to fire after 250ms
DOS THREAD: SEND DoS PACKET At :1146639022002 323
Synch: Sending query: time=?;248
Received reply: time=;1146639022094;248
Synch Success: SAftr=1146639022126, SBfr=1146639022081, D=22, M=1146639022094
Scheduled a DoS to fire after 362ms
Synch: Sending query: time=?;249
Received reply: time=;1146639022486;249
Synch Success: SAftr=1146639022515, SBfr=1146639022474, D=20, M=1146639022486
Scheduled a DoS to fire after 492ms
DOS THREAD: SEND DoS PACKET At :1146639022503 324
Synch: Sending query: time=?;250
Received reply: time=;1146639022852;250
Synch Success: SAftr=1146639022882, SBfr=1146639022840, D=21, M=1146639022852
Scheduled a DoS to fire after 121ms
DOS THREAD: SEND DoS PACKET At :1146639023004 325
Synch: Sending query: time=?;251
Received reply: time=;1146639023226;251
Synch Success: SAftr=1146639023255, SBfr=1146639023214, D=20, M=1146639023226
Scheduled a DoS to fire after 252ms
DOS THREAD: SEND DoS PACKET At :1146639023501 325
Synch: Sending query: time=?;252
Received reply: time=;1146639023591;252
Synch Success: SAftr=1146639023619, SBfr=1146639023579, D=20, M=1146639023591
Scheduled a DoS to fire after 386ms
Synch: Sending query: time=?;253
Received reply: time=;1146639023957;253
Synch Success: SAftr=1146639023986, SBfr=1146639023945, D=20, M=1146639023957
Scheduled a DoS to fire after 18ms
DOS THREAD: SEND DoS PACKET At :1146639024000 326
Synch: Sending query: time=?;254
Received reply: time=;1146639024325;254
Synch Success: SAftr=1146639024354, SBfr=1146639024313, D=20, M=1146639024325
Scheduled a DoS to fire after 153ms
DOS THREAD: SEND DoS PACKET At :1146639024506 327
Synch: Sending query: time=?;255
Received reply: time=;1146639024691;255
Synch Success: SAftr=1146639024719, SBfr=1146639024678, D=20, M=1146639024691
Scheduled a DoS to fire after 287ms
Synch: Sending query: time=?;256
DOS THREAD: SEND DoS PACKET At :1146639025002 328
Received reply: time=;1146639025055;256
Synch Success: SAftr=1146639025083, SBfr=1146639025043, D=20, M=1146639025055
Scheduled a DoS to fire after 424ms
Synch: Sending query: time=?;257
Received reply: time=;1146639025420;257
Synch Success: SAftr=1146639025448, SBfr=1146639025408, D=20, M=1146639025420
Scheduled a DoS to fire after 57ms
DOS THREAD: SEND DoS PACKET At :1146639025501 329
Synch: Sending query: time=?;258
Received reply: time=;1146639025786;258
Synch Success: SAftr=1146639025814, SBfr=1146639025773, D=20, M=1146639025786
Scheduled a DoS to fire after 178ms
DOS THREAD: SEND DoS PACKET At :1146639026001 330
Synch: Sending query: time=?;259
Received reply: time=;1146639026167;259
Synch Success: SAftr=1146639026195, SBfr=1146639026154, D=20, M=1146639026167
Scheduled a DoS to fire after 312ms
Synch: Sending query: time=?;260
DOS THREAD: SEND DoS PACKET At :1146639026501 331
Received reply: time=;1146639026530;260
Synch Success: SAftr=1146639026559, SBfr=1146639026518, D=20, M=1146639026530
Scheduled a DoS to fire after 443ms
Synch: Sending query: time=?;261
Received reply: time=;1146639026901;261
Synch Success: SAftr=1146639026929, SBfr=1146639026888, D=20, M=1146639026901
Scheduled a DoS to fire after 77ms
DOS THREAD: SEND DoS PACKET At :1146639027001 332
Synch: Sending query: time=?;262
Received reply: time=;1146639027267;262
Synch Success: SAftr=1146639027297, SBfr=1146639027255, D=21, M=1146639027267
Scheduled a DoS to fire after 207ms
DOS THREAD: SEND DoS PACKET At :1146639027502 333
Synch: Sending query: time=?;263
Received reply: time=;1146639027636;263
Synch Success: SAftr=1146639027668, SBfr=1146639027624, D=22, M=1146639027636
Scheduled a DoS to fire after 336ms
Synch: Sending query: time=?;264
Received reply: time=;1146639028007;264
Synch Success: SAftr=1146639028036, SBfr=1146639027995, D=20, M=1146639028007
Scheduled a DoS to fire after 472ms
DOS THREAD: SEND DoS PACKET At :1146639028002 334
Synch: Sending query: time=?;265
Received reply: time=;1146639028371;265
Synch Success: SAftr=1146639028400, SBfr=1146639028359, D=20, M=1146639028371
Scheduled a DoS to fire after 84ms
DOS THREAD: SEND DoS PACKET At :1146639028502 335
Synch: Sending query: time=?;266
Received reply: time=;1146639028760;266
Synch Success: SAftr=1146639028788, SBfr=1146639028747, D=20, M=1146639028760
Scheduled a DoS to fire after 218ms
DOS THREAD: SEND DoS PACKET At :1146639029002 336
Synch: Sending query: time=?;267
Received reply: time=;1146639029124;267
Synch Success: SAftr=1146639029152, SBfr=1146639029112, D=20, M=1146639029124
Scheduled a DoS to fire after 354ms
Synch: Sending query: time=?;268
Received reply: time=;1146639029488;268
Synch Success: SAftr=1146639029516, SBfr=1146639029476, D=20, M=1146639029488
Scheduled a DoS to fire after 490ms
DOS THREAD: SEND DoS PACKET At :1146639029502 337
Synch: Sending query: time=?;269
Received reply: time=;1146639029853;269
Synch Success: SAftr=1146639029882, SBfr=1146639029840, D=21, M=1146639029853
Scheduled a DoS to fire after 124ms
DOS THREAD: SEND DoS PACKET At :1146639030002 338
Synch: Sending query: time=?;270
Received reply: time=;1146639030219;270
Synch Success: SAftr=1146639030248, SBfr=1146639030207, D=20, M=1146639030219
Scheduled a DoS to fire after 259ms
DOS THREAD: SEND DoS PACKET At :1146639030502 339
Synch: Sending query: time=?;271
Received reply: time=;1146639030584;271
Synch Success: SAftr=1146639030613, SBfr=1146639030572, D=20, M=1146639030584
Scheduled a DoS to fire after 395ms
Synch: Sending query: time=?;272
Received reply: time=;1146639030952;272
Synch Success: SAftr=1146639030987, SBfr=1146639030940, D=23, M=1146639030952
Scheduled a DoS to fire after 24ms
DOS THREAD: SEND DoS PACKET At :1146639031002 340
Synch: Sending query: time=?;273
Received reply: time=;1146639031325;273
Synch Success: SAftr=1146639031354, SBfr=1146639031313, D=20, M=1146639031325
Scheduled a DoS to fire after 154ms
DOS THREAD: SEND DoS PACKET At :1146639031505 341
Synch: Sending query: time=?;274
Received reply: time=;1146639031689;274
Synch Success: SAftr=1146639031717, SBfr=1146639031677, D=20, M=1146639031689
Scheduled a DoS to fire after 289ms
Synch: Sending query: time=?;275
DOS THREAD: SEND DoS PACKET At :1146639032001 342
Received reply: time=;1146639032053;275
Synch Success: SAftr=1146639032083, SBfr=1146639032041, D=21, M=1146639032053
Scheduled a DoS to fire after 425ms
Synch: Sending query: time=?;276
Received reply: time=;1146639032419;276
Synch Success: SAftr=1146639032448, SBfr=1146639032407, D=20, M=1146639032419
Scheduled a DoS to fire after 60ms
DOS THREAD: SEND DoS PACKET At :1146639032501 343
Synch: Sending query: time=?;277
Received reply: time=;1146639032783;277
Synch Success: SAftr=1146639032812, SBfr=1146639032771, D=20, M=1146639032783
Scheduled a DoS to fire after 196ms
DOS THREAD: SEND DoS PACKET At :1146639033001 344
Synch: Sending query: time=?;278
Received reply: time=;1146639033147;278
Synch Success: SAftr=1146639033176, SBfr=1146639033135, D=20, M=1146639033147
Scheduled a DoS to fire after 332ms
Synch: Sending query: time=?;279
Received reply: time=;1146639033513;279
Synch Success: SAftr=1146639033542, SBfr=1146639033499, D=21, M=1146639033513
Scheduled a DoS to fire after 459ms
DOS THREAD: SEND DoS PACKET At :1146639033502 345
Synch: Sending query: time=?;280
Received reply: time=;1146639033884;280
Synch Success: SAftr=1146639033912, SBfr=1146639033872, D=20, M=1146639033884
Scheduled a DoS to fire after 94ms
DOS THREAD: SEND DoS PACKET At :1146639034001 346
Synch: Sending query: time=?;281
Received reply: time=;1146639034248;281
Synch Success: SAftr=1146639034276, SBfr=1146639034235, D=20, M=1146639034248
Scheduled a DoS to fire after 227ms
DOS THREAD: SEND DoS PACKET At :1146639034503 347
Synch: Sending query: time=?;282
Received reply: time=;1146639034615;282
Synch Success: SAftr=1146639034643, SBfr=1146639034603, D=20, M=1146639034615
Scheduled a DoS to fire after 359ms
Synch: Sending query: time=?;283
Received reply: time=;1146639034984;283
Synch Success: SAftr=1146639035012, SBfr=1146639034971, D=20, M=1146639034984
Scheduled a DoS to fire after 488ms
DOS THREAD: SEND DoS PACKET At :1146639035001 348
Synch: Sending query: time=?;284
Received reply: time=;1146639035356;284
Synch Success: SAftr=1146639035385, SBfr=1146639035342, D=21, M=1146639035356
Scheduled a DoS to fire after 117ms
DOS THREAD: SEND DoS PACKET At :1146639035501 349
Synch: Sending query: time=?;285
Received reply: time=;1146639035726;285
Synch Success: SAftr=1146639035754, SBfr=1146639035713, D=20, M=1146639035726
Scheduled a DoS to fire after 253ms
DOS THREAD: SEND DoS PACKET At :1146639036001 350
Synch: Sending query: time=?;286
Received reply: time=;1146639036091;286
Synch Success: SAftr=1146639036119, SBfr=1146639036078, D=20, M=1146639036091
Scheduled a DoS to fire after 387ms
Synch: Sending query: time=?;287
Received reply: time=;1146639036455;287
Synch Success: SAftr=1146639036483, SBfr=1146639036442, D=20, M=1146639036455
Scheduled a DoS to fire after 23ms
DOS THREAD: SEND DoS PACKET At :1146639036501 351
Synch: Sending query: time=?;288
Received reply: time=;1146639036819;288
Synch Success: SAftr=1146639036852, SBfr=1146639036807, D=22, M=1146639036819
Scheduled a DoS to fire after 158ms
DOS THREAD: SEND DoS PACKET At :1146639037001 352
Synch: Sending query: time=?;289
Received reply: time=;1146639037189;289
Synch Success: SAftr=1146639037218, SBfr=1146639037177, D=20, M=1146639037189
Scheduled a DoS to fire after 290ms
Synch: Sending query: time=?;290
DOS THREAD: SEND DoS PACKET At :1146639037502 353
Received reply: time=;1146639037553;290
Synch Success: SAftr=1146639037581, SBfr=1146639037541, D=20, M=1146639037553
Scheduled a DoS to fire after 425ms
Synch: Sending query: time=?;291
Received reply: time=;1146639037917;291
Synch Success: SAftr=1146639037946, SBfr=1146639037905, D=20, M=1146639037917
Scheduled a DoS to fire after 57ms
DOS THREAD: SEND DoS PACKET At :1146639038002 354
Synch: Sending query: time=?;292
Received reply: time=;1146639038289;292
Synch Success: SAftr=1146639038317, SBfr=1146639038276, D=20, M=1146639038289
Scheduled a DoS to fire after 190ms
DOS THREAD: SEND DoS PACKET At :1146639038501 355
Synch: Sending query: time=?;293
Received reply: time=;1146639038654;293
Synch Success: SAftr=1146639038684, SBfr=1146639038642, D=21, M=1146639038654
Scheduled a DoS to fire after 318ms
Synch: Sending query: time=?;294
DOS THREAD: SEND DoS PACKET At :1146639039002 356
Received reply: time=;1146639039028;294
Synch Success: SAftr=1146639039056, SBfr=1146639039016, D=20, M=1146639039028
Scheduled a DoS to fire after 450ms
Synch: Sending query: time=?;295
Received reply: time=;1146639039392;295
Synch Success: SAftr=1146639039421, SBfr=1146639039380, D=20, M=1146639039392
Scheduled a DoS to fire after 87ms
DOS THREAD: SEND DoS PACKET At :1146639039502 357
Synch: Sending query: time=?;296
Received reply: time=;1146639039756;296
Synch Success: SAftr=1146639039784, SBfr=1146639039744, D=20, M=1146639039756
Scheduled a DoS to fire after 222ms
DOS THREAD: SEND DoS PACKET At :1146639040001 358
Synch: Sending query: time=?;297
Received reply: time=;1146639040126;297
Synch Success: SAftr=1146639040154, SBfr=1146639040113, D=20, M=1146639040126
Scheduled a DoS to fire after 348ms
Synch: Sending query: time=?;298
Received reply: time=;1146639040494;298
Synch Success: SAftr=1146639040523, SBfr=1146639040482, D=20, M=1146639040494
Scheduled a DoS to fire after 484ms
DOS THREAD: SEND DoS PACKET At :1146639040501 359
Synch: Sending query: time=?;299
Received reply: time=;1146639040862;299
Synch Success: SAftr=1146639040890, SBfr=1146639040849, D=20, M=1146639040862
Scheduled a DoS to fire after 115ms
DOS THREAD: SEND DoS PACKET At :1146639041005 360
Synch: Sending query: time=?;300
Received reply: time=;1146639041227;300
Synch Success: SAftr=1146639041255, SBfr=1146639041215, D=20, M=1146639041227
Scheduled a DoS to fire after 250ms
DOS THREAD: SEND DoS PACKET At :1146639041501 361
Synch: Sending query: time=?;301
Received reply: time=;1146639041592;301
Synch Success: SAftr=1146639041620, SBfr=1146639041580, D=20, M=1146639041592
Scheduled a DoS to fire after 381ms
Synch: Sending query: time=?;302
Received reply: time=;1146639041961;302
Synch Success: SAftr=1146639041990, SBfr=1146639041949, D=20, M=1146639041961
Scheduled a DoS to fire after 492ms
Synch: Sending query: time=?;303
Received reply: time=;1146639042351;303
Synch Success: SAftr=1146639042380, SBfr=1146639042339, D=20, M=1146639042351
Scheduled a DoS to fire after 128ms
DOS THREAD: SEND DoS PACKET At :1146639042504 362
Synch: Sending query: time=?;304
Received reply: time=;1146639042716;304
Synch Success: SAftr=1146639042745, SBfr=1146639042704, D=20, M=1146639042716
Scheduled a DoS to fire after 257ms
DOS THREAD: SEND DoS PACKET At :1146639043002 363
Synch: Sending query: time=?;305
Received reply: time=;1146639043086;305
Synch Success: SAftr=1146639043114, SBfr=1146639043073, D=20, M=1146639043086
Scheduled a DoS to fire after 393ms
Synch: Sending query: time=?;306
Received reply: time=;1146639043451;306
Synch Success: SAftr=1146639043481, SBfr=1146639043438, D=21, M=1146639043451
Scheduled a DoS to fire after 25ms
DOS THREAD: SEND DoS PACKET At :1146639043502 364
Synch: Sending query: time=?;307
Received reply: time=;1146639043818;307
Synch Success: SAftr=1146639043846, SBfr=1146639043805, D=20, M=1146639043818
Scheduled a DoS to fire after 158ms
DOS THREAD: SEND DoS PACKET At :1146639044001 365
Synch: Sending query: time=?;308
Received reply: time=;1146639044185;308
Synch Success: SAftr=1146639044213, SBfr=1146639044172, D=20, M=1146639044185
Scheduled a DoS to fire after 293ms
Synch: Sending query: time=?;309
DOS THREAD: SEND DoS PACKET At :1146639044502 366
Received reply: time=;1146639044549;309
Synch Success: SAftr=1146639044580, SBfr=1146639044536, D=22, M=1146639044549
Scheduled a DoS to fire after 423ms
Synch: Sending query: time=?;310
Received reply: time=;1146639044921;310
Synch Success: SAftr=1146639044949, SBfr=1146639044908, D=20, M=1146639044921
Scheduled a DoS to fire after 56ms
DOS THREAD: SEND DoS PACKET At :1146639045005 367
Synch: Sending query: time=?;311
Received reply: time=;1146639045285;311
Synch Success: SAftr=1146639045314, SBfr=1146639045273, D=20, M=1146639045285
Scheduled a DoS to fire after 194ms
DOS THREAD: SEND DoS PACKET At :1146639045502 368
Synch: Sending query: time=?;312
Received reply: time=;1146639045649;312
Synch Success: SAftr=1146639045678, SBfr=1146639045637, D=20, M=1146639045649
Scheduled a DoS to fire after 329ms
Synch: Sending query: time=?;313
Received reply: time=;1146639046015;313
Synch Success: SAftr=1146639046043, SBfr=1146639046002, D=20, M=1146639046015
Scheduled a DoS to fire after 463ms
DOS THREAD: SEND DoS PACKET At :1146639046002 369
Synch: Sending query: time=?;314
Received reply: time=;1146639046384;314
Synch Success: SAftr=1146639046412, SBfr=1146639046372, D=20, M=1146639046384
Scheduled a DoS to fire after 89ms
DOS THREAD: SEND DoS PACKET At :1146639046502 370
Synch: Sending query: time=?;315
Received reply: time=;1146639046753;315
Synch Success: SAftr=1146639046783, SBfr=1146639046741, D=21, M=1146639046753
Scheduled a DoS to fire after 224ms
DOS THREAD: SEND DoS PACKET At :1146639047001 371
Synch: Sending query: time=?;316
Received reply: time=;1146639047119;316
Synch Success: SAftr=1146639047148, SBfr=1146639047107, D=20, M=1146639047119
Scheduled a DoS to fire after 360ms
Synch: Sending query: time=?;317
Received reply: time=;1146639047483;317
Synch Success: SAftr=1146639047512, SBfr=1146639047471, D=20, M=1146639047483
Scheduled a DoS to fire after 496ms
DOS THREAD: SEND DoS PACKET At :1146639047502 372
Synch: Sending query: time=?;318
Received reply: time=;1146639047847;318
Synch Success: SAftr=1146639047875, SBfr=1146639047835, D=20, M=1146639047847
Scheduled a DoS to fire after 130ms
DOS THREAD: SEND DoS PACKET At :1146639048003 373
Synch: Sending query: time=?;319
Received reply: time=;1146639048216;319
Synch Success: SAftr=1146639048244, SBfr=1146639048204, D=20, M=1146639048216
Scheduled a DoS to fire after 263ms
DOS THREAD: SEND DoS PACKET At :1146639048502 374
Synch: Sending query: time=?;320
Received reply: time=;1146639048581;320
Synch Success: SAftr=1146639048614, SBfr=1146639048568, D=23, M=1146639048581
Scheduled a DoS to fire after 394ms
Synch: Sending query: time=?;321
Received reply: time=;1146639048952;321
Synch Success: SAftr=1146639048981, SBfr=1146639048940, D=20, M=1146639048952
Scheduled a DoS to fire after 26ms
DOS THREAD: SEND DoS PACKET At :1146639049003 375
Synch: Sending query: time=?;322
Received reply: time=;1146639049318;322
Synch Success: SAftr=1146639049346, SBfr=1146639049306, D=20, M=1146639049318
Scheduled a DoS to fire after 159ms
DOS THREAD: SEND DoS PACKET At :1146639049501 376
Synch: Sending query: time=?;323
Received reply: time=;1146639049683;323
Synch Success: SAftr=1146639049711, SBfr=1146639049671, D=20, M=1146639049683
Scheduled a DoS to fire after 290ms
Synch: Sending query: time=?;324
DOS THREAD: SEND DoS PACKET At :1146639050001 377
Received reply: time=;1146639050055;324
Synch Success: SAftr=1146639050084, SBfr=1146639050043, D=20, M=1146639050055
Scheduled a DoS to fire after 424ms
Synch: Sending query: time=?;325
Received reply: time=;1146639050420;325
Synch Success: SAftr=1146639050449, SBfr=1146639050407, D=21, M=1146639050420
Scheduled a DoS to fire after 53ms
DOS THREAD: SEND DoS PACKET At :1146639050501 378
Synch: Sending query: time=?;326
Received reply: time=;1146639050790;326
Synch Success: SAftr=1146639050818, SBfr=1146639050778, D=20, M=1146639050790
Scheduled a DoS to fire after 188ms
DOS THREAD: SEND DoS PACKET At :1146639051001 379
Synch: Sending query: time=?;327
Received reply: time=;1146639051154;327
Synch Success: SAftr=1146639051196, SBfr=1146639051142, D=27, M=1146639051154
Scheduled a DoS to fire after 268ms
DOS THREAD: SEND DoS PACKET At :1146639051505 380
Synch: Sending query: time=?;328
Received reply: time=;1146639051583;328
Synch Success: SAftr=1146639051612, SBfr=1146639051571, D=20, M=1146639051583
Scheduled a DoS to fire after 395ms
Synch: Sending query: time=?;329
Received reply: time=;1146639051948;329
Synch Success: SAftr=1146639051976, SBfr=1146639051935, D=20, M=1146639051948
Scheduled a DoS to fire after 31ms
DOS THREAD: SEND DoS PACKET At :1146639052001 381
Synch: Sending query: time=?;330
Received reply: time=;1146639052312;330
Synch Success: SAftr=1146639052340, SBfr=1146639052300, D=20, M=1146639052312
Scheduled a DoS to fire after 166ms
DOS THREAD: SEND DoS PACKET At :1146639052502 382
Synch: Sending query: time=?;331
Received reply: time=;1146639052676;331
Synch Success: SAftr=1146639052705, SBfr=1146639052664, D=20, M=1146639052676
Scheduled a DoS to fire after 301ms
Synch: Sending query: time=?;332
DOS THREAD: SEND DoS PACKET At :1146639053002 383
Received reply: time=;1146639053043;332
Synch Success: SAftr=1146639053071, SBfr=1146639053030, D=20, M=1146639053043
Scheduled a DoS to fire after 428ms
Synch: Sending query: time=?;333
Received reply: time=;1146639053432;333
Synch Success: SAftr=1146639053466, SBfr=1146639053420, D=23, M=1146639053432
Scheduled a DoS to fire after 37ms
DOS THREAD: SEND DoS PACKET At :1146639053503 384
Synch: Sending query: time=?;334
Received reply: time=;1146639053814;334
Synch Success: SAftr=1146639053843, SBfr=1146639053802, D=20, M=1146639053814
Scheduled a DoS to fire after 158ms
DOS THREAD: SEND DoS PACKET At :1146639054002 385
Synch: Sending query: time=?;335
Received reply: time=;1146639054186;335
Synch Success: SAftr=1146639054214, SBfr=1146639054173, D=20, M=1146639054186
Scheduled a DoS to fire after 287ms
Synch: Sending query: time=?;336
DOS THREAD: SEND DoS PACKET At :1146639054504 386
Received reply: time=;1146639054559;336
Synch Success: SAftr=1146639054587, SBfr=1146639054546, D=20, M=1146639054559
Scheduled a DoS to fire after 419ms
Synch: Sending query: time=?;337
Received reply: time=;1146639054923;337
Synch Success: SAftr=1146639054952, SBfr=1146639054911, D=20, M=1146639054923
Scheduled a DoS to fire after 56ms
DOS THREAD: SEND DoS PACKET At :1146639055002 387
Synch: Sending query: time=?;338
Received reply: time=;1146639055288;338
Synch Success: SAftr=1146639055317, SBfr=1146639055276, D=20, M=1146639055288
Scheduled a DoS to fire after 191ms
Synch: Sending query: time=?;339
DOS THREAD: SEND DoS PACKET At :1146639055502 388
Received reply: time=;1146639055657;339
Synch Success: SAftr=1146639055687, SBfr=1146639055645, D=21, M=1146639055657
Scheduled a DoS to fire after 319ms
Synch: Sending query: time=?;340
Received reply: time=;1146639056031;340
Synch Success: SAftr=1146639056062, SBfr=1146639056019, D=21, M=1146639056031
Scheduled a DoS to fire after 447ms
DOS THREAD: SEND DoS PACKET At :1146639056010 389
Synch: Sending query: time=?;341
Received reply: time=;1146639056398;341
Synch Success: SAftr=1146639056428, SBfr=1146639056386, D=21, M=1146639056398
Scheduled a DoS to fire after 80ms
DOS THREAD: SEND DoS PACKET At :1146639056502 390
Synch: Sending query: time=?;342
Received reply: time=;1146639056772;342
Synch Success: SAftr=1146639056801, SBfr=1146639056760, D=20, M=1146639056772
Scheduled a DoS to fire after 207ms
DOS THREAD: SEND DoS PACKET At :1146639057001 391
Synch: Sending query: time=?;343
Received reply: time=;1146639057148;343
Synch Success: SAftr=1146639057176, SBfr=1146639057136, D=20, M=1146639057148
Scheduled a DoS to fire after 330ms
Synch: Sending query: time=?;344
Received reply: time=;1146639057512;344
Synch Success: SAftr=1146639057540, SBfr=1146639057500, D=20, M=1146639057512
Scheduled a DoS to fire after 460ms
DOS THREAD: SEND DoS PACKET At :1146639057501 392
Synch: Sending query: time=?;345
Received reply: time=;1146639057886;345
Synch Success: SAftr=1146639057915, SBfr=1146639057874, D=20, M=1146639057886
Scheduled a DoS to fire after 92ms
DOS THREAD: SEND DoS PACKET At :1146639058001 393
Synch: Sending query: time=?;346
Received reply: time=;1146639058252;346
Synch Success: SAftr=1146639058288, SBfr=1146639058240, D=24, M=1146639058252
Scheduled a DoS to fire after 221ms
Synch: Sending query: time=?;347
DOS THREAD: SEND DoS PACKET At :1146639058507 394
Received reply: time=;1146639058626;347
Synch Success: SAftr=1146639058654, SBfr=1146639058613, D=20, M=1146639058626
Scheduled a DoS to fire after 349ms
Synch: Sending query: time=?;348
Received reply: time=;1146639058998;348
Synch Success: SAftr=1146639059026, SBfr=1146639058986, D=20, M=1146639058998
Scheduled a DoS to fire after 480ms
DOS THREAD: SEND DoS PACKET At :1146639059002 395
Synch: Sending query: time=?;349
Received reply: time=;1146639059363;349
Synch Success: SAftr=1146639059392, SBfr=1146639059351, D=20, M=1146639059363
Scheduled a DoS to fire after 112ms
DOS THREAD: SEND DoS PACKET At :1146639059501 396
Synch: Sending query: time=?;350
Received reply: time=;1146639059732;350
Synch Success: SAftr=1146639059760, SBfr=1146639059720, D=20, M=1146639059732
Scheduled a DoS to fire after 247ms
DOS THREAD: SEND DoS PACKET At :1146639060001 397
Synch: Sending query: time=?;351
Received reply: time=;1146639060096;351
Synch Success: SAftr=1146639060127, SBfr=1146639060084, D=21, M=1146639060096
Scheduled a DoS to fire after 377ms
Synch: Sending query: time=?;352
Received reply: time=;1146639060467;352
Synch Success: SAftr=1146639060496, SBfr=1146639060455, D=20, M=1146639060467
Scheduled a DoS to fire after 493ms
Synch: Sending query: time=?;353
Received reply: time=;1146639060850;353
Synch Success: SAftr=1146639060878, SBfr=1146639060838, D=20, M=1146639060850
Scheduled a DoS to fire after 128ms
DOS THREAD: SEND DoS PACKET At :1146639061001 398
Synch: Sending query: time=?;354
Received reply: time=;1146639061222;354
Synch Success: SAftr=1146639061250, SBfr=1146639061210, D=20, M=1146639061222
Scheduled a DoS to fire after 256ms
DOS THREAD: SEND DoS PACKET At :1146639061502 399
Synch: Sending query: time=?;355
Received reply: time=;1146639061591;355
Synch Success: SAftr=1146639061623, SBfr=1146639061579, D=22, M=1146639061591
Scheduled a DoS to fire after 385ms
Synch: Sending query: time=?;356
Received reply: time=;1146639061960;356
DOS THREAD: SEND DoS PACKET At :1146639062004 400
Synch Success: SAftr=1146639061994, SBfr=1146639061947, D=23, M=1146639061960
Scheduled a DoS to fire after 436ms
Synch: Sending query: time=?;357
Received reply: time=;1146639062409;357
Synch Success: SAftr=1146639062437, SBfr=1146639062396, D=20, M=1146639062409
Scheduled a DoS to fire after 70ms
DOS THREAD: SEND DoS PACKET At :1146639062501 401
Synch: Sending query: time=?;358
Received reply: time=;1146639062772;358
Synch Success: SAftr=1146639062802, SBfr=1146639062760, D=21, M=1146639062772
Scheduled a DoS to fire after 205ms
DOS THREAD: SEND DoS PACKET At :1146639063002 402
Synch: Sending query: time=?;359
Received reply: time=;1146639063138;359
Synch Success: SAftr=1146639063167, SBfr=1146639063126, D=20, M=1146639063138
Scheduled a DoS to fire after 341ms
Synch: Sending query: time=?;360
Received reply: time=;1146639063503;360
Synch Success: SAftr=1146639063531, SBfr=1146639063490, D=20, M=1146639063503
Scheduled a DoS to fire after 475ms
DOS THREAD: SEND DoS PACKET At :1146639063501 403
Synch: Sending query: time=?;361
Received reply: time=;1146639063867;361
Synch Success: SAftr=1146639063899, SBfr=1146639063855, D=22, M=1146639063867
Scheduled a DoS to fire after 109ms
DOS THREAD: SEND DoS PACKET At :1146639064003 404
Synch: Sending query: time=?;362
Received reply: time=;1146639064239;362
Synch Success: SAftr=1146639064267, SBfr=1146639064226, D=20, M=1146639064239
Scheduled a DoS to fire after 239ms
DOS THREAD: SEND DoS PACKET At :1146639064502 405
Synch: Sending query: time=?;363
Received reply: time=;1146639064604;363
Synch Success: SAftr=1146639064633, SBfr=1146639064591, D=21, M=1146639064604
Scheduled a DoS to fire after 373ms
Synch: Sending query: time=?;364
Received reply: time=;1146639064969;364
Synch Success: SAftr=1146639065001, SBfr=1146639064957, D=22, M=1146639064969
Scheduled a DoS to fire after 7ms
DOS THREAD: SEND DoS PACKET At :1146639065001 406
Synch: Sending query: time=?;365
Received reply: time=;1146639065339;365
Synch Success: SAftr=1146639065368, SBfr=1146639065327, D=20, M=1146639065339
Scheduled a DoS to fire after 139ms
DOS THREAD: SEND DoS PACKET At :1146639065502 407
Synch: Sending query: time=?;366
Received reply: time=;1146639065709;366
Synch Success: SAftr=1146639065738, SBfr=1146639065697, D=20, M=1146639065709
Scheduled a DoS to fire after 269ms
DOS THREAD: SEND DoS PACKET At :1146639066001 408
Synch: Sending query: time=?;367
Received reply: time=;1146639066076;367
Synch Success: SAftr=1146639066107, SBfr=1146639066064, D=21, M=1146639066076
Scheduled a DoS to fire after 398ms
Synch: Sending query: time=?;368
Received reply: time=;1146639066447;368
Synch Success: SAftr=1146639066476, SBfr=1146639066435, D=20, M=1146639066447
Scheduled a DoS to fire after 32ms
DOS THREAD: SEND DoS PACKET At :1146639066501 409
Synch: Sending query: time=?;369
Received reply: time=;1146639066811;369
Synch Success: SAftr=1146639066839, SBfr=1146639066799, D=20, M=1146639066811
Scheduled a DoS to fire after 167ms
DOS THREAD: SEND DoS PACKET At :1146639067002 410
Synch: Sending query: time=?;370
Received reply: time=;1146639067175;370
Synch Success: SAftr=1146639067204, SBfr=1146639067163, D=20, M=1146639067175
Scheduled a DoS to fire after 301ms
Synch: Sending query: time=?;371
DOS THREAD: SEND DoS PACKET At :1146639067502 411
Received reply: time=;1146639067543;371
Synch Success: SAftr=1146639067576, SBfr=1146639067531, D=22, M=1146639067543
Scheduled a DoS to fire after 433ms
Synch: Sending query: time=?;372
Received reply: time=;1146639067913;372
Synch Success: SAftr=1146639067941, SBfr=1146639067901, D=20, M=1146639067913
Scheduled a DoS to fire after 59ms
DOS THREAD: SEND DoS PACKET At :1146639068001 412
Synch: Sending query: time=?;373
Received reply: time=;1146639068286;373
Synch Success: SAftr=1146639068315, SBfr=1146639068274, D=20, M=1146639068286
Scheduled a DoS to fire after 193ms
DOS THREAD: SEND DoS PACKET At :1146639068501 413
Synch: Sending query: time=?;374
Received reply: time=;1146639068657;374
Synch Success: SAftr=1146639068685, SBfr=1146639068645, D=20, M=1146639068657
Scheduled a DoS to fire after 321ms
Synch: Sending query: time=?;375
Received reply: time=;1146639069021;375
DOS THREAD: SEND DoS PACKET At :1146639069001 414
Synch Success: SAftr=1146639069049, SBfr=1146639069008, D=20, M=1146639069021
Scheduled a DoS to fire after 457ms
Synch: Sending query: time=?;376
Received reply: time=;1146639069386;376
Synch Success: SAftr=1146639069414, SBfr=1146639069374, D=20, M=1146639069386
Scheduled a DoS to fire after 92ms
DOS THREAD: SEND DoS PACKET At :1146639069502 415
Synch: Sending query: time=?;377
Received reply: time=;1146639069750;377
Synch Success: SAftr=1146639069778, SBfr=1146639069738, D=20, M=1146639069750
Scheduled a DoS to fire after 216ms
DOS THREAD: SEND DoS PACKET At :1146639070002 416
Synch: Sending query: time=?;378
Received reply: time=;1146639070127;378
Synch Success: SAftr=1146639070155, SBfr=1146639070114, D=20, M=1146639070127
Scheduled a DoS to fire after 347ms
Synch: Sending query: time=?;379
Received reply: time=;1146639070495;379
Synch Success: SAftr=1146639070523, SBfr=1146639070482, D=20, M=1146639070495
Scheduled a DoS to fire after 484ms
DOS THREAD: SEND DoS PACKET At :1146639070502 417
Synch: Sending query: time=?;380
Received reply: time=;1146639070858;380
Synch Success: SAftr=1146639070887, SBfr=1146639070846, D=20, M=1146639070858
Scheduled a DoS to fire after 120ms
DOS THREAD: SEND DoS PACKET At :1146639071001 418
Synch: Sending query: time=?;381
Received reply: time=;1146639071225;381
Synch Success: SAftr=1146639071253, SBfr=1146639071211, D=21, M=1146639071225
Scheduled a DoS to fire after 252ms
DOS THREAD: SEND DoS PACKET At :1146639071502 419
Synch: Sending query: time=?;382
Received reply: time=;1146639071589;382
Synch Success: SAftr=1146639071621, SBfr=1146639071577, D=22, M=1146639071589
Scheduled a DoS to fire after 385ms
Synch: Sending query: time=?;383
Received reply: time=;1146639071961;383
Synch Success: SAftr=1146639071990, SBfr=1146639071949, D=20, M=1146639071961
Scheduled a DoS to fire after 17ms
DOS THREAD: SEND DoS PACKET At :1146639072001 420
Synch: Sending query: time=?;384
Received reply: time=;1146639072327;384
Synch Success: SAftr=1146639072364, SBfr=1146639072314, D=25, M=1146639072327
Scheduled a DoS to fire after 147ms
DOS THREAD: SEND DoS PACKET At :1146639072501 421
Synch: Sending query: time=?;385
Received reply: time=;1146639072700;385
Synch Success: SAftr=1146639072729, SBfr=1146639072687, D=21, M=1146639072700
Scheduled a DoS to fire after 278ms
Synch: Sending query: time=?;386
DOS THREAD: SEND DoS PACKET At :1146639073002 422
Received reply: time=;1146639073064;386
Synch Success: SAftr=1146639073092, SBfr=1146639073052, D=20, M=1146639073064
Scheduled a DoS to fire after 413ms
Synch: Sending query: time=?;387
Received reply: time=;1146639073429;387
Synch Success: SAftr=1146639073457, SBfr=1146639073417, D=20, M=1146639073429
Scheduled a DoS to fire after 45ms
DOS THREAD: SEND DoS PACKET At :1146639073502 423
Synch: Sending query: time=?;388
Received reply: time=;1146639073799;388
Synch Success: SAftr=1146639073828, SBfr=1146639073787, D=20, M=1146639073799
Scheduled a DoS to fire after 180ms
DOS THREAD: SEND DoS PACKET At :1146639074002 424
Synch: Sending query: time=?;389
Received reply: time=;1146639074164;389
Synch Success: SAftr=1146639074192, SBfr=1146639074152, D=20, M=1146639074164
Scheduled a DoS to fire after 314ms
Synch: Sending query: time=?;390
Received reply: time=;1146639074528;390
Synch Success: SAftr=1146639074557, SBfr=1146639074516, D=20, M=1146639074528
Scheduled a DoS to fire after 451ms
DOS THREAD: SEND DoS PACKET At :1146639074504 425
Synch: Sending query: time=?;391
Received reply: time=;1146639074892;391
Synch Success: SAftr=1146639074920, SBfr=1146639074880, D=20, M=1146639074892
Scheduled a DoS to fire after 67ms
DOS THREAD: SEND DoS PACKET At :1146639075003 426
Synch: Sending query: time=?;392
Received reply: time=;1146639075276;392
Synch Success: SAftr=1146639075305, SBfr=1146639075264, D=20, M=1146639075276
Scheduled a DoS to fire after 203ms
DOS THREAD: SEND DoS PACKET At :1146639075502 427
Synch: Sending query: time=?;393
Received reply: time=;1146639075640;393
Synch Success: SAftr=1146639075668, SBfr=1146639075628, D=20, M=1146639075640
Scheduled a DoS to fire after 339ms
Synch: Sending query: time=?;394
Received reply: time=;1146639076004;394
Synch Success: SAftr=1146639076033, SBfr=1146639075992, D=20, M=1146639076004
Scheduled a DoS to fire after 475ms
DOS THREAD: SEND DoS PACKET At :1146639076001 428
Synch: Sending query: time=?;395
Received reply: time=;1146639076368;395
Synch Success: SAftr=1146639076397, SBfr=1146639076356, D=20, M=1146639076368
Scheduled a DoS to fire after 111ms
DOS THREAD: SEND DoS PACKET At :1146639076501 429
Synch: Sending query: time=?;396
Received reply: time=;1146639076735;396
Synch Success: SAftr=1146639076764, SBfr=1146639076722, D=21, M=1146639076735
Scheduled a DoS to fire after 242ms
DOS THREAD: SEND DoS PACKET At :1146639077001 430
Synch: Sending query: time=?;397
Received reply: time=;1146639077102;397
Synch Success: SAftr=1146639077136, SBfr=1146639077089, D=23, M=1146639077102
Scheduled a DoS to fire after 373ms
Synch: Sending query: time=?;398
Received reply: time=;1146639077473;398
Synch Success: SAftr=1146639077501, SBfr=1146639077460, D=20, M=1146639077473
Scheduled a DoS to fire after 6ms
DOS THREAD: SEND DoS PACKET At :1146639077501 431
Synch: Sending query: time=?;399
Received reply: time=;1146639077837;399
Synch Success: SAftr=1146639077866, SBfr=1146639077825, D=20, M=1146639077837
Scheduled a DoS to fire after 141ms
DOS THREAD: SEND DoS PACKET At :1146639078001 432
Synch: Sending query: time=?;400
Received reply: time=;1146639078202;400
Synch Success: SAftr=1146639078231, SBfr=1146639078190, D=20, M=1146639078202
Scheduled a DoS to fire after 277ms
Synch: Sending query: time=?;401
DOS THREAD: SEND DoS PACKET At :1146639078501 433
Received reply: time=;1146639078566;401
Synch Success: SAftr=1146639078595, SBfr=1146639078554, D=20, M=1146639078566
Scheduled a DoS to fire after 413ms
Synch: Sending query: time=?;402
Received reply: time=;1146639078930;402
Synch Success: SAftr=1146639078959, SBfr=1146639078918, D=20, M=1146639078930
Scheduled a DoS to fire after 44ms
DOS THREAD: SEND DoS PACKET At :1146639079002 434
Synch: Sending query: time=?;403
Received reply: time=;1146639079300;403
Synch Success: SAftr=1146639079329, SBfr=1146639079287, D=21, M=1146639079300
Scheduled a DoS to fire after 172ms
DOS THREAD: SEND DoS PACKET At :1146639079501 435
Synch: Sending query: time=?;404
Received reply: time=;1146639079676;404
Synch Success: SAftr=1146639079705, SBfr=1146639079664, D=20, M=1146639079676
Scheduled a DoS to fire after 301ms
Synch: Sending query: time=?;405
DOS THREAD: SEND DoS PACKET At :1146639080001 436
Received reply: time=;1146639080043;405
Synch Success: SAftr=1146639080075, SBfr=1146639080030, D=22, M=1146639080043
Scheduled a DoS to fire after 426ms
Synch: Sending query: time=?;406
Received reply: time=;1146639080418;406
Synch Success: SAftr=1146639080447, SBfr=1146639080406, D=20, M=1146639080418
Scheduled a DoS to fire after 60ms
DOS THREAD: SEND DoS PACKET At :1146639080502 437
Synch: Sending query: time=?;407
Received reply: time=;1146639080784;407
Synch Success: SAftr=1146639080812, SBfr=1146639080771, D=20, M=1146639080784
Scheduled a DoS to fire after 195ms
DOS THREAD: SEND DoS PACKET At :1146639081002 438
Synch: Sending query: time=?;408
Received reply: time=;1146639081147;408
Synch Success: SAftr=1146639081176, SBfr=1146639081135, D=20, M=1146639081147
Scheduled a DoS to fire after 332ms
Synch: Sending query: time=?;409
Received reply: time=;1146639081511;409
Synch Success: SAftr=1146639081539, SBfr=1146639081499, D=20, M=1146639081511
Scheduled a DoS to fire after 466ms
DOS THREAD: SEND DoS PACKET At :1146639081501 439
Synch: Sending query: time=?;410
Received reply: time=;1146639081877;410
Synch Success: SAftr=1146639081906, SBfr=1146639081865, D=20, M=1146639081877
Scheduled a DoS to fire after 92ms
DOS THREAD: SEND DoS PACKET At :1146639082002 440
Synch: Sending query: time=?;411
Received reply: time=;1146639082251;411
Synch Success: SAftr=1146639082280, SBfr=1146639082239, D=20, M=1146639082251
Scheduled a DoS to fire after 228ms
DOS THREAD: SEND DoS PACKET At :1146639082502 441
Synch: Sending query: time=?;412
Received reply: time=;1146639082615;412
Synch Success: SAftr=1146639082643, SBfr=1146639082603, D=20, M=1146639082615
Scheduled a DoS to fire after 361ms
Synch: Sending query: time=?;413
Received reply: time=;1146639082982;413
Synch Success: SAftr=1146639083011, SBfr=1146639082970, D=20, M=1146639082982
Scheduled a DoS to fire after 497ms
DOS THREAD: SEND DoS PACKET At :1146639083003 442
Synch: Sending query: time=?;414
Received reply: time=;1146639083349;414
Synch Success: SAftr=1146639083378, SBfr=1146639083335, D=21, M=1146639083349
Scheduled a DoS to fire after 129ms
