Master Name = 128.208.1.139
Master Send Port = 20010
Slave Rcv Port = 20100
U = 200 milliseconds
k = 10
W = 500 milliseconds
Synch Frequency = 300 milliseconds
DoS Target Host Name = 24.17.85.236
DoS Target Port = 80
AttackLifetime = 5 minute(s)
Attack Mode = TCP
Synch: Sending query: time=?;1
Received reply: time=;1146638865651;1
Synch Success: SAftr=1146638865791, SBfr=1146638865605, D=93, M=1146638865651
Scheduled a DoS to fire after 166ms
DOS THREAD: SEND DoS PACKET At :1146638866002 0
Synch: Sending query: time=?;2
Received reply: time=;1146638866388;2
Synch Success: SAftr=1146638866527, SBfr=1146638866342, D=92, M=1146638866388
Scheduled a DoS to fire after 19ms
DOS THREAD: SEND DoS PACKET At :1146638866502 1
Synch: Sending query: time=?;3
Received reply: time=;1146638866968;3
Synch Success: SAftr=1146638867108, SBfr=1146638866922, D=93, M=1146638866968
Scheduled a DoS to fire after 438ms
DOS THREAD: SEND DoS PACKET At :1146638867004 1
Synch: Sending query: time=?;4
DOS THREAD: SEND DoS PACKET At :1146638867502 1
Received reply: time=;1146638867549;4
Synch Success: SAftr=1146638867688, SBfr=1146638867503, D=92, M=1146638867549
Scheduled a DoS to fire after 358ms
Synch: Sending query: time=?;5
DOS THREAD: SEND DoS PACKET At :1146638868001 1
Received reply: time=;1146638868128;5
Synch Success: SAftr=1146638868267, SBfr=1146638868082, D=92, M=1146638868128
Scheduled a DoS to fire after 278ms
Synch: Sending query: time=?;6
DOS THREAD: SEND DoS PACKET At :1146638868502 2
Received reply: time=;1146638868708;6
Synch Success: SAftr=1146638868847, SBfr=1146638868662, D=92, M=1146638868708
Scheduled a DoS to fire after 199ms
DOS THREAD: SEND DoS PACKET At :1146638869001 3
Synch: Sending query: time=?;7
Received reply: time=;1146638869287;7
Synch Success: SAftr=1146638869426, SBfr=1146638869241, D=92, M=1146638869287
Scheduled a DoS to fire after 120ms
DOS THREAD: SEND DoS PACKET At :1146638869502 4
Synch: Sending query: time=?;8
Received reply: time=;1146638869867;8
Synch Success: SAftr=1146638870006, SBfr=1146638869822, D=92, M=1146638869867
Scheduled a DoS to fire after 40ms
DOS THREAD: SEND DoS PACKET At :1146638870004 5
Synch: Sending query: time=?;9
Received reply: time=;1146638870447;9
Synch Success: SAftr=1146638870586, SBfr=1146638870401, D=92, M=1146638870447
Scheduled a DoS to fire after 460ms
DOS THREAD: SEND DoS PACKET At :1146638870505 6
Synch: Sending query: time=?;10
Received reply: time=;1146638871028;10
Synch Success: SAftr=1146638871167, SBfr=1146638870983, D=92, M=1146638871028
Scheduled a DoS to fire after 379ms
Synch: Sending query: time=?;11
DOS THREAD: SEND DoS PACKET At :1146638871502 6
Received reply: time=;1146638871652;11
Synch Success: SAftr=1146638871791, SBfr=1146638871606, D=92, M=1146638871652
Scheduled a DoS to fire after 252ms
DOS THREAD: SEND DoS PACKET At :1146638872001 6
Synch: Sending query: time=?;12
Received reply: time=;1146638872234;12
Synch Success: SAftr=1146638872374, SBfr=1146638872189, D=92, M=1146638872234
Scheduled a DoS to fire after 173ms
DOS THREAD: SEND DoS PACKET At :1146638872501 6
Synch: Sending query: time=?;13
Received reply: time=;1146638872815;13
Synch Success: SAftr=1146638872953, SBfr=1146638872769, D=92, M=1146638872815
Scheduled a DoS to fire after 92ms
DOS THREAD: SEND DoS PACKET At :1146638873001 6
Synch: Sending query: time=?;14
Received reply: time=;1146638873394;14
Synch Success: SAftr=1146638873533, SBfr=1146638873348, D=92, M=1146638873394
Scheduled a DoS to fire after 11ms
DOS THREAD: SEND DoS PACKET At :1146638873501 6
Synch: Sending query: time=?;15
Received reply: time=;1146638873977;15
Synch Success: SAftr=1146638874121, SBfr=1146638873932, D=94, M=1146638873977
Scheduled a DoS to fire after 427ms
DOS THREAD: SEND DoS PACKET At :1146638871001 7
DOS THREAD: SEND DoS PACKET At :1146638874004 7
Synch: Sending query: time=?;16
Received reply: time=;1146638874563;16
Synch Success: SAftr=1146638874711, SBfr=1146638874517, D=97, M=1146638874563
Scheduled a DoS to fire after 249ms
Synch: Sending query: time=?;17
Received reply: time=;1146638875242;17
Synch Success: SAftr=1146638875381, SBfr=1146638875196, D=92, M=1146638875242
Scheduled a DoS to fire after 165ms
DOS THREAD: SEND DoS PACKET At :1146638875502 7
Synch: Sending query: time=?;18
Received reply: time=;1146638875823;18
Synch Success: SAftr=1146638875962, SBfr=1146638875777, D=92, M=1146638875823
Scheduled a DoS to fire after 84ms
DOS THREAD: SEND DoS PACKET At :1146638876002 7
Synch: Sending query: time=?;19
Received reply: time=;1146638876403;19
Synch Success: SAftr=1146638876542, SBfr=1146638876358, D=92, M=1146638876403
Scheduled a DoS to fire after 4ms
DOS THREAD: SEND DoS PACKET At :1146638876501 7
Synch: Sending query: time=?;20
Received reply: time=;1146638876983;20
Synch Success: SAftr=1146638877122, SBfr=1146638876938, D=92, M=1146638876983
Scheduled a DoS to fire after 422ms
Synch: Sending query: time=?;21
DOS THREAD: SEND DoS PACKET At :1146638874501 7
Received reply: time=;1146638877565;21
Synch Success: SAftr=1146638877704, SBfr=1146638877520, D=92, M=1146638877565
Scheduled a DoS to fire after 342ms
Synch: Sending query: time=?;22
DOS THREAD: SEND DoS PACKET At :1146638875002 7
Received reply: time=;1146638878147;22
Synch Success: SAftr=1146638878286, SBfr=1146638878102, D=92, M=1146638878147
Scheduled a DoS to fire after 259ms
DOS THREAD: SEND DoS PACKET At :1146638878502 7
Synch: Sending query: time=?;23
Received reply: time=;1146638878737;23
Synch Success: SAftr=1146638878880, SBfr=1146638878692, D=94, M=1146638878737
Scheduled a DoS to fire after 167ms
DOS THREAD: SEND DoS PACKET At :1146638879002 7
Synch: Sending query: time=?;24
Received reply: time=;1146638879323;24
Synch Success: SAftr=1146638879461, SBfr=1146638879277, D=92, M=1146638879323
Scheduled a DoS to fire after 83ms
DOS THREAD: SEND DoS PACKET At :1146638879501 7
Synch: Sending query: time=?;25
Received reply: time=;1146638879902;25
Synch Success: SAftr=1146638880042, SBfr=1146638879857, D=92, M=1146638879902
Scheduled a DoS to fire after 482ms
DOS THREAD: SEND DoS PACKET At :1146638880003 7
DOS THREAD: SEND DoS PACKET At :1146638877002 7
Synch: Sending query: time=?;26
Received reply: time=;1146638880506;26
Synch Success: SAftr=1146638880646, SBfr=1146638880460, D=93, M=1146638880506
Scheduled a DoS to fire after 400ms
DOS THREAD: SEND DoS PACKET At :1146638880502 7
DOS THREAD: SEND DoS PACKET At :1146638877501 8
Synch: Sending query: time=?;27
DOS THREAD: SEND DoS PACKET At :1146638881001 8
DOS THREAD: SEND DoS PACKET At :1146638878001 9
Received reply: time=;1146638881086;27
Synch Success: SAftr=1146638881225, SBfr=1146638881040, D=92, M=1146638881086
Scheduled a DoS to fire after 320ms
Synch: Sending query: time=?;28
DOS THREAD: SEND DoS PACKET At :1146638881502 9
Received reply: time=;1146638881667;28
Synch Success: SAftr=1146638881808, SBfr=1146638881622, D=93, M=1146638881667
Scheduled a DoS to fire after 239ms
DOS THREAD: SEND DoS PACKET At :1146638882001 9
Synch: Sending query: time=?;29
Received reply: time=;1146638882249;29
Synch Success: SAftr=1146638882388, SBfr=1146638882204, D=92, M=1146638882249
Scheduled a DoS to fire after 158ms
DOS THREAD: SEND DoS PACKET At :1146638882502 10
Synch: Sending query: time=?;30
Received reply: time=;1146638882829;30
Synch Success: SAftr=1146638882978, SBfr=1146638882783, D=97, M=1146638882829
Scheduled a DoS to fire after 70ms
DOS THREAD: SEND DoS PACKET At :1146638883001 10
Synch: Sending query: time=?;31
Received reply: time=;1146638883421;31
Synch Success: SAftr=1146638883559, SBfr=1146638883375, D=92, M=1146638883421
Scheduled a DoS to fire after 486ms
DOS THREAD: SEND DoS PACKET At :1146638883502 10
Synch: Sending query: time=?;32
Received reply: time=;1146638884001;32
Synch Success: SAftr=1146638884143, SBfr=1146638883954, D=94, M=1146638884001
Scheduled a DoS to fire after 403ms
DOS THREAD: SEND DoS PACKET At :1146638884001 10
Synch: Sending query: time=?;33
DOS THREAD: SEND DoS PACKET At :1146638884501 10
Received reply: time=;1146638884583;33
Synch Success: SAftr=1146638884722, SBfr=1146638884538, D=92, M=1146638884583
Scheduled a DoS to fire after 323ms
Synch: Sending query: time=?;34
DOS THREAD: SEND DoS PACKET At :1146638885002 11
Received reply: time=;1146638885164;34
Synch Success: SAftr=1146638885304, SBfr=1146638885118, D=93, M=1146638885164
Scheduled a DoS to fire after 240ms
DOS THREAD: SEND DoS PACKET At :1146638885501 11
Synch: Sending query: time=?;35
Received reply: time=;1146638885746;35
Synch Success: SAftr=1146638885885, SBfr=1146638885701, D=92, M=1146638885746
Scheduled a DoS to fire after 159ms
DOS THREAD: SEND DoS PACKET At :1146638886002 12
Synch: Sending query: time=?;36
Received reply: time=;1146638886328;36
Synch Success: SAftr=1146638886467, SBfr=1146638886282, D=92, M=1146638886328
Scheduled a DoS to fire after 77ms
DOS THREAD: SEND DoS PACKET At :1146638886502 13
Synch: Sending query: time=?;37
Received reply: time=;1146638886911;37
Synch Success: SAftr=1146638887051, SBfr=1146638886865, D=93, M=1146638886911
Scheduled a DoS to fire after 492ms
DOS THREAD: SEND DoS PACKET At :1146638887005 14
Synch: Sending query: time=?;38
Received reply: time=;1146638887494;38
Synch Success: SAftr=1146638887633, SBfr=1146638887448, D=92, M=1146638887494
Scheduled a DoS to fire after 413ms
DOS THREAD: SEND DoS PACKET At :1146638887501 15
Synch: Sending query: time=?;39
DOS THREAD: SEND DoS PACKET At :1146638888001 16
Received reply: time=;1146638888075;39
Synch Success: SAftr=1146638888214, SBfr=1146638888029, D=92, M=1146638888075
Scheduled a DoS to fire after 331ms
Synch: Sending query: time=?;40
DOS THREAD: SEND DoS PACKET At :1146638888501 17
Received reply: time=;1146638888662;40
Synch Success: SAftr=1146638888800, SBfr=1146638888616, D=92, M=1146638888662
Scheduled a DoS to fire after 245ms
DOS THREAD: SEND DoS PACKET At :1146638889001 18
Synch: Sending query: time=?;41
Received reply: time=;1146638889241;41
Synch Success: SAftr=1146638889389, SBfr=1146638889195, D=97, M=1146638889241
Scheduled a DoS to fire after 159ms
DOS THREAD: SEND DoS PACKET At :1146638889501 19
Synch: Sending query: time=?;42
Received reply: time=;1146638889831;42
Synch Success: SAftr=1146638889969, SBfr=1146638889785, D=92, M=1146638889831
Scheduled a DoS to fire after 75ms
DOS THREAD: SEND DoS PACKET At :1146638890002 20
Synch: Sending query: time=?;43
Received reply: time=;1146638890415;43
Synch Success: SAftr=1146638890554, SBfr=1146638890369, D=92, M=1146638890415
Scheduled a DoS to fire after 491ms
DOS THREAD: SEND DoS PACKET At :1146638890503 21
Synch: Sending query: time=?;44
Received reply: time=;1146638890995;44
Synch Success: SAftr=1146638891134, SBfr=1146638890949, D=92, M=1146638890995
Scheduled a DoS to fire after 411ms
DOS THREAD: SEND DoS PACKET At :1146638891001 22
Synch: Sending query: time=?;45
DOS THREAD: SEND DoS PACKET At :1146638891501 23
Received reply: time=;1146638891577;45
Synch Success: SAftr=1146638891716, SBfr=1146638891531, D=92, M=1146638891577
Scheduled a DoS to fire after 329ms
Synch: Sending query: time=?;46
DOS THREAD: SEND DoS PACKET At :1146638892001 23
Received reply: time=;1146638892158;46
Synch Success: SAftr=1146638892297, SBfr=1146638892111, D=93, M=1146638892158
Scheduled a DoS to fire after 246ms
DOS THREAD: SEND DoS PACKET At :1146638892502 23
Synch: Sending query: time=?;47
Received reply: time=;1146638892739;47
Synch Success: SAftr=1146638892878, SBfr=1146638892693, D=92, M=1146638892739
Scheduled a DoS to fire after 168ms
DOS THREAD: SEND DoS PACKET At :1146638893003 23
Synch: Sending query: time=?;48
Received reply: time=;1146638893318;48
Synch Success: SAftr=1146638893457, SBfr=1146638893272, D=92, M=1146638893318
Scheduled a DoS to fire after 88ms
DOS THREAD: SEND DoS PACKET At :1146638893501 23
Synch: Sending query: time=?;49
Received reply: time=;1146638893910;49
Synch Success: SAftr=1146638894048, SBfr=1146638893864, D=92, M=1146638893910
Scheduled a DoS to fire after 496ms
DOS THREAD: SEND DoS PACKET At :1146638894002 23
Synch: Sending query: time=?;50
Received reply: time=;1146638894490;50
Synch Success: SAftr=1146638894629, SBfr=1146638894445, D=92, M=1146638894490
Scheduled a DoS to fire after 416ms
DOS THREAD: SEND DoS PACKET At :1146638894501 23
Synch: Sending query: time=?;51
DOS THREAD: SEND DoS PACKET At :1146638895002 23
Received reply: time=;1146638895070;51
Synch Success: SAftr=1146638895209, SBfr=1146638895024, D=92, M=1146638895070
Scheduled a DoS to fire after 337ms
Synch: Sending query: time=?;52
DOS THREAD: SEND DoS PACKET At :1146638895502 23
Received reply: time=;1146638895651;52
Synch Success: SAftr=1146638895791, SBfr=1146638895605, D=93, M=1146638895651
Scheduled a DoS to fire after 224ms
DOS THREAD: SEND DoS PACKET At :1146638896002 23
Synch: Sending query: time=?;53
Received reply: time=;1146638896261;53
Synch Success: SAftr=1146638896400, SBfr=1146638896216, D=92, M=1146638896261
Scheduled a DoS to fire after 146ms
DOS THREAD: SEND DoS PACKET At :1146638896501 24
Synch: Sending query: time=?;54
Received reply: time=;1146638896842;54
Synch Success: SAftr=1146638896982, SBfr=1146638896797, D=92, M=1146638896842
Scheduled a DoS to fire after 64ms
Synch: Sending query: time=?;55
Received reply: time=;1146638897423;55
Synch Success: SAftr=1146638897561, SBfr=1146638897377, D=92, M=1146638897423
Scheduled a DoS to fire after 484ms
Synch: Sending query: time=?;56
Received reply: time=;1146638898002;56
Synch Success: SAftr=1146638898140, SBfr=1146638897956, D=92, M=1146638898002
Scheduled a DoS to fire after 404ms
DOS THREAD: SEND DoS PACKET At :1146638898002 25
Synch: Sending query: time=?;57
DOS THREAD: SEND DoS PACKET At :1146638898501 26
Received reply: time=;1146638898581;57
Synch Success: SAftr=1146638898719, SBfr=1146638898535, D=92, M=1146638898581
Scheduled a DoS to fire after 325ms
Synch: Sending query: time=?;58
DOS THREAD: SEND DoS PACKET At :1146638899002 27
Received reply: time=;1146638899160;58
Synch Success: SAftr=1146638899299, SBfr=1146638899115, D=92, M=1146638899160
Scheduled a DoS to fire after 247ms
Synch: Sending query: time=?;59
DOS THREAD: SEND DoS PACKET At :1146638899502 27
Received reply: time=;1146638899750;59
Synch Success: SAftr=1146638899889, SBfr=1146638899704, D=92, M=1146638899750
Scheduled a DoS to fire after 157ms
DOS THREAD: SEND DoS PACKET At :1146638897001 27
DOS THREAD: SEND DoS PACKET At :1146638900002 28
Synch: Sending query: time=?;60
Received reply: time=;1146638900333;60
Synch Success: SAftr=1146638900472, SBfr=1146638900287, D=92, M=1146638900333
Scheduled a DoS to fire after 74ms
DOS THREAD: SEND DoS PACKET At :1146638900501 29
Synch: Sending query: time=?;61
Received reply: time=;1146638900913;61
Synch Success: SAftr=1146638901059, SBfr=1146638900867, D=96, M=1146638900913
Scheduled a DoS to fire after 490ms
DOS THREAD: SEND DoS PACKET At :1146638901003 29
Synch: Sending query: time=?;62
Received reply: time=;1146638901499;62
Synch Success: SAftr=1146638901638, SBfr=1146638901453, D=92, M=1146638901499
Scheduled a DoS to fire after 408ms
DOS THREAD: SEND DoS PACKET At :1146638901507 30
Synch: Sending query: time=?;63
DOS THREAD: SEND DoS PACKET At :1146638902002 30
Received reply: time=;1146638902079;63
Synch Success: SAftr=1146638902218, SBfr=1146638902033, D=92, M=1146638902079
Scheduled a DoS to fire after 317ms
Synch: Sending query: time=?;64
Received reply: time=;1146638902670;64
Synch Success: SAftr=1146638902809, SBfr=1146638902625, D=92, M=1146638902670
Scheduled a DoS to fire after 237ms
DOS THREAD: SEND DoS PACKET At :1146638903002 30
Synch: Sending query: time=?;65
Received reply: time=;1146638903249;65
Synch Success: SAftr=1146638903388, SBfr=1146638903204, D=92, M=1146638903249
Scheduled a DoS to fire after 158ms
DOS THREAD: SEND DoS PACKET At :1146638903502 31
Synch: Sending query: time=?;66
Received reply: time=;1146638903829;66
Synch Success: SAftr=1146638903968, SBfr=1146638903784, D=92, M=1146638903829
Scheduled a DoS to fire after 78ms
DOS THREAD: SEND DoS PACKET At :1146638904001 31
Synch: Sending query: time=?;67
Received reply: time=;1146638904410;67
Synch Success: SAftr=1146638904549, SBfr=1146638904364, D=92, M=1146638904410
Scheduled a DoS to fire after 495ms
DOS THREAD: SEND DoS PACKET At :1146638904503 31
Synch: Sending query: time=?;68
Received reply: time=;1146638904991;68
Synch Success: SAftr=1146638905130, SBfr=1146638904945, D=92, M=1146638904991
Scheduled a DoS to fire after 415ms
DOS THREAD: SEND DoS PACKET At :1146638905009 31
Synch: Sending query: time=?;69
DOS THREAD: SEND DoS PACKET At :1146638905501 31
DOS THREAD: SEND DoS PACKET At :1146638902502 31
Received reply: time=;1146638905578;69
Synch Success: SAftr=1146638905716, SBfr=1146638905532, D=92, M=1146638905578
Scheduled a DoS to fire after 325ms
Synch: Sending query: time=?;70
DOS THREAD: SEND DoS PACKET At :1146638906001 31
Received reply: time=;1146638906161;70
Synch Success: SAftr=1146638906300, SBfr=1146638906115, D=92, M=1146638906161
Scheduled a DoS to fire after 242ms
DOS THREAD: SEND DoS PACKET At :1146638906502 31
Synch: Sending query: time=?;71
Received reply: time=;1146638906746;71
Synch Success: SAftr=1146638906885, SBfr=1146638906700, D=92, M=1146638906746
Scheduled a DoS to fire after 158ms
DOS THREAD: SEND DoS PACKET At :1146638907001 32
Synch: Sending query: time=?;72
Received reply: time=;1146638907329;72
Synch Success: SAftr=1146638907468, SBfr=1146638907284, D=92, M=1146638907329
Scheduled a DoS to fire after 78ms
DOS THREAD: SEND DoS PACKET At :1146638907508 32
Synch: Sending query: time=?;73
Received reply: time=;1146638907912;73
Synch Success: SAftr=1146638908051, SBfr=1146638907867, D=92, M=1146638907912
Scheduled a DoS to fire after 474ms
DOS THREAD: SEND DoS PACKET At :1146638908019 32
Synch: Sending query: time=?;74
Received reply: time=;1146638908516;74
Synch Success: SAftr=1146638908655, SBfr=1146638908471, D=92, M=1146638908516
Scheduled a DoS to fire after 390ms
Synch: Sending query: time=?;75
DOS THREAD: SEND DoS PACKET At :1146638909001 32
Received reply: time=;1146638909097;75
Synch Success: SAftr=1146638909239, SBfr=1146638909050, D=94, M=1146638909097
Scheduled a DoS to fire after 308ms
Synch: Sending query: time=?;76
DOS THREAD: SEND DoS PACKET At :1146638909501 32
Received reply: time=;1146638909688;76
Synch Success: SAftr=1146638909827, SBfr=1146638909643, D=92, M=1146638909688
Scheduled a DoS to fire after 219ms
DOS THREAD: SEND DoS PACKET At :1146638910002 33
Synch: Sending query: time=?;77
Received reply: time=;1146638910275;77
Synch Success: SAftr=1146638910414, SBfr=1146638910223, D=95, M=1146638910275
Scheduled a DoS to fire after 129ms
Synch: Sending query: time=?;78
Received reply: time=;1146638910860;78
Synch Success: SAftr=1146638910999, SBfr=1146638910815, D=92, M=1146638910860
Scheduled a DoS to fire after 38ms
DOS THREAD: SEND DoS PACKET At :1146638911002 33
Synch: Sending query: time=?;79
Received reply: time=;1146638911448;79
Synch Success: SAftr=1146638911589, SBfr=1146638911403, D=93, M=1146638911448
Scheduled a DoS to fire after 458ms
DOS THREAD: SEND DoS PACKET At :1146638908501 34
Synch: Sending query: time=?;80
Received reply: time=;1146638912029;80
DOS THREAD: SEND DoS PACKET At :1146638912001 34
Synch Success: SAftr=1146638912167, SBfr=1146638911983, D=92, M=1146638912029
Scheduled a DoS to fire after 378ms
Synch: Sending query: time=?;81
DOS THREAD: SEND DoS PACKET At :1146638912505 34
Received reply: time=;1146638912608;81
Synch Success: SAftr=1146638912747, SBfr=1146638912563, D=92, M=1146638912608
Scheduled a DoS to fire after 299ms
Synch: Sending query: time=?;82
DOS THREAD: SEND DoS PACKET At :1146638913001 34
Received reply: time=;1146638913188;82
Synch Success: SAftr=1146638913327, SBfr=1146638913143, D=92, M=1146638913188
Scheduled a DoS to fire after 216ms
DOS THREAD: SEND DoS PACKET At :1146638913501 35
Synch: Sending query: time=?;83
Received reply: time=;1146638913770;83
Synch Success: SAftr=1146638913917, SBfr=1146638913724, D=96, M=1146638913770
Scheduled a DoS to fire after 25ms
DOS THREAD: SEND DoS PACKET At :1146638914001 36
Synch: Sending query: time=?;84
Received reply: time=;1146638914467;84
Synch Success: SAftr=1146638914606, SBfr=1146638914422, D=92, M=1146638914467
Scheduled a DoS to fire after 440ms
DOS THREAD: SEND DoS PACKET At :1146638911503 37
DOS THREAD: SEND DoS PACKET At :1146638914509 38
Synch: Sending query: time=?;85
DOS THREAD: SEND DoS PACKET At :1146638915001 39
Received reply: time=;1146638915047;85
Synch Success: SAftr=1146638915204, SBfr=1146638915002, D=101, M=1146638915047
Scheduled a DoS to fire after 352ms
Synch: Sending query: time=?;86
DOS THREAD: SEND DoS PACKET At :1146638915501 40
Received reply: time=;1146638915644;86
Synch Success: SAftr=1146638915783, SBfr=1146638915598, D=92, M=1146638915644
Scheduled a DoS to fire after 246ms
DOS THREAD: SEND DoS PACKET At :1146638916002 41
Synch: Sending query: time=?;87
Received reply: time=;1146638916241;87
Synch Success: SAftr=1146638916380, SBfr=1146638916195, D=92, M=1146638916241
Scheduled a DoS to fire after 163ms
DOS THREAD: SEND DoS PACKET At :1146638916502 42
Synch: Sending query: time=?;88
Received reply: time=;1146638916831;88
Synch Success: SAftr=1146638916970, SBfr=1146638916785, D=92, M=1146638916831
Scheduled a DoS to fire after 72ms
DOS THREAD: SEND DoS PACKET At :1146638917003 42
Synch: Sending query: time=?;89
Received reply: time=;1146638917418;89
Synch Success: SAftr=1146638917558, SBfr=1146638917372, D=93, M=1146638917418
Scheduled a DoS to fire after 483ms
DOS THREAD: SEND DoS PACKET At :1146638917510 43
Synch: Sending query: time=?;90
Received reply: time=;1146638918004;90
Synch Success: SAftr=1146638918146, SBfr=1146638917958, D=94, M=1146638918004
Scheduled a DoS to fire after 398ms
DOS THREAD: SEND DoS PACKET At :1146638918002 44
Synch: Sending query: time=?;91
DOS THREAD: SEND DoS PACKET At :1146638918503 45
Received reply: time=;1146638918591;91
Synch Success: SAftr=1146638918764, SBfr=1146638918545, D=109, M=1146638918591
Scheduled a DoS to fire after 291ms
Synch: Sending query: time=?;92
Received reply: time=;1146638919212;92
Synch Success: SAftr=1146638919351, SBfr=1146638919167, D=92, M=1146638919212
Scheduled a DoS to fire after 194ms
DOS THREAD: SEND DoS PACKET At :1146638919502 45
DOS THREAD: SEND DoS PACKET At :1146638910502 46
Synch: Sending query: time=?;93
Received reply: time=;1146638919792;93
Synch Success: SAftr=1146638919931, SBfr=1146638919747, D=92, M=1146638919792
Scheduled a DoS to fire after 115ms
DOS THREAD: SEND DoS PACKET At :1146638920002 46
Synch: Sending query: time=?;94
Received reply: time=;1146638920371;94
Synch Success: SAftr=1146638920511, SBfr=1146638920325, D=93, M=1146638920371
Scheduled a DoS to fire after 34ms
DOS THREAD: SEND DoS PACKET At :1146638920501 46
Synch: Sending query: time=?;95
Received reply: time=;1146638920954;95
Synch Success: SAftr=1146638921093, SBfr=1146638920907, D=93, M=1146638920954
Scheduled a DoS to fire after 452ms
DOS THREAD: SEND DoS PACKET At :1146638921002 46
Synch: Sending query: time=?;96
DOS THREAD: SEND DoS PACKET At :1146638921502 46
Received reply: time=;1146638921534;96
Synch Success: SAftr=1146638921672, SBfr=1146638921488, D=92, M=1146638921534
Scheduled a DoS to fire after 371ms
Synch: Sending query: time=?;97
DOS THREAD: SEND DoS PACKET At :1146638919002 47
DOS THREAD: SEND DoS PACKET At :1146638922002 47
Received reply: time=;1146638922114;97
Synch Success: SAftr=1146638922253, SBfr=1146638922069, D=92, M=1146638922114
Scheduled a DoS to fire after 293ms
Synch: Sending query: time=?;98
DOS THREAD: SEND DoS PACKET At :1146638922501 47
Received reply: time=;1146638922694;98
Synch Success: SAftr=1146638922833, SBfr=1146638922648, D=92, M=1146638922694
Scheduled a DoS to fire after 213ms
DOS THREAD: SEND DoS PACKET At :1146638923001 47
Synch: Sending query: time=?;99
Received reply: time=;1146638923273;99
Synch Success: SAftr=1146638923420, SBfr=1146638923228, D=96, M=1146638923273
Scheduled a DoS to fire after 125ms
DOS THREAD: SEND DoS PACKET At :1146638923502 47
Synch: Sending query: time=?;100
Received reply: time=;1146638923866;100
Synch Success: SAftr=1146638924007, SBfr=1146638923821, D=93, M=1146638923866
Scheduled a DoS to fire after 38ms
DOS THREAD: SEND DoS PACKET At :1146638924002 47
Synch: Sending query: time=?;101
Received reply: time=;1146638924450;101
Synch Success: SAftr=1146638924590, SBfr=1146638924405, D=92, M=1146638924450
Scheduled a DoS to fire after 457ms
DOS THREAD: SEND DoS PACKET At :1146638924503 47
Synch: Sending query: time=?;102
Received reply: time=;1146638925031;102
Synch Success: SAftr=1146638925169, SBfr=1146638924985, D=92, M=1146638925031
Scheduled a DoS to fire after 372ms
DOS THREAD: SEND DoS PACKET At :1146638925002 47
Synch: Sending query: time=?;103
DOS THREAD: SEND DoS PACKET At :1146638925502 48
Received reply: time=;1146638925613;103
Synch Success: SAftr=1146638925753, SBfr=1146638925568, D=92, M=1146638925613
Scheduled a DoS to fire after 294ms
Synch: Sending query: time=?;104
DOS THREAD: SEND DoS PACKET At :1146638926001 48
Received reply: time=;1146638926193;104
Synch Success: SAftr=1146638926332, SBfr=1146638926148, D=92, M=1146638926193
Scheduled a DoS to fire after 214ms
DOS THREAD: SEND DoS PACKET At :1146638926501 48
Synch: Sending query: time=?;105
Received reply: time=;1146638926774;105
Synch Success: SAftr=1146638926914, SBfr=1146638926728, D=93, M=1146638926774
Scheduled a DoS to fire after 132ms
DOS THREAD: SEND DoS PACKET At :1146638927003 48
Synch: Sending query: time=?;106
Received reply: time=;1146638927356;106
Synch Success: SAftr=1146638927494, SBfr=1146638927309, D=92, M=1146638927356
Scheduled a DoS to fire after 50ms
Synch: Sending query: time=?;107
Received reply: time=;1146638927939;107
Synch Success: SAftr=1146638928078, SBfr=1146638927894, D=92, M=1146638927939
Scheduled a DoS to fire after 465ms
Synch: Sending query: time=?;108
Received reply: time=;1146638928526;108
Synch Success: SAftr=1146638928665, SBfr=1146638928481, D=92, M=1146638928526
Scheduled a DoS to fire after 381ms
Synch: Sending query: time=?;109
Received reply: time=;1146638929105;109
Synch Success: SAftr=1146638929244, SBfr=1146638929060, D=92, M=1146638929105
Scheduled a DoS to fire after 302ms
Synch: Sending query: time=?;110
DOS THREAD: SEND DoS PACKET At :1146638929502 48
Received reply: time=;1146638929684;110
Synch Success: SAftr=1146638929823, SBfr=1146638929638, D=92, M=1146638929684
Scheduled a DoS to fire after 223ms
DOS THREAD: SEND DoS PACKET At :1146638930002 48
Synch: Sending query: time=?;111
Received reply: time=;1146638930262;111
Synch Success: SAftr=1146638930401, SBfr=1146638930217, D=92, M=1146638930262
Scheduled a DoS to fire after 144ms
Synch: Sending query: time=?;112
Received reply: time=;1146638930843;112
Synch Success: SAftr=1146638930982, SBfr=1146638930798, D=92, M=1146638930843
Scheduled a DoS to fire after 64ms
DOS THREAD: SEND DoS PACKET At :1146638931001 48
Synch: Sending query: time=?;113
Received reply: time=;1146638931426;113
Synch Success: SAftr=1146638931565, SBfr=1146638931380, D=92, M=1146638931426
Scheduled a DoS to fire after 480ms
DOS THREAD: SEND DoS PACKET At :1146638931502 48
DOS THREAD: SEND DoS PACKET At :1146638928501 48
Synch: Sending query: time=?;114
Received reply: time=;1146638932006;114
Synch Success: SAftr=1146638932146, SBfr=1146638931960, D=93, M=1146638932006
Scheduled a DoS to fire after 399ms
Synch: Sending query: time=?;115
DOS THREAD: SEND DoS PACKET At :1146638932502 48
Received reply: time=;1146638932590;115
Synch Success: SAftr=1146638932728, SBfr=1146638932544, D=92, M=1146638932590
Scheduled a DoS to fire after 317ms
Synch: Sending query: time=?;116
DOS THREAD: SEND DoS PACKET At :1146638933003 49
Received reply: time=;1146638933169;116
Synch Success: SAftr=1146638933308, SBfr=1146638933123, D=92, M=1146638933169
Scheduled a DoS to fire after 238ms
Synch: Sending query: time=?;117
Received reply: time=;1146638933755;117
Synch Success: SAftr=1146638933894, SBfr=1146638933709, D=92, M=1146638933755
Scheduled a DoS to fire after 152ms
DOS THREAD: SEND DoS PACKET At :1146638934002 49
Synch: Sending query: time=?;118
Received reply: time=;1146638934335;118
Synch Success: SAftr=1146638934474, SBfr=1146638934290, D=92, M=1146638934335
Scheduled a DoS to fire after 72ms
Synch: Sending query: time=?;119
Received reply: time=;1146638934916;119
Synch Success: SAftr=1146638935062, SBfr=1146638934871, D=95, M=1146638934916
Scheduled a DoS to fire after 487ms
Synch: Sending query: time=?;120
Received reply: time=;1146638935504;120
Synch Success: SAftr=1146638935644, SBfr=1146638935459, D=92, M=1146638935504
Scheduled a DoS to fire after 400ms
DOS THREAD: SEND DoS PACKET At :1146638935503 49
Synch: Sending query: time=?;121
DOS THREAD: SEND DoS PACKET At :1146638936003 49
Received reply: time=;1146638936088;121
Synch Success: SAftr=1146638936228, SBfr=1146638936041, D=93, M=1146638936088
Scheduled a DoS to fire after 317ms
Synch: Sending query: time=?;122
DOS THREAD: SEND DoS PACKET At :1146638933502 50
DOS THREAD: SEND DoS PACKET At :1146638927508 50
Received reply: time=;1146638936669;122
Synch Success: SAftr=1146638936807, SBfr=1146638936623, D=92, M=1146638936669
Scheduled a DoS to fire after 237ms
DOS THREAD: SEND DoS PACKET At :1146638937001 50
Synch: Sending query: time=?;123
Received reply: time=;1146638937250;123
Synch Success: SAftr=1146638937390, SBfr=1146638937204, D=93, M=1146638937250
Scheduled a DoS to fire after 154ms
Synch: Sending query: time=?;124
Received reply: time=;1146638937832;124
Synch Success: SAftr=1146638937971, SBfr=1146638937787, D=92, M=1146638937832
Scheduled a DoS to fire after 75ms
Synch: Sending query: time=?;125
Received reply: time=;1146638938411;125
Synch Success: SAftr=1146638938550, SBfr=1146638938365, D=92, M=1146638938411
Scheduled a DoS to fire after 496ms
Synch: Sending query: time=?;126
Received reply: time=;1146638938994;126
Synch Success: SAftr=1146638939132, SBfr=1146638938949, D=91, M=1146638938994
Scheduled a DoS to fire after 414ms
DOS THREAD: SEND DoS PACKET At :1146638939001 50
Synch: Sending query: time=?;127
DOS THREAD: SEND DoS PACKET At :1146638936501 51
DOS THREAD: SEND DoS PACKET At :1146638930502 51
Received reply: time=;1146638939574;127
Synch Success: SAftr=1146638939713, SBfr=1146638939529, D=92, M=1146638939574
Scheduled a DoS to fire after 333ms
Synch: Sending query: time=?;128
Received reply: time=;1146638940156;128
Synch Success: SAftr=1146638940295, SBfr=1146638940111, D=92, M=1146638940156
Scheduled a DoS to fire after 251ms
DOS THREAD: SEND DoS PACKET At :1146638940502 51
Synch: Sending query: time=?;129
Received reply: time=;1146638940739;129
Synch Success: SAftr=1146638940879, SBfr=1146638940694, D=92, M=1146638940739
Scheduled a DoS to fire after 168ms
DOS THREAD: SEND DoS PACKET At :1146638929001 52
DOS THREAD: SEND DoS PACKET At :1146638932001 52
DOS THREAD: SEND DoS PACKET At :1146638941001 52
DOS THREAD: SEND DoS PACKET At :1146638938002 52
Synch: Sending query: time=?;130
Received reply: time=;1146638941320;130
Synch Success: SAftr=1146638941459, SBfr=1146638941274, D=92, M=1146638941320
Scheduled a DoS to fire after 87ms
Synch: Sending query: time=?;131
Received reply: time=;1146638941900;131
Synch Success: SAftr=1146638942039, SBfr=1146638941855, D=92, M=1146638941900
Scheduled a DoS to fire after 7ms
DOS THREAD: SEND DoS PACKET At :1146638942001 53
Synch: Sending query: time=?;132
Received reply: time=;1146638942481;132
Synch Success: SAftr=1146638942619, SBfr=1146638942436, D=91, M=1146638942481
Scheduled a DoS to fire after 426ms
DOS THREAD: SEND DoS PACKET At :1146638939502 53
DOS THREAD: SEND DoS PACKET At :1146638942503 53
Synch: Sending query: time=?;133
DOS THREAD: SEND DoS PACKET At :1146638943001 53
DOS THREAD: SEND DoS PACKET At :1146638940002 53
Received reply: time=;1146638943060;133
Synch Success: SAftr=1146638943198, SBfr=1146638943014, D=92, M=1146638943060
Scheduled a DoS to fire after 343ms
Synch: Sending query: time=?;134
DOS THREAD: SEND DoS PACKET At :1146638943502 54
DOS THREAD: SEND DoS PACKET At :1146638934501 54
Received reply: time=;1146638943643;134
Synch Success: SAftr=1146638943781, SBfr=1146638943597, D=92, M=1146638943643
Scheduled a DoS to fire after 264ms
DOS THREAD: SEND DoS PACKET At :1146638944002 54
Synch: Sending query: time=?;135
Received reply: time=;1146638944222;135
Synch Success: SAftr=1146638944361, SBfr=1146638944176, D=92, M=1146638944222
Scheduled a DoS to fire after 185ms
DOS THREAD: SEND DoS PACKET At :1146638941501 54
DOS THREAD: SEND DoS PACKET At :1146638944502 54
Synch: Sending query: time=?;136
Received reply: time=;1146638944802;136
Synch Success: SAftr=1146638944941, SBfr=1146638944756, D=92, M=1146638944802
Scheduled a DoS to fire after 105ms
DOS THREAD: SEND DoS PACKET At :1146638945001 54
Synch: Sending query: time=?;137
Received reply: time=;1146638945381;137
Synch Success: SAftr=1146638945519, SBfr=1146638945335, D=92, M=1146638945381
Scheduled a DoS to fire after 25ms
DOS THREAD: SEND DoS PACKET At :1146638945501 54
Synch: Sending query: time=?;138
Received reply: time=;1146638945961;138
Synch Success: SAftr=1146638946100, SBfr=1146638945915, D=92, M=1146638945961
Scheduled a DoS to fire after 446ms
DOS THREAD: SEND DoS PACKET At :1146638946002 54
Synch: Sending query: time=?;139
DOS THREAD: SEND DoS PACKET At :1146638946502 54
DOS THREAD: SEND DoS PACKET At :1146638937501 55
Received reply: time=;1146638946543;139
Synch Success: SAftr=1146638946683, SBfr=1146638946498, D=92, M=1146638946543
Scheduled a DoS to fire after 364ms
Synch: Sending query: time=?;140
DOS THREAD: SEND DoS PACKET At :1146638947001 55
Received reply: time=;1146638947125;140
Synch Success: SAftr=1146638947264, SBfr=1146638947079, D=92, M=1146638947125
Scheduled a DoS to fire after 281ms
Synch: Sending query: time=?;141
DOS THREAD: SEND DoS PACKET At :1146638947501 55
Received reply: time=;1146638947710;141
Synch Success: SAftr=1146638947849, SBfr=1146638947665, D=92, M=1146638947710
Scheduled a DoS to fire after 196ms
DOS THREAD: SEND DoS PACKET At :1146638948001 56
Synch: Sending query: time=?;142
Received reply: time=;1146638948290;142
Synch Success: SAftr=1146638948429, SBfr=1146638948244, D=92, M=1146638948290
Scheduled a DoS to fire after 117ms
DOS THREAD: SEND DoS PACKET At :1146638948502 57
Synch: Sending query: time=?;143
Received reply: time=;1146638948882;143
Synch Success: SAftr=1146638949021, SBfr=1146638948826, D=97, M=1146638948882
Scheduled a DoS to fire after 18ms
DOS THREAD: SEND DoS PACKET At :1146638949001 57
Synch: Sending query: time=?;144
Received reply: time=;1146638949463;144
Synch Success: SAftr=1146638949603, SBfr=1146638949417, D=93, M=1146638949463
Scheduled a DoS to fire after 443ms
DOS THREAD: SEND DoS PACKET At :1146638949502 57
Synch: Sending query: time=?;145
DOS THREAD: SEND DoS PACKET At :1146638950001 57
Received reply: time=;1146638950043;145
Synch Success: SAftr=1146638950183, SBfr=1146638949997, D=93, M=1146638950043
Scheduled a DoS to fire after 360ms
Synch: Sending query: time=?;146
DOS THREAD: SEND DoS PACKET At :1146638950501 57
Received reply: time=;1146638950640;146
Synch Success: SAftr=1146638950779, SBfr=1146638950595, D=92, M=1146638950640
Scheduled a DoS to fire after 266ms
DOS THREAD: SEND DoS PACKET At :1146638951001 57
Synch: Sending query: time=?;147
Received reply: time=;1146638951221;147
Synch Success: SAftr=1146638951360, SBfr=1146638951175, D=92, M=1146638951221
Scheduled a DoS to fire after 184ms
DOS THREAD: SEND DoS PACKET At :1146638951502 58
Synch: Sending query: time=?;148
Received reply: time=;1146638951807;148
Synch Success: SAftr=1146638951947, SBfr=1146638951762, D=92, M=1146638951807
Scheduled a DoS to fire after 100ms
DOS THREAD: SEND DoS PACKET At :1146638952002 58
Synch: Sending query: time=?;149
Received reply: time=;1146638952387;149
Synch Success: SAftr=1146638952526, SBfr=1146638952342, D=92, M=1146638952387
Scheduled a DoS to fire after 20ms
DOS THREAD: SEND DoS PACKET At :1146638952502 58
Synch: Sending query: time=?;150
Received reply: time=;1146638952967;150
Synch Success: SAftr=1146638953105, SBfr=1146638952921, D=92, M=1146638952967
Scheduled a DoS to fire after 440ms
DOS THREAD: SEND DoS PACKET At :1146638953003 59
Synch: Sending query: time=?;151
Received reply: time=;1146638953546;151
Synch Success: SAftr=1146638953686, SBfr=1146638953501, D=92, M=1146638953546
Scheduled a DoS to fire after 361ms
Synch: Sending query: time=?;152
DOS THREAD: SEND DoS PACKET At :1146638954001 59
Received reply: time=;1146638954127;152
Synch Success: SAftr=1146638954266, SBfr=1146638954081, D=92, M=1146638954127
Scheduled a DoS to fire after 280ms
Synch: Sending query: time=?;153
Received reply: time=;1146638954707;153
Synch Success: SAftr=1146638954845, SBfr=1146638954661, D=92, M=1146638954707
Scheduled a DoS to fire after 198ms
DOS THREAD: SEND DoS PACKET At :1146638955002 59
Synch: Sending query: time=?;154
Received reply: time=;1146638955287;154
Synch Success: SAftr=1146638955426, SBfr=1146638955242, D=92, M=1146638955287
Scheduled a DoS to fire after 120ms
DOS THREAD: SEND DoS PACKET At :1146638955501 59
Synch: Sending query: time=?;155
Received reply: time=;1146638955865;155
Synch Success: SAftr=1146638956004, SBfr=1146638955820, D=92, M=1146638955865
Scheduled a DoS to fire after 22ms
DOS THREAD: SEND DoS PACKET At :1146638956011 60
Synch: Sending query: time=?;156
Received reply: time=;1146638956465;156
Synch Success: SAftr=1146638956603, SBfr=1146638956419, D=92, M=1146638956465
Scheduled a DoS to fire after 432ms
DOS THREAD: SEND DoS PACKET At :1146638953501 60
DOS THREAD: SEND DoS PACKET At :1146638956512 60
Synch: Sending query: time=?;157
DOS THREAD: SEND DoS PACKET At :1146638957001 60
Received reply: time=;1146638957053;157
Synch Success: SAftr=1146638957192, SBfr=1146638957007, D=92, M=1146638957053
Scheduled a DoS to fire after 354ms
Synch: Sending query: time=?;158
Received reply: time=;1146638957632;158
Synch Success: SAftr=1146638957772, SBfr=1146638957586, D=93, M=1146638957632
Scheduled a DoS to fire after 274ms
Synch: Sending query: time=?;159
DOS THREAD: SEND DoS PACKET At :1146638958002 60
Received reply: time=;1146638958213;159
Synch Success: SAftr=1146638958355, SBfr=1146638958167, D=94, M=1146638958213
Scheduled a DoS to fire after 160ms
DOS THREAD: SEND DoS PACKET At :1146638958501 60
Synch: Sending query: time=?;160
Received reply: time=;1146638958828;160
Synch Success: SAftr=1146638958967, SBfr=1146638958781, D=93, M=1146638958828
Scheduled a DoS to fire after 48ms
Synch: Sending query: time=?;161
Received reply: time=;1146638959437;161
Synch Success: SAftr=1146638959575, SBfr=1146638959391, D=92, M=1146638959437
Scheduled a DoS to fire after 470ms
Synch: Sending query: time=?;162
Received reply: time=;1146638960016;162
Synch Success: SAftr=1146638960155, SBfr=1146638959970, D=92, M=1146638960016
Scheduled a DoS to fire after 391ms
DOS THREAD: SEND DoS PACKET At :1146638960002 60
Synch: Sending query: time=?;163
DOS THREAD: SEND DoS PACKET At :1146638957501 61
Received reply: time=;1146638960596;163
Synch Success: SAftr=1146638960735, SBfr=1146638960551, D=92, M=1146638960596
Scheduled a DoS to fire after 310ms
Synch: Sending query: time=?;164
DOS THREAD: SEND DoS PACKET At :1146638961008 61
Received reply: time=;1146638961176;164
Synch Success: SAftr=1146638961315, SBfr=1146638961130, D=92, M=1146638961176
Scheduled a DoS to fire after 231ms
DOS THREAD: SEND DoS PACKET At :1146638961502 61
Synch: Sending query: time=?;165
Received reply: time=;1146638961757;165
Synch Success: SAftr=1146638961895, SBfr=1146638961711, D=92, M=1146638961757
Scheduled a DoS to fire after 150ms
Synch: Sending query: time=?;166
Received reply: time=;1146638962338;166
Synch Success: SAftr=1146638962476, SBfr=1146638962292, D=92, M=1146638962338
Scheduled a DoS to fire after 69ms
DOS THREAD: SEND DoS PACKET At :1146638962502 61
Synch: Sending query: time=?;167
Received reply: time=;1146638962917;167
Synch Success: SAftr=1146638963055, SBfr=1146638962871, D=92, M=1146638962917
Scheduled a DoS to fire after 490ms
DOS THREAD: SEND DoS PACKET At :1146638963006 61
Synch: Sending query: time=?;168
Received reply: time=;1146638963496;168
Synch Success: SAftr=1146638963635, SBfr=1146638963451, D=92, M=1146638963496
Scheduled a DoS to fire after 410ms
DOS THREAD: SEND DoS PACKET At :1146638954501 61
DOS THREAD: SEND DoS PACKET At :1146638960501 61
DOS THREAD: SEND DoS PACKET At :1146638963502 61
Synch: Sending query: time=?;169
Received reply: time=;1146638964077;169
Synch Success: SAftr=1146638964216, SBfr=1146638964032, D=92, M=1146638964077
Scheduled a DoS to fire after 329ms
Synch: Sending query: time=?;170
DOS THREAD: SEND DoS PACKET At :1146638964501 62
Received reply: time=;1146638964662;170
Synch Success: SAftr=1146638964801, SBfr=1146638964617, D=92, M=1146638964662
Scheduled a DoS to fire after 245ms
DOS THREAD: SEND DoS PACKET At :1146638962001 62
DOS THREAD: SEND DoS PACKET At :1146638965002 62
Synch: Sending query: time=?;171
Received reply: time=;1146638965243;171
Synch Success: SAftr=1146638965383, SBfr=1146638965198, D=92, M=1146638965243
Scheduled a DoS to fire after 164ms
DOS THREAD: SEND DoS PACKET At :1146638965501 62
Synch: Sending query: time=?;172
Received reply: time=;1146638965823;172
Synch Success: SAftr=1146638965962, SBfr=1146638965778, D=92, M=1146638965823
Scheduled a DoS to fire after 84ms
DOS THREAD: SEND DoS PACKET At :1146638966006 63
Synch: Sending query: time=?;173
Received reply: time=;1146638966402;173
Synch Success: SAftr=1146638966541, SBfr=1146638966357, D=92, M=1146638966402
Scheduled a DoS to fire after 498ms
Synch: Sending query: time=?;174
Received reply: time=;1146638967008;174
Synch Success: SAftr=1146638967147, SBfr=1146638966963, D=92, M=1146638967008
Scheduled a DoS to fire after 398ms
Synch: Sending query: time=?;175
DOS THREAD: SEND DoS PACKET At :1146638967501 63
Received reply: time=;1146638967587;175
Synch Success: SAftr=1146638967726, SBfr=1146638967542, D=92, M=1146638967587
Scheduled a DoS to fire after 320ms
Synch: Sending query: time=?;176
DOS THREAD: SEND DoS PACKET At :1146638968004 63
DOS THREAD: SEND DoS PACKET At :1146638959001 63
Received reply: time=;1146638968168;176
Synch Success: SAftr=1146638968307, SBfr=1146638968122, D=92, M=1146638968168
Scheduled a DoS to fire after 239ms
DOS THREAD: SEND DoS PACKET At :1146638968501 63
Synch: Sending query: time=?;177
Received reply: time=;1146638968756;177
Synch Success: SAftr=1146638968894, SBfr=1146638968711, D=91, M=1146638968756
Scheduled a DoS to fire after 140ms
DOS THREAD: SEND DoS PACKET At :1146638969002 63
Synch: Sending query: time=?;178
Received reply: time=;1146638969347;178
Synch Success: SAftr=1146638969486, SBfr=1146638969301, D=92, M=1146638969347
Scheduled a DoS to fire after 59ms
DOS THREAD: SEND DoS PACKET At :1146638969505 63
Synch: Sending query: time=?;179
Received reply: time=;1146638969927;179
Synch Success: SAftr=1146638970066, SBfr=1146638969882, D=92, M=1146638969927
Scheduled a DoS to fire after 478ms
Synch: Sending query: time=?;180
Received reply: time=;1146638970508;180
Synch Success: SAftr=1146638970647, SBfr=1146638970463, D=92, M=1146638970508
Scheduled a DoS to fire after 399ms
DOS THREAD: SEND DoS PACKET At :1146638970509 63
Synch: Sending query: time=?;181
DOS THREAD: SEND DoS PACKET At :1146638971001 63
Received reply: time=;1146638971087;181
Synch Success: SAftr=1146638971226, SBfr=1146638971042, D=92, M=1146638971087
Scheduled a DoS to fire after 320ms
Synch: Sending query: time=?;182
DOS THREAD: SEND DoS PACKET At :1146638971502 63
Received reply: time=;1146638971666;182
Synch Success: SAftr=1146638971805, SBfr=1146638971620, D=92, M=1146638971666
Scheduled a DoS to fire after 241ms
DOS THREAD: SEND DoS PACKET At :1146638972002 63
Synch: Sending query: time=?;183
Received reply: time=;1146638972245;183
Synch Success: SAftr=1146638972383, SBfr=1146638972199, D=92, M=1146638972245
Scheduled a DoS to fire after 162ms
DOS THREAD: SEND DoS PACKET At :1146638972501 63
Synch: Sending query: time=?;184
Received reply: time=;1146638972823;184
Synch Success: SAftr=1146638972962, SBfr=1146638972778, D=92, M=1146638972823
Scheduled a DoS to fire after 84ms
DOS THREAD: SEND DoS PACKET At :1146638973001 63
DOS THREAD: SEND DoS PACKET At :1146638970006 63
DOS THREAD: SEND DoS PACKET At :1146638964002 63
Synch: Sending query: time=?;185
Received reply: time=;1146638973403;185
Synch Success: SAftr=1146638973542, SBfr=1146638973357, D=92, M=1146638973403
Scheduled a DoS to fire after 3ms
DOS THREAD: SEND DoS PACKET At :1146638973501 63
Synch: Sending query: time=?;186
Received reply: time=;1146638973985;186
DOS THREAD: SEND DoS PACKET At :1146638974003 63
Synch Success: SAftr=1146638974124, SBfr=1146638973939, D=92, M=1146638973985
Scheduled a DoS to fire after 377ms
Synch: Sending query: time=?;187
DOS THREAD: SEND DoS PACKET At :1146638974501 64
Received reply: time=;1146638974610;187
Synch Success: SAftr=1146638974748, SBfr=1146638974564, D=92, M=1146638974610
Scheduled a DoS to fire after 297ms
Synch: Sending query: time=?;188
DOS THREAD: SEND DoS PACKET At :1146638975002 64
Received reply: time=;1146638975187;188
Synch Success: SAftr=1146638975326, SBfr=1146638975142, D=92, M=1146638975187
Scheduled a DoS to fire after 220ms
DOS THREAD: SEND DoS PACKET At :1146638975503 64
Synch: Sending query: time=?;189
Received reply: time=;1146638975766;189
Synch Success: SAftr=1146638975904, SBfr=1146638975720, D=92, M=1146638975766
Scheduled a DoS to fire after 141ms
DOS THREAD: SEND DoS PACKET At :1146638976001 64
DOS THREAD: SEND DoS PACKET At :1146638967005 65
Synch: Sending query: time=?;190
Received reply: time=;1146638976345;190
Synch Success: SAftr=1146638976483, SBfr=1146638976300, D=91, M=1146638976345
Scheduled a DoS to fire after 63ms
DOS THREAD: SEND DoS PACKET At :1146638976502 65
Synch: Sending query: time=?;191
Received reply: time=;1146638976925;191
Synch Success: SAftr=1146638977064, SBfr=1146638976879, D=92, M=1146638976925
Scheduled a DoS to fire after 482ms
DOS THREAD: SEND DoS PACKET At :1146638977003 65
Synch: Sending query: time=?;192
Received reply: time=;1146638977504;192
Synch Success: SAftr=1146638977642, SBfr=1146638977458, D=92, M=1146638977504
Scheduled a DoS to fire after 403ms
DOS THREAD: SEND DoS PACKET At :1146638977501 65
Synch: Sending query: time=?;193
Received reply: time=;1146638978083;193
Synch Success: SAftr=1146638978222, SBfr=1146638978038, D=92, M=1146638978083
Scheduled a DoS to fire after 324ms
Synch: Sending query: time=?;194
DOS THREAD: SEND DoS PACKET At :1146638978502 65
Received reply: time=;1146638978662;194
Synch Success: SAftr=1146638978800, SBfr=1146638978616, D=92, M=1146638978662
Scheduled a DoS to fire after 241ms
DOS THREAD: SEND DoS PACKET At :1146638979001 65
Synch: Sending query: time=?;195
Received reply: time=;1146638979244;195
Synch Success: SAftr=1146638979383, SBfr=1146638979199, D=92, M=1146638979244
Scheduled a DoS to fire after 162ms
DOS THREAD: SEND DoS PACKET At :1146638979502 66
Synch: Sending query: time=?;196
Received reply: time=;1146638979824;196
Synch Success: SAftr=1146638979963, SBfr=1146638979778, D=92, M=1146638979824
Scheduled a DoS to fire after 83ms
DOS THREAD: SEND DoS PACKET At :1146638980001 67
Synch: Sending query: time=?;197
Received reply: time=;1146638980403;197
Synch Success: SAftr=1146638980542, SBfr=1146638980357, D=92, M=1146638980403
Scheduled a DoS to fire after 3ms
DOS THREAD: SEND DoS PACKET At :1146638980501 67
Synch: Sending query: time=?;198
Received reply: time=;1146638980984;198
Synch Success: SAftr=1146638981123, SBfr=1146638980939, D=92, M=1146638980984
Scheduled a DoS to fire after 421ms
DOS THREAD: SEND DoS PACKET At :1146638981003 67
DOS THREAD: SEND DoS PACKET At :1146638978001 67
Synch: Sending query: time=?;199
DOS THREAD: SEND DoS PACKET At :1146638981501 67
Received reply: time=;1146638981565;199
Synch Success: SAftr=1146638981703, SBfr=1146638981519, D=92, M=1146638981565
Scheduled a DoS to fire after 342ms
Synch: Sending query: time=?;200
DOS THREAD: SEND DoS PACKET At :1146638982001 67
Received reply: time=;1146638982144;200
Synch Success: SAftr=1146638982282, SBfr=1146638982098, D=92, M=1146638982144
Scheduled a DoS to fire after 263ms
DOS THREAD: SEND DoS PACKET At :1146638982501 67
Synch: Sending query: time=?;201
Received reply: time=;1146638982722;201
Synch Success: SAftr=1146638982863, SBfr=1146638982676, D=93, M=1146638982722
Scheduled a DoS to fire after 184ms
DOS THREAD: SEND DoS PACKET At :1146638983002 68
Synch: Sending query: time=?;202
Received reply: time=;1146638983307;202
Synch Success: SAftr=1146638983446, SBfr=1146638983257, D=94, M=1146638983307
Scheduled a DoS to fire after 97ms
DOS THREAD: SEND DoS PACKET At :1146638983501 68
Synch: Sending query: time=?;203
Received reply: time=;1146638983887;203
Synch Success: SAftr=1146638984029, SBfr=1146638983841, D=94, M=1146638983887
Scheduled a DoS to fire after 17ms
DOS THREAD: SEND DoS PACKET At :1146638984002 69
Synch: Sending query: time=?;204
Received reply: time=;1146638984484;204
Synch Success: SAftr=1146638984623, SBfr=1146638984439, D=92, M=1146638984484
Scheduled a DoS to fire after 423ms
DOS THREAD: SEND DoS PACKET At :1146638984504 69
Synch: Sending query: time=?;205
DOS THREAD: SEND DoS PACKET At :1146638985012 69
Received reply: time=;1146638985066;205
Synch Success: SAftr=1146638985205, SBfr=1146638985021, D=92, M=1146638985066
Scheduled a DoS to fire after 341ms
Synch: Sending query: time=?;206
DOS THREAD: SEND DoS PACKET At :1146638985501 69
Received reply: time=;1146638985645;206
Synch Success: SAftr=1146638985784, SBfr=1146638985600, D=92, M=1146638985645
Scheduled a DoS to fire after 262ms
Synch: Sending query: time=?;207
DOS THREAD: SEND DoS PACKET At :1146638986002 69
Received reply: time=;1146638986223;207
Synch Success: SAftr=1146638986362, SBfr=1146638986178, D=92, M=1146638986223
Scheduled a DoS to fire after 184ms
DOS THREAD: SEND DoS PACKET At :1146638986501 69
Synch: Sending query: time=?;208
Received reply: time=;1146638986802;208
Synch Success: SAftr=1146638986940, SBfr=1146638986756, D=92, M=1146638986802
Scheduled a DoS to fire after 104ms
DOS THREAD: SEND DoS PACKET At :1146638987001 69
Synch: Sending query: time=?;209
Received reply: time=;1146638987381;209
Synch Success: SAftr=1146638987519, SBfr=1146638987335, D=92, M=1146638987381
Scheduled a DoS to fire after 26ms
DOS THREAD: SEND DoS PACKET At :1146638987502 69
Synch: Sending query: time=?;210
Received reply: time=;1146638987960;210
Synch Success: SAftr=1146638988100, SBfr=1146638987915, D=92, M=1146638987960
Scheduled a DoS to fire after 447ms
DOS THREAD: SEND DoS PACKET At :1146638988003 69
Synch: Sending query: time=?;211
DOS THREAD: SEND DoS PACKET At :1146638988501 69
Received reply: time=;1146638988540;211
Synch Success: SAftr=1146638988679, SBfr=1146638988495, D=92, M=1146638988540
Scheduled a DoS to fire after 367ms
Synch: Sending query: time=?;212
DOS THREAD: SEND DoS PACKET At :1146638989001 69
Received reply: time=;1146638989119;212
Synch Success: SAftr=1146638989258, SBfr=1146638989074, D=92, M=1146638989119
Scheduled a DoS to fire after 288ms
Synch: Sending query: time=?;213
DOS THREAD: SEND DoS PACKET At :1146638989501 69
Received reply: time=;1146638989698;213
Synch Success: SAftr=1146638989837, SBfr=1146638989652, D=92, M=1146638989698
Scheduled a DoS to fire after 209ms
DOS THREAD: SEND DoS PACKET At :1146638990001 69
Synch: Sending query: time=?;214
Received reply: time=;1146638990279;214
Synch Success: SAftr=1146638990418, SBfr=1146638990234, D=92, M=1146638990279
Scheduled a DoS to fire after 128ms
DOS THREAD: SEND DoS PACKET At :1146638990502 69
Synch: Sending query: time=?;215
Received reply: time=;1146638990860;215
Synch Success: SAftr=1146638990998, SBfr=1146638990814, D=92, M=1146638990860
Scheduled a DoS to fire after 46ms
Synch: Sending query: time=?;216
Received reply: time=;1146638991442;216
Synch Success: SAftr=1146638991581, SBfr=1146638991396, D=92, M=1146638991442
Scheduled a DoS to fire after 465ms
Synch: Sending query: time=?;217
DOS THREAD: SEND DoS PACKET At :1146638992001 69
Received reply: time=;1146638992022;217
Synch Success: SAftr=1146638992161, SBfr=1146638991976, D=92, M=1146638992022
Scheduled a DoS to fire after 385ms
Synch: Sending query: time=?;218
Received reply: time=;1146638992602;218
Synch Success: SAftr=1146638992741, SBfr=1146638992556, D=92, M=1146638992602
Scheduled a DoS to fire after 304ms
Synch: Sending query: time=?;219
DOS THREAD: SEND DoS PACKET At :1146638993001 69
Received reply: time=;1146638993182;219
Synch Success: SAftr=1146638993320, SBfr=1146638993137, D=91, M=1146638993182
Scheduled a DoS to fire after 226ms
DOS THREAD: SEND DoS PACKET At :1146638993505 70
Synch: Sending query: time=?;220
Received reply: time=;1146638993761;220
Synch Success: SAftr=1146638993899, SBfr=1146638993715, D=92, M=1146638993761
Scheduled a DoS to fire after 146ms
Synch: Sending query: time=?;221
Received reply: time=;1146638994341;221
Synch Success: SAftr=1146638994479, SBfr=1146638994295, D=92, M=1146638994341
Scheduled a DoS to fire after 66ms
Synch: Sending query: time=?;222
Received reply: time=;1146638994926;222
Synch Success: SAftr=1146638995065, SBfr=1146638994880, D=92, M=1146638994926
Scheduled a DoS to fire after 481ms
Synch: Sending query: time=?;223
Received reply: time=;1146638995506;223
Synch Success: SAftr=1146638995644, SBfr=1146638995460, D=92, M=1146638995506
Scheduled a DoS to fire after 399ms
Synch: Sending query: time=?;224
Received reply: time=;1146638996086;224
Synch Success: SAftr=1146638996225, SBfr=1146638996041, D=92, M=1146638996086
Scheduled a DoS to fire after 321ms
Synch: Sending query: time=?;225
Received reply: time=;1146638996666;225
Synch Success: SAftr=1146638996805, SBfr=1146638996620, D=92, M=1146638996666
Scheduled a DoS to fire after 241ms
Synch: Sending query: time=?;226
Received reply: time=;1146638997246;226
Synch Success: SAftr=1146638997385, SBfr=1146638997201, D=92, M=1146638997246
Scheduled a DoS to fire after 161ms
DOS THREAD: SEND DoS PACKET At :1146638994501 71
DOS THREAD: SEND DoS PACKET At :1146638997502 71
Synch: Sending query: time=?;227
Received reply: time=;1146638997824;227
Synch Success: SAftr=1146638997964, SBfr=1146638997779, D=92, M=1146638997824
Scheduled a DoS to fire after 68ms
DOS THREAD: SEND DoS PACKET At :1146638998002 71
Synch: Sending query: time=?;228
Received reply: time=;1146638998419;228
Synch Success: SAftr=1146638998563, SBfr=1146638998374, D=94, M=1146638998419
Scheduled a DoS to fire after 416ms
DOS THREAD: SEND DoS PACKET At :1146638998503 71
DOS THREAD: SEND DoS PACKET At :1146638995502 71
Synch: Sending query: time=?;229
DOS THREAD: SEND DoS PACKET At :1146638999001 71
Received reply: time=;1146638999073;229
Synch Success: SAftr=1146638999212, SBfr=1146638999027, D=92, M=1146638999073
DOS THREAD: SEND DoS PACKET At :1146638996003 71
Scheduled a DoS to fire after 333ms
Synch: Sending query: time=?;230
DOS THREAD: SEND DoS PACKET At :1146638996501 72
DOS THREAD: SEND DoS PACKET At :1146638999501 72
Received reply: time=;1146638999656;230
Synch Success: SAftr=1146638999796, SBfr=1146638999611, D=92, M=1146638999656
Scheduled a DoS to fire after 251ms
Synch: Sending query: time=?;231
Received reply: time=;1146639000237;231
Synch Success: SAftr=1146639000376, SBfr=1146639000192, D=92, M=1146639000237
Scheduled a DoS to fire after 170ms
DOS THREAD: SEND DoS PACKET At :1146639000502 72
Synch: Sending query: time=?;232
Received reply: time=;1146639000817;232
Synch Success: SAftr=1146639000956, SBfr=1146639000770, D=93, M=1146639000817
Scheduled a DoS to fire after 89ms
DOS THREAD: SEND DoS PACKET At :1146639001001 72
Synch: Sending query: time=?;233
Received reply: time=;1146639001396;233
Synch Success: SAftr=1146639001535, SBfr=1146639001350, D=92, M=1146639001396
Scheduled a DoS to fire after 11ms
DOS THREAD: SEND DoS PACKET At :1146639001501 72
DOS THREAD: SEND DoS PACKET At :1146638992502 72
Synch: Sending query: time=?;234
Received reply: time=;1146639001975;234
Synch Success: SAftr=1146639002114, SBfr=1146639001929, D=92, M=1146639001975
Scheduled a DoS to fire after 428ms
DOS THREAD: SEND DoS PACKET At :1146639002003 72
Synch: Sending query: time=?;235
DOS THREAD: SEND DoS PACKET At :1146639002501 72
Received reply: time=;1146639002558;235
Synch Success: SAftr=1146639002696, SBfr=1146639002512, D=92, M=1146639002558
Scheduled a DoS to fire after 348ms
Synch: Sending query: time=?;236
DOS THREAD: SEND DoS PACKET At :1146638991002 73
DOS THREAD: SEND DoS PACKET At :1146639003001 73
DOS THREAD: SEND DoS PACKET At :1146638994001 73
DOS THREAD: SEND DoS PACKET At :1146639000002 73
Received reply: time=;1146639003139;236
Synch Success: SAftr=1146639003278, SBfr=1146639003091, D=93, M=1146639003139
Scheduled a DoS to fire after 267ms
Synch: Sending query: time=?;237
DOS THREAD: SEND DoS PACKET At :1146639003502 73
Received reply: time=;1146639003718;237
Synch Success: SAftr=1146639003857, SBfr=1146639003673, D=92, M=1146639003718
Scheduled a DoS to fire after 189ms
DOS THREAD: SEND DoS PACKET At :1146639004002 73
Synch: Sending query: time=?;238
Received reply: time=;1146639004299;238
Synch Success: SAftr=1146639004438, SBfr=1146639004252, D=93, M=1146639004299
Scheduled a DoS to fire after 107ms
DOS THREAD: SEND DoS PACKET At :1146639004501 73
Synch: Sending query: time=?;239
Received reply: time=;1146639004878;239
Synch Success: SAftr=1146639005020, SBfr=1146639004832, D=94, M=1146639004878
Scheduled a DoS to fire after 26ms
DOS THREAD: SEND DoS PACKET At :1146639005001 73
Synch: Sending query: time=?;240
Received reply: time=;1146639005465;240
Synch Success: SAftr=1146639005608, SBfr=1146639005420, D=94, M=1146639005465
Scheduled a DoS to fire after 440ms
DOS THREAD: SEND DoS PACKET At :1146639005503 73
Synch: Sending query: time=?;241
DOS THREAD: SEND DoS PACKET At :1146638997002 74
DOS THREAD: SEND DoS PACKET At :1146639006003 74
Received reply: time=;1146639006051;241
Synch Success: SAftr=1146639006190, SBfr=1146639006005, D=92, M=1146639006051
Scheduled a DoS to fire after 356ms
Synch: Sending query: time=?;242
DOS THREAD: SEND DoS PACKET At :1146639006501 74
Received reply: time=;1146639006631;242
Synch Success: SAftr=1146639006769, SBfr=1146639006585, D=92, M=1146639006631
Scheduled a DoS to fire after 276ms
Synch: Sending query: time=?;243
DOS THREAD: SEND DoS PACKET At :1146639007002 74
Received reply: time=;1146639007209;243
Synch Success: SAftr=1146639007348, SBfr=1146639007164, D=92, M=1146639007209
Scheduled a DoS to fire after 198ms
DOS THREAD: SEND DoS PACKET At :1146639007501 74
Synch: Sending query: time=?;244
Received reply: time=;1146639007789;244
Synch Success: SAftr=1146639007928, SBfr=1146639007743, D=92, M=1146639007789
Scheduled a DoS to fire after 115ms
DOS THREAD: SEND DoS PACKET At :1146639008002 75
Synch: Sending query: time=?;245
Received reply: time=;1146639008371;245
Synch Success: SAftr=1146639008510, SBfr=1146639008326, D=92, M=1146639008371
Scheduled a DoS to fire after 22ms
DOS THREAD: SEND DoS PACKET At :1146639008501 75
Synch: Sending query: time=?;246
Received reply: time=;1146639008965;246
Synch Success: SAftr=1146639009104, SBfr=1146639008920, D=92, M=1146639008965
Scheduled a DoS to fire after 440ms
DOS THREAD: SEND DoS PACKET At :1146639009003 76
Synch: Sending query: time=?;247
DOS THREAD: SEND DoS PACKET At :1146639009502 76
Received reply: time=;1146639009546;247
Synch Success: SAftr=1146639009685, SBfr=1146639009500, D=92, M=1146639009546
Scheduled a DoS to fire after 361ms
Synch: Sending query: time=?;248
DOS THREAD: SEND DoS PACKET At :1146639010001 76
Received reply: time=;1146639010125;248
Synch Success: SAftr=1146639010265, SBfr=1146639010080, D=92, M=1146639010125
Scheduled a DoS to fire after 281ms
Synch: Sending query: time=?;249
DOS THREAD: SEND DoS PACKET At :1146639010501 76
Received reply: time=;1146639010707;249
Synch Success: SAftr=1146639010846, SBfr=1146639010661, D=92, M=1146639010707
Scheduled a DoS to fire after 199ms
DOS THREAD: SEND DoS PACKET At :1146639011001 76
Synch: Sending query: time=?;250
Received reply: time=;1146639011288;250
Synch Success: SAftr=1146639011428, SBfr=1146639011242, D=93, M=1146639011288
Scheduled a DoS to fire after 118ms
DOS THREAD: SEND DoS PACKET At :1146639011501 76
Synch: Sending query: time=?;251
Received reply: time=;1146639011869;251
Synch Success: SAftr=1146639012008, SBfr=1146639011824, D=92, M=1146639011869
Scheduled a DoS to fire after 38ms
DOS THREAD: SEND DoS PACKET At :1146639012001 76
Synch: Sending query: time=?;252
Received reply: time=;1146639012448;252
Synch Success: SAftr=1146639012587, SBfr=1146639012402, D=92, M=1146639012448
Scheduled a DoS to fire after 457ms
DOS THREAD: SEND DoS PACKET At :1146639012503 76
Synch: Sending query: time=?;253
DOS THREAD: SEND DoS PACKET At :1146639013001 76
Received reply: time=;1146639013029;253
Synch Success: SAftr=1146639013168, SBfr=1146639012984, D=92, M=1146639013029
Scheduled a DoS to fire after 378ms
Synch: Sending query: time=?;254
DOS THREAD: SEND DoS PACKET At :1146639013502 76
Received reply: time=;1146639013607;254
Synch Success: SAftr=1146639013747, SBfr=1146639013562, D=92, M=1146639013607
Scheduled a DoS to fire after 299ms
Synch: Sending query: time=?;255
DOS THREAD: SEND DoS PACKET At :1146639014002 76
Received reply: time=;1146639014188;255
Synch Success: SAftr=1146639014327, SBfr=1146639014143, D=92, M=1146639014188
Scheduled a DoS to fire after 218ms
DOS THREAD: SEND DoS PACKET At :1146639014501 76
Synch: Sending query: time=?;256
Received reply: time=;1146639014769;256
Synch Success: SAftr=1146639014907, SBfr=1146639014723, D=92, M=1146639014769
Scheduled a DoS to fire after 132ms
DOS THREAD: SEND DoS PACKET At :1146639015001 76
Synch: Sending query: time=?;257
Received reply: time=;1146639015353;257
Synch Success: SAftr=1146639015493, SBfr=1146639015308, D=92, M=1146639015353
Scheduled a DoS to fire after 45ms
DOS THREAD: SEND DoS PACKET At :1146639015502 77
Synch: Sending query: time=?;258
Received reply: time=;1146639015952;258
Synch Success: SAftr=1146639016090, SBfr=1146639015906, D=92, M=1146639015952
Scheduled a DoS to fire after 454ms
DOS THREAD: SEND DoS PACKET At :1146639016004 78
Synch: Sending query: time=?;259
DOS THREAD: SEND DoS PACKET At :1146639016502 78
Received reply: time=;1146639016532;259
Synch Success: SAftr=1146639016670, SBfr=1146639016486, D=92, M=1146639016532
Scheduled a DoS to fire after 374ms
Synch: Sending query: time=?;260
DOS THREAD: SEND DoS PACKET At :1146639017003 78
Received reply: time=;1146639017110;260
Synch Success: SAftr=1146639017251, SBfr=1146639017065, D=93, M=1146639017110
Scheduled a DoS to fire after 296ms
Synch: Sending query: time=?;261
DOS THREAD: SEND DoS PACKET At :1146639017501 78
Received reply: time=;1146639017692;261
Synch Success: SAftr=1146639017831, SBfr=1146639017647, D=92, M=1146639017692
Scheduled a DoS to fire after 214ms
DOS THREAD: SEND DoS PACKET At :1146639018002 78
Synch: Sending query: time=?;262
Received reply: time=;1146639018272;262
Synch Success: SAftr=1146639018412, SBfr=1146639018227, D=92, M=1146639018272
Scheduled a DoS to fire after 135ms
DOS THREAD: SEND DoS PACKET At :1146639018502 78
Synch: Sending query: time=?;263
Received reply: time=;1146639018852;263
Synch Success: SAftr=1146639018991, SBfr=1146639018807, D=92, M=1146639018852
Scheduled a DoS to fire after 54ms
DOS THREAD: SEND DoS PACKET At :1146639019002 78
Synch: Sending query: time=?;264
Received reply: time=;1146639019433;264
Synch Success: SAftr=1146639019571, SBfr=1146639019387, D=92, M=1146639019433
Scheduled a DoS to fire after 472ms
DOS THREAD: SEND DoS PACKET At :1146639019503 78
Synch: Sending query: time=?;265
Received reply: time=;1146639020013;265
Synch Success: SAftr=1146639020152, SBfr=1146639019968, D=92, M=1146639020013
Scheduled a DoS to fire after 394ms
DOS THREAD: SEND DoS PACKET At :1146639020001 78
Synch: Sending query: time=?;266
DOS THREAD: SEND DoS PACKET At :1146639020501 79
Received reply: time=;1146639020592;266
Synch Success: SAftr=1146639020731, SBfr=1146639020547, D=92, M=1146639020592
Scheduled a DoS to fire after 315ms
Synch: Sending query: time=?;267
DOS THREAD: SEND DoS PACKET At :1146639021001 80
Received reply: time=;1146639021171;267
Synch Success: SAftr=1146639021310, SBfr=1146639021125, D=92, M=1146639021171
Scheduled a DoS to fire after 225ms
DOS THREAD: SEND DoS PACKET At :1146639021501 80
Synch: Sending query: time=?;268
Received reply: time=;1146639021761;268
Synch Success: SAftr=1146639021900, SBfr=1146639021716, D=92, M=1146639021761
Scheduled a DoS to fire after 146ms
DOS THREAD: SEND DoS PACKET At :1146639022001 80
Synch: Sending query: time=?;269
Received reply: time=;1146639022340;269
Synch Success: SAftr=1146639022478, SBfr=1146639022295, D=91, M=1146639022340
Scheduled a DoS to fire after 68ms
DOS THREAD: SEND DoS PACKET At :1146639022501 81
Synch: Sending query: time=?;270
Received reply: time=;1146639022918;270
Synch Success: SAftr=1146639023058, SBfr=1146639022873, D=92, M=1146639022918
Scheduled a DoS to fire after 488ms
DOS THREAD: SEND DoS PACKET At :1146639023005 81
Synch: Sending query: time=?;271
Received reply: time=;1146639023498;271
Synch Success: SAftr=1146639023638, SBfr=1146639023453, D=92, M=1146639023498
Scheduled a DoS to fire after 409ms
DOS THREAD: SEND DoS PACKET At :1146639023501 81
Synch: Sending query: time=?;272
DOS THREAD: SEND DoS PACKET At :1146639024002 81
Received reply: time=;1146639024078;272
Synch Success: SAftr=1146639024217, SBfr=1146639024033, D=92, M=1146639024078
Scheduled a DoS to fire after 329ms
Synch: Sending query: time=?;273
DOS THREAD: SEND DoS PACKET At :1146639024501 81
Received reply: time=;1146639024657;273
Synch Success: SAftr=1146639024795, SBfr=1146639024611, D=92, M=1146639024657
Scheduled a DoS to fire after 244ms
DOS THREAD: SEND DoS PACKET At :1146639025001 81
Synch: Sending query: time=?;274
Received reply: time=;1146639025240;274
Synch Success: SAftr=1146639025379, SBfr=1146639025195, D=92, M=1146639025240
Scheduled a DoS to fire after 164ms
DOS THREAD: SEND DoS PACKET At :1146639025502 81
Synch: Sending query: time=?;275
Received reply: time=;1146639025822;275
Synch Success: SAftr=1146639025962, SBfr=1146639025777, D=92, M=1146639025822
Scheduled a DoS to fire after 85ms
DOS THREAD: SEND DoS PACKET At :1146639026001 81
Synch: Sending query: time=?;276
Received reply: time=;1146639026403;276
Synch Success: SAftr=1146639026542, SBfr=1146639026358, D=92, M=1146639026403
Scheduled a DoS to fire after 4ms
DOS THREAD: SEND DoS PACKET At :1146639026501 81
Synch: Sending query: time=?;277
Received reply: time=;1146639026982;277
Synch Success: SAftr=1146639027120, SBfr=1146639026937, D=91, M=1146639026982
Scheduled a DoS to fire after 426ms
Synch: Sending query: time=?;278
DOS THREAD: SEND DoS PACKET At :1146639027502 81
Received reply: time=;1146639027561;278
Synch Success: SAftr=1146639027699, SBfr=1146639027515, D=92, M=1146639027561
Scheduled a DoS to fire after 343ms
Synch: Sending query: time=?;279
DOS THREAD: SEND DoS PACKET At :1146639028002 81
Received reply: time=;1146639028143;279
Synch Success: SAftr=1146639028283, SBfr=1146639028098, D=92, M=1146639028143
Scheduled a DoS to fire after 264ms
DOS THREAD: SEND DoS PACKET At :1146639028502 81
Synch: Sending query: time=?;280
Received reply: time=;1146639028724;280
Synch Success: SAftr=1146639028862, SBfr=1146639028678, D=92, M=1146639028724
Scheduled a DoS to fire after 182ms
DOS THREAD: SEND DoS PACKET At :1146639029001 81
Synch: Sending query: time=?;281
Received reply: time=;1146639029303;281
Synch Success: SAftr=1146639029442, SBfr=1146639029258, D=92, M=1146639029303
Scheduled a DoS to fire after 103ms
DOS THREAD: SEND DoS PACKET At :1146639029501 81
Synch: Sending query: time=?;282
Received reply: time=;1146639029889;282
Synch Success: SAftr=1146639030029, SBfr=1146639029843, D=93, M=1146639029889
Scheduled a DoS to fire after 16ms
DOS THREAD: SEND DoS PACKET At :1146639030002 81
DOS THREAD: SEND DoS PACKET At :1146639027003 81
Synch: Sending query: time=?;283
Received reply: time=;1146639030470;283
Synch Success: SAftr=1146639030608, SBfr=1146639030424, D=92, M=1146639030470
Scheduled a DoS to fire after 436ms
DOS THREAD: SEND DoS PACKET At :1146639030505 81
Synch: Sending query: time=?;284
DOS THREAD: SEND DoS PACKET At :1146639031002 81
Received reply: time=;1146639031049;284
Synch Success: SAftr=1146639031190, SBfr=1146639031003, D=93, M=1146639031049
Scheduled a DoS to fire after 357ms
Synch: Sending query: time=?;285
DOS THREAD: SEND DoS PACKET At :1146639031501 81
Received reply: time=;1146639031637;285
Synch Success: SAftr=1146639031776, SBfr=1146639031591, D=92, M=1146639031637
Scheduled a DoS to fire after 269ms
DOS THREAD: SEND DoS PACKET At :1146639032001 82
Synch: Sending query: time=?;286
Received reply: time=;1146639032221;286
Synch Success: SAftr=1146639032360, SBfr=1146639032176, D=92, M=1146639032221
Scheduled a DoS to fire after 186ms
DOS THREAD: SEND DoS PACKET At :1146639032501 82
Synch: Sending query: time=?;287
Received reply: time=;1146639032803;287
Synch Success: SAftr=1146639032946, SBfr=1146639032758, D=94, M=1146639032803
Scheduled a DoS to fire after 68ms
DOS THREAD: SEND DoS PACKET At :1146639033002 82
Synch: Sending query: time=?;288
Received reply: time=;1146639033420;288
Synch Success: SAftr=1146639033559, SBfr=1146639033374, D=92, M=1146639033420
Scheduled a DoS to fire after 377ms
Synch: Sending query: time=?;289
DOS THREAD: SEND DoS PACKET At :1146639034001 82
Received reply: time=;1146639034111;289
Synch Success: SAftr=1146639034250, SBfr=1146639034066, D=92, M=1146639034111
Scheduled a DoS to fire after 296ms
Synch: Sending query: time=?;290
DOS THREAD: SEND DoS PACKET At :1146639034501 82
Received reply: time=;1146639034694;290
Synch Success: SAftr=1146639034832, SBfr=1146639034649, D=91, M=1146639034694
Scheduled a DoS to fire after 213ms
DOS THREAD: SEND DoS PACKET At :1146639035001 82
Synch: Sending query: time=?;291
Received reply: time=;1146639035279;291
Synch Success: SAftr=1146639035419, SBfr=1146639035229, D=95, M=1146639035279
Scheduled a DoS to fire after 124ms
DOS THREAD: SEND DoS PACKET At :1146639035502 82
Synch: Sending query: time=?;292
Received reply: time=;1146639035861;292
Synch Success: SAftr=1146639036000, SBfr=1146639035815, D=92, M=1146639035861
Scheduled a DoS to fire after 46ms
DOS THREAD: SEND DoS PACKET At :1146639036002 83
Synch: Sending query: time=?;293
Received reply: time=;1146639036445;293
Synch Success: SAftr=1146639036583, SBfr=1146639036400, D=91, M=1146639036445
Scheduled a DoS to fire after 463ms
DOS THREAD: SEND DoS PACKET At :1146639036503 83
DOS THREAD: SEND DoS PACKET At :1146639033503 84
Synch: Sending query: time=?;294
Received reply: time=;1146639037024;294
Synch Success: SAftr=1146639037167, SBfr=1146639036978, D=94, M=1146639037024
Scheduled a DoS to fire after 381ms
DOS THREAD: SEND DoS PACKET At :1146639037010 84
Synch: Sending query: time=?;295
DOS THREAD: SEND DoS PACKET At :1146639037501 85
Received reply: time=;1146639037610;295
Synch Success: SAftr=1146639037750, SBfr=1146639037565, D=92, M=1146639037610
Scheduled a DoS to fire after 297ms
Synch: Sending query: time=?;296
DOS THREAD: SEND DoS PACKET At :1146639038001 85
Received reply: time=;1146639038197;296
Synch Success: SAftr=1146639038336, SBfr=1146639038152, D=92, M=1146639038197
Scheduled a DoS to fire after 210ms
DOS THREAD: SEND DoS PACKET At :1146639038510 85
Synch: Sending query: time=?;297
Received reply: time=;1146639038777;297
Synch Success: SAftr=1146639038916, SBfr=1146639038731, D=92, M=1146639038777
Scheduled a DoS to fire after 130ms
DOS THREAD: SEND DoS PACKET At :1146639039002 85
Synch: Sending query: time=?;298
Received reply: time=;1146639039358;298
Synch Success: SAftr=1146639039497, SBfr=1146639039312, D=92, M=1146639039358
Scheduled a DoS to fire after 49ms
DOS THREAD: SEND DoS PACKET At :1146639039501 85
Synch: Sending query: time=?;299
Received reply: time=;1146639039937;299
Synch Success: SAftr=1146639040076, SBfr=1146639039891, D=92, M=1146639039937
Scheduled a DoS to fire after 470ms
DOS THREAD: SEND DoS PACKET At :1146639040002 85
Synch: Sending query: time=?;300
Received reply: time=;1146639040516;300
Synch Success: SAftr=1146639040655, SBfr=1146639040471, D=92, M=1146639040516
Scheduled a DoS to fire after 391ms
Synch: Sending query: time=?;301
DOS THREAD: SEND DoS PACKET At :1146639041001 85
Received reply: time=;1146639041096;301
Synch Success: SAftr=1146639041235, SBfr=1146639041051, D=92, M=1146639041096
Scheduled a DoS to fire after 310ms
Synch: Sending query: time=?;302
DOS THREAD: SEND DoS PACKET At :1146639041501 85
Received reply: time=;1146639041677;302
Synch Success: SAftr=1146639041816, SBfr=1146639041631, D=92, M=1146639041677
Scheduled a DoS to fire after 230ms
DOS THREAD: SEND DoS PACKET At :1146639042002 86
Synch: Sending query: time=?;303
Received reply: time=;1146639042257;303
Synch Success: SAftr=1146639042395, SBfr=1146639042211, D=92, M=1146639042257
Scheduled a DoS to fire after 150ms
DOS THREAD: SEND DoS PACKET At :1146639042501 86
Synch: Sending query: time=?;304
Received reply: time=;1146639042835;304
Synch Success: SAftr=1146639042974, SBfr=1146639042790, D=92, M=1146639042835
Scheduled a DoS to fire after 71ms
DOS THREAD: SEND DoS PACKET At :1146639043001 86
Synch: Sending query: time=?;305
Received reply: time=;1146639043415;305
Synch Success: SAftr=1146639043554, SBfr=1146639043369, D=92, M=1146639043415
Scheduled a DoS to fire after 491ms
DOS THREAD: SEND DoS PACKET At :1146639040501 87
DOS THREAD: SEND DoS PACKET At :1146639043503 87
Synch: Sending query: time=?;306
Received reply: time=;1146639043995;306
Synch Success: SAftr=1146639044134, SBfr=1146639043949, D=92, M=1146639043995
Scheduled a DoS to fire after 412ms
DOS THREAD: SEND DoS PACKET At :1146639044002 87
Synch: Sending query: time=?;307
DOS THREAD: SEND DoS PACKET At :1146639044501 87
Received reply: time=;1146639044575;307
Synch Success: SAftr=1146639044713, SBfr=1146639044529, D=92, M=1146639044575
Scheduled a DoS to fire after 332ms
Synch: Sending query: time=?;308
DOS THREAD: SEND DoS PACKET At :1146639045001 87
Received reply: time=;1146639045157;308
Synch Success: SAftr=1146639045296, SBfr=1146639045112, D=92, M=1146639045157
Scheduled a DoS to fire after 250ms
DOS THREAD: SEND DoS PACKET At :1146639045509 87
Synch: Sending query: time=?;309
Received reply: time=;1146639045740;309
Synch Success: SAftr=1146639045879, SBfr=1146639045695, D=92, M=1146639045740
Scheduled a DoS to fire after 167ms
DOS THREAD: SEND DoS PACKET At :1146639046001 87
Synch: Sending query: time=?;310
Received reply: time=;1146639046319;310
Synch Success: SAftr=1146639046457, SBfr=1146639046273, D=92, M=1146639046319
Scheduled a DoS to fire after 85ms
DOS THREAD: SEND DoS PACKET At :1146639046501 87
Synch: Sending query: time=?;311
Received reply: time=;1146639046900;311
Synch Success: SAftr=1146639047039, SBfr=1146639046855, D=92, M=1146639046900
Scheduled a DoS to fire after 7ms
DOS THREAD: SEND DoS PACKET At :1146639047001 87
Synch: Sending query: time=?;312
Received reply: time=;1146639047480;312
Synch Success: SAftr=1146639047619, SBfr=1146639047435, D=92, M=1146639047480
Scheduled a DoS to fire after 426ms
DOS THREAD: SEND DoS PACKET At :1146639047502 87
Synch: Sending query: time=?;313
DOS THREAD: SEND DoS PACKET At :1146639048003 87
Received reply: time=;1146639048060;313
Synch Success: SAftr=1146639048198, SBfr=1146639048015, D=91, M=1146639048060
Scheduled a DoS to fire after 348ms
Synch: Sending query: time=?;314
DOS THREAD: SEND DoS PACKET At :1146639048501 87
Received reply: time=;1146639048640;314
Synch Success: SAftr=1146639048779, SBfr=1146639048594, D=92, M=1146639048640
Scheduled a DoS to fire after 267ms
DOS THREAD: SEND DoS PACKET At :1146639049004 87
Synch: Sending query: time=?;315
Received reply: time=;1146639049220;315
Synch Success: SAftr=1146639049362, SBfr=1146639049174, D=94, M=1146639049220
Scheduled a DoS to fire after 181ms
DOS THREAD: SEND DoS PACKET At :1146639049501 87
Synch: Sending query: time=?;316
Received reply: time=;1146639049807;316
Synch Success: SAftr=1146639049945, SBfr=1146639049761, D=92, M=1146639049807
Scheduled a DoS to fire after 100ms
DOS THREAD: SEND DoS PACKET At :1146639050001 87
Synch: Sending query: time=?;317
Received reply: time=;1146639050388;317
Synch Success: SAftr=1146639050526, SBfr=1146639050341, D=92, M=1146639050388
Scheduled a DoS to fire after 18ms
DOS THREAD: SEND DoS PACKET At :1146639050501 87
Synch: Sending query: time=?;318
Received reply: time=;1146639050967;318
Synch Success: SAftr=1146639051105, SBfr=1146639050921, D=92, M=1146639050967
Scheduled a DoS to fire after 439ms
DOS THREAD: SEND DoS PACKET At :1146639051003 87
Synch: Sending query: time=?;319
DOS THREAD: SEND DoS PACKET At :1146639051502 87
Received reply: time=;1146639051547;319
Synch Success: SAftr=1146639051686, SBfr=1146639051502, D=92, M=1146639051547
Scheduled a DoS to fire after 359ms
Synch: Sending query: time=?;320
DOS THREAD: SEND DoS PACKET At :1146639052001 87
Received reply: time=;1146639052127;320
Synch Success: SAftr=1146639052267, SBfr=1146639052082, D=92, M=1146639052127
Scheduled a DoS to fire after 279ms
Synch: Sending query: time=?;321
DOS THREAD: SEND DoS PACKET At :1146639052501 87
Received reply: time=;1146639052709;321
Synch Success: SAftr=1146639052849, SBfr=1146639052663, D=93, M=1146639052709
Scheduled a DoS to fire after 197ms
DOS THREAD: SEND DoS PACKET At :1146639053001 87
Synch: Sending query: time=?;322
Received reply: time=;1146639053290;322
Synch Success: SAftr=1146639053429, SBfr=1146639053245, D=92, M=1146639053290
Scheduled a DoS to fire after 117ms
DOS THREAD: SEND DoS PACKET At :1146639053502 87
Synch: Sending query: time=?;323
Received reply: time=;1146639053869;323
Synch Success: SAftr=1146639054008, SBfr=1146639053824, D=92, M=1146639053869
Scheduled a DoS to fire after 38ms
DOS THREAD: SEND DoS PACKET At :1146639054002 87
Synch: Sending query: time=?;324
Received reply: time=;1146639054449;324
Synch Success: SAftr=1146639054587, SBfr=1146639054403, D=92, M=1146639054449
Scheduled a DoS to fire after 445ms
DOS THREAD: SEND DoS PACKET At :1146639054504 87
Synch: Sending query: time=?;325
DOS THREAD: SEND DoS PACKET At :1146639055001 87
Received reply: time=;1146639055043;325
Synch Success: SAftr=1146639055182, SBfr=1146639054996, D=93, M=1146639055043
Scheduled a DoS to fire after 363ms
Synch: Sending query: time=?;326
Received reply: time=;1146639055622;326
Synch Success: SAftr=1146639055761, SBfr=1146639055577, D=92, M=1146639055622
Scheduled a DoS to fire after 285ms
Synch: Sending query: time=?;327
DOS THREAD: SEND DoS PACKET At :1146639056002 88
Received reply: time=;1146639056202;327
Synch Success: SAftr=1146639056341, SBfr=1146639056157, D=92, M=1146639056202
Scheduled a DoS to fire after 205ms
DOS THREAD: SEND DoS PACKET At :1146639056502 88
Synch: Sending query: time=?;328
Received reply: time=;1146639056783;328
Synch Success: SAftr=1146639056921, SBfr=1146639056737, D=92, M=1146639056783
Scheduled a DoS to fire after 124ms
DOS THREAD: SEND DoS PACKET At :1146639057001 88
Synch: Sending query: time=?;329
Received reply: time=;1146639057362;329
Synch Success: SAftr=1146639057500, SBfr=1146639057317, D=91, M=1146639057362
Scheduled a DoS to fire after 45ms
DOS THREAD: SEND DoS PACKET At :1146639057501 88
Synch: Sending query: time=?;330
Received reply: time=;1146639057941;330
Synch Success: SAftr=1146639058081, SBfr=1146639057895, D=93, M=1146639057941
Scheduled a DoS to fire after 465ms
DOS THREAD: SEND DoS PACKET At :1146639058002 88
Synch: Sending query: time=?;331
Received reply: time=;1146639058520;331
Synch Success: SAftr=1146639058659, SBfr=1146639058475, D=92, M=1146639058520
Scheduled a DoS to fire after 387ms
DOS THREAD: SEND DoS PACKET At :1146639058501 88
DOS THREAD: SEND DoS PACKET At :1146639055502 88
Synch: Sending query: time=?;332
DOS THREAD: SEND DoS PACKET At :1146639059002 88
Received reply: time=;1146639059100;332
Synch Success: SAftr=1146639059239, SBfr=1146639059054, D=92, M=1146639059100
Scheduled a DoS to fire after 307ms
Synch: Sending query: time=?;333
DOS THREAD: SEND DoS PACKET At :1146639059501 88
Received reply: time=;1146639059679;333
Synch Success: SAftr=1146639059818, SBfr=1146639059634, D=92, M=1146639059679
Scheduled a DoS to fire after 228ms
DOS THREAD: SEND DoS PACKET At :1146639060002 88
Synch: Sending query: time=?;334
Received reply: time=;1146639060259;334
Synch Success: SAftr=1146639060398, SBfr=1146639060214, D=92, M=1146639060259
Scheduled a DoS to fire after 148ms
DOS THREAD: SEND DoS PACKET At :1146639060502 88
Synch: Sending query: time=?;335
Received reply: time=;1146639060838;335
Synch Success: SAftr=1146639060977, SBfr=1146639060793, D=92, M=1146639060838
Scheduled a DoS to fire after 69ms
DOS THREAD: SEND DoS PACKET At :1146639061001 89
Synch: Sending query: time=?;336
Received reply: time=;1146639061417;336
Synch Success: SAftr=1146639061556, SBfr=1146639061372, D=92, M=1146639061417
Scheduled a DoS to fire after 490ms
DOS THREAD: SEND DoS PACKET At :1146639061503 89
Synch: Sending query: time=?;337
Received reply: time=;1146639061995;337
Synch Success: SAftr=1146639062134, SBfr=1146639061950, D=92, M=1146639061995
Scheduled a DoS to fire after 412ms
DOS THREAD: SEND DoS PACKET At :1146639062001 89
Synch: Sending query: time=?;338
DOS THREAD: SEND DoS PACKET At :1146639062501 89
Received reply: time=;1146639062574;338
Synch Success: SAftr=1146639062713, SBfr=1146639062529, D=92, M=1146639062574
Scheduled a DoS to fire after 332ms
Synch: Sending query: time=?;339
DOS THREAD: SEND DoS PACKET At :1146639063003 89
Received reply: time=;1146639063155;339
Synch Success: SAftr=1146639063294, SBfr=1146639063110, D=92, M=1146639063155
Scheduled a DoS to fire after 251ms
DOS THREAD: SEND DoS PACKET At :1146639063501 89
Synch: Sending query: time=?;340
Received reply: time=;1146639063735;340
Synch Success: SAftr=1146639063874, SBfr=1146639063689, D=92, M=1146639063735
Scheduled a DoS to fire after 169ms
DOS THREAD: SEND DoS PACKET At :1146639064001 89
Synch: Sending query: time=?;341
Received reply: time=;1146639064318;341
Synch Success: SAftr=1146639064457, SBfr=1146639064272, D=92, M=1146639064318
Scheduled a DoS to fire after 88ms
DOS THREAD: SEND DoS PACKET At :1146639064503 89
Synch: Sending query: time=?;342
Received reply: time=;1146639064899;342
Synch Success: SAftr=1146639065038, SBfr=1146639064854, D=92, M=1146639064899
Scheduled a DoS to fire after 6ms
DOS THREAD: SEND DoS PACKET At :1146639065000 89
Synch: Sending query: time=?;343
Received reply: time=;1146639065480;343
Synch Success: SAftr=1146639065619, SBfr=1146639065434, D=92, M=1146639065480
Scheduled a DoS to fire after 427ms
DOS THREAD: SEND DoS PACKET At :1146639065501 90
Synch: Sending query: time=?;344
DOS THREAD: SEND DoS PACKET At :1146639066001 90
Received reply: time=;1146639066059;344
Synch Success: SAftr=1146639066198, SBfr=1146639066014, D=92, M=1146639066059
Scheduled a DoS to fire after 347ms
Synch: Sending query: time=?;345
DOS THREAD: SEND DoS PACKET At :1146639066502 90
Received reply: time=;1146639066638;345
Synch Success: SAftr=1146639066777, SBfr=1146639066593, D=92, M=1146639066638
Scheduled a DoS to fire after 269ms
DOS THREAD: SEND DoS PACKET At :1146639067002 90
Synch: Sending query: time=?;346
Received reply: time=;1146639067218;346
Synch Success: SAftr=1146639067357, SBfr=1146639067172, D=92, M=1146639067218
Scheduled a DoS to fire after 188ms
DOS THREAD: SEND DoS PACKET At :1146639067501 91
Synch: Sending query: time=?;347
Received reply: time=;1146639067798;347
Synch Success: SAftr=1146639067936, SBfr=1146639067753, D=91, M=1146639067798
Scheduled a DoS to fire after 110ms
DOS THREAD: SEND DoS PACKET At :1146639068001 91
Synch: Sending query: time=?;348
Received reply: time=;1146639068378;348
Synch Success: SAftr=1146639068516, SBfr=1146639068332, D=92, M=1146639068378
Scheduled a DoS to fire after 28ms
DOS THREAD: SEND DoS PACKET At :1146639068502 91
Synch: Sending query: time=?;349
Received reply: time=;1146639068959;349
Synch Success: SAftr=1146639069098, SBfr=1146639068912, D=93, M=1146639068959
Scheduled a DoS to fire after 447ms
DOS THREAD: SEND DoS PACKET At :1146639069003 92
Synch: Sending query: time=?;350
DOS THREAD: SEND DoS PACKET At :1146639069501 93
Received reply: time=;1146639069538;350
Synch Success: SAftr=1146639069677, SBfr=1146639069492, D=92, M=1146639069538
Scheduled a DoS to fire after 369ms
Synch: Sending query: time=?;351
Received reply: time=;1146639070118;351
Synch Success: SAftr=1146639070256, SBfr=1146639070073, D=91, M=1146639070118
Scheduled a DoS to fire after 289ms
Synch: Sending query: time=?;352
DOS THREAD: SEND DoS PACKET At :1146639070501 94
Received reply: time=;1146639070698;352
Synch Success: SAftr=1146639070837, SBfr=1146639070653, D=92, M=1146639070698
Scheduled a DoS to fire after 192ms
DOS THREAD: SEND DoS PACKET At :1146639071003 95
Synch: Sending query: time=?;353
Received reply: time=;1146639071295;353
Synch Success: SAftr=1146639071434, SBfr=1146639071249, D=92, M=1146639071295
Scheduled a DoS to fire after 425ms
DOS THREAD: SEND DoS PACKET At :1146639071505 96
Synch: Sending query: time=?;354
DOS THREAD: SEND DoS PACKET At :1146639072944 98
DOS THREAD: SEND DoS PACKET At :1146639070002 98
Received reply: time=;1146639073136;354
Synch Success: SAftr=1146639073275, SBfr=1146639073091, D=92, M=1146639073136
Scheduled a DoS to fire after 257ms
Synch: Sending query: time=?;355
DOS THREAD: SEND DoS PACKET At :1146639073501 98
Received reply: time=;1146639073729;355
Synch Success: SAftr=1146639073868, SBfr=1146639073684, D=92, M=1146639073729
Scheduled a DoS to fire after 177ms
DOS THREAD: SEND DoS PACKET At :1146639074002 98
Synch: Sending query: time=?;356
Received reply: time=;1146639074309;356
Synch Success: SAftr=1146639074448, SBfr=1146639074263, D=92, M=1146639074309
Scheduled a DoS to fire after 97ms
Synch: Sending query: time=?;357
Received reply: time=;1146639074889;357
Synch Success: SAftr=1146639075027, SBfr=1146639074844, D=91, M=1146639074889
Scheduled a DoS to fire after 19ms
DOS THREAD: SEND DoS PACKET At :1146639075001 99
Synch: Sending query: time=?;358
Received reply: time=;1146639075468;358
Synch Success: SAftr=1146639075607, SBfr=1146639075423, D=92, M=1146639075468
Scheduled a DoS to fire after 435ms
DOS THREAD: SEND DoS PACKET At :1146639075503 99
Synch: Sending query: time=?;359
DOS THREAD: SEND DoS PACKET At :1146639076001 99
Received reply: time=;1146639076051;359
Synch Success: SAftr=1146639076190, SBfr=1146639076005, D=92, M=1146639076051
Scheduled a DoS to fire after 355ms
Synch: Sending query: time=?;360
DOS THREAD: SEND DoS PACKET At :1146639076502 99
Received reply: time=;1146639076631;360
Synch Success: SAftr=1146639076770, SBfr=1146639076585, D=92, M=1146639076631
Scheduled a DoS to fire after 275ms
Synch: Sending query: time=?;361
DOS THREAD: SEND DoS PACKET At :1146639077001 99
Received reply: time=;1146639077211;361
Synch Success: SAftr=1146639077351, SBfr=1146639077165, D=93, M=1146639077211
Scheduled a DoS to fire after 194ms
DOS THREAD: SEND DoS PACKET At :1146639074501 100
DOS THREAD: SEND DoS PACKET At :1146639077501 100
Synch: Sending query: time=?;362
Received reply: time=;1146639077793;362
Synch Success: SAftr=1146639077931, SBfr=1146639077747, D=92, M=1146639077793
Scheduled a DoS to fire after 113ms
DOS THREAD: SEND DoS PACKET At :1146639078001 101
Synch: Sending query: time=?;363
Received reply: time=;1146639078372;363
Synch Success: SAftr=1146639078511, SBfr=1146639078326, D=92, M=1146639078372
Scheduled a DoS to fire after 35ms
Synch: Sending query: time=?;364
Received reply: time=;1146639078954;364
Synch Success: SAftr=1146639079095, SBfr=1146639078909, D=93, M=1146639078954
Scheduled a DoS to fire after 452ms
Synch: Sending query: time=?;365
DOS THREAD: SEND DoS PACKET At :1146639079502 101
Received reply: time=;1146639079538;365
Synch Success: SAftr=1146639079676, SBfr=1146639079491, D=92, M=1146639079538
Scheduled a DoS to fire after 369ms
Synch: Sending query: time=?;366
DOS THREAD: SEND DoS PACKET At :1146639080003 102
Received reply: time=;1146639080117;366
Synch Success: SAftr=1146639080256, SBfr=1146639080071, D=92, M=1146639080117
Scheduled a DoS to fire after 290ms
Synch: Sending query: time=?;367
DOS THREAD: SEND DoS PACKET At :1146639080502 102
Received reply: time=;1146639080697;367
Synch Success: SAftr=1146639080836, SBfr=1146639080652, D=92, M=1146639080697
Scheduled a DoS to fire after 210ms
DOS THREAD: SEND DoS PACKET At :1146639081001 102
Synch: Sending query: time=?;368
Received reply: time=;1146639081287;368
Synch Success: SAftr=1146639081426, SBfr=1146639081242, D=92, M=1146639081287
Scheduled a DoS to fire after 120ms
DOS THREAD: SEND DoS PACKET At :1146639081501 102
DOS THREAD: SEND DoS PACKET At :1146639078501 102
Synch: Sending query: time=?;369
Received reply: time=;1146639081866;369
Synch Success: SAftr=1146639082005, SBfr=1146639081820, D=92, M=1146639081866
Scheduled a DoS to fire after 41ms
DOS THREAD: SEND DoS PACKET At :1146639082001 103
Synch: Sending query: time=?;370
Received reply: time=;1146639082445;370
Synch Success: SAftr=1146639082584, SBfr=1146639082400, D=92, M=1146639082445
Scheduled a DoS to fire after 462ms
DOS THREAD: SEND DoS PACKET At :1146639082502 104
Synch: Sending query: time=?;371
Received reply: time=;1146639083024;371
Synch Success: SAftr=1146639083164, SBfr=1146639082979, D=92, M=1146639083024
Scheduled a DoS to fire after 381ms
