Master Name = 128.208.1.139
Master Send Port = 20010
Slave Rcv Port = 20100
U = 200 milliseconds
k = 10
W = 500 milliseconds
Synch Frequency = 300 milliseconds
DoS Target Host Name = 24.17.85.236
DoS Target Port = 80
AttackLifetime = 5 minute(s)
Attack Mode = TCP
Synch: Sending query: time=?;1
Received reply: time=;1146638838922;1
Synch Success: SAftr=1146638839176, SBfr=1146638838834, D=171, M=1146638838922
Scheduled a DoS to fire after 401ms
Synch: Sending query: time=?;2
DOS THREAD: SEND DoS PACKET At :1146638839501 1
Received reply: time=;1146638839750;2
Synch Success: SAftr=1146638840004, SBfr=1146638839661, D=171, M=1146638839750
Scheduled a DoS to fire after 72ms
DOS THREAD: SEND DoS PACKET At :1146638840005 2
Synch: Sending query: time=?;3
DOS THREAD: SEND DoS PACKET At :1146638840507 3
Received reply: time=;1146638840573;3
Synch Success: SAftr=1146638840826, SBfr=1146638840484, D=171, M=1146638840573
Scheduled a DoS to fire after 254ms
Synch: Sending query: time=?;4
DOS THREAD: SEND DoS PACKET At :1146638841004 4
Received reply: time=;1146638841388;4
Synch Success: SAftr=1146638841641, SBfr=1146638841300, D=170, M=1146638841388
Scheduled a DoS to fire after 441ms
DOS THREAD: SEND DoS PACKET At :1146638841505 5
Synch: Sending query: time=?;5
DOS THREAD: SEND DoS PACKET At :1146638842001 6
Received reply: time=;1146638842203;5
Synch Success: SAftr=1146638842456, SBfr=1146638842114, D=171, M=1146638842203
Scheduled a DoS to fire after 125ms
DOS THREAD: SEND DoS PACKET At :1146638842502 7
Synch: Sending query: time=?;6
Received reply: time=;1146638843018;6
Synch Success: SAftr=1146638843271, SBfr=1146638842929, D=171, M=1146638843018
Scheduled a DoS to fire after 310ms
DOS THREAD: SEND DoS PACKET At :1146638843004 8
Synch: Sending query: time=?;7
DOS THREAD: SEND DoS PACKET At :1146638843502 9
Received reply: time=;1146638843833;7
Synch Success: SAftr=1146638844090, SBfr=1146638843744, D=173, M=1146638843833
Scheduled a DoS to fire after 484ms
DOS THREAD: SEND DoS PACKET At :1146638844004 10
Synch: Sending query: time=?;8
DOS THREAD: SEND DoS PACKET At :1146638844502 11
Received reply: time=;1146638844661;8
Synch Success: SAftr=1146638844913, SBfr=1146638844572, D=170, M=1146638844661
Scheduled a DoS to fire after 168ms
DOS THREAD: SEND DoS PACKET At :1146638845002 12
Synch: Sending query: time=?;9
Received reply: time=;1146638845476;9
Synch Success: SAftr=1146638845729, SBfr=1146638845387, D=171, M=1146638845476
Scheduled a DoS to fire after 352ms
Synch: Sending query: time=?;10
DOS THREAD: SEND DoS PACKET At :1146638846002 13
Received reply: time=;1146638846292;10
Synch Success: SAftr=1146638846544, SBfr=1146638846203, D=170, M=1146638846292
Scheduled a DoS to fire after 37ms
DOS THREAD: SEND DoS PACKET At :1146638846502 14
Synch: Sending query: time=?;11
DOS THREAD: SEND DoS PACKET At :1146638847004 15
Received reply: time=;1146638847111;11
Synch Success: SAftr=1146638847364, SBfr=1146638847022, D=171, M=1146638847111
Scheduled a DoS to fire after 210ms
DOS THREAD: SEND DoS PACKET At :1146638847502 16
Synch: Sending query: time=?;12
Received reply: time=;1146638847934;12
Synch Success: SAftr=1146638848188, SBfr=1146638847845, D=171, M=1146638847934
Scheduled a DoS to fire after 393ms
DOS THREAD: SEND DoS PACKET At :1146638848004 17
Synch: Sending query: time=?;13
DOS THREAD: SEND DoS PACKET At :1146638848505 18
DOS THREAD: SEND DoS PACKET At :1146638845504 19
Received reply: time=;1146638848751;13
Synch Success: SAftr=1146638849003, SBfr=1146638848662, D=170, M=1146638848751
Scheduled a DoS to fire after 77ms
DOS THREAD: SEND DoS PACKET At :1146638849002 20
Synch: Sending query: time=?;14
DOS THREAD: SEND DoS PACKET At :1146638849504 21
Received reply: time=;1146638849566;14
Synch Success: SAftr=1146638849819, SBfr=1146638849477, D=171, M=1146638849566
Scheduled a DoS to fire after 262ms
Synch: Sending query: time=?;15
Received reply: time=;1146638850382;15
Synch Success: SAftr=1146638850635, SBfr=1146638850293, D=171, M=1146638850382
Scheduled a DoS to fire after 438ms
Synch: Sending query: time=?;16
DOS THREAD: SEND DoS PACKET At :1146638851001 22
Received reply: time=;1146638851204;16
Synch Success: SAftr=1146638851457, SBfr=1146638851116, D=170, M=1146638851204
Scheduled a DoS to fire after 125ms
DOS THREAD: SEND DoS PACKET At :1146638851501 23
Synch: Sending query: time=?;17
Received reply: time=;1146638852019;17
Synch Success: SAftr=1146638852276, SBfr=1146638851930, D=173, M=1146638852019
Scheduled a DoS to fire after 307ms
Synch: Sending query: time=?;18
DOS THREAD: SEND DoS PACKET At :1146638852501 24
Received reply: time=;1146638852838;18
Synch Success: SAftr=1146638853091, SBfr=1146638852750, D=170, M=1146638852838
Scheduled a DoS to fire after 490ms
DOS THREAD: SEND DoS PACKET At :1146638850002 25
DOS THREAD: SEND DoS PACKET At :1146638853002 26
Synch: Sending query: time=?;19
DOS THREAD: SEND DoS PACKET At :1146638853501 27
Received reply: time=;1146638853653;19
Synch Success: SAftr=1146638853915, SBfr=1146638853565, D=175, M=1146638853653
Scheduled a DoS to fire after 153ms
DOS THREAD: SEND DoS PACKET At :1146638854001 28
Synch: Sending query: time=?;20
Received reply: time=;1146638854505;20
Synch Success: SAftr=1146638854760, SBfr=1146638854416, D=172, M=1146638854505
Scheduled a DoS to fire after 316ms
DOS THREAD: SEND DoS PACKET At :1146638854502 29
DOS THREAD: SEND DoS PACKET At :1146638852007 30
Synch: Sending query: time=?;21
DOS THREAD: SEND DoS PACKET At :1146638855003 31
Received reply: time=;1146638855336;21
Synch Success: SAftr=1146638855588, SBfr=1146638855247, D=170, M=1146638855336
Scheduled a DoS to fire after 492ms
DOS THREAD: SEND DoS PACKET At :1146638855506 32
Synch: Sending query: time=?;22
DOS THREAD: SEND DoS PACKET At :1146638856001 33
Received reply: time=;1146638856156;22
Synch Success: SAftr=1146638856409, SBfr=1146638856068, D=170, M=1146638856156
Scheduled a DoS to fire after 173ms
DOS THREAD: SEND DoS PACKET At :1146638856501 34
Synch: Sending query: time=?;23
Received reply: time=;1146638856973;23
Synch Success: SAftr=1146638857235, SBfr=1146638856884, D=175, M=1146638856973
Scheduled a DoS to fire after 350ms
DOS THREAD: SEND DoS PACKET At :1146638857009 35
Synch: Sending query: time=?;24
DOS THREAD: SEND DoS PACKET At :1146638857501 36
Received reply: time=;1146638857797;24
Synch Success: SAftr=1146638858050, SBfr=1146638857709, D=170, M=1146638857797
Scheduled a DoS to fire after 32ms
DOS THREAD: SEND DoS PACKET At :1146638858001 37
Synch: Sending query: time=?;25
DOS THREAD: SEND DoS PACKET At :1146638858503 38
Received reply: time=;1146638858616;25
Synch Success: SAftr=1146638858870, SBfr=1146638858528, D=171, M=1146638858616
Scheduled a DoS to fire after 204ms
Synch: Sending query: time=?;26
Received reply: time=;1146638859440;26
Synch Success: SAftr=1146638859693, SBfr=1146638859352, D=170, M=1146638859440
Scheduled a DoS to fire after 389ms
Synch: Sending query: time=?;27
Received reply: time=;1146638860262;27
Synch Success: SAftr=1146638860514, SBfr=1146638860174, D=170, M=1146638860262
Scheduled a DoS to fire after 66ms
DOS THREAD: SEND DoS PACKET At :1146638860501 39
Synch: Sending query: time=?;28
DOS THREAD: SEND DoS PACKET At :1146638861003 40
Received reply: time=;1146638861076;28
Synch Success: SAftr=1146638861328, SBfr=1146638860987, D=170, M=1146638861076
Scheduled a DoS to fire after 250ms
DOS THREAD: SEND DoS PACKET At :1146638861501 41
Synch: Sending query: time=?;29
Received reply: time=;1146638861893;29
Synch Success: SAftr=1146638862146, SBfr=1146638861804, D=171, M=1146638861893
Scheduled a DoS to fire after 435ms
DOS THREAD: SEND DoS PACKET At :1146638859004 42
DOS THREAD: SEND DoS PACKET At :1146638862003 43
Synch: Sending query: time=?;30
Received reply: time=;1146638862710;30
Synch Success: SAftr=1146638862967, SBfr=1146638862621, D=173, M=1146638862710
Scheduled a DoS to fire after 116ms
DOS THREAD: SEND DoS PACKET At :1146638860001 44
DOS THREAD: SEND DoS PACKET At :1146638863002 45
Synch: Sending query: time=?;31
Received reply: time=;1146638863529;31
Synch Success: SAftr=1146638863781, SBfr=1146638863440, D=170, M=1146638863529
Scheduled a DoS to fire after 300ms
Synch: Sending query: time=?;32
Received reply: time=;1146638864347;32
Synch Success: SAftr=1146638864599, SBfr=1146638864259, D=170, M=1146638864347
Scheduled a DoS to fire after 482ms
Synch: Sending query: time=?;33
DOS THREAD: SEND DoS PACKET At :1146638865001 46
Received reply: time=;1146638865161;33
Synch Success: SAftr=1146638865414, SBfr=1146638865072, D=171, M=1146638865161
Scheduled a DoS to fire after 163ms
DOS THREAD: SEND DoS PACKET At :1146638862503 47
Synch: Sending query: time=?;34
Received reply: time=;1146638865980;34
Synch Success: SAftr=1146638866232, SBfr=1146638865891, D=170, M=1146638865980
Scheduled a DoS to fire after 349ms
DOS THREAD: SEND DoS PACKET At :1146638863503 48
Synch: Sending query: time=?;35
Received reply: time=;1146638866796;35
Synch Success: SAftr=1146638867052, SBfr=1146638866708, D=172, M=1146638866796
Scheduled a DoS to fire after 29ms
DOS THREAD: SEND DoS PACKET At :1146638864001 49
DOS THREAD: SEND DoS PACKET At :1146638867001 50
Synch: Sending query: time=?;36
Received reply: time=;1146638867617;36
Synch Success: SAftr=1146638867869, SBfr=1146638867528, D=170, M=1146638867617
Scheduled a DoS to fire after 212ms
Synch: Sending query: time=?;37
Received reply: time=;1146638868431;37
Synch Success: SAftr=1146638868683, SBfr=1146638868342, D=170, M=1146638868431
Scheduled a DoS to fire after 398ms
DOS THREAD: SEND DoS PACKET At :1146638865502 51
Synch: Sending query: time=?;38
Received reply: time=;1146638869248;38
Synch Success: SAftr=1146638869501, SBfr=1146638869160, D=170, M=1146638869248
Scheduled a DoS to fire after 81ms
DOS THREAD: SEND DoS PACKET At :1146638869501 52
Synch: Sending query: time=?;39
Received reply: time=;1146638870062;39
Synch Success: SAftr=1146638870315, SBfr=1146638869974, D=170, M=1146638870062
Scheduled a DoS to fire after 267ms
DOS THREAD: SEND DoS PACKET At :1146638867503 53
Synch: Sending query: time=?;40
Received reply: time=;1146638870876;40
Synch Success: SAftr=1146638871128, SBfr=1146638870788, D=170, M=1146638870876
Scheduled a DoS to fire after 452ms
DOS THREAD: SEND DoS PACKET At :1146638868002 54
Synch: Sending query: time=?;41
Received reply: time=;1146638871690;41
Synch Success: SAftr=1146638871943, SBfr=1146638871602, D=170, M=1146638871690
Scheduled a DoS to fire after 139ms
DOS THREAD: SEND DoS PACKET At :1146638869002 55
DOS THREAD: SEND DoS PACKET At :1146638872002 56
Synch: Sending query: time=?;42
Received reply: time=;1146638872506;42
Synch Success: SAftr=1146638872758, SBfr=1146638872417, D=170, M=1146638872506
Scheduled a DoS to fire after 323ms
DOS THREAD: SEND DoS PACKET At :1146638872504 57
Synch: Sending query: time=?;43
Received reply: time=;1146638873320;43
Synch Success: SAftr=1146638873574, SBfr=1146638873231, D=171, M=1146638873320
Scheduled a DoS to fire after 8ms
DOS THREAD: SEND DoS PACKET At :1146638870502 58
DOS THREAD: SEND DoS PACKET At :1146638873500 59
Synch: Sending query: time=?;44
Received reply: time=;1146638874136;44
Synch Success: SAftr=1146638874389, SBfr=1146638874048, D=170, M=1146638874136
Scheduled a DoS to fire after 192ms
DOS THREAD: SEND DoS PACKET At :1146638871502 60
Synch: Sending query: time=?;45
Received reply: time=;1146638874951;45
Synch Success: SAftr=1146638875203, SBfr=1146638874863, D=170, M=1146638874951
Scheduled a DoS to fire after 378ms
Synch: Sending query: time=?;46
DOS THREAD: SEND DoS PACKET At :1146638875501 61
DOS THREAD: SEND DoS PACKET At :1146638866504 62
Received reply: time=;1146638875765;46
Synch Success: SAftr=1146638876018, SBfr=1146638875677, D=170, M=1146638875765
Scheduled a DoS to fire after 35ms
DOS THREAD: SEND DoS PACKET At :1146638873005 63
DOS THREAD: SEND DoS PACKET At :1146638876008 64
Synch: Sending query: time=?;47
DOS THREAD: SEND DoS PACKET At :1146638876509 65
Received reply: time=;1146638876609;47
Synch Success: SAftr=1146638876864, SBfr=1146638876521, D=171, M=1146638876609
Scheduled a DoS to fire after 219ms
DOS THREAD: SEND DoS PACKET At :1146638874003 66
Synch: Sending query: time=?;48
Received reply: time=;1146638877426;48
Synch Success: SAftr=1146638877682, SBfr=1146638877337, D=172, M=1146638877426
Scheduled a DoS to fire after 401ms
DOS THREAD: SEND DoS PACKET At :1146638874501 67
Synch: Sending query: time=?;49
Received reply: time=;1146638878245;49
Synch Success: SAftr=1146638878498, SBfr=1146638878157, D=170, M=1146638878245
Scheduled a DoS to fire after 83ms
DOS THREAD: SEND DoS PACKET At :1146638878502 68
Synch: Sending query: time=?;50
DOS THREAD: SEND DoS PACKET At :1146638870003 69
Received reply: time=;1146638879060;50
Synch Success: SAftr=1146638879313, SBfr=1146638878972, D=170, M=1146638879060
Scheduled a DoS to fire after 270ms
Synch: Sending query: time=?;51
Received reply: time=;1146638879874;51
Synch Success: SAftr=1146638880127, SBfr=1146638879786, D=170, M=1146638879874
Scheduled a DoS to fire after 452ms
Synch: Sending query: time=?;52
Received reply: time=;1146638880691;52
Synch Success: SAftr=1146638880944, SBfr=1146638880603, D=170, M=1146638880691
Scheduled a DoS to fire after 138ms
DOS THREAD: SEND DoS PACKET At :1146638878001 70
DOS THREAD: SEND DoS PACKET At :1146638881004 71
Synch: Sending query: time=?;53
Received reply: time=;1146638881506;53
Synch Success: SAftr=1146638881758, SBfr=1146638881418, D=170, M=1146638881506
Scheduled a DoS to fire after 323ms
Synch: Sending query: time=?;54
DOS THREAD: SEND DoS PACKET At :1146638879004 72
Received reply: time=;1146638882320;54
Synch Success: SAftr=1146638882573, SBfr=1146638882232, D=170, M=1146638882320
Scheduled a DoS to fire after 8ms
DOS THREAD: SEND DoS PACKET At :1146638879501 73
DOS THREAD: SEND DoS PACKET At :1146638882501 74
Synch: Sending query: time=?;55
Received reply: time=;1146638883136;55
Synch Success: SAftr=1146638883388, SBfr=1146638883047, D=170, M=1146638883136
Scheduled a DoS to fire after 193ms
DOS THREAD: SEND DoS PACKET At :1146638880501 75
Synch: Sending query: time=?;56
Received reply: time=;1146638883950;56
Synch Success: SAftr=1146638884203, SBfr=1146638883861, D=171, M=1146638883950
Scheduled a DoS to fire after 378ms
Synch: Sending query: time=?;57
DOS THREAD: SEND DoS PACKET At :1146638881506 76
Received reply: time=;1146638884764;57
Synch Success: SAftr=1146638885017, SBfr=1146638884675, D=171, M=1146638884764
Scheduled a DoS to fire after 64ms
DOS THREAD: SEND DoS PACKET At :1146638882001 77
DOS THREAD: SEND DoS PACKET At :1146638885003 78
Synch: Sending query: time=?;58
DOS THREAD: SEND DoS PACKET At :1146638885505 79
Received reply: time=;1146638885579;58
Synch Success: SAftr=1146638885831, SBfr=1146638885489, D=171, M=1146638885579
Scheduled a DoS to fire after 249ms
DOS THREAD: SEND DoS PACKET At :1146638883002 80
DOS THREAD: SEND DoS PACKET At :1146638886001 81
Synch: Sending query: time=?;59
DOS THREAD: SEND DoS PACKET At :1146638877001 82
Received reply: time=;1146638886393;59
Synch Success: SAftr=1146638886648, SBfr=1146638886304, D=172, M=1146638886393
Scheduled a DoS to fire after 434ms
DOS THREAD: SEND DoS PACKET At :1146638883502 83
DOS THREAD: SEND DoS PACKET At :1146638886503 84
Synch: Sending query: time=?;60
DOS THREAD: SEND DoS PACKET At :1146638887001 85
Received reply: time=;1146638887208;60
Synch Success: SAftr=1146638887461, SBfr=1146638887120, D=170, M=1146638887208
Scheduled a DoS to fire after 117ms
DOS THREAD: SEND DoS PACKET At :1146638884501 86
DOS THREAD: SEND DoS PACKET At :1146638887502 87
Synch: Sending query: time=?;61
Received reply: time=;1146638888029;61
Synch Success: SAftr=1146638888282, SBfr=1146638887941, D=170, M=1146638888029
Scheduled a DoS to fire after 295ms
DOS THREAD: SEND DoS PACKET At :1146638888004 88
Synch: Sending query: time=?;62
DOS THREAD: SEND DoS PACKET At :1146638888502 89
Received reply: time=;1146638888848;62
Synch Success: SAftr=1146638889101, SBfr=1146638888760, D=170, M=1146638888848
Scheduled a DoS to fire after 480ms
DOS THREAD: SEND DoS PACKET At :1146638889004 90
Synch: Sending query: time=?;63
Received reply: time=;1146638889664;63
Synch Success: SAftr=1146638889916, SBfr=1146638889575, D=170, M=1146638889664
Scheduled a DoS to fire after 165ms
Synch: Sending query: time=?;64
Received reply: time=;1146638890477;64
Synch Success: SAftr=1146638890730, SBfr=1146638890389, D=170, M=1146638890477
Scheduled a DoS to fire after 352ms
Synch: Sending query: time=?;65
DOS THREAD: SEND DoS PACKET At :1146638891002 91
Received reply: time=;1146638891297;65
Synch Success: SAftr=1146638891550, SBfr=1146638891209, D=170, M=1146638891297
Scheduled a DoS to fire after 32ms
DOS THREAD: SEND DoS PACKET At :1146638891502 92
Synch: Sending query: time=?;66
DOS THREAD: SEND DoS PACKET At :1146638892008 93
Received reply: time=;1146638892112;66
Synch Success: SAftr=1146638892365, SBfr=1146638892023, D=171, M=1146638892112
Scheduled a DoS to fire after 216ms
DOS THREAD: SEND DoS PACKET At :1146638889502 94
DOS THREAD: SEND DoS PACKET At :1146638892502 95
Synch: Sending query: time=?;67
Received reply: time=;1146638892926;67
Synch Success: SAftr=1146638893179, SBfr=1146638892838, D=170, M=1146638892926
Scheduled a DoS to fire after 403ms
DOS THREAD: SEND DoS PACKET At :1146638890002 96
Synch: Sending query: time=?;68
Received reply: time=;1146638893742;68
Synch Success: SAftr=1146638893994, SBfr=1146638893653, D=170, M=1146638893742
Scheduled a DoS to fire after 87ms
DOS THREAD: SEND DoS PACKET At :1146638894003 97
Synch: Sending query: time=?;69
DOS THREAD: SEND DoS PACKET At :1146638894505 98
Received reply: time=;1146638894555;69
Synch Success: SAftr=1146638894813, SBfr=1146638894467, D=173, M=1146638894555
Scheduled a DoS to fire after 271ms
Synch: Sending query: time=?;70
DOS THREAD: SEND DoS PACKET At :1146638895002 99
Received reply: time=;1146638895375;70
Synch Success: SAftr=1146638895628, SBfr=1146638895287, D=170, M=1146638895375
Scheduled a DoS to fire after 454ms
Synch: Sending query: time=?;71
DOS THREAD: SEND DoS PACKET At :1146638893009 100
DOS THREAD: SEND DoS PACKET At :1146638896001 101
Received reply: time=;1146638896189;71
Synch Success: SAftr=1146638896442, SBfr=1146638896101, D=170, M=1146638896189
Scheduled a DoS to fire after 140ms
DOS THREAD: SEND DoS PACKET At :1146638893502 102
DOS THREAD: SEND DoS PACKET At :1146638896502 103
Synch: Sending query: time=?;72
Received reply: time=;1146638897003;72
Synch Success: SAftr=1146638897256, SBfr=1146638896915, D=170, M=1146638897003
Scheduled a DoS to fire after 326ms
DOS THREAD: SEND DoS PACKET At :1146638897003 104
Synch: Sending query: time=?;73
DOS THREAD: SEND DoS PACKET At :1146638897502 105
Received reply: time=;1146638897819;73
Synch Success: SAftr=1146638898071, SBfr=1146638897730, D=170, M=1146638897819
Scheduled a DoS to fire after 5ms
Synch: Sending query: time=?;74
DOS THREAD: SEND DoS PACKET At :1146638895504 106
Received reply: time=;1146638898637;74
Synch Success: SAftr=1146638898890, SBfr=1146638898549, D=170, M=1146638898637
Scheduled a DoS to fire after 191ms
DOS THREAD: SEND DoS PACKET At :1146638899001 107
Synch: Sending query: time=?;75
Received reply: time=;1146638899452;75
Synch Success: SAftr=1146638899707, SBfr=1146638899364, D=171, M=1146638899452
Scheduled a DoS to fire after 376ms
DOS THREAD: SEND DoS PACKET At :1146638899506 108
Synch: Sending query: time=?;76
Received reply: time=;1146638900271;76
Synch Success: SAftr=1146638900543, SBfr=1146638900183, D=180, M=1146638900271
Scheduled a DoS to fire after 45ms
Synch: Sending query: time=?;77
DOS THREAD: SEND DoS PACKET At :1146638898000 109
Received reply: time=;1146638901111;77
Synch Success: SAftr=1146638901365, SBfr=1146638901022, D=171, M=1146638901111
Scheduled a DoS to fire after 216ms
Synch: Sending query: time=?;78
Received reply: time=;1146638901929;78
Synch Success: SAftr=1146638902181, SBfr=1146638901840, D=170, M=1146638901929
Scheduled a DoS to fire after 400ms
Synch: Sending query: time=?;79
DOS THREAD: SEND DoS PACKET At :1146638902501 110
Received reply: time=;1146638902743;79
Synch Success: SAftr=1146638902996, SBfr=1146638902654, D=171, M=1146638902743
Scheduled a DoS to fire after 64ms
DOS THREAD: SEND DoS PACKET At :1146638900007 111
DOS THREAD: SEND DoS PACKET At :1146638903002 112
Synch: Sending query: time=?;80
DOS THREAD: SEND DoS PACKET At :1146638900501 113
Received reply: time=;1146638903578;80
Synch Success: SAftr=1146638903831, SBfr=1146638903490, D=170, M=1146638903578
Scheduled a DoS to fire after 249ms
Synch: Sending query: time=?;81
Received reply: time=;1146638904396;81
Synch Success: SAftr=1146638904648, SBfr=1146638904307, D=170, M=1146638904396
Scheduled a DoS to fire after 433ms
DOS THREAD: SEND DoS PACKET At :1146638901501 114
Synch: Sending query: time=?;82
DOS THREAD: SEND DoS PACKET At :1146638905012 115
Received reply: time=;1146638905213;82
Synch Success: SAftr=1146638905465, SBfr=1146638905124, D=170, M=1146638905213
Scheduled a DoS to fire after 116ms
Synch: Sending query: time=?;83
Received reply: time=;1146638906027;83
Synch Success: SAftr=1146638906279, SBfr=1146638905938, D=170, M=1146638906027
Scheduled a DoS to fire after 302ms
Synch: Sending query: time=?;84
DOS THREAD: SEND DoS PACKET At :1146638903503 116
DOS THREAD: SEND DoS PACKET At :1146638906501 117
Received reply: time=;1146638906841;84
Synch Success: SAftr=1146638907093, SBfr=1146638906752, D=170, M=1146638906841
Scheduled a DoS to fire after 488ms
DOS THREAD: SEND DoS PACKET At :1146638904002 118
Synch: Sending query: time=?;85
DOS THREAD: SEND DoS PACKET At :1146638907502 119
Received reply: time=;1146638907656;85
Synch Success: SAftr=1146638907908, SBfr=1146638907568, D=170, M=1146638907656
Scheduled a DoS to fire after 173ms
Synch: Sending query: time=?;86
Received reply: time=;1146638908470;86
Synch Success: SAftr=1146638908731, SBfr=1146638908381, D=175, M=1146638908470
Scheduled a DoS to fire after 343ms
DOS THREAD: SEND DoS PACKET At :1146638905502 120
Synch: Sending query: time=?;87
Received reply: time=;1146638909305;87
Synch Success: SAftr=1146638909557, SBfr=1146638909215, D=171, M=1146638909305
Scheduled a DoS to fire after 20ms
DOS THREAD: SEND DoS PACKET At :1146638909512 121
Synch: Sending query: time=?;88
DOS THREAD: SEND DoS PACKET At :1146638907003 122
DOS THREAD: SEND DoS PACKET At :1146638910013 123
Received reply: time=;1146638910125;88
Synch Success: SAftr=1146638910378, SBfr=1146638910037, D=170, M=1146638910125
Scheduled a DoS to fire after 204ms
DOS THREAD: SEND DoS PACKET At :1146638910501 124
Synch: Sending query: time=?;89
Received reply: time=;1146638910959;89
Synch Success: SAftr=1146638911212, SBfr=1146638910870, D=171, M=1146638910959
Scheduled a DoS to fire after 369ms
DOS THREAD: SEND DoS PACKET At :1146638911013 125
DOS THREAD: SEND DoS PACKET At :1146638908002 126
Synch: Sending query: time=?;90
Received reply: time=;1146638911773;90
Synch Success: SAftr=1146638912026, SBfr=1146638911685, D=170, M=1146638911773
Scheduled a DoS to fire after 56ms
DOS THREAD: SEND DoS PACKET At :1146638912002 127
DOS THREAD: SEND DoS PACKET At :1146638909003 128
Synch: Sending query: time=?;91
Received reply: time=;1146638912587;91
Synch Success: SAftr=1146638912840, SBfr=1146638912499, D=170, M=1146638912587
Scheduled a DoS to fire after 242ms
DOS THREAD: SEND DoS PACKET At :1146638913004 129
Synch: Sending query: time=?;92
Received reply: time=;1146638913403;92
Synch Success: SAftr=1146638913656, SBfr=1146638913313, D=171, M=1146638913403
Scheduled a DoS to fire after 425ms
Synch: Sending query: time=?;93
Received reply: time=;1146638914222;93
Synch Success: SAftr=1146638914474, SBfr=1146638914133, D=170, M=1146638914222
Scheduled a DoS to fire after 107ms
DOS THREAD: SEND DoS PACKET At :1146638911502 130
DOS THREAD: SEND DoS PACKET At :1146638914502 131
Synch: Sending query: time=?;94
Received reply: time=;1146638915035;94
Synch Success: SAftr=1146638915288, SBfr=1146638914947, D=170, M=1146638915035
Scheduled a DoS to fire after 293ms
DOS THREAD: SEND DoS PACKET At :1146638912504 132
Synch: Sending query: time=?;95
Received reply: time=;1146638915850;95
Synch Success: SAftr=1146638916103, SBfr=1146638915762, D=170, M=1146638915850
Scheduled a DoS to fire after 479ms
Synch: Sending query: time=?;96
DOS THREAD: SEND DoS PACKET At :1146638913506 133
DOS THREAD: SEND DoS PACKET At :1146638916502 134
Received reply: time=;1146638916666;96
Synch Success: SAftr=1146638916919, SBfr=1146638916577, D=171, M=1146638916666
Scheduled a DoS to fire after 162ms
DOS THREAD: SEND DoS PACKET At :1146638914002 135
Synch: Sending query: time=?;97
Received reply: time=;1146638917481;97
Synch Success: SAftr=1146638917734, SBfr=1146638917392, D=171, M=1146638917481
Scheduled a DoS to fire after 347ms
Synch: Sending query: time=?;98
DOS THREAD: SEND DoS PACKET At :1146638915004 136
DOS THREAD: SEND DoS PACKET At :1146638918002 137
Received reply: time=;1146638918297;98
Synch Success: SAftr=1146638918552, SBfr=1146638918209, D=171, M=1146638918297
Scheduled a DoS to fire after 31ms
DOS THREAD: SEND DoS PACKET At :1146638915502 138
DOS THREAD: SEND DoS PACKET At :1146638918502 139
Synch: Sending query: time=?;99
DOS THREAD: SEND DoS PACKET At :1146638919004 140
Received reply: time=;1146638919116;99
Synch Success: SAftr=1146638919368, SBfr=1146638919028, D=170, M=1146638919116
Scheduled a DoS to fire after 213ms
Synch: Sending query: time=?;100
Received reply: time=;1146638919929;100
Synch Success: SAftr=1146638920182, SBfr=1146638919841, D=170, M=1146638919929
Scheduled a DoS to fire after 400ms
DOS THREAD: SEND DoS PACKET At :1146638917002 141
Synch: Sending query: time=?;101
DOS THREAD: SEND DoS PACKET At :1146638920501 142
Received reply: time=;1146638920744;101
Synch Success: SAftr=1146638920996, SBfr=1146638920656, D=170, M=1146638920744
Scheduled a DoS to fire after 84ms
Synch: Sending query: time=?;102
Received reply: time=;1146638921564;102
Synch Success: SAftr=1146638921816, SBfr=1146638921470, D=173, M=1146638921564
Scheduled a DoS to fire after 262ms
Synch: Sending query: time=?;103
DOS THREAD: SEND DoS PACKET At :1146638922001 143
Received reply: time=;1146638922377;103
Synch Success: SAftr=1146638922629, SBfr=1146638922289, D=170, M=1146638922377
Scheduled a DoS to fire after 452ms
DOS THREAD: SEND DoS PACKET At :1146638919501 144
DOS THREAD: SEND DoS PACKET At :1146638922503 145
Synch: Sending query: time=?;104
DOS THREAD: SEND DoS PACKET At :1146638923002 146
Received reply: time=;1146638923194;104
Synch Success: SAftr=1146638923448, SBfr=1146638923106, D=171, M=1146638923194
Scheduled a DoS to fire after 133ms
DOS THREAD: SEND DoS PACKET At :1146638923501 147
Synch: Sending query: time=?;105
DOS THREAD: SEND DoS PACKET At :1146638921001 148
Received reply: time=;1146638924010;105
Synch Success: SAftr=1146638924263, SBfr=1146638923922, D=170, M=1146638924010
Scheduled a DoS to fire after 319ms
DOS THREAD: SEND DoS PACKET At :1146638924003 149
Synch: Sending query: time=?;106
DOS THREAD: SEND DoS PACKET At :1146638924502 150
Received reply: time=;1146638924824;106
Synch Success: SAftr=1146638925076, SBfr=1146638924736, D=170, M=1146638924824
Scheduled a DoS to fire after 4ms
DOS THREAD: SEND DoS PACKET At :1146638925000 151
Synch: Sending query: time=?;107
Received reply: time=;1146638925638;107
Synch Success: SAftr=1146638925893, SBfr=1146638925550, D=171, M=1146638925638
Scheduled a DoS to fire after 190ms
Synch: Sending query: time=?;108
Received reply: time=;1146638926455;108
Synch Success: SAftr=1146638926708, SBfr=1146638926366, D=171, M=1146638926455
Scheduled a DoS to fire after 372ms
Synch: Sending query: time=?;109
DOS THREAD: SEND DoS PACKET At :1146638927002 152
Received reply: time=;1146638927270;109
Synch Success: SAftr=1146638927522, SBfr=1146638927181, D=170, M=1146638927270
Scheduled a DoS to fire after 59ms
DOS THREAD: SEND DoS PACKET At :1146638927501 153
Synch: Sending query: time=?;110
Received reply: time=;1146638928085;110
Synch Success: SAftr=1146638928338, SBfr=1146638927997, D=170, M=1146638928085
Scheduled a DoS to fire after 244ms
DOS THREAD: SEND DoS PACKET At :1146638925501 154
Synch: Sending query: time=?;111
Received reply: time=;1146638928900;111
Synch Success: SAftr=1146638929152, SBfr=1146638928811, D=170, M=1146638928900
Scheduled a DoS to fire after 429ms
DOS THREAD: SEND DoS PACKET At :1146638926001 155
Synch: Sending query: time=?;112
DOS THREAD: SEND DoS PACKET At :1146638929502 155
Received reply: time=;1146638929714;112
Synch Success: SAftr=1146638929966, SBfr=1146638929625, D=170, M=1146638929714
Scheduled a DoS to fire after 115ms
DOS THREAD: SEND DoS PACKET At :1146638930001 156
Synch: Sending query: time=?;113
Received reply: time=;1146638930528;113
Synch Success: SAftr=1146638930781, SBfr=1146638930439, D=171, M=1146638930528
Scheduled a DoS to fire after 300ms
DOS THREAD: SEND DoS PACKET At :1146638930503 157
Synch: Sending query: time=?;114
DOS THREAD: SEND DoS PACKET At :1146638928003 158
DOS THREAD: SEND DoS PACKET At :1146638931005 159
Received reply: time=;1146638931347;114
Synch Success: SAftr=1146638931599, SBfr=1146638931259, D=170, M=1146638931347
Scheduled a DoS to fire after 480ms
DOS THREAD: SEND DoS PACKET At :1146638928501 160
Synch: Sending query: time=?;115
DOS THREAD: SEND DoS PACKET At :1146638932001 161
Received reply: time=;1146638932163;115
Synch Success: SAftr=1146638932415, SBfr=1146638932075, D=170, M=1146638932163
Scheduled a DoS to fire after 166ms
Synch: Sending query: time=?;116
Received reply: time=;1146638932977;116
Synch Success: SAftr=1146638933230, SBfr=1146638932888, D=171, M=1146638932977
Scheduled a DoS to fire after 352ms
Synch: Sending query: time=?;117
DOS THREAD: SEND DoS PACKET At :1146638933501 162
Received reply: time=;1146638933790;117
Synch Success: SAftr=1146638934045, SBfr=1146638933702, D=171, M=1146638933790
Scheduled a DoS to fire after 39ms
Synch: Sending query: time=?;118
Received reply: time=;1146638934606;118
Synch Success: SAftr=1146638934859, SBfr=1146638934517, D=171, M=1146638934606
Scheduled a DoS to fire after 222ms
DOS THREAD: SEND DoS PACKET At :1146638931507 163
Synch: Sending query: time=?;119
Received reply: time=;1146638935420;119
Synch Success: SAftr=1146638935680, SBfr=1146638935332, D=174, M=1146638935420
Scheduled a DoS to fire after 405ms
Synch: Sending query: time=?;120
DOS THREAD: SEND DoS PACKET At :1146638936002 164
Received reply: time=;1146638936241;120
Synch Success: SAftr=1146638936494, SBfr=1146638936153, D=170, M=1146638936241
Scheduled a DoS to fire after 88ms
Synch: Sending query: time=?;121
Received reply: time=;1146638937057;121
Synch Success: SAftr=1146638937310, SBfr=1146638936969, D=170, M=1146638937057
Scheduled a DoS to fire after 272ms
Synch: Sending query: time=?;122
DOS THREAD: SEND DoS PACKET At :1146638937502 165
DOS THREAD: SEND DoS PACKET At :1146638934001 166
Received reply: time=;1146638937872;122
Synch Success: SAftr=1146638938125, SBfr=1146638937783, D=171, M=1146638937872
Scheduled a DoS to fire after 447ms
DOS THREAD: SEND DoS PACKET At :1146638935002 167
Synch: Sending query: time=?;123
Received reply: time=;1146638938695;123
Synch Success: SAftr=1146638938948, SBfr=1146638938607, D=170, M=1146638938695
Scheduled a DoS to fire after 134ms
DOS THREAD: SEND DoS PACKET At :1146638939002 168
Synch: Sending query: time=?;124
Received reply: time=;1146638939509;124
Synch Success: SAftr=1146638939761, SBfr=1146638939421, D=170, M=1146638939509
Scheduled a DoS to fire after 320ms
DOS THREAD: SEND DoS PACKET At :1146638939504 169
DOS THREAD: SEND DoS PACKET At :1146638936502 170
Synch: Sending query: time=?;125
DOS THREAD: SEND DoS PACKET At :1146638940002 171
Received reply: time=;1146638940323;125
Synch Success: SAftr=1146638940576, SBfr=1146638940235, D=170, M=1146638940323
Scheduled a DoS to fire after 6ms
Synch: Sending query: time=?;126
DOS THREAD: SEND DoS PACKET At :1146638938004 172
Received reply: time=;1146638941139;126
Synch Success: SAftr=1146638941392, SBfr=1146638941051, D=170, M=1146638941139
Scheduled a DoS to fire after 190ms
DOS THREAD: SEND DoS PACKET At :1146638941502 173
DOS THREAD: SEND DoS PACKET At :1146638938503 174
DOS THREAD: SEND DoS PACKET At :1146638932501 175
Synch: Sending query: time=?;127
Received reply: time=;1146638941953;127
Synch Success: SAftr=1146638942205, SBfr=1146638941865, D=170, M=1146638941953
Scheduled a DoS to fire after 376ms
Synch: Sending query: time=?;128
DOS THREAD: SEND DoS PACKET At :1146638942501 176
Received reply: time=;1146638942769;128
Synch Success: SAftr=1146638943024, SBfr=1146638942679, D=172, M=1146638942769
Scheduled a DoS to fire after 58ms
Synch: Sending query: time=?;129
DOS THREAD: SEND DoS PACKET At :1146638940501 177
Received reply: time=;1146638943585;129
Synch Success: SAftr=1146638943838, SBfr=1146638943497, D=170, M=1146638943585
Scheduled a DoS to fire after 244ms
Synch: Sending query: time=?;130
Received reply: time=;1146638944399;130
Synch Success: SAftr=1146638944651, SBfr=1146638944311, D=170, M=1146638944399
Scheduled a DoS to fire after 429ms
Synch: Sending query: time=?;131
DOS THREAD: SEND DoS PACKET At :1146638942004 178
Received reply: time=;1146638945213;131
Synch Success: SAftr=1146638945467, SBfr=1146638945125, D=171, M=1146638945213
Scheduled a DoS to fire after 115ms
DOS THREAD: SEND DoS PACKET At :1146638945501 179
Synch: Sending query: time=?;132
DOS THREAD: SEND DoS PACKET At :1146638943002 180
Received reply: time=;1146638946029;132
Synch Success: SAftr=1146638946282, SBfr=1146638945941, D=170, M=1146638946029
Scheduled a DoS to fire after 300ms
Synch: Sending query: time=?;133
DOS THREAD: SEND DoS PACKET At :1146638946502 181
Received reply: time=;1146638946844;133
Synch Success: SAftr=1146638947100, SBfr=1146638946755, D=172, M=1146638946844
Scheduled a DoS to fire after 479ms
DOS THREAD: SEND DoS PACKET At :1146638944001 182
DOS THREAD: SEND DoS PACKET At :1146638947004 183
Synch: Sending query: time=?;134
DOS THREAD: SEND DoS PACKET At :1146638947501 184
Received reply: time=;1146638947665;134
Synch Success: SAftr=1146638947917, SBfr=1146638947577, D=170, M=1146638947665
Scheduled a DoS to fire after 164ms
DOS THREAD: SEND DoS PACKET At :1146638945001 185
DOS THREAD: SEND DoS PACKET At :1146638948002 186
Synch: Sending query: time=?;135
Received reply: time=;1146638948479;135
Synch Success: SAftr=1146638948731, SBfr=1146638948390, D=170, M=1146638948479
Scheduled a DoS to fire after 349ms
DOS THREAD: SEND DoS PACKET At :1146638948503 187
Synch: Sending query: time=?;136
Received reply: time=;1146638949294;136
Synch Success: SAftr=1146638949546, SBfr=1146638949205, D=170, M=1146638949294
Scheduled a DoS to fire after 35ms
DOS THREAD: SEND DoS PACKET At :1146638949502 188
Synch: Sending query: time=?;137
DOS THREAD: SEND DoS PACKET At :1146638950004 189
Received reply: time=;1146638950108;137
Synch Success: SAftr=1146638950360, SBfr=1146638950019, D=170, M=1146638950108
Scheduled a DoS to fire after 220ms
DOS THREAD: SEND DoS PACKET At :1146638950501 190
Synch: Sending query: time=?;138
Received reply: time=;1146638950922;138
Synch Success: SAftr=1146638951174, SBfr=1146638950833, D=170, M=1146638950922
Scheduled a DoS to fire after 407ms
DOS THREAD: SEND DoS PACKET At :1146638951003 191
Synch: Sending query: time=?;139
Received reply: time=;1146638951736;139
Synch Success: SAftr=1146638951988, SBfr=1146638951647, D=170, M=1146638951736
Scheduled a DoS to fire after 93ms
DOS THREAD: SEND DoS PACKET At :1146638949002 192
Synch: Sending query: time=?;140
Received reply: time=;1146638952549;140
Synch Success: SAftr=1146638952802, SBfr=1146638952461, D=170, M=1146638952549
Scheduled a DoS to fire after 280ms
Synch: Sending query: time=?;141
DOS THREAD: SEND DoS PACKET At :1146638953001 193
Received reply: time=;1146638953365;141
Synch Success: SAftr=1146638953618, SBfr=1146638953275, D=171, M=1146638953365
Scheduled a DoS to fire after 462ms
DOS THREAD: SEND DoS PACKET At :1146638953502 194
Synch: Sending query: time=?;142
Received reply: time=;1146638954181;142
Synch Success: SAftr=1146638954433, SBfr=1146638954092, D=170, M=1146638954181
Scheduled a DoS to fire after 146ms
DOS THREAD: SEND DoS PACKET At :1146638951501 195
Synch: Sending query: time=?;143
Received reply: time=;1146638954998;143
Synch Success: SAftr=1146638955250, SBfr=1146638954908, D=171, M=1146638954998
Scheduled a DoS to fire after 330ms
DOS THREAD: SEND DoS PACKET At :1146638952005 196
DOS THREAD: SEND DoS PACKET At :1146638946003 197
Synch: Sending query: time=?;144
Received reply: time=;1146638955813;144
Synch Success: SAftr=1146638956067, SBfr=1146638955725, D=171, M=1146638955813
Scheduled a DoS to fire after 14ms
Synch: Sending query: time=?;145
Received reply: time=;1146638956629;145
Synch Success: SAftr=1146638956883, SBfr=1146638956541, D=171, M=1146638956629
Scheduled a DoS to fire after 199ms
DOS THREAD: SEND DoS PACKET At :1146638954001 198
DOS THREAD: SEND DoS PACKET At :1146638957002 199
Synch: Sending query: time=?;146
Received reply: time=;1146638957445;146
Synch Success: SAftr=1146638957697, SBfr=1146638957356, D=170, M=1146638957445
Scheduled a DoS to fire after 384ms
DOS THREAD: SEND DoS PACKET At :1146638954501 200
DOS THREAD: SEND DoS PACKET At :1146638957503 201
Synch: Sending query: time=?;147
DOS THREAD: SEND DoS PACKET At :1146638958002 202
Received reply: time=;1146638958258;147
Synch Success: SAftr=1146638958511, SBfr=1146638958170, D=170, M=1146638958258
Scheduled a DoS to fire after 71ms
DOS THREAD: SEND DoS PACKET At :1146638955501 203
DOS THREAD: SEND DoS PACKET At :1146638958502 204
Synch: Sending query: time=?;148
DOS THREAD: SEND DoS PACKET At :1146638956001 205
Received reply: time=;1146638959072;148
Synch Success: SAftr=1146638959324, SBfr=1146638958984, D=170, M=1146638959072
Scheduled a DoS to fire after 257ms
DOS THREAD: SEND DoS PACKET At :1146638959501 206
Synch: Sending query: time=?;149
Received reply: time=;1146638959885;149
Synch Success: SAftr=1146638960138, SBfr=1146638959797, D=170, M=1146638959885
Scheduled a DoS to fire after 444ms
DOS THREAD: SEND DoS PACKET At :1146638960003 207
Synch: Sending query: time=?;150
Received reply: time=;1146638960699;150
Synch Success: SAftr=1146638960952, SBfr=1146638960611, D=170, M=1146638960699
Scheduled a DoS to fire after 130ms
DOS THREAD: SEND DoS PACKET At :1146638961003 208
Synch: Sending query: time=?;151
Received reply: time=;1146638961513;151
Synch Success: SAftr=1146638961767, SBfr=1146638961425, D=171, M=1146638961513
Scheduled a DoS to fire after 314ms
DOS THREAD: SEND DoS PACKET At :1146638959004 209
Synch: Sending query: time=?;152
Received reply: time=;1146638962329;152
Synch Success: SAftr=1146638962583, SBfr=1146638962241, D=171, M=1146638962329
Scheduled a DoS to fire after 480ms
Synch: Sending query: time=?;153
Received reply: time=;1146638963163;153
Synch Success: SAftr=1146638963415, SBfr=1146638963075, D=170, M=1146638963163
Scheduled a DoS to fire after 166ms
DOS THREAD: SEND DoS PACKET At :1146638960502 210
DOS THREAD: SEND DoS PACKET At :1146638963510 211
Synch: Sending query: time=?;154
Received reply: time=;1146638963977;154
Synch Success: SAftr=1146638964231, SBfr=1146638963889, D=171, M=1146638963977
Scheduled a DoS to fire after 352ms
Synch: Sending query: time=?;155
DOS THREAD: SEND DoS PACKET At :1146638961505 212
DOS THREAD: SEND DoS PACKET At :1146638964501 213
Received reply: time=;1146638964792;155
Synch Success: SAftr=1146638965046, SBfr=1146638964704, D=171, M=1146638964792
Scheduled a DoS to fire after 36ms
DOS THREAD: SEND DoS PACKET At :1146638962002 214
DOS THREAD: SEND DoS PACKET At :1146638965002 215
Synch: Sending query: time=?;156
DOS THREAD: SEND DoS PACKET At :1146638965503 216
Received reply: time=;1146638965607;156
Synch Success: SAftr=1146638965860, SBfr=1146638965519, D=170, M=1146638965607
Scheduled a DoS to fire after 222ms
DOS THREAD: SEND DoS PACKET At :1146638963006 217
DOS THREAD: SEND DoS PACKET At :1146638966011 218
Synch: Sending query: time=?;157
Received reply: time=;1146638966421;157
Synch Success: SAftr=1146638966673, SBfr=1146638966333, D=170, M=1146638966421
Scheduled a DoS to fire after 380ms
DOS THREAD: SEND DoS PACKET At :1146638966512 219
Synch: Sending query: time=?;158
DOS THREAD: SEND DoS PACKET At :1146638964011 220
Received reply: time=;1146638967263;158
Synch Success: SAftr=1146638967542, SBfr=1146638967175, D=183, M=1146638967263
Scheduled a DoS to fire after 53ms
DOS THREAD: SEND DoS PACKET At :1146638967501 221
Synch: Sending query: time=?;159
DOS THREAD: SEND DoS PACKET At :1146638968002 222
Received reply: time=;1146638968103;159
Synch Success: SAftr=1146638968355, SBfr=1146638968015, D=170, M=1146638968103
Scheduled a DoS to fire after 224ms
DOS THREAD: SEND DoS PACKET At :1146638968501 223
Synch: Sending query: time=?;160
Received reply: time=;1146638968919;160
Synch Success: SAftr=1146638969174, SBfr=1146638968831, D=171, M=1146638968919
Scheduled a DoS to fire after 407ms
DOS THREAD: SEND DoS PACKET At :1146638969002 224
Synch: Sending query: time=?;161
DOS THREAD: SEND DoS PACKET At :1146638969503 225
Received reply: time=;1146638969738;161
Synch Success: SAftr=1146638969991, SBfr=1146638969650, D=170, M=1146638969738
Scheduled a DoS to fire after 91ms
DOS THREAD: SEND DoS PACKET At :1146638970001 226
DOS THREAD: SEND DoS PACKET At :1146638967005 227
Synch: Sending query: time=?;162
DOS THREAD: SEND DoS PACKET At :1146638970502 228
Received reply: time=;1146638970552;162
Synch Success: SAftr=1146638970804, SBfr=1146638970463, D=170, M=1146638970552
Scheduled a DoS to fire after 277ms
Synch: Sending query: time=?;163
DOS THREAD: SEND DoS PACKET At :1146638971002 229
Received reply: time=;1146638971366;163
Synch Success: SAftr=1146638971618, SBfr=1146638971277, D=170, M=1146638971366
Scheduled a DoS to fire after 463ms
DOS THREAD: SEND DoS PACKET At :1146638971503 230
Synch: Sending query: time=?;164
Received reply: time=;1146638972181;164
Synch Success: SAftr=1146638972433, SBfr=1146638972092, D=170, M=1146638972181
Scheduled a DoS to fire after 148ms
Synch: Sending query: time=?;165
Received reply: time=;1146638972995;165
Synch Success: SAftr=1146638973247, SBfr=1146638972906, D=170, M=1146638972995
Scheduled a DoS to fire after 331ms
Synch: Sending query: time=?;166
DOS THREAD: SEND DoS PACKET At :1146638973502 231
Received reply: time=;1146638973814;166
Synch Success: SAftr=1146638974067, SBfr=1146638973726, D=170, M=1146638973814
Scheduled a DoS to fire after 14ms
DOS THREAD: SEND DoS PACKET At :1146638974000 232
Synch: Sending query: time=?;167
Received reply: time=;1146638974629;167
Synch Success: SAftr=1146638974885, SBfr=1146638974540, D=172, M=1146638974629
Scheduled a DoS to fire after 198ms
DOS THREAD: SEND DoS PACKET At :1146638972002 233
DOS THREAD: SEND DoS PACKET At :1146638975002 234
Synch: Sending query: time=?;168
Received reply: time=;1146638975447;168
Synch Success: SAftr=1146638975699, SBfr=1146638975358, D=170, M=1146638975447
Scheduled a DoS to fire after 378ms
DOS THREAD: SEND DoS PACKET At :1146638972502 235
DOS THREAD: SEND DoS PACKET At :1146638975504 236
Synch: Sending query: time=?;169
DOS THREAD: SEND DoS PACKET At :1146638976002 237
Received reply: time=;1146638976266;169
Synch Success: SAftr=1146638976518, SBfr=1146638976177, D=170, M=1146638976266
Scheduled a DoS to fire after 60ms
DOS THREAD: SEND DoS PACKET At :1146638976502 238
Synch: Sending query: time=?;170
DOS THREAD: SEND DoS PACKET At :1146638977004 239
Received reply: time=;1146638977083;170
Synch Success: SAftr=1146638977335, SBfr=1146638976994, D=170, M=1146638977083
Scheduled a DoS to fire after 238ms
DOS THREAD: SEND DoS PACKET At :1146638974502 240
DOS THREAD: SEND DoS PACKET At :1146638977501 241
Synch: Sending query: time=?;171
Received reply: time=;1146638977905;171
Synch Success: SAftr=1146638978158, SBfr=1146638977817, D=170, M=1146638977905
Scheduled a DoS to fire after 424ms
Synch: Sending query: time=?;172
Received reply: time=;1146638978720;172
Synch Success: SAftr=1146638978975, SBfr=1146638978631, D=172, M=1146638978720
Scheduled a DoS to fire after 107ms
DOS THREAD: SEND DoS PACKET At :1146638979002 242
Synch: Sending query: time=?;173
DOS THREAD: SEND DoS PACKET At :1146638979503 243
Received reply: time=;1146638979538;173
Synch Success: SAftr=1146638979790, SBfr=1146638979448, D=171, M=1146638979538
Scheduled a DoS to fire after 290ms
Synch: Sending query: time=?;174
DOS THREAD: SEND DoS PACKET At :1146638980002 244
Received reply: time=;1146638980352;174
Synch Success: SAftr=1146638980605, SBfr=1146638980264, D=170, M=1146638980352
Scheduled a DoS to fire after 477ms
DOS THREAD: SEND DoS PACKET At :1146638980504 245
Synch: Sending query: time=?;175
DOS THREAD: SEND DoS PACKET At :1146638978003 246
Received reply: time=;1146638981166;175
Synch Success: SAftr=1146638981419, SBfr=1146638981078, D=170, M=1146638981166
Scheduled a DoS to fire after 163ms
DOS THREAD: SEND DoS PACKET At :1146638978502 247
DOS THREAD: SEND DoS PACKET At :1146638981502 248
Synch: Sending query: time=?;176
Received reply: time=;1146638981980;176
Synch Success: SAftr=1146638982232, SBfr=1146638981892, D=170, M=1146638981980
Scheduled a DoS to fire after 349ms
DOS THREAD: SEND DoS PACKET At :1146638982004 249
Synch: Sending query: time=?;177
DOS THREAD: SEND DoS PACKET At :1146638982502 250
Received reply: time=;1146638982794;177
Synch Success: SAftr=1146638983046, SBfr=1146638982705, D=170, M=1146638982794
Scheduled a DoS to fire after 35ms
Synch: Sending query: time=?;178
Received reply: time=;1146638983607;178
Synch Success: SAftr=1146638983860, SBfr=1146638983519, D=170, M=1146638983607
Scheduled a DoS to fire after 222ms
DOS THREAD: SEND DoS PACKET At :1146638981002 251
DOS THREAD: SEND DoS PACKET At :1146638984002 252
Synch: Sending query: time=?;179
Received reply: time=;1146638984421;179
Synch Success: SAftr=1146638984674, SBfr=1146638984333, D=170, M=1146638984421
Scheduled a DoS to fire after 408ms
DOS THREAD: SEND DoS PACKET At :1146638984504 253
Synch: Sending query: time=?;180
Received reply: time=;1146638985235;180
Synch Success: SAftr=1146638985488, SBfr=1146638985147, D=170, M=1146638985235
Scheduled a DoS to fire after 94ms
DOS THREAD: SEND DoS PACKET At :1146638985502 254
Synch: Sending query: time=?;181
DOS THREAD: SEND DoS PACKET At :1146638983002 255
DOS THREAD: SEND DoS PACKET At :1146638986008 256
Received reply: time=;1146638986050;181
Synch Success: SAftr=1146638986302, SBfr=1146638985962, D=170, M=1146638986050
Scheduled a DoS to fire after 279ms
Synch: Sending query: time=?;182
DOS THREAD: SEND DoS PACKET At :1146638986503 257
Received reply: time=;1146638986863;182
Synch Success: SAftr=1146638987118, SBfr=1146638986775, D=171, M=1146638986863
Scheduled a DoS to fire after 462ms
DOS THREAD: SEND DoS PACKET At :1146638987004 258
Synch: Sending query: time=?;183
DOS THREAD: SEND DoS PACKET At :1146638987501 259
Received reply: time=;1146638987683;183
Synch Success: SAftr=1146638987935, SBfr=1146638987595, D=170, M=1146638987683
Scheduled a DoS to fire after 146ms
DOS THREAD: SEND DoS PACKET At :1146638985002 260
DOS THREAD: SEND DoS PACKET At :1146638988001 261
Synch: Sending query: time=?;184
Received reply: time=;1146638988496;184
Synch Success: SAftr=1146638988749, SBfr=1146638988408, D=170, M=1146638988496
Scheduled a DoS to fire after 333ms
Synch: Sending query: time=?;185
DOS THREAD: SEND DoS PACKET At :1146638989001 262
Received reply: time=;1146638989310;185
Synch Success: SAftr=1146638989562, SBfr=1146638989222, D=170, M=1146638989310
Scheduled a DoS to fire after 8ms
Synch: Sending query: time=?;186
Received reply: time=;1146638990134;186
Synch Success: SAftr=1146638990386, SBfr=1146638990046, D=170, M=1146638990134
Scheduled a DoS to fire after 195ms
DOS THREAD: SEND DoS PACKET At :1146638990501 263
Synch: Sending query: time=?;187
Received reply: time=;1146638990948;187
Synch Success: SAftr=1146638991200, SBfr=1146638990860, D=170, M=1146638990948
Scheduled a DoS to fire after 381ms
DOS THREAD: SEND DoS PACKET At :1146638991002 264
DOS THREAD: SEND DoS PACKET At :1146638988502 265
Synch: Sending query: time=?;188
Received reply: time=;1146638991762;188
Synch Success: SAftr=1146638992020, SBfr=1146638991674, D=173, M=1146638991762
Scheduled a DoS to fire after 53ms
DOS THREAD: SEND DoS PACKET At :1146638992002 266
Synch: Sending query: time=?;189
DOS THREAD: SEND DoS PACKET At :1146638989501 267
DOS THREAD: SEND DoS PACKET At :1146638992503 268
Received reply: time=;1146638992592;189
Synch Success: SAftr=1146638992848, SBfr=1146638992504, D=172, M=1146638992592
Scheduled a DoS to fire after 193ms
Synch: Sending query: time=?;190
Received reply: time=;1146638993453;190
Synch Success: SAftr=1146638993706, SBfr=1146638993365, D=170, M=1146638993453
Scheduled a DoS to fire after 376ms
Synch: Sending query: time=?;191
DOS THREAD: SEND DoS PACKET At :1146638994001 269
Received reply: time=;1146638994267;191
Synch Success: SAftr=1146638994519, SBfr=1146638994179, D=170, M=1146638994267
Scheduled a DoS to fire after 62ms
DOS THREAD: SEND DoS PACKET At :1146638991501 270
DOS THREAD: SEND DoS PACKET At :1146638994501 271
Synch: Sending query: time=?;192
Received reply: time=;1146638995082;192
Synch Success: SAftr=1146638995334, SBfr=1146638994993, D=170, M=1146638995082
Scheduled a DoS to fire after 247ms
DOS THREAD: SEND DoS PACKET At :1146638995002 271
DOS THREAD: SEND DoS PACKET At :1146638995502 272
Synch: Sending query: time=?;193
Received reply: time=;1146638995896;193
Synch Success: SAftr=1146638996148, SBfr=1146638995807, D=170, M=1146638995896
Scheduled a DoS to fire after 433ms
DOS THREAD: SEND DoS PACKET At :1146638996003 273
Synch: Sending query: time=?;194
DOS THREAD: SEND DoS PACKET At :1146638996501 274
Received reply: time=;1146638996709;194
Synch Success: SAftr=1146638996962, SBfr=1146638996621, D=170, M=1146638996709
Scheduled a DoS to fire after 120ms
Synch: Sending query: time=?;195
Received reply: time=;1146638997527;195
Synch Success: SAftr=1146638997785, SBfr=1146638997438, D=173, M=1146638997527
Scheduled a DoS to fire after 289ms
Synch: Sending query: time=?;196
DOS THREAD: SEND DoS PACKET At :1146638998001 274
Received reply: time=;1146638998357;196
Synch Success: SAftr=1146638998613, SBfr=1146638998269, D=172, M=1146638998357
Scheduled a DoS to fire after 429ms
DOS THREAD: SEND DoS PACKET At :1146638998503 275
Synch: Sending query: time=?;197
DOS THREAD: SEND DoS PACKET At :1146638999006 275
Received reply: time=;1146638999216;197
Synch Success: SAftr=1146638999468, SBfr=1146638999128, D=170, M=1146638999216
Scheduled a DoS to fire after 113ms
DOS THREAD: SEND DoS PACKET At :1146638999501 276
Synch: Sending query: time=?;198
Received reply: time=;1146639000029;198
Synch Success: SAftr=1146639000282, SBfr=1146638999941, D=170, M=1146639000029
Scheduled a DoS to fire after 300ms
DOS THREAD: SEND DoS PACKET At :1146639000002 277
Synch: Sending query: time=?;199
DOS THREAD: SEND DoS PACKET At :1146639000502 278
Received reply: time=;1146639000843;199
Synch Success: SAftr=1146639001096, SBfr=1146639000755, D=170, M=1146639000843
Scheduled a DoS to fire after 485ms
DOS THREAD: SEND DoS PACKET At :1146639001004 279
Synch: Sending query: time=?;200
DOS THREAD: SEND DoS PACKET At :1146639001502 280
Received reply: time=;1146639001661;200
Synch Success: SAftr=1146639001914, SBfr=1146639001573, D=170, M=1146639001661
Scheduled a DoS to fire after 168ms
DOS THREAD: SEND DoS PACKET At :1146639002002 280
DOS THREAD: SEND DoS PACKET At :1146638993001 281
Synch: Sending query: time=?;201
Received reply: time=;1146639002477;201
Synch Success: SAftr=1146639002734, SBfr=1146639002389, D=172, M=1146639002477
Scheduled a DoS to fire after 349ms
DOS THREAD: SEND DoS PACKET At :1146639002504 281
Synch: Sending query: time=?;202
DOS THREAD: SEND DoS PACKET At :1146639003002 281
Received reply: time=;1146639003297;202
Synch Success: SAftr=1146639003550, SBfr=1146639003209, D=170, M=1146639003297
Scheduled a DoS to fire after 31ms
DOS THREAD: SEND DoS PACKET At :1146639003501 282
Synch: Sending query: time=?;203
DOS THREAD: SEND DoS PACKET At :1146639004003 283
Received reply: time=;1146639004116;203
Synch Success: SAftr=1146639004369, SBfr=1146639004024, D=172, M=1146639004116
Scheduled a DoS to fire after 211ms
DOS THREAD: SEND DoS PACKET At :1146639004502 284
Synch: Sending query: time=?;204
Received reply: time=;1146639004931;204
Synch Success: SAftr=1146639005183, SBfr=1146639004842, D=170, M=1146639004931
Scheduled a DoS to fire after 398ms
DOS THREAD: SEND DoS PACKET At :1146639005004 285
Synch: Sending query: time=?;205
Received reply: time=;1146639005744;205
Synch Success: SAftr=1146639005997, SBfr=1146639005656, D=170, M=1146639005744
Scheduled a DoS to fire after 85ms
DOS THREAD: SEND DoS PACKET At :1146639006002 286
DOS THREAD: SEND DoS PACKET At :1146638997001 287
Synch: Sending query: time=?;206
DOS THREAD: SEND DoS PACKET At :1146639006504 288
Received reply: time=;1146639006559;206
Synch Success: SAftr=1146639006812, SBfr=1146639006471, D=170, M=1146639006559
Scheduled a DoS to fire after 270ms
Synch: Sending query: time=?;207
DOS THREAD: SEND DoS PACKET At :1146639007002 288
Received reply: time=;1146639007374;207
Synch Success: SAftr=1146639007626, SBfr=1146639007285, D=170, M=1146639007374
Scheduled a DoS to fire after 455ms
DOS THREAD: SEND DoS PACKET At :1146639007504 289
Synch: Sending query: time=?;208
DOS THREAD: SEND DoS PACKET At :1146639008002 290
Received reply: time=;1146639008188;208
Synch Success: SAftr=1146639008440, SBfr=1146639008099, D=170, M=1146639008188
Scheduled a DoS to fire after 141ms
DOS THREAD: SEND DoS PACKET At :1146639005502 291
DOS THREAD: SEND DoS PACKET At :1146639008502 292
Synch: Sending query: time=?;209
Received reply: time=;1146639009010;209
Synch Success: SAftr=1146639009262, SBfr=1146639008922, D=170, M=1146639009010
Scheduled a DoS to fire after 319ms
DOS THREAD: SEND DoS PACKET At :1146639009003 293
Synch: Sending query: time=?;210
DOS THREAD: SEND DoS PACKET At :1146639009501 294
Received reply: time=;1146639009823;210
Synch Success: SAftr=1146639010076, SBfr=1146639009735, D=170, M=1146639009823
Scheduled a DoS to fire after 6ms
Synch: Sending query: time=?;211
Received reply: time=;1146639010637;211
Synch Success: SAftr=1146639010891, SBfr=1146639010549, D=171, M=1146639010637
Scheduled a DoS to fire after 188ms
Synch: Sending query: time=?;212
Received reply: time=;1146639011455;212
Synch Success: SAftr=1146639011707, SBfr=1146639011367, D=170, M=1146639011455
Scheduled a DoS to fire after 374ms
Synch: Sending query: time=?;213
DOS THREAD: SEND DoS PACKET At :1146639012001 295
Received reply: time=;1146639012269;213
Synch Success: SAftr=1146639012521, SBfr=1146639012181, D=170, M=1146639012269
Scheduled a DoS to fire after 60ms
DOS THREAD: SEND DoS PACKET At :1146639012505 296
Synch: Sending query: time=?;214
DOS THREAD: SEND DoS PACKET At :1146639010000 297
DOS THREAD: SEND DoS PACKET At :1146639013009 298
Received reply: time=;1146639013083;214
Synch Success: SAftr=1146639013336, SBfr=1146639012995, D=170, M=1146639013083
Scheduled a DoS to fire after 243ms
DOS THREAD: SEND DoS PACKET At :1146639013501 299
Synch: Sending query: time=?;215
Received reply: time=;1146639013900;215
Synch Success: SAftr=1146639014153, SBfr=1146639013812, D=170, M=1146639013900
Scheduled a DoS to fire after 429ms
DOS THREAD: SEND DoS PACKET At :1146639011002 300
DOS THREAD: SEND DoS PACKET At :1146639014003 301
Synch: Sending query: time=?;216
Received reply: time=;1146639014714;216
Synch Success: SAftr=1146639014967, SBfr=1146639014626, D=170, M=1146639014714
Scheduled a DoS to fire after 114ms
DOS THREAD: SEND DoS PACKET At :1146639015001 302
Synch: Sending query: time=?;217
Received reply: time=;1146639015529;217
Synch Success: SAftr=1146639015781, SBfr=1146639015441, D=170, M=1146639015529
Scheduled a DoS to fire after 300ms
DOS THREAD: SEND DoS PACKET At :1146639015503 303
Synch: Sending query: time=?;218
DOS THREAD: SEND DoS PACKET At :1146639016004 304
Received reply: time=;1146639016345;218
Synch Success: SAftr=1146639016597, SBfr=1146639016256, D=170, M=1146639016345
Scheduled a DoS to fire after 484ms
DOS THREAD: SEND DoS PACKET At :1146639016505 305
Synch: Sending query: time=?;219
DOS THREAD: SEND DoS PACKET At :1146639017002 306
Received reply: time=;1146639017159;219
Synch Success: SAftr=1146639017411, SBfr=1146639017070, D=170, M=1146639017159
Scheduled a DoS to fire after 170ms
DOS THREAD: SEND DoS PACKET At :1146639014502 307
DOS THREAD: SEND DoS PACKET At :1146639017501 308
Synch: Sending query: time=?;220
Received reply: time=;1146639017972;220
Synch Success: SAftr=1146639018224, SBfr=1146639017883, D=170, M=1146639017972
Scheduled a DoS to fire after 357ms
DOS THREAD: SEND DoS PACKET At :1146639018002 309
Synch: Sending query: time=?;221
Received reply: time=;1146639018788;221
Synch Success: SAftr=1146639019041, SBfr=1146639018699, D=171, M=1146639018788
Scheduled a DoS to fire after 40ms
DOS THREAD: SEND DoS PACKET At :1146639019002 310
Synch: Sending query: time=?;222
Received reply: time=;1146639019605;222
Synch Success: SAftr=1146639019858, SBfr=1146639019517, D=170, M=1146639019605
Scheduled a DoS to fire after 224ms
DOS THREAD: SEND DoS PACKET At :1146639020001 311
Synch: Sending query: time=?;223
Received reply: time=;1146639020418;223
Synch Success: SAftr=1146639020671, SBfr=1146639020330, D=170, M=1146639020418
Scheduled a DoS to fire after 411ms
Synch: Sending query: time=?;224
DOS THREAD: SEND DoS PACKET At :1146639021002 312
Received reply: time=;1146639021232;224
Synch Success: SAftr=1146639021485, SBfr=1146639021144, D=170, M=1146639021232
Scheduled a DoS to fire after 97ms
DOS THREAD: SEND DoS PACKET At :1146639018502 313
DOS THREAD: SEND DoS PACKET At :1146639021501 314
Synch: Sending query: time=?;225
Received reply: time=;1146639022049;225
Synch Success: SAftr=1146639022302, SBfr=1146639021961, D=170, M=1146639022049
Scheduled a DoS to fire after 277ms
DOS THREAD: SEND DoS PACKET At :1146639019503 315
Synch: Sending query: time=?;226
DOS THREAD: SEND DoS PACKET At :1146639022506 316
Received reply: time=;1146639022867;226
Synch Success: SAftr=1146639023120, SBfr=1146639022779, D=170, M=1146639022867
Scheduled a DoS to fire after 461ms
DOS THREAD: SEND DoS PACKET At :1146639023007 316
Synch: Sending query: time=?;227
DOS THREAD: SEND DoS PACKET At :1146639020502 317
DOS THREAD: SEND DoS PACKET At :1146639023511 318
Received reply: time=;1146639023692;227
Synch Success: SAftr=1146639023946, SBfr=1146639023603, D=171, M=1146639023692
Scheduled a DoS to fire after 134ms
DOS THREAD: SEND DoS PACKET At :1146639024001 319
Synch: Sending query: time=?;228
Received reply: time=;1146639024511;228
Synch Success: SAftr=1146639024764, SBfr=1146639024423, D=170, M=1146639024511
Scheduled a DoS to fire after 319ms
DOS THREAD: SEND DoS PACKET At :1146639024502 320
Synch: Sending query: time=?;229
DOS THREAD: SEND DoS PACKET At :1146639022004 321
Received reply: time=;1146639025330;229
Synch Success: SAftr=1146639025582, SBfr=1146639025241, D=170, M=1146639025330
Scheduled a DoS to fire after 498ms
Synch: Sending query: time=?;230
DOS THREAD: SEND DoS PACKET At :1146639026002 322
Received reply: time=;1146639026145;230
Synch Success: SAftr=1146639026397, SBfr=1146639026056, D=170, M=1146639026145
Scheduled a DoS to fire after 183ms
DOS THREAD: SEND DoS PACKET At :1146639026502 323
Synch: Sending query: time=?;231
Received reply: time=;1146639026959;231
Synch Success: SAftr=1146639027212, SBfr=1146639026871, D=170, M=1146639026959
Scheduled a DoS to fire after 369ms
DOS THREAD: SEND DoS PACKET At :1146639027004 323
Synch: Sending query: time=?;232
DOS THREAD: SEND DoS PACKET At :1146639027502 324
Received reply: time=;1146639027775;232
Synch Success: SAftr=1146639028032, SBfr=1146639027686, D=173, M=1146639027775
Scheduled a DoS to fire after 48ms
DOS THREAD: SEND DoS PACKET At :1146639025001 325
Synch: Sending query: time=?;233
Received reply: time=;1146639028596;233
Synch Success: SAftr=1146639028851, SBfr=1146639028508, D=171, M=1146639028596
Scheduled a DoS to fire after 232ms
DOS THREAD: SEND DoS PACKET At :1146639029002 326
Synch: Sending query: time=?;234
Received reply: time=;1146639029412;234
Synch Success: SAftr=1146639029664, SBfr=1146639029324, D=170, M=1146639029412
Scheduled a DoS to fire after 417ms
DOS THREAD: SEND DoS PACKET At :1146639029504 327
Synch: Sending query: time=?;235
DOS THREAD: SEND DoS PACKET At :1146639030002 328
Received reply: time=;1146639030233;235
Synch Success: SAftr=1146639030485, SBfr=1146639030145, D=170, M=1146639030233
Scheduled a DoS to fire after 92ms
DOS THREAD: SEND DoS PACKET At :1146639030502 329
Synch: Sending query: time=?;236
DOS THREAD: SEND DoS PACKET At :1146639031002 330
DOS THREAD: SEND DoS PACKET At :1146639028002 331
Received reply: time=;1146639031050;236
Synch Success: SAftr=1146639031302, SBfr=1146639030962, D=170, M=1146639031050
Scheduled a DoS to fire after 279ms
Synch: Sending query: time=?;237
DOS THREAD: SEND DoS PACKET At :1146639031501 332
Received reply: time=;1146639031867;237
Synch Success: SAftr=1146639032119, SBfr=1146639031779, D=170, M=1146639031867
Scheduled a DoS to fire after 459ms
DOS THREAD: SEND DoS PACKET At :1146639032004 333
Synch: Sending query: time=?;238
DOS THREAD: SEND DoS PACKET At :1146639032501 334
Received reply: time=;1146639032683;238
Synch Success: SAftr=1146639032936, SBfr=1146639032595, D=170, M=1146639032683
Scheduled a DoS to fire after 146ms
DOS THREAD: SEND DoS PACKET At :1146639033001 335
Synch: Sending query: time=?;239
Received reply: time=;1146639033498;239
Synch Success: SAftr=1146639033750, SBfr=1146639033410, D=170, M=1146639033498
Scheduled a DoS to fire after 331ms
DOS THREAD: SEND DoS PACKET At :1146639033502 336
Synch: Sending query: time=?;240
Received reply: time=;1146639034311;240
Synch Success: SAftr=1146639034564, SBfr=1146639034223, D=170, M=1146639034311
Scheduled a DoS to fire after 12ms
Synch: Sending query: time=?;241
Received reply: time=;1146639035134;241
Synch Success: SAftr=1146639035386, SBfr=1146639035043, D=171, M=1146639035134
Scheduled a DoS to fire after 193ms
Synch: Sending query: time=?;242
Received reply: time=;1146639035955;242
Synch Success: SAftr=1146639036208, SBfr=1146639035866, D=171, M=1146639035955
Scheduled a DoS to fire after 373ms
Synch: Sending query: time=?;243
DOS THREAD: SEND DoS PACKET At :1146639036501 336
Received reply: time=;1146639036769;243
Synch Success: SAftr=1146639037021, SBfr=1146639036681, D=170, M=1146639036769
Scheduled a DoS to fire after 60ms
DOS THREAD: SEND DoS PACKET At :1146639034001 337
DOS THREAD: SEND DoS PACKET At :1146639037001 338
Synch: Sending query: time=?;244
DOS THREAD: SEND DoS PACKET At :1146639034502 339
DOS THREAD: SEND DoS PACKET At :1146639037502 340
Received reply: time=;1146639037586;244
Synch Success: SAftr=1146639037838, SBfr=1146639037498, D=170, M=1146639037586
Scheduled a DoS to fire after 239ms
Synch: Sending query: time=?;245
Received reply: time=;1146639038404;245
Synch Success: SAftr=1146639038656, SBfr=1146639038315, D=170, M=1146639038404
Scheduled a DoS to fire after 425ms
DOS THREAD: SEND DoS PACKET At :1146639035501 341
Synch: Sending query: time=?;246
DOS THREAD: SEND DoS PACKET At :1146639039002 342
Received reply: time=;1146639039218;246
Synch Success: SAftr=1146639039470, SBfr=1146639039130, D=170, M=1146639039218
Scheduled a DoS to fire after 111ms
DOS THREAD: SEND DoS PACKET At :1146639039501 343
Synch: Sending query: time=?;247
DOS THREAD: SEND DoS PACKET At :1146639040003 344
Received reply: time=;1146639040090;247
Synch Success: SAftr=1146639040342, SBfr=1146639040002, D=170, M=1146639040090
Scheduled a DoS to fire after 239ms
DOS THREAD: SEND DoS PACKET At :1146639040501 345
Synch: Sending query: time=?;248
Received reply: time=;1146639040905;248
Synch Success: SAftr=1146639041157, SBfr=1146639040816, D=170, M=1146639040905
Scheduled a DoS to fire after 424ms
DOS THREAD: SEND DoS PACKET At :1146639038002 346
DOS THREAD: SEND DoS PACKET At :1146639041002 347
Synch: Sending query: time=?;249
DOS THREAD: SEND DoS PACKET At :1146639041502 348
Received reply: time=;1146639041718;249
Synch Success: SAftr=1146639041971, SBfr=1146639041630, D=170, M=1146639041718
Scheduled a DoS to fire after 111ms
DOS THREAD: SEND DoS PACKET At :1146639042002 349
Synch: Sending query: time=?;250
Received reply: time=;1146639042532;250
Synch Success: SAftr=1146639042785, SBfr=1146639042444, D=170, M=1146639042532
Scheduled a DoS to fire after 297ms
DOS THREAD: SEND DoS PACKET At :1146639042503 350
Synch: Sending query: time=?;251
DOS THREAD: SEND DoS PACKET At :1146639043001 351
Received reply: time=;1146639043346;251
Synch Success: SAftr=1146639043598, SBfr=1146639043257, D=170, M=1146639043346
Scheduled a DoS to fire after 479ms
DOS THREAD: SEND DoS PACKET At :1146639043503 352
Synch: Sending query: time=?;252
DOS THREAD: SEND DoS PACKET At :1146639044002 353
Received reply: time=;1146639044164;252
Synch Success: SAftr=1146639044416, SBfr=1146639044075, D=170, M=1146639044164
Scheduled a DoS to fire after 164ms
DOS THREAD: SEND DoS PACKET At :1146639044503 354
Synch: Sending query: time=?;253
Received reply: time=;1146639044979;253
Synch Success: SAftr=1146639045231, SBfr=1146639044890, D=170, M=1146639044979
Scheduled a DoS to fire after 350ms
DOS THREAD: SEND DoS PACKET At :1146639045005 355
Synch: Sending query: time=?;254
DOS THREAD: SEND DoS PACKET At :1146639045502 356
Received reply: time=;1146639045792;254
Synch Success: SAftr=1146639046045, SBfr=1146639045704, D=170, M=1146639045792
Scheduled a DoS to fire after 37ms
DOS THREAD: SEND DoS PACKET At :1146639046002 357
Synch: Sending query: time=?;255
DOS THREAD: SEND DoS PACKET At :1146639046554 358
Received reply: time=;1146639046607;255
Synch Success: SAftr=1146639046859, SBfr=1146639046518, D=170, M=1146639046607
Scheduled a DoS to fire after 218ms
DOS THREAD: SEND DoS PACKET At :1146639047002 359
Synch: Sending query: time=?;256
Received reply: time=;1146639047424;256
Synch Success: SAftr=1146639047678, SBfr=1146639047336, D=171, M=1146639047424
Scheduled a DoS to fire after 404ms
DOS THREAD: SEND DoS PACKET At :1146639047503 360
Synch: Sending query: time=?;257
DOS THREAD: SEND DoS PACKET At :1146639048001 361
Received reply: time=;1146639048240;257
Synch Success: SAftr=1146639048493, SBfr=1146639048151, D=171, M=1146639048240
Scheduled a DoS to fire after 88ms
DOS THREAD: SEND DoS PACKET At :1146639048502 362
Synch: Sending query: time=?;258
DOS THREAD: SEND DoS PACKET At :1146639049005 363
Received reply: time=;1146639049054;258
Synch Success: SAftr=1146639049308, SBfr=1146639048966, D=171, M=1146639049054
Scheduled a DoS to fire after 274ms
Synch: Sending query: time=?;259
DOS THREAD: SEND DoS PACKET At :1146639049502 364
Received reply: time=;1146639049870;259
Synch Success: SAftr=1146639050122, SBfr=1146639049781, D=170, M=1146639049870
Scheduled a DoS to fire after 459ms
DOS THREAD: SEND DoS PACKET At :1146639050004 365
Synch: Sending query: time=?;260
DOS THREAD: SEND DoS PACKET At :1146639050502 366
Received reply: time=;1146639050683;260
Synch Success: SAftr=1146639050935, SBfr=1146639050595, D=170, M=1146639050683
Scheduled a DoS to fire after 145ms
DOS THREAD: SEND DoS PACKET At :1146639051002 367
Synch: Sending query: time=?;261
Received reply: time=;1146639051498;261
Synch Success: SAftr=1146639051750, SBfr=1146639051410, D=170, M=1146639051498
Scheduled a DoS to fire after 331ms
DOS THREAD: SEND DoS PACKET At :1146639051504 368
Synch: Sending query: time=?;262
DOS THREAD: SEND DoS PACKET At :1146639052002 369
Received reply: time=;1146639052313;262
Synch Success: SAftr=1146639052565, SBfr=1146639052225, D=170, M=1146639052313
Scheduled a DoS to fire after 16ms
DOS THREAD: SEND DoS PACKET At :1146639052501 370
Synch: Sending query: time=?;263
DOS THREAD: SEND DoS PACKET At :1146639053003 371
Received reply: time=;1146639053130;263
Synch Success: SAftr=1146639053382, SBfr=1146639053042, D=170, M=1146639053130
Scheduled a DoS to fire after 198ms
DOS THREAD: SEND DoS PACKET At :1146639053501 372
Synch: Sending query: time=?;264
Received reply: time=;1146639053950;264
Synch Success: SAftr=1146639054203, SBfr=1146639053861, D=171, M=1146639053950
Scheduled a DoS to fire after 377ms
DOS THREAD: SEND DoS PACKET At :1146639054002 373
Synch: Sending query: time=?;265
DOS THREAD: SEND DoS PACKET At :1146639054501 374
Received reply: time=;1146639054765;265
Synch Success: SAftr=1146639055019, SBfr=1146639054677, D=171, M=1146639054765
Scheduled a DoS to fire after 55ms
DOS THREAD: SEND DoS PACKET At :1146639055001 375
Synch: Sending query: time=?;266
DOS THREAD: SEND DoS PACKET At :1146639055506 376
Received reply: time=;1146639055589;266
Synch Success: SAftr=1146639055841, SBfr=1146639055501, D=170, M=1146639055589
Scheduled a DoS to fire after 239ms
DOS THREAD: SEND DoS PACKET At :1146639056001 377
Synch: Sending query: time=?;267
Received reply: time=;1146639056404;267
Synch Success: SAftr=1146639056656, SBfr=1146639056316, D=170, M=1146639056404
Scheduled a DoS to fire after 423ms
DOS THREAD: SEND DoS PACKET At :1146639056502 378
Synch: Sending query: time=?;268
DOS THREAD: SEND DoS PACKET At :1146639057001 379
Received reply: time=;1146639057219;268
Synch Success: SAftr=1146639057471, SBfr=1146639057131, D=170, M=1146639057219
Scheduled a DoS to fire after 106ms
DOS THREAD: SEND DoS PACKET At :1146639057501 380
Synch: Sending query: time=?;269
Received reply: time=;1146639058036;269
Synch Success: SAftr=1146639058289, SBfr=1146639057948, D=170, M=1146639058036
Scheduled a DoS to fire after 293ms
DOS THREAD: SEND DoS PACKET At :1146639058003 381
Synch: Sending query: time=?;270
DOS THREAD: SEND DoS PACKET At :1146639058505 382
Received reply: time=;1146639058851;270
Synch Success: SAftr=1146639059106, SBfr=1146639058763, D=171, M=1146639058851
Scheduled a DoS to fire after 477ms
DOS THREAD: SEND DoS PACKET At :1146639059006 383
Synch: Sending query: time=?;271
DOS THREAD: SEND DoS PACKET At :1146639059501 384
Received reply: time=;1146639059667;271
Synch Success: SAftr=1146639059919, SBfr=1146639059579, D=170, M=1146639059667
Scheduled a DoS to fire after 160ms
DOS THREAD: SEND DoS PACKET At :1146639060001 385
Synch: Sending query: time=?;272
Received reply: time=;1146639060482;272
Synch Success: SAftr=1146639060735, SBfr=1146639060394, D=170, M=1146639060482
Scheduled a DoS to fire after 347ms
DOS THREAD: SEND DoS PACKET At :1146639060502 386
Synch: Sending query: time=?;273
DOS THREAD: SEND DoS PACKET At :1146639061001 387
Received reply: time=;1146639061299;273
Synch Success: SAftr=1146639061552, SBfr=1146639061211, D=170, M=1146639061299
Scheduled a DoS to fire after 30ms
DOS THREAD: SEND DoS PACKET At :1146639061501 388
Synch: Sending query: time=?;274
DOS THREAD: SEND DoS PACKET At :1146639062003 389
Received reply: time=;1146639062114;274
Synch Success: SAftr=1146639062366, SBfr=1146639062024, D=171, M=1146639062114
Scheduled a DoS to fire after 214ms
DOS THREAD: SEND DoS PACKET At :1146639062501 390
Synch: Sending query: time=?;275
Received reply: time=;1146639062928;275
Synch Success: SAftr=1146639063180, SBfr=1146639062839, D=170, M=1146639062928
Scheduled a DoS to fire after 399ms
DOS THREAD: SEND DoS PACKET At :1146639063002 391
Synch: Sending query: time=?;276
DOS THREAD: SEND DoS PACKET At :1146639063501 392
Received reply: time=;1146639063742;276
Synch Success: SAftr=1146639063995, SBfr=1146639063654, D=170, M=1146639063742
Scheduled a DoS to fire after 83ms
DOS THREAD: SEND DoS PACKET At :1146639064001 393
Synch: Sending query: time=?;277
DOS THREAD: SEND DoS PACKET At :1146639064503 394
Received reply: time=;1146639064561;277
Synch Success: SAftr=1146639064813, SBfr=1146639064472, D=170, M=1146639064561
Scheduled a DoS to fire after 267ms
DOS THREAD: SEND DoS PACKET At :1146639065004 394
Synch: Sending query: time=?;278
Received reply: time=;1146639065376;278
Synch Success: SAftr=1146639065628, SBfr=1146639065287, D=170, M=1146639065376
Scheduled a DoS to fire after 453ms
DOS THREAD: SEND DoS PACKET At :1146639065505 395
Synch: Sending query: time=?;279
DOS THREAD: SEND DoS PACKET At :1146639066002 396
Received reply: time=;1146639066190;279
Synch Success: SAftr=1146639066443, SBfr=1146639066101, D=171, M=1146639066190
Scheduled a DoS to fire after 135ms
DOS THREAD: SEND DoS PACKET At :1146639066501 397
Synch: Sending query: time=?;280
Received reply: time=;1146639067006;280
Synch Success: SAftr=1146639067259, SBfr=1146639066918, D=170, M=1146639067006
Scheduled a DoS to fire after 322ms
DOS THREAD: SEND DoS PACKET At :1146639067002 398
Synch: Sending query: time=?;281
DOS THREAD: SEND DoS PACKET At :1146639067502 399
Received reply: time=;1146639067822;281
Synch Success: SAftr=1146639068076, SBfr=1146639067734, D=171, M=1146639067822
Scheduled a DoS to fire after 6ms
DOS THREAD: SEND DoS PACKET At :1146639068001 400
Synch: Sending query: time=?;282
DOS THREAD: SEND DoS PACKET At :1146639068503 401
Received reply: time=;1146639068637;282
Synch Success: SAftr=1146639068890, SBfr=1146639068548, D=171, M=1146639068637
Scheduled a DoS to fire after 191ms
DOS THREAD: SEND DoS PACKET At :1146639069002 402
Synch: Sending query: time=?;283
Received reply: time=;1146639069451;283
Synch Success: SAftr=1146639069704, SBfr=1146639069363, D=170, M=1146639069451
Scheduled a DoS to fire after 378ms
DOS THREAD: SEND DoS PACKET At :1146639069504 403
Synch: Sending query: time=?;284
Received reply: time=;1146639070265;284
Synch Success: SAftr=1146639070518, SBfr=1146639070177, D=170, M=1146639070265
Scheduled a DoS to fire after 64ms
Synch: Sending query: time=?;285
Received reply: time=;1146639071079;285
Synch Success: SAftr=1146639071332, SBfr=1146639070991, D=170, M=1146639071079
Scheduled a DoS to fire after 250ms
Synch: Sending query: time=?;286
Received reply: time=;1146639071893;286
Synch Success: SAftr=1146639072147, SBfr=1146639071805, D=171, M=1146639071893
Scheduled a DoS to fire after 434ms
Synch: Sending query: time=?;287
DOS THREAD: SEND DoS PACKET At :1146639072504 404
Received reply: time=;1146639072710;287
Synch Success: SAftr=1146639072962, SBfr=1146639072621, D=170, M=1146639072710
Scheduled a DoS to fire after 119ms
DOS THREAD: SEND DoS PACKET At :1146639070002 405
DOS THREAD: SEND DoS PACKET At :1146639073002 406
Synch: Sending query: time=?;288
DOS THREAD: SEND DoS PACKET At :1146639070502 407
Received reply: time=;1146639073523;288
Synch Success: SAftr=1146639073775, SBfr=1146639073435, D=170, M=1146639073523
Scheduled a DoS to fire after 306ms
DOS THREAD: SEND DoS PACKET At :1146639073504 408
Synch: Sending query: time=?;289
Received reply: time=;1146639074336;289
Synch Success: SAftr=1146639074589, SBfr=1146639074248, D=170, M=1146639074336
Scheduled a DoS to fire after 491ms
DOS THREAD: SEND DoS PACKET At :1146639071503 409
Synch: Sending query: time=?;290
Received reply: time=;1146639075153;290
Synch Success: SAftr=1146639075406, SBfr=1146639075065, D=170, M=1146639075153
Scheduled a DoS to fire after 177ms
Synch: Sending query: time=?;291
Received reply: time=;1146639075967;291
Synch Success: SAftr=1146639076219, SBfr=1146639075879, D=170, M=1146639075967
Scheduled a DoS to fire after 360ms
Synch: Sending query: time=?;292
DOS THREAD: SEND DoS PACKET At :1146639076501 410
Received reply: time=;1146639076790;292
Synch Success: SAftr=1146639077043, SBfr=1146639076701, D=171, M=1146639076790
Scheduled a DoS to fire after 38ms
DOS THREAD: SEND DoS PACKET At :1146639074002 411
DOS THREAD: SEND DoS PACKET At :1146639077009 412
Synch: Sending query: time=?;293
DOS THREAD: SEND DoS PACKET At :1146639077510 413
Received reply: time=;1146639077605;293
Synch Success: SAftr=1146639077857, SBfr=1146639077516, D=170, M=1146639077605
Scheduled a DoS to fire after 224ms
DOS THREAD: SEND DoS PACKET At :1146639075002 414
DOS THREAD: SEND DoS PACKET At :1146639078006 415
Synch: Sending query: time=?;294
Received reply: time=;1146639078418;294
Synch Success: SAftr=1146639078670, SBfr=1146639078330, D=170, M=1146639078418
Scheduled a DoS to fire after 411ms
DOS THREAD: SEND DoS PACKET At :1146639075502 416
Synch: Sending query: time=?;295
DOS THREAD: SEND DoS PACKET At :1146639079001 417
Received reply: time=;1146639079234;295
Synch Success: SAftr=1146639079486, SBfr=1146639079145, D=170, M=1146639079234
Scheduled a DoS to fire after 95ms
Synch: Sending query: time=?;296
Received reply: time=;1146639080055;296
Synch Success: SAftr=1146639080307, SBfr=1146639079967, D=170, M=1146639080055
Scheduled a DoS to fire after 274ms
Synch: Sending query: time=?;297
Received reply: time=;1146639080869;297
Synch Success: SAftr=1146639081122, SBfr=1146639080781, D=170, M=1146639080869
Scheduled a DoS to fire after 460ms
Synch: Sending query: time=?;298
DOS THREAD: SEND DoS PACKET At :1146639078507 418
Received reply: time=;1146639081689;298
Synch Success: SAftr=1146639081942, SBfr=1146639081601, D=170, M=1146639081689
Scheduled a DoS to fire after 140ms
Synch: Sending query: time=?;299
Received reply: time=;1146639082503;299
Synch Success: SAftr=1146639082758, SBfr=1146639082415, D=171, M=1146639082503
Scheduled a DoS to fire after 324ms
DOS THREAD: SEND DoS PACKET At :1146639079501 419
Synch: Sending query: time=?;300
