Master Name = 128.208.1.139
Master Send Port = 20010
Slave Rcv Port = 20100
U = 200 milliseconds
k = 10
W = 500 milliseconds
Synch Frequency = 300 milliseconds
DoS Target Host Name = 24.17.85.236
DoS Target Port = 80
AttackLifetime = 5 minute(s)
Attack Mode = TCP
Synch: Sending query: time=?;1
Received reply: time=;1146638836172;1
Synch Success: SAftr=1146638836264, SBfr=1146638836140, D=62, M=1146638836172
Scheduled a DoS to fire after 261ms
DOS THREAD: SEND DoS PACKET At :1146638836502 1
Synch: Sending query: time=?;2
Received reply: time=;1146638836666;2
Synch Success: SAftr=1146638836757, SBfr=1146638836635, D=61, M=1146638836666
Scheduled a DoS to fire after 271ms
Synch: Sending query: time=?;3
DOS THREAD: SEND DoS PACKET At :1146638837004 2
Received reply: time=;1146638837156;3
Synch Success: SAftr=1146638837247, SBfr=1146638837125, D=61, M=1146638837156
Scheduled a DoS to fire after 281ms
DOS THREAD: SEND DoS PACKET At :1146638837502 3
Synch: Sending query: time=?;4
Received reply: time=;1146638837650;4
Synch Success: SAftr=1146638837742, SBfr=1146638837619, D=61, M=1146638837650
Scheduled a DoS to fire after 282ms
Synch: Sending query: time=?;5
DOS THREAD: SEND DoS PACKET At :1146638838005 4
Received reply: time=;1146638838143;5
Synch Success: SAftr=1146638838236, SBfr=1146638838112, D=62, M=1146638838143
Scheduled a DoS to fire after 294ms
Synch: Sending query: time=?;6
DOS THREAD: SEND DoS PACKET At :1146638838502 5
Received reply: time=;1146638838645;6
Synch Success: SAftr=1146638838736, SBfr=1146638838613, D=61, M=1146638838645
Scheduled a DoS to fire after 292ms
Synch: Sending query: time=?;7
DOS THREAD: SEND DoS PACKET At :1146638839005 6
Received reply: time=;1146638839134;7
Synch Success: SAftr=1146638839225, SBfr=1146638839103, D=61, M=1146638839134
Scheduled a DoS to fire after 304ms
Synch: Sending query: time=?;8
DOS THREAD: SEND DoS PACKET At :1146638839502 7
Received reply: time=;1146638839620;8
Synch Success: SAftr=1146638839714, SBfr=1146638839589, D=62, M=1146638839620
Scheduled a DoS to fire after 316ms
Synch: Sending query: time=?;9
DOS THREAD: SEND DoS PACKET At :1146638840002 8
Received reply: time=;1146638840109;9
Synch Success: SAftr=1146638840202, SBfr=1146638840078, D=62, M=1146638840109
Scheduled a DoS to fire after 325ms
Synch: Sending query: time=?;10
DOS THREAD: SEND DoS PACKET At :1146638840501 9
Received reply: time=;1146638840600;10
Synch Success: SAftr=1146638840691, SBfr=1146638840569, D=61, M=1146638840600
Scheduled a DoS to fire after 322ms
Synch: Sending query: time=?;11
DOS THREAD: SEND DoS PACKET At :1146638841001 10
Received reply: time=;1146638841103;11
Synch Success: SAftr=1146638841194, SBfr=1146638841072, D=61, M=1146638841103
Scheduled a DoS to fire after 332ms
Synch: Sending query: time=?;12
DOS THREAD: SEND DoS PACKET At :1146638841501 11
Received reply: time=;1146638841593;12
Synch Success: SAftr=1146638841696, SBfr=1146638841562, D=67, M=1146638841593
Scheduled a DoS to fire after 329ms
Synch: Sending query: time=?;13
DOS THREAD: SEND DoS PACKET At :1146638842001 12
Received reply: time=;1146638842100;13
Synch Success: SAftr=1146638842191, SBfr=1146638842069, D=61, M=1146638842100
Scheduled a DoS to fire after 337ms
Synch: Sending query: time=?;14
DOS THREAD: SEND DoS PACKET At :1146638842501 13
Received reply: time=;1146638842587;14
Synch Success: SAftr=1146638842678, SBfr=1146638842556, D=61, M=1146638842587
Scheduled a DoS to fire after 350ms
Synch: Sending query: time=?;15
DOS THREAD: SEND DoS PACKET At :1146638843003 14
Received reply: time=;1146638843085;15
Synch Success: SAftr=1146638843176, SBfr=1146638843054, D=61, M=1146638843085
Scheduled a DoS to fire after 350ms
Synch: Sending query: time=?;16
DOS THREAD: SEND DoS PACKET At :1146638843502 15
Received reply: time=;1146638843573;16
Synch Success: SAftr=1146638843664, SBfr=1146638843542, D=61, M=1146638843573
Scheduled a DoS to fire after 362ms
Synch: Sending query: time=?;17
DOS THREAD: SEND DoS PACKET At :1146638844004 16
Received reply: time=;1146638844062;17
Synch Success: SAftr=1146638844153, SBfr=1146638844031, D=61, M=1146638844062
Scheduled a DoS to fire after 373ms
Synch: Sending query: time=?;18
DOS THREAD: SEND DoS PACKET At :1146638844501 17
Received reply: time=;1146638844551;18
Synch Success: SAftr=1146638844641, SBfr=1146638844520, D=60, M=1146638844551
Scheduled a DoS to fire after 387ms
Synch: Sending query: time=?;19
Received reply: time=;1146638845037;19
Synch Success: SAftr=1146638845128, SBfr=1146638845006, D=61, M=1146638845037
Scheduled a DoS to fire after 401ms
DOS THREAD: SEND DoS PACKET At :1146638845005 18
Synch: Sending query: time=?;20
Received reply: time=;1146638845524;20
Synch Success: SAftr=1146638845619, SBfr=1146638845492, D=63, M=1146638845524
Scheduled a DoS to fire after 410ms
DOS THREAD: SEND DoS PACKET At :1146638845501 19
Synch: Sending query: time=?;21
Received reply: time=;1146638846015;21
Synch Success: SAftr=1146638846108, SBfr=1146638845985, D=61, M=1146638846015
Scheduled a DoS to fire after 422ms
DOS THREAD: SEND DoS PACKET At :1146638846002 20
Synch: Sending query: time=?;22
Received reply: time=;1146638846504;22
Synch Success: SAftr=1146638846595, SBfr=1146638846472, D=61, M=1146638846504
Scheduled a DoS to fire after 434ms
DOS THREAD: SEND DoS PACKET At :1146638846502 21
Synch: Sending query: time=?;23
Received reply: time=;1146638846990;23
Synch Success: SAftr=1146638847081, SBfr=1146638846959, D=61, M=1146638846990
Scheduled a DoS to fire after 448ms
DOS THREAD: SEND DoS PACKET At :1146638847002 22
Synch: Sending query: time=?;24
Received reply: time=;1146638847479;24
Synch Success: SAftr=1146638847569, SBfr=1146638847448, D=60, M=1146638847479
Scheduled a DoS to fire after 459ms
DOS THREAD: SEND DoS PACKET At :1146638847501 23
Synch: Sending query: time=?;25
Received reply: time=;1146638847975;25
Synch Success: SAftr=1146638848067, SBfr=1146638847944, D=61, M=1146638847975
Scheduled a DoS to fire after 463ms
DOS THREAD: SEND DoS PACKET At :1146638848001 24
Synch: Sending query: time=?;26
Received reply: time=;1146638848463;26
Synch Success: SAftr=1146638848554, SBfr=1146638848432, D=61, M=1146638848463
Scheduled a DoS to fire after 475ms
DOS THREAD: SEND DoS PACKET At :1146638848501 25
Synch: Sending query: time=?;27
Received reply: time=;1146638848948;27
Synch Success: SAftr=1146638849039, SBfr=1146638848918, D=60, M=1146638848948
Scheduled a DoS to fire after 481ms
DOS THREAD: SEND DoS PACKET At :1146638849002 26
Synch: Sending query: time=?;28
Received reply: time=;1146638849502;28
Synch Success: SAftr=1146638849593, SBfr=1146638849471, D=61, M=1146638849502
Scheduled a DoS to fire after 429ms
DOS THREAD: SEND DoS PACKET At :1146638849501 27
Synch: Sending query: time=?;29
Received reply: time=;1146638849998;29
Synch Success: SAftr=1146638850121, SBfr=1146638849968, D=76, M=1146638849998
Scheduled a DoS to fire after 422ms
DOS THREAD: SEND DoS PACKET At :1146638850004 28
Synch: Sending query: time=?;30
Received reply: time=;1146638850519;30
Synch Success: SAftr=1146638850610, SBfr=1146638850488, D=61, M=1146638850519
Scheduled a DoS to fire after 418ms
DOS THREAD: SEND DoS PACKET At :1146638850507 29
Synch: Sending query: time=?;31
Received reply: time=;1146638851005;31
Synch Success: SAftr=1146638851096, SBfr=1146638850974, D=61, M=1146638851005
Scheduled a DoS to fire after 425ms
DOS THREAD: SEND DoS PACKET At :1146638851002 30
Synch: Sending query: time=?;32
Received reply: time=;1146638851502;32
Synch Success: SAftr=1146638851592, SBfr=1146638851471, D=60, M=1146638851502
Scheduled a DoS to fire after 436ms
DOS THREAD: SEND DoS PACKET At :1146638851502 31
Synch: Sending query: time=?;33
Received reply: time=;1146638851999;33
Synch Success: SAftr=1146638852095, SBfr=1146638851966, D=64, M=1146638851999
Scheduled a DoS to fire after 432ms
DOS THREAD: SEND DoS PACKET At :1146638852002 32
Synch: Sending query: time=?;34
Received reply: time=;1146638852505;34
Synch Success: SAftr=1146638852600, SBfr=1146638852474, D=63, M=1146638852505
Scheduled a DoS to fire after 429ms
DOS THREAD: SEND DoS PACKET At :1146638852507 33
Synch: Sending query: time=?;35
Received reply: time=;1146638852998;35
Synch Success: SAftr=1146638853090, SBfr=1146638852967, D=61, M=1146638852998
Scheduled a DoS to fire after 440ms
DOS THREAD: SEND DoS PACKET At :1146638853002 34
Synch: Sending query: time=?;36
Received reply: time=;1146638853490;36
Synch Success: SAftr=1146638853580, SBfr=1146638853458, D=61, M=1146638853490
Scheduled a DoS to fire after 446ms
DOS THREAD: SEND DoS PACKET At :1146638853502 35
Synch: Sending query: time=?;37
Received reply: time=;1146638853977;37
Synch Success: SAftr=1146638854096, SBfr=1146638853946, D=75, M=1146638853977
Scheduled a DoS to fire after 442ms
DOS THREAD: SEND DoS PACKET At :1146638854002 36
Synch: Sending query: time=?;38
Received reply: time=;1146638854502;38
Synch Success: SAftr=1146638854593, SBfr=1146638854471, D=61, M=1146638854502
Scheduled a DoS to fire after 436ms
DOS THREAD: SEND DoS PACKET At :1146638854507 37
Synch: Sending query: time=?;39
Received reply: time=;1146638855001;39
Synch Success: SAftr=1146638855092, SBfr=1146638854970, D=61, M=1146638855001
Scheduled a DoS to fire after 429ms
DOS THREAD: SEND DoS PACKET At :1146638855012 38
Synch: Sending query: time=?;40
Received reply: time=;1146638855502;40
Synch Success: SAftr=1146638855593, SBfr=1146638855471, D=61, M=1146638855502
Scheduled a DoS to fire after 431ms
DOS THREAD: SEND DoS PACKET At :1146638855502 39
Synch: Sending query: time=?;41
Received reply: time=;1146638855998;41
Synch Success: SAftr=1146638856092, SBfr=1146638855967, D=62, M=1146638855998
DOS THREAD: SEND DoS PACKET At :1146638856002 40
Scheduled a DoS to fire after 407ms
Synch: Sending query: time=?;42
Received reply: time=;1146638856519;42
Synch Success: SAftr=1146638856610, SBfr=1146638856489, D=60, M=1146638856519
Scheduled a DoS to fire after 419ms
DOS THREAD: SEND DoS PACKET At :1146638856502 41
Synch: Sending query: time=?;43
Received reply: time=;1146638857005;43
Synch Success: SAftr=1146638857097, SBfr=1146638856974, D=61, M=1146638857005
Scheduled a DoS to fire after 429ms
DOS THREAD: SEND DoS PACKET At :1146638857006 42
Synch: Sending query: time=?;44
Received reply: time=;1146638857499;44
Synch Success: SAftr=1146638857589, SBfr=1146638857468, D=60, M=1146638857499
Scheduled a DoS to fire after 439ms
DOS THREAD: SEND DoS PACKET At :1146638857501 43
Synch: Sending query: time=?;45
Received reply: time=;1146638857984;45
Synch Success: SAftr=1146638858083, SBfr=1146638857954, D=64, M=1146638857984
DOS THREAD: SEND DoS PACKET At :1146638858004 44
Scheduled a DoS to fire after 406ms
Synch: Sending query: time=?;46
Received reply: time=;1146638858523;46
Synch Success: SAftr=1146638858614, SBfr=1146638858492, D=61, M=1146638858523
Scheduled a DoS to fire after 415ms
DOS THREAD: SEND DoS PACKET At :1146638858501 45
Synch: Sending query: time=?;47
Received reply: time=;1146638859020;47
Synch Success: SAftr=1146638859111, SBfr=1146638858989, D=61, M=1146638859020
Scheduled a DoS to fire after 410ms
DOS THREAD: SEND DoS PACKET At :1146638859003 46
Synch: Sending query: time=?;48
Received reply: time=;1146638859514;48
Synch Success: SAftr=1146638859605, SBfr=1146638859483, D=61, M=1146638859514
Scheduled a DoS to fire after 423ms
DOS THREAD: SEND DoS PACKET At :1146638859502 47
Synch: Sending query: time=?;49
Received reply: time=;1146638860003;49
Synch Success: SAftr=1146638860096, SBfr=1146638859971, D=62, M=1146638860003
Scheduled a DoS to fire after 434ms
DOS THREAD: SEND DoS PACKET At :1146638860002 48
Synch: Sending query: time=?;50
Received reply: time=;1146638860490;50
Synch Success: SAftr=1146638860581, SBfr=1146638860459, D=61, M=1146638860490
Scheduled a DoS to fire after 444ms
DOS THREAD: SEND DoS PACKET At :1146638860502 49
Synch: Sending query: time=?;51
Received reply: time=;1146638860981;51
Synch Success: SAftr=1146638861072, SBfr=1146638860950, D=61, M=1146638860981
Scheduled a DoS to fire after 457ms
DOS THREAD: SEND DoS PACKET At :1146638861002 50
Synch: Sending query: time=?;52
Received reply: time=;1146638861466;52
Synch Success: SAftr=1146638861557, SBfr=1146638861435, D=61, M=1146638861466
Scheduled a DoS to fire after 471ms
DOS THREAD: SEND DoS PACKET At :1146638861502 51
Synch: Sending query: time=?;53
Received reply: time=;1146638861954;53
Synch Success: SAftr=1146638862045, SBfr=1146638861921, D=62, M=1146638861954
Scheduled a DoS to fire after 483ms
DOS THREAD: SEND DoS PACKET At :1146638862002 52
Synch: Sending query: time=?;54
Received reply: time=;1146638862440;54
Synch Success: SAftr=1146638862531, SBfr=1146638862409, D=61, M=1146638862440
Scheduled a DoS to fire after 497ms
DOS THREAD: SEND DoS PACKET At :1146638862502 53
Synch: Sending query: time=?;55
Received reply: time=;1146638862929;55
Synch Success: SAftr=1146638863019, SBfr=1146638862898, D=60, M=1146638862929
Scheduled a DoS to fire after 9ms
DOS THREAD: SEND DoS PACKET At :1146638863000 54
Synch: Sending query: time=?;56
Received reply: time=;1146638863415;56
Synch Success: SAftr=1146638863506, SBfr=1146638863384, D=61, M=1146638863415
Scheduled a DoS to fire after 488ms
DOS THREAD: SEND DoS PACKET At :1146638863502 55
Synch: Sending query: time=?;57
Received reply: time=;1146638863937;57
Synch Success: SAftr=1146638864029, SBfr=1146638863905, D=62, M=1146638863937
Scheduled a DoS to fire after 499ms
Synch: Sending query: time=?;58
Received reply: time=;1146638864431;58
Synch Success: SAftr=1146638864521, SBfr=1146638864400, D=60, M=1146638864431
Scheduled a DoS to fire after 490ms
Synch: Sending query: time=?;59
Received reply: time=;1146638864936;59
Synch Success: SAftr=1146638865028, SBfr=1146638864906, D=61, M=1146638864936
Scheduled a DoS to fire after 480ms
DOS THREAD: SEND DoS PACKET At :1146638865010 56
Synch: Sending query: time=?;60
Received reply: time=;1146638865445;60
Synch Success: SAftr=1146638865536, SBfr=1146638865414, D=61, M=1146638865445
Scheduled a DoS to fire after 477ms
DOS THREAD: SEND DoS PACKET At :1146638865502 57
Synch: Sending query: time=?;61
Received reply: time=;1146638865947;61
Synch Success: SAftr=1146638866057, SBfr=1146638865916, D=70, M=1146638865947
Scheduled a DoS to fire after 481ms
DOS THREAD: SEND DoS PACKET At :1146638866002 58
Synch: Sending query: time=?;62
Received reply: time=;1146638866452;62
Synch Success: SAftr=1146638866545, SBfr=1146638866421, D=62, M=1146638866452
Scheduled a DoS to fire after 475ms
DOS THREAD: SEND DoS PACKET At :1146638866504 59
Synch: Sending query: time=?;63
Received reply: time=;1146638866955;63
Synch Success: SAftr=1146638867046, SBfr=1146638866924, D=61, M=1146638866955
Scheduled a DoS to fire after 482ms
DOS THREAD: SEND DoS PACKET At :1146638867006 60
Synch: Sending query: time=?;64
Received reply: time=;1146638867446;64
Synch Success: SAftr=1146638867536, SBfr=1146638867415, D=60, M=1146638867446
Scheduled a DoS to fire after 491ms
DOS THREAD: SEND DoS PACKET At :1146638867502 61
Synch: Sending query: time=?;65
Received reply: time=;1146638867933;65
Synch Success: SAftr=1146638868024, SBfr=1146638867901, D=61, M=1146638867933
Scheduled a DoS to fire after 1ms
DOS THREAD: SEND DoS PACKET At :1146638868000 62
Synch: Sending query: time=?;66
Received reply: time=;1146638868427;66
Synch Success: SAftr=1146638868518, SBfr=1146638868392, D=63, M=1146638868427
Scheduled a DoS to fire after 9ms
DOS THREAD: SEND DoS PACKET At :1146638868505 63
Synch: Sending query: time=?;67
Received reply: time=;1146638868916;67
Synch Success: SAftr=1146638869015, SBfr=1146638868885, D=65, M=1146638868916
Scheduled a DoS to fire after 18ms
DOS THREAD: SEND DoS PACKET At :1146638869000 64
Synch: Sending query: time=?;68
Received reply: time=;1146638869411;68
Synch Success: SAftr=1146638869502, SBfr=1146638869380, D=61, M=1146638869411
Scheduled a DoS to fire after 26ms
DOS THREAD: SEND DoS PACKET At :1146638869501 65
Synch: Sending query: time=?;69
Received reply: time=;1146638869897;69
Synch Success: SAftr=1146638869989, SBfr=1146638869866, D=61, M=1146638869897
Scheduled a DoS to fire after 41ms
DOS THREAD: SEND DoS PACKET At :1146638870008 66
Synch: Sending query: time=?;70
Received reply: time=;1146638870391;70
Synch Success: SAftr=1146638870483, SBfr=1146638870360, D=61, M=1146638870391
Scheduled a DoS to fire after 46ms
DOS THREAD: SEND DoS PACKET At :1146638870503 67
Synch: Sending query: time=?;71
Received reply: time=;1146638870879;71
Synch Success: SAftr=1146638870969, SBfr=1146638870848, D=60, M=1146638870879
Scheduled a DoS to fire after 59ms
DOS THREAD: SEND DoS PACKET At :1146638871002 68
Synch: Sending query: time=?;72
Received reply: time=;1146638871364;72
Synch Success: SAftr=1146638871464, SBfr=1146638871333, D=65, M=1146638871364
Scheduled a DoS to fire after 69ms
DOS THREAD: SEND DoS PACKET At :1146638871502 69
Synch: Sending query: time=?;73
Received reply: time=;1146638871869;73
Synch Success: SAftr=1146638871960, SBfr=1146638871837, D=61, M=1146638871869
Scheduled a DoS to fire after 69ms
DOS THREAD: SEND DoS PACKET At :1146638872005 70
Synch: Sending query: time=?;74
Received reply: time=;1146638872355;74
Synch Success: SAftr=1146638872455, SBfr=1146638872324, D=65, M=1146638872355
Scheduled a DoS to fire after 79ms
DOS THREAD: SEND DoS PACKET At :1146638872503 71
Synch: Sending query: time=?;75
Received reply: time=;1146638872851;75
Synch Success: SAftr=1146638872941, SBfr=1146638872820, D=60, M=1146638872851
Scheduled a DoS to fire after 87ms
DOS THREAD: SEND DoS PACKET At :1146638873001 72
Synch: Sending query: time=?;76
Received reply: time=;1146638873345;76
Synch Success: SAftr=1146638873435, SBfr=1146638873313, D=61, M=1146638873345
Scheduled a DoS to fire after 83ms
DOS THREAD: SEND DoS PACKET At :1146638873501 73
Synch: Sending query: time=?;77
Received reply: time=;1146638873840;77
Synch Success: SAftr=1146638873931, SBfr=1146638873809, D=61, M=1146638873840
Scheduled a DoS to fire after 98ms
Synch: Sending query: time=?;78
Received reply: time=;1146638874325;78
Synch Success: SAftr=1146638874426, SBfr=1146638874295, D=65, M=1146638874325
Scheduled a DoS to fire after 97ms
DOS THREAD: SEND DoS PACKET At :1146638874509 73
Synch: Sending query: time=?;79
Received reply: time=;1146638874833;79
Synch Success: SAftr=1146638874923, SBfr=1146638874802, D=60, M=1146638874833
Scheduled a DoS to fire after 105ms
DOS THREAD: SEND DoS PACKET At :1146638875002 73
Synch: Sending query: time=?;80
Received reply: time=;1146638875318;80
Synch Success: SAftr=1146638875413, SBfr=1146638875287, D=63, M=1146638875318
Scheduled a DoS to fire after 118ms
DOS THREAD: SEND DoS PACKET At :1146638875502 73
Synch: Sending query: time=?;81
Received reply: time=;1146638875809;81
Synch Success: SAftr=1146638875900, SBfr=1146638875777, D=61, M=1146638875809
Scheduled a DoS to fire after 128ms
DOS THREAD: SEND DoS PACKET At :1146638876001 73
Synch: Sending query: time=?;82
Received reply: time=;1146638876295;82
Synch Success: SAftr=1146638876386, SBfr=1146638876264, D=61, M=1146638876295
Scheduled a DoS to fire after 142ms
DOS THREAD: SEND DoS PACKET At :1146638876501 74
Synch: Sending query: time=?;83
Received reply: time=;1146638876783;83
Synch Success: SAftr=1146638876873, SBfr=1146638876750, D=61, M=1146638876783
Scheduled a DoS to fire after 154ms
DOS THREAD: SEND DoS PACKET At :1146638877001 74
DOS THREAD: SEND DoS PACKET At :1146638874001 75
Synch: Sending query: time=?;84
Received reply: time=;1146638877276;84
Synch Success: SAftr=1146638877367, SBfr=1146638877245, D=61, M=1146638877276
Scheduled a DoS to fire after 162ms
DOS THREAD: SEND DoS PACKET At :1146638877501 76
Synch: Sending query: time=?;85
Received reply: time=;1146638877771;85
Synch Success: SAftr=1146638877862, SBfr=1146638877740, D=61, M=1146638877771
Scheduled a DoS to fire after 167ms
DOS THREAD: SEND DoS PACKET At :1146638878002 77
Synch: Sending query: time=?;86
Received reply: time=;1146638878257;86
Synch Success: SAftr=1146638878349, SBfr=1146638878226, D=61, M=1146638878257
Scheduled a DoS to fire after 181ms
DOS THREAD: SEND DoS PACKET At :1146638878502 78
Synch: Sending query: time=?;87
Received reply: time=;1146638878744;87
Synch Success: SAftr=1146638878834, SBfr=1146638878713, D=60, M=1146638878744
Scheduled a DoS to fire after 194ms
DOS THREAD: SEND DoS PACKET At :1146638879002 79
Synch: Sending query: time=?;88
Received reply: time=;1146638879230;88
Synch Success: SAftr=1146638879321, SBfr=1146638879199, D=61, M=1146638879230
Scheduled a DoS to fire after 208ms
DOS THREAD: SEND DoS PACKET At :1146638879501 80
Synch: Sending query: time=?;89
Received reply: time=;1146638879732;89
Synch Success: SAftr=1146638879822, SBfr=1146638879701, D=60, M=1146638879732
Scheduled a DoS to fire after 206ms
DOS THREAD: SEND DoS PACKET At :1146638880001 81
Synch: Sending query: time=?;90
Received reply: time=;1146638880218;90
Synch Success: SAftr=1146638880309, SBfr=1146638880187, D=61, M=1146638880218
Scheduled a DoS to fire after 219ms
DOS THREAD: SEND DoS PACKET At :1146638880502 82
Synch: Sending query: time=?;91
Received reply: time=;1146638880706;91
Synch Success: SAftr=1146638880796, SBfr=1146638880674, D=61, M=1146638880706
Scheduled a DoS to fire after 229ms
DOS THREAD: SEND DoS PACKET At :1146638881002 83
Synch: Sending query: time=?;92
Received reply: time=;1146638881194;92
Synch Success: SAftr=1146638881285, SBfr=1146638881163, D=61, M=1146638881194
Scheduled a DoS to fire after 236ms
DOS THREAD: SEND DoS PACKET At :1146638881502 84
Synch: Sending query: time=?;93
Received reply: time=;1146638881688;93
Synch Success: SAftr=1146638881778, SBfr=1146638881657, D=60, M=1146638881688
Scheduled a DoS to fire after 249ms
DOS THREAD: SEND DoS PACKET At :1146638882002 85
Synch: Sending query: time=?;94
Received reply: time=;1146638882175;94
Synch Success: SAftr=1146638882265, SBfr=1146638882144, D=60, M=1146638882175
Scheduled a DoS to fire after 261ms
DOS THREAD: SEND DoS PACKET At :1146638882502 86
Synch: Sending query: time=?;95
Received reply: time=;1146638882662;95
Synch Success: SAftr=1146638882754, SBfr=1146638882632, D=61, M=1146638882662
Scheduled a DoS to fire after 275ms
Synch: Sending query: time=?;96
DOS THREAD: SEND DoS PACKET At :1146638883001 87
Received reply: time=;1146638883155;96
Synch Success: SAftr=1146638883246, SBfr=1146638883118, D=64, M=1146638883155
Scheduled a DoS to fire after 277ms
Synch: Sending query: time=?;97
DOS THREAD: SEND DoS PACKET At :1146638883502 88
Received reply: time=;1146638883643;97
Synch Success: SAftr=1146638883734, SBfr=1146638883612, D=61, M=1146638883643
Scheduled a DoS to fire after 294ms
Synch: Sending query: time=?;98
DOS THREAD: SEND DoS PACKET At :1146638884001 89
Received reply: time=;1146638884130;98
Synch Success: SAftr=1146638884220, SBfr=1146638884098, D=61, M=1146638884130
Scheduled a DoS to fire after 304ms
Synch: Sending query: time=?;99
DOS THREAD: SEND DoS PACKET At :1146638884501 90
Received reply: time=;1146638884622;99
Synch Success: SAftr=1146638884713, SBfr=1146638884590, D=61, M=1146638884622
Scheduled a DoS to fire after 316ms
Synch: Sending query: time=?;100
DOS THREAD: SEND DoS PACKET At :1146638885001 91
DOS THREAD: SEND DoS PACKET At :1146638885505 92
Attempt: Sending query: time=?;101
Received reply: time=;1146638885670;101
Synch Success: SAftr=1146638885761, SBfr=1146638885639, D=61, M=1146638885670
Scheduled a DoS to fire after 268ms
Synch: Sending query: time=?;102
DOS THREAD: SEND DoS PACKET At :1146638886001 93
Received reply: time=;1146638886161;102
Synch Success: SAftr=1146638886252, SBfr=1146638886131, D=60, M=1146638886161
Scheduled a DoS to fire after 278ms
DOS THREAD: SEND DoS PACKET At :1146638886502 94
DOS THREAD: SEND DoS PACKET At :1146638887002 95
DOS THREAD: SEND DoS PACKET At :1146638887507 96
DOS THREAD: SEND DoS PACKET At :1146638888015 97
DOS THREAD: SEND DoS PACKET At :1146638888518 98
DOS THREAD: SEND DoS PACKET At :1146638889021 99
DOS THREAD: SEND DoS PACKET At :1146638889523 100
DOS THREAD: SEND DoS PACKET At :1146638890024 101
DOS THREAD: SEND DoS PACKET At :1146638890525 102
DOS THREAD: SEND DoS PACKET At :1146638891028 103
DOS THREAD: SEND DoS PACKET At :1146638891529 104
DOS THREAD: SEND DoS PACKET At :1146638894575 105
DOS THREAD: SEND DoS PACKET At :1146638897567 106
DOS THREAD: SEND DoS PACKET At :1146638898074 107
DOS THREAD: SEND DoS PACKET At :1146638898575 108
DOS THREAD: SEND DoS PACKET At :1146638899088 109
DOS THREAD: SEND DoS PACKET At :1146638899589 110
DOS THREAD: SEND DoS PACKET At :1146638900091 111
DOS THREAD: SEND DoS PACKET At :1146638900599 112
DOS THREAD: SEND DoS PACKET At :1146638909733 113
DOS THREAD: SEND DoS PACKET At :1146638910235 114
DOS THREAD: SEND DoS PACKET At :1146638910736 115
DOS THREAD: SEND DoS PACKET At :1146638911237 116
DOS THREAD: SEND DoS PACKET At :1146638911738 117
DOS THREAD: SEND DoS PACKET At :1146638912239 118
DOS THREAD: SEND DoS PACKET At :1146638912740 119
DOS THREAD: SEND DoS PACKET At :1146638913242 120
DOS THREAD: SEND DoS PACKET At :1146638913743 121
DOS THREAD: SEND DoS PACKET At :1146638914245 122
DOS THREAD: SEND DoS PACKET At :1146638914747 123
DOS THREAD: SEND DoS PACKET At :1146638915249 124
DOS THREAD: SEND DoS PACKET At :1146638915751 125
DOS THREAD: SEND DoS PACKET At :1146638916253 126
DOS THREAD: SEND DoS PACKET At :1146638916754 127
DOS THREAD: SEND DoS PACKET At :1146638917264 128
DOS THREAD: SEND DoS PACKET At :1146638917765 129
DOS THREAD: SEND DoS PACKET At :1146638918266 130
DOS THREAD: SEND DoS PACKET At :1146638918767 131
DOS THREAD: SEND DoS PACKET At :1146638919268 132
DOS THREAD: SEND DoS PACKET At :1146638919769 133
DOS THREAD: SEND DoS PACKET At :1146638920271 134
DOS THREAD: SEND DoS PACKET At :1146638920773 135
DOS THREAD: SEND DoS PACKET At :1146638921275 136
DOS THREAD: SEND DoS PACKET At :1146638921776 137
DOS THREAD: SEND DoS PACKET At :1146638922278 138
DOS THREAD: SEND DoS PACKET At :1146638922780 139
DOS THREAD: SEND DoS PACKET At :1146638923284 140
DOS THREAD: SEND DoS PACKET At :1146638923786 141
DOS THREAD: SEND DoS PACKET At :1146638924288 142
DOS THREAD: SEND DoS PACKET At :1146638924789 143
DOS THREAD: SEND DoS PACKET At :1146638925290 144
DOS THREAD: SEND DoS PACKET At :1146638925791 145
DOS THREAD: SEND DoS PACKET At :1146638926292 146
DOS THREAD: SEND DoS PACKET At :1146638926799 147
DOS THREAD: SEND DoS PACKET At :1146638927312 148
DOS THREAD: SEND DoS PACKET At :1146638927813 149
DOS THREAD: SEND DoS PACKET At :1146638928314 150
DOS THREAD: SEND DoS PACKET At :1146638928816 151
DOS THREAD: SEND DoS PACKET At :1146638929317 152
DOS THREAD: SEND DoS PACKET At :1146638929826 153
DOS THREAD: SEND DoS PACKET At :1146638930328 154
DOS THREAD: SEND DoS PACKET At :1146638930830 155
DOS THREAD: SEND DoS PACKET At :1146638931336 156
DOS THREAD: SEND DoS PACKET At :1146638931838 157
DOS THREAD: SEND DoS PACKET At :1146638932340 158
DOS THREAD: SEND DoS PACKET At :1146638932841 159
DOS THREAD: SEND DoS PACKET At :1146638933349 160
DOS THREAD: SEND DoS PACKET At :1146638933850 161
DOS THREAD: SEND DoS PACKET At :1146638934351 162
DOS THREAD: SEND DoS PACKET At :1146638937448 163
DOS THREAD: SEND DoS PACKET At :1146638937955 164
DOS THREAD: SEND DoS PACKET At :1146638938457 165
DOS THREAD: SEND DoS PACKET At :1146638938958 166
DOS THREAD: SEND DoS PACKET At :1146638939459 167
DOS THREAD: SEND DoS PACKET At :1146638939961 168
DOS THREAD: SEND DoS PACKET At :1146638940462 169
DOS THREAD: SEND DoS PACKET At :1146638940963 170
DOS THREAD: SEND DoS PACKET At :1146638941467 171
DOS THREAD: SEND DoS PACKET At :1146638942077 172
DOS THREAD: SEND DoS PACKET At :1146638942578 173
DOS THREAD: SEND DoS PACKET At :1146638943079 174
DOS THREAD: SEND DoS PACKET At :1146638943581 175
DOS THREAD: SEND DoS PACKET At :1146638944086 176
DOS THREAD: SEND DoS PACKET At :1146638944588 177
DOS THREAD: SEND DoS PACKET At :1146638945090 178
DOS THREAD: SEND DoS PACKET At :1146638945784 179
DOS THREAD: SEND DoS PACKET At :1146638946285 180
DOS THREAD: SEND DoS PACKET At :1146638946787 181
DOS THREAD: SEND DoS PACKET At :1146638947291 182
DOS THREAD: SEND DoS PACKET At :1146638947792 183
DOS THREAD: SEND DoS PACKET At :1146638948293 184
DOS THREAD: SEND DoS PACKET At :1146638948799 185
DOS THREAD: SEND DoS PACKET At :1146638949300 186
DOS THREAD: SEND DoS PACKET At :1146638949804 187
DOS THREAD: SEND DoS PACKET At :1146638950307 188
DOS THREAD: SEND DoS PACKET At :1146638950809 189
DOS THREAD: SEND DoS PACKET At :1146638951310 190
DOS THREAD: SEND DoS PACKET At :1146638951812 191
DOS THREAD: SEND DoS PACKET At :1146638952314 192
DOS THREAD: SEND DoS PACKET At :1146638952815 193
DOS THREAD: SEND DoS PACKET At :1146638953316 194
DOS THREAD: SEND DoS PACKET At :1146638953817 195
DOS THREAD: SEND DoS PACKET At :1146638954318 196
DOS THREAD: SEND DoS PACKET At :1146638954820 197
DOS THREAD: SEND DoS PACKET At :1146638955322 198
DOS THREAD: SEND DoS PACKET At :1146638955823 199
DOS THREAD: SEND DoS PACKET At :1146638956325 200
DOS THREAD: SEND DoS PACKET At :1146638956829 201
DOS THREAD: SEND DoS PACKET At :1146638957331 202
DOS THREAD: SEND DoS PACKET At :1146638957833 203
DOS THREAD: SEND DoS PACKET At :1146638958340 204
DOS THREAD: SEND DoS PACKET At :1146638958842 205
DOS THREAD: SEND DoS PACKET At :1146638959344 206
DOS THREAD: SEND DoS PACKET At :1146638959871 207
DOS THREAD: SEND DoS PACKET At :1146638960372 208
DOS THREAD: SEND DoS PACKET At :1146638960875 209
DOS THREAD: SEND DoS PACKET At :1146638961376 210
DOS THREAD: SEND DoS PACKET At :1146638961877 211
DOS THREAD: SEND DoS PACKET At :1146638962378 212
DOS THREAD: SEND DoS PACKET At :1146638962879 213
DOS THREAD: SEND DoS PACKET At :1146638963381 214
DOS THREAD: SEND DoS PACKET At :1146638963885 215
DOS THREAD: SEND DoS PACKET At :1146638964386 216
DOS THREAD: SEND DoS PACKET At :1146638964888 217
DOS THREAD: SEND DoS PACKET At :1146638965390 218
DOS THREAD: SEND DoS PACKET At :1146638965892 219
DOS THREAD: SEND DoS PACKET At :1146638966394 220
DOS THREAD: SEND DoS PACKET At :1146638966895 221
DOS THREAD: SEND DoS PACKET At :1146638967399 222
DOS THREAD: SEND DoS PACKET At :1146638967902 223
DOS THREAD: SEND DoS PACKET At :1146638968403 224
DOS THREAD: SEND DoS PACKET At :1146638968905 225
DOS THREAD: SEND DoS PACKET At :1146638969406 226
DOS THREAD: SEND DoS PACKET At :1146638969908 227
DOS THREAD: SEND DoS PACKET At :1146638970410 228
DOS THREAD: SEND DoS PACKET At :1146638970911 229
DOS THREAD: SEND DoS PACKET At :1146638971413 230
DOS THREAD: SEND DoS PACKET At :1146638971926 231
DOS THREAD: SEND DoS PACKET At :1146638972428 232
DOS THREAD: SEND DoS PACKET At :1146638972932 233
DOS THREAD: SEND DoS PACKET At :1146638973438 234
DOS THREAD: SEND DoS PACKET At :1146638973940 235
DOS THREAD: SEND DoS PACKET At :1146638974446 236
DOS THREAD: SEND DoS PACKET At :1146638974950 237
DOS THREAD: SEND DoS PACKET At :1146638975454 238
DOS THREAD: SEND DoS PACKET At :1146638975955 239
DOS THREAD: SEND DoS PACKET At :1146638976460 240
DOS THREAD: SEND DoS PACKET At :1146638976962 241
DOS THREAD: SEND DoS PACKET At :1146638977464 242
DOS THREAD: SEND DoS PACKET At :1146638977965 243
Received reply: time=;1146638885108;100
Synch Failure: sn and snPrime are not equal
Synch: Sending query: time=?;103
Received reply: time=;1146638978279;103
Synch Success: SAftr=1146638978370, SBfr=1146638978248, D=61, M=1146638978279
Scheduled a DoS to fire after 158ms
DOS THREAD: SEND DoS PACKET At :1146638978502 244
Synch: Sending query: time=?;104
Received reply: time=;1146638978766;104
Synch Success: SAftr=1146638978856, SBfr=1146638978735, D=60, M=1146638978766
Scheduled a DoS to fire after 173ms
DOS THREAD: SEND DoS PACKET At :1146638979001 245
Synch: Sending query: time=?;105
Received reply: time=;1146638979251;105
Synch Success: SAftr=1146638979343, SBfr=1146638979220, D=61, M=1146638979251
Scheduled a DoS to fire after 184ms
DOS THREAD: SEND DoS PACKET At :1146638979502 246
Synch: Sending query: time=?;106
Received reply: time=;1146638979742;106
Synch Success: SAftr=1146638979834, SBfr=1146638979711, D=61, M=1146638979742
Scheduled a DoS to fire after 195ms
DOS THREAD: SEND DoS PACKET At :1146638980004 247
Synch: Sending query: time=?;107
Received reply: time=;1146638980233;107
Synch Success: SAftr=1146638980323, SBfr=1146638980202, D=60, M=1146638980233
Scheduled a DoS to fire after 204ms
DOS THREAD: SEND DoS PACKET At :1146638980504 248
Synch: Sending query: time=?;108
Received reply: time=;1146638980719;108
Synch Success: SAftr=1146638980810, SBfr=1146638980688, D=61, M=1146638980719
Scheduled a DoS to fire after 219ms
DOS THREAD: SEND DoS PACKET At :1146638981010 249
Synch: Sending query: time=?;109
Received reply: time=;1146638981205;109
Synch Success: SAftr=1146638981297, SBfr=1146638981174, D=61, M=1146638981205
Scheduled a DoS to fire after 221ms
DOS THREAD: SEND DoS PACKET At :1146638981502 250
Synch: Sending query: time=?;110
Received reply: time=;1146638981709;110
Synch Success: SAftr=1146638981799, SBfr=1146638981677, D=61, M=1146638981709
Scheduled a DoS to fire after 228ms
DOS THREAD: SEND DoS PACKET At :1146638982001 251
Synch: Sending query: time=?;111
Received reply: time=;1146638982196;111
Synch Success: SAftr=1146638982288, SBfr=1146638982166, D=61, M=1146638982196
Scheduled a DoS to fire after 239ms
DOS THREAD: SEND DoS PACKET At :1146638982503 252
Synch: Sending query: time=?;112
Received reply: time=;1146638982685;112
Synch Success: SAftr=1146638982776, SBfr=1146638982654, D=61, M=1146638982685
Scheduled a DoS to fire after 251ms
DOS THREAD: SEND DoS PACKET At :1146638983005 253
Synch: Sending query: time=?;113
Received reply: time=;1146638983173;113
Synch Success: SAftr=1146638983267, SBfr=1146638983142, D=62, M=1146638983173
Scheduled a DoS to fire after 262ms
DOS THREAD: SEND DoS PACKET At :1146638983501 254
Synch: Sending query: time=?;114
Received reply: time=;1146638983680;114
Synch Success: SAftr=1146638983773, SBfr=1146638983650, D=61, M=1146638983680
Scheduled a DoS to fire after 255ms
DOS THREAD: SEND DoS PACKET At :1146638984001 255
Synch: Sending query: time=?;115
Received reply: time=;1146638984175;115
Synch Success: SAftr=1146638984269, SBfr=1146638984144, D=62, M=1146638984175
Scheduled a DoS to fire after 257ms
DOS THREAD: SEND DoS PACKET At :1146638984506 256
Synch: Sending query: time=?;116
Received reply: time=;1146638984669;116
Synch Success: SAftr=1146638984760, SBfr=1146638984638, D=61, M=1146638984669
Scheduled a DoS to fire after 268ms
DOS THREAD: SEND DoS PACKET At :1146638985001 257
Synch: Sending query: time=?;117
Received reply: time=;1146638985156;117
Synch Success: SAftr=1146638985247, SBfr=1146638985125, D=61, M=1146638985156
Scheduled a DoS to fire after 282ms
Synch: Sending query: time=?;118
DOS THREAD: SEND DoS PACKET At :1146638985502 258
Received reply: time=;1146638985641;118
Synch Success: SAftr=1146638985755, SBfr=1146638985611, D=72, M=1146638985641
Scheduled a DoS to fire after 285ms
Synch: Sending query: time=?;119
DOS THREAD: SEND DoS PACKET At :1146638986002 259
Received reply: time=;1146638986149;119
Synch Success: SAftr=1146638986240, SBfr=1146638986119, D=60, M=1146638986149
Scheduled a DoS to fire after 286ms
Synch: Sending query: time=?;120
DOS THREAD: SEND DoS PACKET At :1146638986502 260
Received reply: time=;1146638986643;120
Synch Success: SAftr=1146638986734, SBfr=1146638986612, D=61, M=1146638986643
Scheduled a DoS to fire after 295ms
Synch: Sending query: time=?;121
DOS THREAD: SEND DoS PACKET At :1146638987002 261
Received reply: time=;1146638987129;121
Synch Success: SAftr=1146638987220, SBfr=1146638987098, D=61, M=1146638987129
Scheduled a DoS to fire after 309ms
Synch: Sending query: time=?;122
DOS THREAD: SEND DoS PACKET At :1146638987502 262
Received reply: time=;1146638987616;122
Synch Success: SAftr=1146638987723, SBfr=1146638987585, D=69, M=1146638987616
Scheduled a DoS to fire after 312ms
Synch: Sending query: time=?;123
DOS THREAD: SEND DoS PACKET At :1146638988002 263
Received reply: time=;1146638988124;123
Synch Success: SAftr=1146638988219, SBfr=1146638988093, D=63, M=1146638988124
Scheduled a DoS to fire after 305ms
Synch: Sending query: time=?;124
DOS THREAD: SEND DoS PACKET At :1146638988502 264
Received reply: time=;1146638988621;124
Synch Success: SAftr=1146638988712, SBfr=1146638988589, D=61, M=1146638988621
Scheduled a DoS to fire after 317ms
Synch: Sending query: time=?;125
DOS THREAD: SEND DoS PACKET At :1146638989002 265
Received reply: time=;1146638989121;125
Synch Success: SAftr=1146638989211, SBfr=1146638989090, D=60, M=1146638989121
Scheduled a DoS to fire after 317ms
Synch: Sending query: time=?;126
DOS THREAD: SEND DoS PACKET At :1146638989501 266
Received reply: time=;1146638989607;126
Synch Success: SAftr=1146638989697, SBfr=1146638989576, D=60, M=1146638989607
Scheduled a DoS to fire after 331ms
Synch: Sending query: time=?;127
DOS THREAD: SEND DoS PACKET At :1146638990006 267
Received reply: time=;1146638990092;127
Synch Success: SAftr=1146638990182, SBfr=1146638990061, D=60, M=1146638990092
Scheduled a DoS to fire after 347ms
Synch: Sending query: time=?;128
DOS THREAD: SEND DoS PACKET At :1146638990502 268
Received reply: time=;1146638990580;128
Synch Success: SAftr=1146638990671, SBfr=1146638990549, D=61, M=1146638990580
Scheduled a DoS to fire after 358ms
Synch: Sending query: time=?;129
Received reply: time=;1146638991065;129
Synch Success: SAftr=1146638991157, SBfr=1146638991034, D=61, M=1146638991065
Scheduled a DoS to fire after 370ms
DOS THREAD: SEND DoS PACKET At :1146638991002 269
Synch: Sending query: time=?;130
DOS THREAD: SEND DoS PACKET At :1146638991502 270
Received reply: time=;1146638991558;130
Synch Success: SAftr=1146638991649, SBfr=1146638991527, D=61, M=1146638991558
Scheduled a DoS to fire after 380ms
Synch: Sending query: time=?;131
DOS THREAD: SEND DoS PACKET At :1146638992010 271
Received reply: time=;1146638992043;131
Synch Success: SAftr=1146638992135, SBfr=1146638992012, D=61, M=1146638992043
Scheduled a DoS to fire after 382ms
Synch: Sending query: time=?;132
DOS THREAD: SEND DoS PACKET At :1146638992502 272
Received reply: time=;1146638992551;132
Synch Success: SAftr=1146638992641, SBfr=1146638992520, D=60, M=1146638992551
Scheduled a DoS to fire after 387ms
Synch: Sending query: time=?;133
DOS THREAD: SEND DoS PACKET At :1146638993005 273
Received reply: time=;1146638993036;133
Synch Success: SAftr=1146638993131, SBfr=1146638993005, D=63, M=1146638993036
Scheduled a DoS to fire after 370ms
Synch: Sending query: time=?;134
Received reply: time=;1146638993558;134
DOS THREAD: SEND DoS PACKET At :1146638993501 274
Synch Success: SAftr=1146638993648, SBfr=1146638993526, D=61, M=1146638993558
Scheduled a DoS to fire after 379ms
Synch: Sending query: time=?;135
DOS THREAD: SEND DoS PACKET At :1146638994004 275
Received reply: time=;1146638994047;135
Synch Success: SAftr=1146638994144, SBfr=1146638994017, D=63, M=1146638994047
Scheduled a DoS to fire after 386ms
Synch: Sending query: time=?;136
Received reply: time=;1146638994542;136
Synch Success: SAftr=1146638994634, SBfr=1146638994511, D=61, M=1146638994542
Scheduled a DoS to fire after 395ms
DOS THREAD: SEND DoS PACKET At :1146638994504 276
Synch: Sending query: time=?;137
Received reply: time=;1146638995030;137
Synch Success: SAftr=1146638995123, SBfr=1146638994999, D=62, M=1146638995030
Scheduled a DoS to fire after 406ms
Synch: Sending query: time=?;138
DOS THREAD: SEND DoS PACKET At :1146638995004 277
Received reply: time=;1146638995518;138
Synch Success: SAftr=1146638995612, SBfr=1146638995487, D=62, M=1146638995518
Scheduled a DoS to fire after 395ms
Synch: Sending query: time=?;139
Received reply: time=;1146638996030;139
Synch Success: SAftr=1146638996121, SBfr=1146638995999, D=61, M=1146638996030
Scheduled a DoS to fire after 401ms
DOS THREAD: SEND DoS PACKET At :1146638996002 278
Synch: Sending query: time=?;140
Received reply: time=;1146638996522;140
Synch Success: SAftr=1146638996612, SBfr=1146638996491, D=60, M=1146638996522
Scheduled a DoS to fire after 416ms
DOS THREAD: SEND DoS PACKET At :1146638996501 279
Synch: Sending query: time=?;141
Received reply: time=;1146638997007;141
Synch Success: SAftr=1146638997100, SBfr=1146638996976, D=62, M=1146638997007
Scheduled a DoS to fire after 430ms
DOS THREAD: SEND DoS PACKET At :1146638997008 280
Synch: Sending query: time=?;142
Received reply: time=;1146638997498;142
Synch Success: SAftr=1146638997588, SBfr=1146638997466, D=61, M=1146638997498
Scheduled a DoS to fire after 439ms
DOS THREAD: SEND DoS PACKET At :1146638997502 280
Synch: Sending query: time=?;143
Received reply: time=;1146638997984;143
Synch Success: SAftr=1146638998075, SBfr=1146638997953, D=61, M=1146638997984
Scheduled a DoS to fire after 454ms
DOS THREAD: SEND DoS PACKET At :1146638998001 280
Synch: Sending query: time=?;144
Received reply: time=;1146638998474;144
Synch Success: SAftr=1146638998564, SBfr=1146638998443, D=60, M=1146638998474
Scheduled a DoS to fire after 464ms
DOS THREAD: SEND DoS PACKET At :1146638998502 280
DOS THREAD: SEND DoS PACKET At :1146638995501 280
Synch: Sending query: time=?;145
Received reply: time=;1146638998966;145
Synch Success: SAftr=1146638999056, SBfr=1146638998935, D=60, M=1146638998966
Scheduled a DoS to fire after 472ms
DOS THREAD: SEND DoS PACKET At :1146638999005 280
Synch: Sending query: time=?;146
Received reply: time=;1146638999451;146
Synch Success: SAftr=1146638999541, SBfr=1146638999420, D=60, M=1146638999451
Scheduled a DoS to fire after 482ms
DOS THREAD: SEND DoS PACKET At :1146638999502 281
Synch: Sending query: time=?;147
Received reply: time=;1146638999943;147
Synch Success: SAftr=1146639000071, SBfr=1146638999912, D=79, M=1146638999943
Scheduled a DoS to fire after 475ms
DOS THREAD: SEND DoS PACKET At :1146639000005 282
Synch: Sending query: time=?;148
Received reply: time=;1146639000472;148
Synch Success: SAftr=1146639000563, SBfr=1146639000441, D=61, M=1146639000472
Scheduled a DoS to fire after 465ms
DOS THREAD: SEND DoS PACKET At :1146639000502 282
Synch: Sending query: time=?;149
Received reply: time=;1146639000958;149
Synch Success: SAftr=1146639001050, SBfr=1146639000927, D=61, M=1146639000958
Scheduled a DoS to fire after 479ms
DOS THREAD: SEND DoS PACKET At :1146639001011 282
Synch: Sending query: time=?;150
Received reply: time=;1146639001446;150
Synch Success: SAftr=1146639001537, SBfr=1146639001415, D=61, M=1146639001446
Scheduled a DoS to fire after 485ms
DOS THREAD: SEND DoS PACKET At :1146639001502 282
Synch: Sending query: time=?;151
Received reply: time=;1146639001938;151
Synch Success: SAftr=1146639002028, SBfr=1146639001907, D=60, M=1146639001938
Scheduled a DoS to fire after 486ms
DOS THREAD: SEND DoS PACKET At :1146639002001 282
Synch: Sending query: time=?;152
Received reply: time=;1146639002443;152
Synch Success: SAftr=1146639002534, SBfr=1146639002412, D=61, M=1146639002443
Scheduled a DoS to fire after 495ms
DOS THREAD: SEND DoS PACKET At :1146639002501 282
Synch: Sending query: time=?;153
Received reply: time=;1146639002928;153
Synch Success: SAftr=1146639003025, SBfr=1146639002897, D=64, M=1146639002928
Scheduled a DoS to fire after 499ms
DOS THREAD: SEND DoS PACKET At :1146639003001 282
Synch: Sending query: time=?;154
Received reply: time=;1146639003428;154
Synch Success: SAftr=1146639003518, SBfr=1146639003397, D=60, M=1146639003428
Scheduled a DoS to fire after 10ms
DOS THREAD: SEND DoS PACKET At :1146639005204 283
Synch: Sending query: time=?;155
Received reply: time=;1146639005625;155
Synch Success: SAftr=1146639005721, SBfr=1146639005594, D=63, M=1146639005625
Scheduled a DoS to fire after 283ms
DOS THREAD: SEND DoS PACKET At :1146639005704 284
Synch: Sending query: time=?;156
DOS THREAD: SEND DoS PACKET At :1146639006002 285
Received reply: time=;1146639006143;156
Synch Success: SAftr=1146639006233, SBfr=1146639006112, D=60, M=1146639006143
Scheduled a DoS to fire after 295ms
Synch: Sending query: time=?;157
DOS THREAD: SEND DoS PACKET At :1146639006502 286
Received reply: time=;1146639006628;157
Synch Success: SAftr=1146639006736, SBfr=1146639006598, D=69, M=1146639006628
Scheduled a DoS to fire after 301ms
Synch: Sending query: time=?;158
DOS THREAD: SEND DoS PACKET At :1146639007002 287
Received reply: time=;1146639007135;158
Synch Success: SAftr=1146639007225, SBfr=1146639007104, D=60, M=1146639007135
Scheduled a DoS to fire after 304ms
Synch: Sending query: time=?;159
DOS THREAD: SEND DoS PACKET At :1146639007502 288
Received reply: time=;1146639007629;159
Synch Success: SAftr=1146639007721, SBfr=1146639007599, D=61, M=1146639007629
Scheduled a DoS to fire after 307ms
Synch: Sending query: time=?;160
DOS THREAD: SEND DoS PACKET At :1146639008002 289
Received reply: time=;1146639008117;160
Synch Success: SAftr=1146639008210, SBfr=1146639008086, D=62, M=1146639008117
Scheduled a DoS to fire after 320ms
Synch: Sending query: time=?;161
DOS THREAD: SEND DoS PACKET At :1146639008502 290
Received reply: time=;1146639008604;161
Synch Success: SAftr=1146639008695, SBfr=1146639008573, D=61, M=1146639008604
Scheduled a DoS to fire after 334ms
Synch: Sending query: time=?;162
DOS THREAD: SEND DoS PACKET At :1146639009001 291
Received reply: time=;1146639009095;162
Synch Success: SAftr=1146639009186, SBfr=1146639009065, D=60, M=1146639009095
Scheduled a DoS to fire after 344ms
Synch: Sending query: time=?;163
DOS THREAD: SEND DoS PACKET At :1146639009501 292
Received reply: time=;1146639009581;163
Synch Success: SAftr=1146639009671, SBfr=1146639009550, D=60, M=1146639009581
Scheduled a DoS to fire after 358ms
Synch: Sending query: time=?;164
DOS THREAD: SEND DoS PACKET At :1146639010008 293
Received reply: time=;1146639010071;164
Synch Success: SAftr=1146639010161, SBfr=1146639010039, D=61, M=1146639010071
Scheduled a DoS to fire after 361ms
Synch: Sending query: time=?;165
DOS THREAD: SEND DoS PACKET At :1146639010502 294
Received reply: time=;1146639010563;165
Synch Success: SAftr=1146639010656, SBfr=1146639010532, D=62, M=1146639010563
Scheduled a DoS to fire after 367ms
Synch: Sending query: time=?;166
DOS THREAD: SEND DoS PACKET At :1146639011001 295
Received reply: time=;1146639011057;166
Synch Success: SAftr=1146639011150, SBfr=1146639011026, D=62, M=1146639011057
Scheduled a DoS to fire after 377ms
Synch: Sending query: time=?;167
DOS THREAD: SEND DoS PACKET At :1146639011502 296
Received reply: time=;1146639011549;167
Synch Success: SAftr=1146639011639, SBfr=1146639011518, D=60, M=1146639011549
Scheduled a DoS to fire after 390ms
Synch: Sending query: time=?;168
Received reply: time=;1146639012034;168
Synch Success: SAftr=1146639012124, SBfr=1146639012003, D=60, M=1146639012034
Scheduled a DoS to fire after 404ms
DOS THREAD: SEND DoS PACKET At :1146639012002 297
Synch: Sending query: time=?;169
Received reply: time=;1146639012521;169
Synch Success: SAftr=1146639012611, SBfr=1146639012490, D=60, M=1146639012521
Scheduled a DoS to fire after 417ms
DOS THREAD: SEND DoS PACKET At :1146639012505 298
Synch: Sending query: time=?;170
Received reply: time=;1146639013018;170
Synch Success: SAftr=1146639013113, SBfr=1146639012987, D=63, M=1146639013018
DOS THREAD: SEND DoS PACKET At :1146639013005 299
Scheduled a DoS to fire after 397ms
Synch: Sending query: time=?;171
Received reply: time=;1146639013528;171
Synch Success: SAftr=1146639013619, SBfr=1146639013497, D=61, M=1146639013528
Scheduled a DoS to fire after 410ms
DOS THREAD: SEND DoS PACKET At :1146639013506 300
Synch: Sending query: time=?;172
Received reply: time=;1146639014023;172
Synch Success: SAftr=1146639014114, SBfr=1146639013992, D=61, M=1146639014023
Scheduled a DoS to fire after 412ms
DOS THREAD: SEND DoS PACKET At :1146639014003 301
Synch: Sending query: time=?;173
Received reply: time=;1146639014510;173
Synch Success: SAftr=1146639014601, SBfr=1146639014480, D=60, M=1146639014510
Scheduled a DoS to fire after 429ms
DOS THREAD: SEND DoS PACKET At :1146639014502 302
Synch: Sending query: time=?;174
Received reply: time=;1146639014995;174
Synch Success: SAftr=1146639015088, SBfr=1146639014965, D=61, M=1146639014995
Scheduled a DoS to fire after 440ms
DOS THREAD: SEND DoS PACKET At :1146639015003 303
Synch: Sending query: time=?;175
Received reply: time=;1146639015486;175
Synch Success: SAftr=1146639015576, SBfr=1146639015454, D=61, M=1146639015486
Scheduled a DoS to fire after 451ms
DOS THREAD: SEND DoS PACKET At :1146639015502 304
Synch: Sending query: time=?;176
Received reply: time=;1146639015971;176
Synch Success: SAftr=1146639016062, SBfr=1146639015940, D=61, M=1146639015971
Scheduled a DoS to fire after 467ms
DOS THREAD: SEND DoS PACKET At :1146639016006 305
Synch: Sending query: time=?;177
Received reply: time=;1146639016458;177
Synch Success: SAftr=1146639016549, SBfr=1146639016426, D=61, M=1146639016458
Scheduled a DoS to fire after 480ms
DOS THREAD: SEND DoS PACKET At :1146639016501 306
Synch: Sending query: time=?;178
Received reply: time=;1146639016945;178
Synch Success: SAftr=1146639017037, SBfr=1146639016914, D=61, M=1146639016945
Scheduled a DoS to fire after 492ms
DOS THREAD: SEND DoS PACKET At :1146639017006 307
Synch: Sending query: time=?;179
Received reply: time=;1146639017457;179
Synch Success: SAftr=1146639017548, SBfr=1146639017426, D=61, M=1146639017457
Scheduled a DoS to fire after 481ms
DOS THREAD: SEND DoS PACKET At :1146639017501 308
Synch: Sending query: time=?;180
Received reply: time=;1146639017948;180
Synch Success: SAftr=1146639018039, SBfr=1146639017918, D=60, M=1146639017948
Scheduled a DoS to fire after 489ms
DOS THREAD: SEND DoS PACKET At :1146639018002 309
Synch: Sending query: time=?;181
Received reply: time=;1146639018436;181
Synch Success: SAftr=1146639018526, SBfr=1146639018405, D=60, M=1146639018436
Scheduled a DoS to fire after 2ms
DOS THREAD: SEND DoS PACKET At :1146639018501 310
Synch: Sending query: time=?;182
Received reply: time=;1146639018922;182
Synch Success: SAftr=1146639019012, SBfr=1146639018891, D=60, M=1146639018922
Scheduled a DoS to fire after 16ms
DOS THREAD: SEND DoS PACKET At :1146639019003 311
Synch: Sending query: time=?;183
Received reply: time=;1146639019410;183
Synch Success: SAftr=1146639019509, SBfr=1146639019379, D=65, M=1146639019410
Scheduled a DoS to fire after 433ms
DOS THREAD: SEND DoS PACKET At :1146639019509 312
Synch: Sending query: time=?;184
Received reply: time=;1146639019995;184
Synch Success: SAftr=1146639020085, SBfr=1146639019964, D=60, M=1146639019995
Scheduled a DoS to fire after 442ms
DOS THREAD: SEND DoS PACKET At :1146639020012 313
Synch: Sending query: time=?;185
Received reply: time=;1146639020494;185
Synch Success: SAftr=1146639020585, SBfr=1146639020464, D=60, M=1146639020494
Scheduled a DoS to fire after 445ms
DOS THREAD: SEND DoS PACKET At :1146639020502 314
Synch: Sending query: time=?;186
Received reply: time=;1146639020979;186
Synch Success: SAftr=1146639021070, SBfr=1146639020949, D=60, M=1146639020979
Scheduled a DoS to fire after 460ms
DOS THREAD: SEND DoS PACKET At :1146639021002 315
Synch: Sending query: time=?;187
Received reply: time=;1146639021464;187
Synch Success: SAftr=1146639021555, SBfr=1146639021434, D=60, M=1146639021464
Scheduled a DoS to fire after 472ms
DOS THREAD: SEND DoS PACKET At :1146639021502 316
Synch: Sending query: time=?;188
Received reply: time=;1146639021954;188
Synch Success: SAftr=1146639022057, SBfr=1146639021922, D=67, M=1146639021954
Scheduled a DoS to fire after 464ms
DOS THREAD: SEND DoS PACKET At :1146639022009 316
Synch: Sending query: time=?;189
Received reply: time=;1146639022465;189
Synch Success: SAftr=1146639022556, SBfr=1146639022434, D=61, M=1146639022465
Scheduled a DoS to fire after 470ms
DOS THREAD: SEND DoS PACKET At :1146639022501 317
Synch: Sending query: time=?;190
Received reply: time=;1146639022963;190
Synch Success: SAftr=1146639023054, SBfr=1146639022933, D=60, M=1146639022963
Scheduled a DoS to fire after 476ms
DOS THREAD: SEND DoS PACKET At :1146639023002 318
Synch: Sending query: time=?;191
Received reply: time=;1146639023453;191
Synch Success: SAftr=1146639023544, SBfr=1146639023422, D=61, M=1146639023453
Scheduled a DoS to fire after 483ms
DOS THREAD: SEND DoS PACKET At :1146639023501 318
Synch: Sending query: time=?;192
Received reply: time=;1146639023940;192
Synch Success: SAftr=1146639024031, SBfr=1146639023910, D=60, M=1146639023940
Scheduled a DoS to fire after 497ms
DOS THREAD: SEND DoS PACKET At :1146639024001 319
Synch: Sending query: time=?;193
Received reply: time=;1146639024427;193
Synch Success: SAftr=1146639024517, SBfr=1146639024396, D=60, M=1146639024427
Scheduled a DoS to fire after 6ms
DOS THREAD: SEND DoS PACKET At :1146639024500 320
Synch: Sending query: time=?;194
Received reply: time=;1146639024918;194
Synch Success: SAftr=1146639025012, SBfr=1146639024887, D=62, M=1146639024918
Scheduled a DoS to fire after 17ms
DOS THREAD: SEND DoS PACKET At :1146639025001 321
Synch: Sending query: time=?;195
Received reply: time=;1146639025408;195
Synch Success: SAftr=1146639025498, SBfr=1146639025377, D=60, M=1146639025408
Scheduled a DoS to fire after 30ms
DOS THREAD: SEND DoS PACKET At :1146639025501 322
Synch: Sending query: time=?;196
Received reply: time=;1146639025894;196
Synch Success: SAftr=1146639025984, SBfr=1146639025863, D=60, M=1146639025894
Scheduled a DoS to fire after 44ms
DOS THREAD: SEND DoS PACKET At :1146639026003 323
Synch: Sending query: time=?;197
Received reply: time=;1146639026379;197
Synch Success: SAftr=1146639026469, SBfr=1146639026348, D=60, M=1146639026379
Scheduled a DoS to fire after 53ms
DOS THREAD: SEND DoS PACKET At :1146639026502 324
Synch: Sending query: time=?;198
Received reply: time=;1146639026871;198
Synch Success: SAftr=1146639026961, SBfr=1146639026840, D=60, M=1146639026871
Scheduled a DoS to fire after 67ms
DOS THREAD: SEND DoS PACKET At :1146639027015 325
Synch: Sending query: time=?;199
Received reply: time=;1146639027357;199
Synch Success: SAftr=1146639027448, SBfr=1146639027326, D=61, M=1146639027357
Scheduled a DoS to fire after 80ms
DOS THREAD: SEND DoS PACKET At :1146639027503 326
Synch: Sending query: time=?;200
Received reply: time=;1146639027848;200
Synch Success: SAftr=1146639027939, SBfr=1146639027817, D=61, M=1146639027848
Scheduled a DoS to fire after 90ms
DOS THREAD: SEND DoS PACKET At :1146639028004 327
Synch: Sending query: time=?;201
Received reply: time=;1146639028339;201
Synch Success: SAftr=1146639028454, SBfr=1146639028308, D=73, M=1146639028339
Scheduled a DoS to fire after 67ms
DOS THREAD: SEND DoS PACKET At :1146639028502 327
Synch: Sending query: time=?;202
Received reply: time=;1146639028868;202
Synch Success: SAftr=1146639028959, SBfr=1146639028837, D=61, M=1146639028868
Scheduled a DoS to fire after 69ms
DOS THREAD: SEND DoS PACKET At :1146639029002 328
Synch: Sending query: time=?;203
Received reply: time=;1146639029354;203
Synch Success: SAftr=1146639029444, SBfr=1146639029323, D=60, M=1146639029354
Scheduled a DoS to fire after 84ms
DOS THREAD: SEND DoS PACKET At :1146639029502 329
Synch: Sending query: time=?;204
Received reply: time=;1146639029839;204
Synch Success: SAftr=1146639029931, SBfr=1146639029808, D=61, M=1146639029839
Scheduled a DoS to fire after 97ms
DOS THREAD: SEND DoS PACKET At :1146639030001 330
Synch: Sending query: time=?;205
Received reply: time=;1146639030327;205
Synch Success: SAftr=1146639030417, SBfr=1146639030296, D=60, M=1146639030327
Scheduled a DoS to fire after 111ms
DOS THREAD: SEND DoS PACKET At :1146639030501 331
Synch: Sending query: time=?;206
Received reply: time=;1146639030812;206
Synch Success: SAftr=1146639030902, SBfr=1146639030781, D=60, M=1146639030812
Scheduled a DoS to fire after 115ms
DOS THREAD: SEND DoS PACKET At :1146639031001 332
Synch: Sending query: time=?;207
Received reply: time=;1146639031308;207
Synch Success: SAftr=1146639031400, SBfr=1146639031277, D=61, M=1146639031308
Scheduled a DoS to fire after 128ms
DOS THREAD: SEND DoS PACKET At :1146639031501 333
Synch: Sending query: time=?;208
Received reply: time=;1146639031797;208
Synch Success: SAftr=1146639031887, SBfr=1146639031766, D=60, M=1146639031797
Scheduled a DoS to fire after 116ms
DOS THREAD: SEND DoS PACKET At :1146639032003 334
Synch: Sending query: time=?;209
Received reply: time=;1146639032307;209
Synch Success: SAftr=1146639032398, SBfr=1146639032276, D=61, M=1146639032307
Scheduled a DoS to fire after 128ms
DOS THREAD: SEND DoS PACKET At :1146639032501 334
Synch: Sending query: time=?;210
Received reply: time=;1146639032795;210
Synch Success: SAftr=1146639032885, SBfr=1146639032764, D=60, M=1146639032795
Scheduled a DoS to fire after 139ms
DOS THREAD: SEND DoS PACKET At :1146639033001 335
Synch: Sending query: time=?;211
Received reply: time=;1146639033286;211
Synch Success: SAftr=1146639033377, SBfr=1146639033256, D=60, M=1146639033286
Scheduled a DoS to fire after 151ms
DOS THREAD: SEND DoS PACKET At :1146639033502 336
Synch: Sending query: time=?;212
Received reply: time=;1146639033779;212
Synch Success: SAftr=1146639033869, SBfr=1146639033748, D=60, M=1146639033779
Scheduled a DoS to fire after 159ms
DOS THREAD: SEND DoS PACKET At :1146639034001 337
Synch: Sending query: time=?;213
Received reply: time=;1146639034265;213
Synch Success: SAftr=1146639034356, SBfr=1146639034234, D=61, M=1146639034265
Scheduled a DoS to fire after 172ms
DOS THREAD: SEND DoS PACKET At :1146639034502 338
Synch: Sending query: time=?;214
Received reply: time=;1146639034751;214
Synch Success: SAftr=1146639034842, SBfr=1146639034721, D=60, M=1146639034751
Scheduled a DoS to fire after 187ms
DOS THREAD: SEND DoS PACKET At :1146639035007 339
Synch: Sending query: time=?;215
Received reply: time=;1146639035238;215
Synch Success: SAftr=1146639035329, SBfr=1146639035207, D=61, M=1146639035238
Scheduled a DoS to fire after 199ms
DOS THREAD: SEND DoS PACKET At :1146639035503 340
Synch: Sending query: time=?;216
Received reply: time=;1146639035733;216
Synch Success: SAftr=1146639035824, SBfr=1146639035702, D=61, M=1146639035733
Scheduled a DoS to fire after 203ms
DOS THREAD: SEND DoS PACKET At :1146639036002 341
Synch: Sending query: time=?;217
Received reply: time=;1146639036226;217
Synch Success: SAftr=1146639036317, SBfr=1146639036195, D=61, M=1146639036226
Scheduled a DoS to fire after 212ms
DOS THREAD: SEND DoS PACKET At :1146639036502 342
Synch: Sending query: time=?;218
Received reply: time=;1146639036713;218
Synch Success: SAftr=1146639036804, SBfr=1146639036682, D=61, M=1146639036713
Scheduled a DoS to fire after 218ms
DOS THREAD: SEND DoS PACKET At :1146639037001 343
Synch: Sending query: time=?;219
Received reply: time=;1146639037205;219
Synch Success: SAftr=1146639037298, SBfr=1146639037174, D=62, M=1146639037205
Scheduled a DoS to fire after 229ms
DOS THREAD: SEND DoS PACKET At :1146639037501 344
Synch: Sending query: time=?;220
Received reply: time=;1146639037695;220
Synch Success: SAftr=1146639037785, SBfr=1146639037664, D=60, M=1146639037695
Scheduled a DoS to fire after 244ms
DOS THREAD: SEND DoS PACKET At :1146639038001 345
Synch: Sending query: time=?;221
Received reply: time=;1146639038180;221
Synch Success: SAftr=1146639038270, SBfr=1146639038149, D=60, M=1146639038180
Scheduled a DoS to fire after 259ms
Synch: Sending query: time=?;222
DOS THREAD: SEND DoS PACKET At :1146639038510 346
Received reply: time=;1146639038665;222
Synch Success: SAftr=1146639038755, SBfr=1146639038634, D=60, M=1146639038665
Scheduled a DoS to fire after 273ms
DOS THREAD: SEND DoS PACKET At :1146639039001 347
Synch: Sending query: time=?;223
Received reply: time=;1146639039160;223
Synch Success: SAftr=1146639039258, SBfr=1146639039129, D=64, M=1146639039160
Scheduled a DoS to fire after 274ms
Synch: Sending query: time=?;224
DOS THREAD: SEND DoS PACKET At :1146639039501 348
Received reply: time=;1146639039655;224
Synch Success: SAftr=1146639039745, SBfr=1146639039624, D=60, M=1146639039655
Scheduled a DoS to fire after 279ms
Synch: Sending query: time=?;225
DOS THREAD: SEND DoS PACKET At :1146639040002 349
Received reply: time=;1146639040147;225
Synch Success: SAftr=1146639040256, SBfr=1146639040116, D=70, M=1146639040147
Scheduled a DoS to fire after 266ms
DOS THREAD: SEND DoS PACKET At :1146639040501 350
Synch: Sending query: time=?;226
Received reply: time=;1146639040666;226
Synch Success: SAftr=1146639040776, SBfr=1146639040635, D=70, M=1146639040666
Scheduled a DoS to fire after 252ms
DOS THREAD: SEND DoS PACKET At :1146639041002 350
Synch: Sending query: time=?;227
Received reply: time=;1146639041181;227
Synch Success: SAftr=1146639041295, SBfr=1146639041151, D=72, M=1146639041181
Scheduled a DoS to fire after 214ms
DOS THREAD: SEND DoS PACKET At :1146639041501 350
Synch: Sending query: time=?;228
Received reply: time=;1146639041725;228
Synch Success: SAftr=1146639041816, SBfr=1146639041694, D=61, M=1146639041725
Scheduled a DoS to fire after 213ms
DOS THREAD: SEND DoS PACKET At :1146639042005 350
Synch: Sending query: time=?;229
Received reply: time=;1146639042215;229
Synch Success: SAftr=1146639042306, SBfr=1146639042184, D=61, M=1146639042215
Scheduled a DoS to fire after 200ms
DOS THREAD: SEND DoS PACKET At :1146639042502 351
Synch: Sending query: time=?;230
Received reply: time=;1146639042723;230
Synch Success: SAftr=1146639042813, SBfr=1146639042692, D=60, M=1146639042723
Scheduled a DoS to fire after 215ms
DOS THREAD: SEND DoS PACKET At :1146639043002 352
Synch: Sending query: time=?;231
Received reply: time=;1146639043210;231
Synch Success: SAftr=1146639043305, SBfr=1146639043179, D=63, M=1146639043210
Scheduled a DoS to fire after 225ms
DOS THREAD: SEND DoS PACKET At :1146639043502 353
Synch: Sending query: time=?;232
Received reply: time=;1146639043700;232
Synch Success: SAftr=1146639043791, SBfr=1146639043670, D=60, M=1146639043700
Scheduled a DoS to fire after 237ms
DOS THREAD: SEND DoS PACKET At :1146639044002 353
Synch: Sending query: time=?;233
Received reply: time=;1146639044188;233
Synch Success: SAftr=1146639044279, SBfr=1146639044157, D=61, M=1146639044188
Scheduled a DoS to fire after 249ms
DOS THREAD: SEND DoS PACKET At :1146639044501 354
Synch: Sending query: time=?;234
Received reply: time=;1146639044676;234
Synch Success: SAftr=1146639044767, SBfr=1146639044644, D=61, M=1146639044676
Scheduled a DoS to fire after 261ms
Synch: Sending query: time=?;235
DOS THREAD: SEND DoS PACKET At :1146639045003 355
Received reply: time=;1146639045162;235
Synch Success: SAftr=1146639045253, SBfr=1146639045132, D=60, M=1146639045162
Scheduled a DoS to fire after 276ms
Synch: Sending query: time=?;236
DOS THREAD: SEND DoS PACKET At :1146639045501 356
Received reply: time=;1146639045648;236
Synch Success: SAftr=1146639045739, SBfr=1146639045617, D=61, M=1146639045648
Scheduled a DoS to fire after 290ms
Synch: Sending query: time=?;237
DOS THREAD: SEND DoS PACKET At :1146639046001 357
Received reply: time=;1146639046140;237
Synch Success: SAftr=1146639046239, SBfr=1146639046110, D=64, M=1146639046140
Scheduled a DoS to fire after 291ms
Synch: Sending query: time=?;238
DOS THREAD: SEND DoS PACKET At :1146639046502 358
Received reply: time=;1146639046638;238
Synch Success: SAftr=1146639046729, SBfr=1146639046607, D=61, M=1146639046638
Scheduled a DoS to fire after 299ms
Synch: Sending query: time=?;239
DOS THREAD: SEND DoS PACKET At :1146639047002 359
Received reply: time=;1146639047125;239
Synch Success: SAftr=1146639047217, SBfr=1146639047094, D=61, M=1146639047125
Scheduled a DoS to fire after 305ms
Synch: Sending query: time=?;240
DOS THREAD: SEND DoS PACKET At :1146639047502 360
Received reply: time=;1146639047619;240
Synch Success: SAftr=1146639047710, SBfr=1146639047588, D=61, M=1146639047619
Scheduled a DoS to fire after 318ms
Synch: Sending query: time=?;241
DOS THREAD: SEND DoS PACKET At :1146639048002 361
Received reply: time=;1146639048111;241
Synch Success: SAftr=1146639048212, SBfr=1146639048080, D=66, M=1146639048111
Scheduled a DoS to fire after 304ms
Synch: Sending query: time=?;242
DOS THREAD: SEND DoS PACKET At :1146639048508 361
Received reply: time=;1146639048648;242
Synch Success: SAftr=1146639048739, SBfr=1146639048608, D=65, M=1146639048648
Scheduled a DoS to fire after 285ms
Synch: Sending query: time=?;243
DOS THREAD: SEND DoS PACKET At :1146639049003 362
Received reply: time=;1146639049133;243
Synch Success: SAftr=1146639049225, SBfr=1146639049103, D=61, M=1146639049133
Scheduled a DoS to fire after 303ms
Synch: Sending query: time=?;244
DOS THREAD: SEND DoS PACKET At :1146639049505 362
Received reply: time=;1146639049627;244
Synch Success: SAftr=1146639049717, SBfr=1146639049596, D=60, M=1146639049627
Scheduled a DoS to fire after 288ms
Synch: Sending query: time=?;245
DOS THREAD: SEND DoS PACKET At :1146639050002 363
Received reply: time=;1146639050139;245
Synch Success: SAftr=1146639050230, SBfr=1146639050109, D=60, M=1146639050139
Scheduled a DoS to fire after 299ms
Synch: Sending query: time=?;246
DOS THREAD: SEND DoS PACKET At :1146639050502 363
Received reply: time=;1146639050625;246
Synch Success: SAftr=1146639050716, SBfr=1146639050594, D=61, M=1146639050625
Scheduled a DoS to fire after 307ms
Synch: Sending query: time=?;247
DOS THREAD: SEND DoS PACKET At :1146639051002 364
Received reply: time=;1146639051130;247
Synch Success: SAftr=1146639051220, SBfr=1146639051099, D=60, M=1146639051130
Scheduled a DoS to fire after 307ms
Synch: Sending query: time=?;248
DOS THREAD: SEND DoS PACKET At :1146639051505 365
Received reply: time=;1146639051616;248
Synch Success: SAftr=1146639051706, SBfr=1146639051585, D=60, M=1146639051616
Scheduled a DoS to fire after 317ms
Synch: Sending query: time=?;249
DOS THREAD: SEND DoS PACKET At :1146639052001 366
Received reply: time=;1146639052106;249
Synch Success: SAftr=1146639052196, SBfr=1146639052075, D=60, M=1146639052106
Scheduled a DoS to fire after 330ms
Synch: Sending query: time=?;250
DOS THREAD: SEND DoS PACKET At :1146639052502 366
Received reply: time=;1146639052593;250
Synch Success: SAftr=1146639052683, SBfr=1146639052562, D=60, M=1146639052593
Scheduled a DoS to fire after 345ms
Synch: Sending query: time=?;251
DOS THREAD: SEND DoS PACKET At :1146639053007 366
Received reply: time=;1146639053078;251
Synch Success: SAftr=1146639053168, SBfr=1146639053047, D=60, M=1146639053078
Scheduled a DoS to fire after 349ms
Synch: Sending query: time=?;252
DOS THREAD: SEND DoS PACKET At :1146639053502 367
Received reply: time=;1146639053575;252
Synch Success: SAftr=1146639053665, SBfr=1146639053544, D=60, M=1146639053575
Scheduled a DoS to fire after 363ms
Synch: Sending query: time=?;253
DOS THREAD: SEND DoS PACKET At :1146639054001 368
Received reply: time=;1146639054060;253
Synch Success: SAftr=1146639054150, SBfr=1146639054029, D=60, M=1146639054060
Scheduled a DoS to fire after 379ms
Synch: Sending query: time=?;254
DOS THREAD: SEND DoS PACKET At :1146639054503 369
Received reply: time=;1146639054545;254
Synch Success: SAftr=1146639054635, SBfr=1146639054514, D=60, M=1146639054545
Scheduled a DoS to fire after 391ms
Synch: Sending query: time=?;255
Received reply: time=;1146639055031;255
DOS THREAD: SEND DoS PACKET At :1146639055005 370
Synch Success: SAftr=1146639055122, SBfr=1146639055001, D=60, M=1146639055031
Scheduled a DoS to fire after 407ms
Synch: Sending query: time=?;256
Received reply: time=;1146639055518;256
Synch Success: SAftr=1146639055609, SBfr=1146639055487, D=61, M=1146639055518
Scheduled a DoS to fire after 420ms
DOS THREAD: SEND DoS PACKET At :1146639055502 371
Synch: Sending query: time=?;257
Received reply: time=;1146639056004;257
Synch Success: SAftr=1146639056095, SBfr=1146639055973, D=61, M=1146639056004
Scheduled a DoS to fire after 434ms
DOS THREAD: SEND DoS PACKET At :1146639056002 371
Synch: Sending query: time=?;258
Received reply: time=;1146639056500;258
Synch Success: SAftr=1146639056591, SBfr=1146639056469, D=61, M=1146639056500
Scheduled a DoS to fire after 438ms
DOS THREAD: SEND DoS PACKET At :1146639056502 372
Synch: Sending query: time=?;259
Received reply: time=;1146639056985;259
Synch Success: SAftr=1146639057075, SBfr=1146639056954, D=60, M=1146639056985
Scheduled a DoS to fire after 453ms
DOS THREAD: SEND DoS PACKET At :1146639057002 373
Synch: Sending query: time=?;260
Received reply: time=;1146639057470;260
Synch Success: SAftr=1146639057569, SBfr=1146639057439, D=65, M=1146639057470
Scheduled a DoS to fire after 457ms
DOS THREAD: SEND DoS PACKET At :1146639057502 374
Synch: Sending query: time=?;261
Received reply: time=;1146639057971;261
Synch Success: SAftr=1146639058062, SBfr=1146639057940, D=61, M=1146639057971
Scheduled a DoS to fire after 467ms
DOS THREAD: SEND DoS PACKET At :1146639058003 375
Synch: Sending query: time=?;262
Received reply: time=;1146639058456;262
Synch Success: SAftr=1146639058547, SBfr=1146639058425, D=61, M=1146639058456
Scheduled a DoS to fire after 482ms
DOS THREAD: SEND DoS PACKET At :1146639058502 375
Synch: Sending query: time=?;263
Received reply: time=;1146639058941;263
Synch Success: SAftr=1146639059032, SBfr=1146639058910, D=61, M=1146639058941
Scheduled a DoS to fire after 497ms
Synch: Sending query: time=?;264
Received reply: time=;1146639059427;264
Synch Success: SAftr=1146639059518, SBfr=1146639059396, D=61, M=1146639059427
Scheduled a DoS to fire after 10ms
DOS THREAD: SEND DoS PACKET At :1146639059516 375
Synch: Sending query: time=?;265
Received reply: time=;1146639059913;265
Synch Success: SAftr=1146639060003, SBfr=1146639059882, D=60, M=1146639059913
Scheduled a DoS to fire after 25ms
DOS THREAD: SEND DoS PACKET At :1146639060001 376
Synch: Sending query: time=?;266
Received reply: time=;1146639060398;266
Synch Success: SAftr=1146639060488, SBfr=1146639060367, D=60, M=1146639060398
Scheduled a DoS to fire after 40ms
DOS THREAD: SEND DoS PACKET At :1146639060501 377
Synch: Sending query: time=?;267
Received reply: time=;1146639060882;267
Synch Success: SAftr=1146639060973, SBfr=1146639060852, D=60, M=1146639060882
Scheduled a DoS to fire after 57ms
DOS THREAD: SEND DoS PACKET At :1146639061002 378
Synch: Sending query: time=?;268
Received reply: time=;1146639061371;268
Synch Success: SAftr=1146639061462, SBfr=1146639061339, D=61, M=1146639061371
Scheduled a DoS to fire after 66ms
DOS THREAD: SEND DoS PACKET At :1146639061501 378
Synch: Sending query: time=?;269
Received reply: time=;1146639061873;269
Synch Success: SAftr=1146639061972, SBfr=1146639061838, D=67, M=1146639061873
Scheduled a DoS to fire after 47ms
DOS THREAD: SEND DoS PACKET At :1146639062002 378
Synch: Sending query: time=?;270
Received reply: time=;1146639062382;270
Synch Success: SAftr=1146639062472, SBfr=1146639062351, D=60, M=1146639062382
Scheduled a DoS to fire after 56ms
DOS THREAD: SEND DoS PACKET At :1146639062502 379
Synch: Sending query: time=?;271
Received reply: time=;1146639062866;271
Synch Success: SAftr=1146639062957, SBfr=1146639062836, D=60, M=1146639062866
Scheduled a DoS to fire after 73ms
DOS THREAD: SEND DoS PACKET At :1146639063002 380
Synch: Sending query: time=?;272
Received reply: time=;1146639063352;272
Synch Success: SAftr=1146639063442, SBfr=1146639063321, D=60, M=1146639063352
Scheduled a DoS to fire after 86ms
DOS THREAD: SEND DoS PACKET At :1146639063515 380
Synch: Sending query: time=?;273
Received reply: time=;1146639063844;273
Synch Success: SAftr=1146639063934, SBfr=1146639063813, D=60, M=1146639063844
Scheduled a DoS to fire after 90ms
DOS THREAD: SEND DoS PACKET At :1146639064002 381
Synch: Sending query: time=?;274
Received reply: time=;1146639064334;274
Synch Success: SAftr=1146639064426, SBfr=1146639064302, D=62, M=1146639064334
Scheduled a DoS to fire after 102ms
DOS THREAD: SEND DoS PACKET At :1146639064502 381
Synch: Sending query: time=?;275
Received reply: time=;1146639064821;275
Synch Success: SAftr=1146639064912, SBfr=1146639064791, D=60, M=1146639064821
Scheduled a DoS to fire after 115ms
DOS THREAD: SEND DoS PACKET At :1146639065002 381
Synch: Sending query: time=?;276
Received reply: time=;1146639065310;276
Synch Success: SAftr=1146639065401, SBfr=1146639065279, D=61, M=1146639065310
Scheduled a DoS to fire after 122ms
DOS THREAD: SEND DoS PACKET At :1146639065512 382
Synch: Sending query: time=?;277
Received reply: time=;1146639065801;277
Synch Success: SAftr=1146639065892, SBfr=1146639065770, D=61, M=1146639065801
Scheduled a DoS to fire after 136ms
DOS THREAD: SEND DoS PACKET At :1146639066001 382
Synch: Sending query: time=?;278
Received reply: time=;1146639066288;278
Synch Success: SAftr=1146639066395, SBfr=1146639066257, D=69, M=1146639066288
Scheduled a DoS to fire after 126ms
DOS THREAD: SEND DoS PACKET At :1146639066508 382
Synch: Sending query: time=?;279
Received reply: time=;1146639066809;279
Synch Success: SAftr=1146639066900, SBfr=1146639066779, D=60, M=1146639066809
Scheduled a DoS to fire after 130ms
DOS THREAD: SEND DoS PACKET At :1146639067002 383
Synch: Sending query: time=?;280
Received reply: time=;1146639067297;280
Synch Success: SAftr=1146639067394, SBfr=1146639067266, D=64, M=1146639067297
Scheduled a DoS to fire after 134ms
DOS THREAD: SEND DoS PACKET At :1146639067501 383
Synch: Sending query: time=?;281
Received reply: time=;1146639067792;281
Synch Success: SAftr=1146639067886, SBfr=1146639067762, D=62, M=1146639067792
Scheduled a DoS to fire after 144ms
DOS THREAD: SEND DoS PACKET At :1146639068004 384
Synch: Sending query: time=?;282
Received reply: time=;1146639068282;282
Synch Success: SAftr=1146639068373, SBfr=1146639068251, D=61, M=1146639068282
Scheduled a DoS to fire after 144ms
DOS THREAD: SEND DoS PACKET At :1146639068502 384
Synch: Sending query: time=?;283
Received reply: time=;1146639068779;283
Synch Success: SAftr=1146639068872, SBfr=1146639068748, D=62, M=1146639068779
Scheduled a DoS to fire after 157ms
DOS THREAD: SEND DoS PACKET At :1146639069002 384
Synch: Sending query: time=?;284
Received reply: time=;1146639069267;284
Synch Success: SAftr=1146639069358, SBfr=1146639069237, D=60, M=1146639069267
Scheduled a DoS to fire after 171ms
DOS THREAD: SEND DoS PACKET At :1146639069501 384
Synch: Sending query: time=?;285
Received reply: time=;1146639069753;285
Synch Success: SAftr=1146639069844, SBfr=1146639069723, D=60, M=1146639069753
Scheduled a DoS to fire after 186ms
DOS THREAD: SEND DoS PACKET At :1146639070003 385
Synch: Sending query: time=?;286
Received reply: time=;1146639070251;286
Synch Success: SAftr=1146639070341, SBfr=1146639070220, D=60, M=1146639070251
Scheduled a DoS to fire after 187ms
DOS THREAD: SEND DoS PACKET At :1146639070503 386
Synch: Sending query: time=?;287
Received reply: time=;1146639070735;287
Synch Success: SAftr=1146639070826, SBfr=1146639070704, D=61, M=1146639070735
Scheduled a DoS to fire after 201ms
DOS THREAD: SEND DoS PACKET At :1146639071005 387
Synch: Sending query: time=?;288
Received reply: time=;1146639071228;288
Synch Success: SAftr=1146639071319, SBfr=1146639071196, D=61, M=1146639071228
Scheduled a DoS to fire after 209ms
DOS THREAD: SEND DoS PACKET At :1146639071502 388
Synch: Sending query: time=?;289
Received reply: time=;1146639071715;289
Synch Success: SAftr=1146639071805, SBfr=1146639071684, D=60, M=1146639071715
Scheduled a DoS to fire after 223ms
DOS THREAD: SEND DoS PACKET At :1146639072005 389
Synch: Sending query: time=?;290
Received reply: time=;1146639072200;290
Synch Success: SAftr=1146639072307, SBfr=1146639072169, D=69, M=1146639072200
Scheduled a DoS to fire after 227ms
DOS THREAD: SEND DoS PACKET At :1146639072501 390
Synch: Sending query: time=?;291
Received reply: time=;1146639072705;291
Synch Success: SAftr=1146639072800, SBfr=1146639072673, D=63, M=1146639072705
Scheduled a DoS to fire after 226ms
DOS THREAD: SEND DoS PACKET At :1146639073001 391
Synch: Sending query: time=?;292
Received reply: time=;1146639073200;292
Synch Success: SAftr=1146639073290, SBfr=1146639073169, D=60, M=1146639073200
Scheduled a DoS to fire after 238ms
DOS THREAD: SEND DoS PACKET At :1146639073501 392
Synch: Sending query: time=?;293
Received reply: time=;1146639073685;293
Synch Success: SAftr=1146639073776, SBfr=1146639073655, D=60, M=1146639073685
Scheduled a DoS to fire after 253ms
Synch: Sending query: time=?;294
DOS THREAD: SEND DoS PACKET At :1146639074011 393
Received reply: time=;1146639074172;294
Synch Success: SAftr=1146639074263, SBfr=1146639074140, D=61, M=1146639074172
Scheduled a DoS to fire after 261ms
DOS THREAD: SEND DoS PACKET At :1146639074502 394
Synch: Sending query: time=?;295
Received reply: time=;1146639074668;295
Synch Success: SAftr=1146639074758, SBfr=1146639074637, D=60, M=1146639074668
Scheduled a DoS to fire after 250ms
DOS THREAD: SEND DoS PACKET At :1146639075009 395
Synch: Sending query: time=?;296
Received reply: time=;1146639075173;296
Synch Success: SAftr=1146639075265, SBfr=1146639075142, D=61, M=1146639075173
Scheduled a DoS to fire after 264ms
DOS THREAD: SEND DoS PACKET At :1146639075501 396
Synch: Sending query: time=?;297
Received reply: time=;1146639075665;297
Synch Success: SAftr=1146639075756, SBfr=1146639075634, D=61, M=1146639075665
Scheduled a DoS to fire after 262ms
DOS THREAD: SEND DoS PACKET At :1146639076002 397
Synch: Sending query: time=?;298
Received reply: time=;1146639076162;298
Synch Success: SAftr=1146639076252, SBfr=1146639076131, D=60, M=1146639076162
Scheduled a DoS to fire after 276ms
DOS THREAD: SEND DoS PACKET At :1146639076501 398
Synch: Sending query: time=?;299
Received reply: time=;1146639076657;299
Synch Success: SAftr=1146639076747, SBfr=1146639076626, D=60, M=1146639076657
Scheduled a DoS to fire after 281ms
Synch: Sending query: time=?;300
DOS THREAD: SEND DoS PACKET At :1146639077010 399
Received reply: time=;1146639077143;300
Synch Success: SAftr=1146639077236, SBfr=1146639077112, D=62, M=1146639077143
Scheduled a DoS to fire after 287ms
Synch: Sending query: time=?;301
DOS THREAD: SEND DoS PACKET At :1146639077505 400
Received reply: time=;1146639077638;301
Synch Success: SAftr=1146639077728, SBfr=1146639077606, D=61, M=1146639077638
Scheduled a DoS to fire after 300ms
Synch: Sending query: time=?;302
DOS THREAD: SEND DoS PACKET At :1146639078002 401
Received reply: time=;1146639078123;302
Synch Success: SAftr=1146639078213, SBfr=1146639078092, D=60, M=1146639078123
Scheduled a DoS to fire after 316ms
Synch: Sending query: time=?;303
Received reply: time=;1146639078607;303
Synch Success: SAftr=1146639078697, SBfr=1146639078576, D=60, M=1146639078607
Scheduled a DoS to fire after 331ms
Synch: Sending query: time=?;304
DOS THREAD: SEND DoS PACKET At :1146639079002 402
Received reply: time=;1146639079092;304
Synch Success: SAftr=1146639079187, SBfr=1146639079061, D=63, M=1146639079092
Scheduled a DoS to fire after 341ms
Synch: Sending query: time=?;305
DOS THREAD: SEND DoS PACKET At :1146639079501 403
Received reply: time=;1146639079584;305
Synch Success: SAftr=1146639079674, SBfr=1146639079553, D=60, M=1146639079584
Scheduled a DoS to fire after 355ms
Synch: Sending query: time=?;306
DOS THREAD: SEND DoS PACKET At :1146639080001 404
Received reply: time=;1146639080069;306
Synch Success: SAftr=1146639080159, SBfr=1146639080038, D=60, M=1146639080069
Scheduled a DoS to fire after 365ms
Synch: Sending query: time=?;307
DOS THREAD: SEND DoS PACKET At :1146639080501 405
Received reply: time=;1146639080558;307
Synch Success: SAftr=1146639080649, SBfr=1146639080527, D=61, M=1146639080558
Scheduled a DoS to fire after 380ms
Synch: Sending query: time=?;308
DOS THREAD: SEND DoS PACKET At :1146639081001 406
Received reply: time=;1146639081043;308
Synch Success: SAftr=1146639081135, SBfr=1146639081012, D=61, M=1146639081043
Scheduled a DoS to fire after 394ms
Synch: Sending query: time=?;309
DOS THREAD: SEND DoS PACKET At :1146639078502 407
DOS THREAD: SEND DoS PACKET At :1146639081501 408
Received reply: time=;1146639081541;309
Synch Success: SAftr=1146639081631, SBfr=1146639081510, D=60, M=1146639081541
Scheduled a DoS to fire after 398ms
Synch: Sending query: time=?;310
Received reply: time=;1146639082026;310
Synch Success: SAftr=1146639082116, SBfr=1146639081995, D=60, M=1146639082026
Scheduled a DoS to fire after 412ms
DOS THREAD: SEND DoS PACKET At :1146639082001 409
Synch: Sending query: time=?;311
DOS THREAD: SEND DoS PACKET At :1146639082505 410
Received reply: time=;1146639082548;311
Synch Success: SAftr=1146639082638, SBfr=1146639082517, D=60, M=1146639082548
Scheduled a DoS to fire after 390ms
Synch: Sending query: time=?;312
DOS THREAD: SEND DoS PACKET At :1146639083003 411
Received reply: time=;1146639083058;312
Synch Success: SAftr=1146639083151, SBfr=1146639083020, D=65, M=1146639083058
Scheduled a DoS to fire after 376ms
