Master Name = 128.208.1.139
Master Send Port = 20010
Slave Rcv Port = 20100
U = 200 milliseconds
k = 10
W = 500 milliseconds
Synch Frequency = 300 milliseconds
DoS Target Host Name = 24.17.85.236
DoS Target Port = 80
AttackLifetime = 5 minute(s)
Attack Mode = TCP
Synch: Sending query: time=?;1
Received reply: time=;1146638833446;1
Synch Success: SAftr=1146638833495, SBfr=1146638833428, D=33, M=1146638833446
Scheduled a DoS to fire after 2ms
DOS THREAD: SEND DoS PACKET At :1146638833500 1
Synch: Sending query: time=?;2
Received reply: time=;1146638833868;2
Synch Success: SAftr=1146638833925, SBfr=1146638833851, D=37, M=1146638833868
Scheduled a DoS to fire after 93ms
DOS THREAD: SEND DoS PACKET At :1146638834002 2
Synch: Sending query: time=?;3
Received reply: time=;1146638834299;3
Synch Success: SAftr=1146638834355, SBfr=1146638834282, D=36, M=1146638834299
Scheduled a DoS to fire after 164ms
DOS THREAD: SEND DoS PACKET At :1146638834501 3
Synch: Sending query: time=?;4
Received reply: time=;1146638834707;4
Synch Success: SAftr=1146638834753, SBfr=1146638834689, D=32, M=1146638834707
Scheduled a DoS to fire after 260ms
DOS THREAD: SEND DoS PACKET At :1146638835001 4
Synch: Sending query: time=?;5
Received reply: time=;1146638835116;5
Synch Success: SAftr=1146638835174, SBfr=1146638835096, D=39, M=1146638835116
Scheduled a DoS to fire after 344ms
Synch: Sending query: time=?;6
Received reply: time=;1146638835525;6
Synch Success: SAftr=1146638835571, SBfr=1146638835508, D=31, M=1146638835525
Scheduled a DoS to fire after 442ms
DOS THREAD: SEND DoS PACKET At :1146638835501 5
Synch: Sending query: time=?;7
Received reply: time=;1146638835941;7
Synch Success: SAftr=1146638835987, SBfr=1146638835924, D=31, M=1146638835941
Scheduled a DoS to fire after 16ms
DOS THREAD: SEND DoS PACKET At :1146638836003 6
Synch: Sending query: time=?;8
Received reply: time=;1146638836350;8
Synch Success: SAftr=1146638836397, SBfr=1146638836332, D=32, M=1146638836350
Scheduled a DoS to fire after 116ms
DOS THREAD: SEND DoS PACKET At :1146638836502 7
Synch: Sending query: time=?;9
Received reply: time=;1146638836749;9
Synch Success: SAftr=1146638836795, SBfr=1146638836732, D=31, M=1146638836749
Scheduled a DoS to fire after 219ms
DOS THREAD: SEND DoS PACKET At :1146638837002 8
Synch: Sending query: time=?;10
Received reply: time=;1146638837148;10
Synch Success: SAftr=1146638837222, SBfr=1146638837131, D=45, M=1146638837148
Scheduled a DoS to fire after 301ms
Synch: Sending query: time=?;11
DOS THREAD: SEND DoS PACKET At :1146638837502 9
Received reply: time=;1146638837586;11
Synch Success: SAftr=1146638837633, SBfr=1146638837569, D=32, M=1146638837586
Scheduled a DoS to fire after 380ms
Synch: Sending query: time=?;12
Received reply: time=;1146638837992;12
Synch Success: SAftr=1146638838043, SBfr=1146638837974, D=34, M=1146638837992
Scheduled a DoS to fire after 470ms
DOS THREAD: SEND DoS PACKET At :1146638838003 10
Synch: Sending query: time=?;13
Received reply: time=;1146638838402;13
Synch Success: SAftr=1146638838460, SBfr=1146638838385, D=37, M=1146638838402
Scheduled a DoS to fire after 60ms
DOS THREAD: SEND DoS PACKET At :1146638838503 11
Synch: Sending query: time=?;14
Received reply: time=;1146638838813;14
Synch Success: SAftr=1146638838861, SBfr=1146638838797, D=32, M=1146638838813
Scheduled a DoS to fire after 154ms
DOS THREAD: SEND DoS PACKET At :1146638839002 12
Synch: Sending query: time=?;15
Received reply: time=;1146638839213;15
Synch Success: SAftr=1146638839274, SBfr=1146638839196, D=39, M=1146638839213
Scheduled a DoS to fire after 247ms
DOS THREAD: SEND DoS PACKET At :1146638839501 13
Synch: Sending query: time=?;16
Received reply: time=;1146638839628;16
Synch Success: SAftr=1146638839674, SBfr=1146638839610, D=32, M=1146638839628
Scheduled a DoS to fire after 335ms
Synch: Sending query: time=?;17
DOS THREAD: SEND DoS PACKET At :1146638840001 14
Received reply: time=;1146638840091;17
Synch Success: SAftr=1146638840185, SBfr=1146638840034, D=75, M=1146638840091
Scheduled a DoS to fire after 332ms
Synch: Sending query: time=?;18
DOS THREAD: SEND DoS PACKET At :1146638840503 15
Received reply: time=;1146638840537;18
Synch Success: SAftr=1146638840590, SBfr=1146638840521, D=34, M=1146638840537
Scheduled a DoS to fire after 428ms
Synch: Sending query: time=?;19
Received reply: time=;1146638840952;19
Synch Success: SAftr=1146638841011, SBfr=1146638840934, D=38, M=1146638840952
Scheduled a DoS to fire after 6ms
DOS THREAD: SEND DoS PACKET At :1146638841000 16
Synch: Sending query: time=?;20
Received reply: time=;1146638841365;20
Synch Success: SAftr=1146638841412, SBfr=1146638841348, D=32, M=1146638841365
Scheduled a DoS to fire after 98ms
DOS THREAD: SEND DoS PACKET At :1146638841501 17
Synch: Sending query: time=?;21
Received reply: time=;1146638841777;21
Synch Success: SAftr=1146638841830, SBfr=1146638841758, D=36, M=1146638841777
Scheduled a DoS to fire after 186ms
DOS THREAD: SEND DoS PACKET At :1146638842002 18
Synch: Sending query: time=?;22
Received reply: time=;1146638842187;22
Synch Success: SAftr=1146638842240, SBfr=1146638842168, D=36, M=1146638842187
Scheduled a DoS to fire after 276ms
Synch: Sending query: time=?;23
DOS THREAD: SEND DoS PACKET At :1146638842501 19
Received reply: time=;1146638842596;23
Synch Success: SAftr=1146638842680, SBfr=1146638842578, D=51, M=1146638842596
Scheduled a DoS to fire after 350ms
Synch: Sending query: time=?;24
Received reply: time=;1146638843039;24
Synch Success: SAftr=1146638843093, SBfr=1146638843020, D=36, M=1146638843039
Scheduled a DoS to fire after 423ms
DOS THREAD: SEND DoS PACKET At :1146638843002 20
Synch: Sending query: time=?;25
Received reply: time=;1146638843475;25
Synch Success: SAftr=1146638843521, SBfr=1146638843451, D=35, M=1146638843475
Scheduled a DoS to fire after 488ms
DOS THREAD: SEND DoS PACKET At :1146638843502 21
Synch: Sending query: time=?;26
Received reply: time=;1146638843875;26
Synch Success: SAftr=1146638843929, SBfr=1146638843857, D=36, M=1146638843875
Scheduled a DoS to fire after 83ms
DOS THREAD: SEND DoS PACKET At :1146638844002 22
Synch: Sending query: time=?;27
Received reply: time=;1146638844293;27
Synch Success: SAftr=1146638844355, SBfr=1146638844277, D=39, M=1146638844293
Scheduled a DoS to fire after 165ms
DOS THREAD: SEND DoS PACKET At :1146638844502 23
Synch: Sending query: time=?;28
Received reply: time=;1146638844716;28
Synch Success: SAftr=1146638844761, SBfr=1146638844694, D=33, M=1146638844716
Scheduled a DoS to fire after 249ms
DOS THREAD: SEND DoS PACKET At :1146638845002 24
Synch: Sending query: time=?;29
Received reply: time=;1146638845113;29
Synch Success: SAftr=1146638845159, SBfr=1146638845096, D=31, M=1146638845113
Scheduled a DoS to fire after 355ms
Synch: Sending query: time=?;30
Received reply: time=;1146638845519;30
Synch Success: SAftr=1146638845567, SBfr=1146638845503, D=32, M=1146638845519
Scheduled a DoS to fire after 445ms
DOS THREAD: SEND DoS PACKET At :1146638845502 25
Synch: Sending query: time=?;31
Received reply: time=;1146638845923;31
Synch Success: SAftr=1146638845983, SBfr=1146638845905, D=39, M=1146638845923
Scheduled a DoS to fire after 37ms
DOS THREAD: SEND DoS PACKET At :1146638846002 26
Synch: Sending query: time=?;32
Received reply: time=;1146638846333;32
Synch Success: SAftr=1146638846385, SBfr=1146638846317, D=34, M=1146638846333
Scheduled a DoS to fire after 39ms
DOS THREAD: SEND DoS PACKET At :1146638846502 27
Synch: Sending query: time=?;33
Received reply: time=;1146638846829;33
Synch Success: SAftr=1146638846878, SBfr=1146638846812, D=33, M=1146638846829
Scheduled a DoS to fire after 135ms
DOS THREAD: SEND DoS PACKET At :1146638847002 28
Synch: Sending query: time=?;34
Received reply: time=;1146638847230;34
Synch Success: SAftr=1146638847280, SBfr=1146638847213, D=33, M=1146638847230
Scheduled a DoS to fire after 233ms
DOS THREAD: SEND DoS PACKET At :1146638847505 29
Synch: Sending query: time=?;35
Received reply: time=;1146638847635;35
Synch Success: SAftr=1146638847680, SBfr=1146638847618, D=31, M=1146638847635
Scheduled a DoS to fire after 333ms
Synch: Sending query: time=?;36
DOS THREAD: SEND DoS PACKET At :1146638848001 30
Received reply: time=;1146638848031;36
Synch Success: SAftr=1146638848081, SBfr=1146638848013, D=34, M=1146638848031
Scheduled a DoS to fire after 421ms
Synch: Sending query: time=?;37
Received reply: time=;1146638848453;37
Synch Success: SAftr=1146638848499, SBfr=1146638848436, D=31, M=1146638848453
Scheduled a DoS to fire after 15ms
DOS THREAD: SEND DoS PACKET At :1146638848535 31
Synch: Sending query: time=?;38
Received reply: time=;1146638848851;38
Synch Success: SAftr=1146638848896, SBfr=1146638848834, D=31, M=1146638848851
Scheduled a DoS to fire after 117ms
DOS THREAD: SEND DoS PACKET At :1146638849007 32
Synch: Sending query: time=?;39
Received reply: time=;1146638849266;39
Synch Success: SAftr=1146638849313, SBfr=1146638849238, D=37, M=1146638849266
Scheduled a DoS to fire after 193ms
DOS THREAD: SEND DoS PACKET At :1146638849502 33
Synch: Sending query: time=?;40
Received reply: time=;1146638849666;40
Synch Success: SAftr=1146638849720, SBfr=1146638849649, D=35, M=1146638849666
Scheduled a DoS to fire after 297ms
Synch: Sending query: time=?;41
DOS THREAD: SEND DoS PACKET At :1146638850001 34
Received reply: time=;1146638850071;41
Synch Success: SAftr=1146638850117, SBfr=1146638850054, D=31, M=1146638850071
Scheduled a DoS to fire after 396ms
Synch: Sending query: time=?;42
Received reply: time=;1146638850475;42
Synch Success: SAftr=1146638850531, SBfr=1146638850456, D=37, M=1146638850475
Scheduled a DoS to fire after 462ms
DOS THREAD: SEND DoS PACKET At :1146638850505 35
Synch: Sending query: time=?;43
Received reply: time=;1146638850913;43
Synch Success: SAftr=1146638850974, SBfr=1146638850896, D=39, M=1146638850913
Scheduled a DoS to fire after 2ms
DOS THREAD: SEND DoS PACKET At :1146638851003 36
Synch: Sending query: time=?;44
Received reply: time=;1146638851374;44
Synch Success: SAftr=1146638851428, SBfr=1146638851357, D=35, M=1146638851374
Scheduled a DoS to fire after 85ms
DOS THREAD: SEND DoS PACKET At :1146638851502 37
Synch: Sending query: time=?;45
Received reply: time=;1146638851785;45
Synch Success: SAftr=1146638851831, SBfr=1146638851768, D=31, M=1146638851785
Scheduled a DoS to fire after 182ms
DOS THREAD: SEND DoS PACKET At :1146638852002 38
Synch: Sending query: time=?;46
Received reply: time=;1146638852190;46
Synch Success: SAftr=1146638852236, SBfr=1146638852174, D=31, M=1146638852190
Scheduled a DoS to fire after 278ms
DOS THREAD: SEND DoS PACKET At :1146638852502 39
Synch: Sending query: time=?;47
Received reply: time=;1146638852617;47
Synch Success: SAftr=1146638852663, SBfr=1146638852600, D=31, M=1146638852617
Scheduled a DoS to fire after 351ms
Synch: Sending query: time=?;48
Received reply: time=;1146638853014;48
Synch Success: SAftr=1146638853060, SBfr=1146638852997, D=31, M=1146638853014
Scheduled a DoS to fire after 454ms
DOS THREAD: SEND DoS PACKET At :1146638853002 40
Synch: Sending query: time=?;49
Received reply: time=;1146638853412;49
Synch Success: SAftr=1146638853461, SBfr=1146638853395, D=33, M=1146638853412
Scheduled a DoS to fire after 53ms
DOS THREAD: SEND DoS PACKET At :1146638853502 41
Synch: Sending query: time=?;50
Received reply: time=;1146638853814;50
Synch Success: SAftr=1146638853860, SBfr=1146638853797, D=31, M=1146638853814
Scheduled a DoS to fire after 154ms
DOS THREAD: SEND DoS PACKET At :1146638854002 42
Synch: Sending query: time=?;51
Received reply: time=;1146638854212;51
Synch Success: SAftr=1146638854262, SBfr=1146638854195, D=33, M=1146638854212
Scheduled a DoS to fire after 248ms
Synch: Sending query: time=?;52
DOS THREAD: SEND DoS PACKET At :1146638854501 43
Received reply: time=;1146638854625;52
Synch Success: SAftr=1146638854671, SBfr=1146638854608, D=31, M=1146638854625
Scheduled a DoS to fire after 343ms
Synch: Sending query: time=?;53
Received reply: time=;1146638855022;53
Synch Success: SAftr=1146638855068, SBfr=1146638855006, D=31, M=1146638855022
DOS THREAD: SEND DoS PACKET At :1146638855002 44
Scheduled a DoS to fire after 426ms
Synch: Sending query: time=?;54
Received reply: time=;1146638855441;54
Synch Success: SAftr=1146638855490, SBfr=1146638855423, D=33, M=1146638855441
Scheduled a DoS to fire after 25ms
DOS THREAD: SEND DoS PACKET At :1146638855502 45
Synch: Sending query: time=?;55
Received reply: time=;1146638855844;55
Synch Success: SAftr=1146638855899, SBfr=1146638855827, D=36, M=1146638855844
Scheduled a DoS to fire after 118ms
DOS THREAD: SEND DoS PACKET At :1146638856002 46
Synch: Sending query: time=?;56
Received reply: time=;1146638856250;56
Synch Success: SAftr=1146638856297, SBfr=1146638856233, D=32, M=1146638856250
Scheduled a DoS to fire after 217ms
DOS THREAD: SEND DoS PACKET At :1146638856502 47
Synch: Sending query: time=?;57
Received reply: time=;1146638856648;57
Synch Success: SAftr=1146638856694, SBfr=1146638856630, D=32, M=1146638856648
Scheduled a DoS to fire after 318ms
Synch: Sending query: time=?;58
DOS THREAD: SEND DoS PACKET At :1146638857002 48
Received reply: time=;1146638857047;58
Synch Success: SAftr=1146638857101, SBfr=1146638857029, D=36, M=1146638857047
Scheduled a DoS to fire after 415ms
Synch: Sending query: time=?;59
Received reply: time=;1146638857455;59
Synch Success: SAftr=1146638857504, SBfr=1146638857438, D=33, M=1146638857455
Scheduled a DoS to fire after 11ms
DOS THREAD: SEND DoS PACKET At :1146638857501 49
Synch: Sending query: time=?;60
Received reply: time=;1146638857856;60
Synch Success: SAftr=1146638857901, SBfr=1146638857840, D=30, M=1146638857856
Scheduled a DoS to fire after 112ms
DOS THREAD: SEND DoS PACKET At :1146638858007 50
Synch: Sending query: time=?;61
Received reply: time=;1146638858253;61
Synch Success: SAftr=1146638858299, SBfr=1146638858236, D=31, M=1146638858253
Scheduled a DoS to fire after 210ms
DOS THREAD: SEND DoS PACKET At :1146638858502 51
Synch: Sending query: time=?;62
Received reply: time=;1146638858656;62
Synch Success: SAftr=1146638858702, SBfr=1146638858640, D=31, M=1146638858656
Scheduled a DoS to fire after 312ms
Synch: Sending query: time=?;63
DOS THREAD: SEND DoS PACKET At :1146638859001 52
Received reply: time=;1146638859054;63
Synch Success: SAftr=1146638859100, SBfr=1146638859037, D=31, M=1146638859054
Scheduled a DoS to fire after 414ms
Synch: Sending query: time=?;64
Received reply: time=;1146638859451;64
Synch Success: SAftr=1146638859497, SBfr=1146638859434, D=31, M=1146638859451
Scheduled a DoS to fire after 14ms
DOS THREAD: SEND DoS PACKET At :1146638859501 53
Synch: Sending query: time=?;65
Received reply: time=;1146638859851;65
Synch Success: SAftr=1146638859897, SBfr=1146638859834, D=31, M=1146638859851
Scheduled a DoS to fire after 115ms
DOS THREAD: SEND DoS PACKET At :1146638860002 54
Synch: Sending query: time=?;66
Received reply: time=;1146638860251;66
Synch Success: SAftr=1146638860297, SBfr=1146638860234, D=31, M=1146638860251
Scheduled a DoS to fire after 217ms
DOS THREAD: SEND DoS PACKET At :1146638860501 55
Synch: Sending query: time=?;67
Received reply: time=;1146638860650;67
Synch Success: SAftr=1146638860698, SBfr=1146638860633, D=32, M=1146638860650
Scheduled a DoS to fire after 317ms
Synch: Sending query: time=?;68
DOS THREAD: SEND DoS PACKET At :1146638861003 56
Received reply: time=;1146638861051;68
Synch Success: SAftr=1146638861101, SBfr=1146638861033, D=34, M=1146638861051
Scheduled a DoS to fire after 414ms
Synch: Sending query: time=?;69
Received reply: time=;1146638861453;69
Synch Success: SAftr=1146638861504, SBfr=1146638861436, D=34, M=1146638861453
Scheduled a DoS to fire after 12ms
DOS THREAD: SEND DoS PACKET At :1146638861501 57
Synch: Sending query: time=?;70
Received reply: time=;1146638861869;70
Synch Success: SAftr=1146638861931, SBfr=1146638861852, D=39, M=1146638861869
Scheduled a DoS to fire after 70ms
DOS THREAD: SEND DoS PACKET At :1146638862003 58
Synch: Sending query: time=?;71
Received reply: time=;1146638862348;71
Synch Success: SAftr=1146638862403, SBfr=1146638862303, D=50, M=1146638862348
Scheduled a DoS to fire after 100ms
DOS THREAD: SEND DoS PACKET At :1146638862503 59
Synch: Sending query: time=?;72
Received reply: time=;1146638862772;72
Synch Success: SAftr=1146638862820, SBfr=1146638862754, D=33, M=1146638862772
Scheduled a DoS to fire after 194ms
DOS THREAD: SEND DoS PACKET At :1146638863001 60
Synch: Sending query: time=?;73
Received reply: time=;1146638863171;73
Synch Success: SAftr=1146638863217, SBfr=1146638863154, D=31, M=1146638863171
Scheduled a DoS to fire after 297ms
Synch: Sending query: time=?;74
DOS THREAD: SEND DoS PACKET At :1146638863505 61
Received reply: time=;1146638863569;74
Synch Success: SAftr=1146638863615, SBfr=1146638863552, D=31, M=1146638863569
Scheduled a DoS to fire after 398ms
Synch: Sending query: time=?;75
Received reply: time=;1146638863970;75
Synch Success: SAftr=1146638864017, SBfr=1146638863951, D=33, M=1146638863970
Scheduled a DoS to fire after 496ms
DOS THREAD: SEND DoS PACKET At :1146638864001 62
Synch: Sending query: time=?;76
Received reply: time=;1146638864368;76
Synch Success: SAftr=1146638864414, SBfr=1146638864351, D=31, M=1146638864368
Scheduled a DoS to fire after 100ms
DOS THREAD: SEND DoS PACKET At :1146638864502 63
Synch: Sending query: time=?;77
Received reply: time=;1146638864769;77
Synch Success: SAftr=1146638864820, SBfr=1146638864752, D=34, M=1146638864769
Scheduled a DoS to fire after 196ms
DOS THREAD: SEND DoS PACKET At :1146638865002 64
Synch: Sending query: time=?;78
Received reply: time=;1146638865180;78
Synch Success: SAftr=1146638865230, SBfr=1146638865157, D=36, M=1146638865180
Scheduled a DoS to fire after 283ms
Synch: Sending query: time=?;79
DOS THREAD: SEND DoS PACKET At :1146638865501 65
Received reply: time=;1146638865585;79
Synch Success: SAftr=1146638865631, SBfr=1146638865569, D=31, M=1146638865585
Scheduled a DoS to fire after 382ms
Synch: Sending query: time=?;80
Received reply: time=;1146638865984;80
Synch Success: SAftr=1146638866031, SBfr=1146638865966, D=32, M=1146638865984
Scheduled a DoS to fire after 481ms
DOS THREAD: SEND DoS PACKET At :1146638866001 66
Synch: Sending query: time=?;81
Received reply: time=;1146638866392;81
Synch Success: SAftr=1146638866442, SBfr=1146638866369, D=36, M=1146638866392
Scheduled a DoS to fire after 60ms
DOS THREAD: SEND DoS PACKET At :1146638866502 67
Synch: Sending query: time=?;82
Received reply: time=;1146638866806;82
Synch Success: SAftr=1146638866853, SBfr=1146638866789, D=32, M=1146638866806
Scheduled a DoS to fire after 158ms
DOS THREAD: SEND DoS PACKET At :1146638867002 68
Synch: Sending query: time=?;83
Received reply: time=;1146638867206;83
Synch Success: SAftr=1146638867271, SBfr=1146638867190, D=40, M=1146638867206
Scheduled a DoS to fire after 249ms
DOS THREAD: SEND DoS PACKET At :1146638867502 69
Synch: Sending query: time=?;84
Received reply: time=;1146638867650;84
Synch Success: SAftr=1146638867699, SBfr=1146638867628, D=35, M=1146638867650
Scheduled a DoS to fire after 314ms
Synch: Sending query: time=?;85
DOS THREAD: SEND DoS PACKET At :1146638868001 70
Received reply: time=;1146638871049;85
Synch Success: SAftr=1146638871095, SBfr=1146638871032, D=31, M=1146638871049
Scheduled a DoS to fire after 413ms
DOS THREAD: SEND DoS PACKET At :1146638871075 70
Synch: Sending query: time=?;86
DOS THREAD: SEND DoS PACKET At :1146638871502 71
Attempt: Sending query: time=?;87
Received reply: time=;1146638872009;87
Synch Success: SAftr=1146638872061, SBfr=1146638871984, D=38, M=1146638872009
Scheduled a DoS to fire after 451ms
DOS THREAD: SEND DoS PACKET At :1146638872003 72
DOS THREAD: SEND DoS PACKET At :1146638872502 73
Received reply: time=;1146638871472;86
Synch Failure: sn and snPrime are not equal
Synch: Sending query: time=?;88
Received reply: time=;1146638875414;88
Synch Success: SAftr=1146638875467, SBfr=1146638875398, D=34, M=1146638875414
Scheduled a DoS to fire after 51ms
DOS THREAD: SEND DoS PACKET At :1146638875501 73
Synch: Sending query: time=?;89
Received reply: time=;1146638875819;89
Synch Success: SAftr=1146638875864, SBfr=1146638875801, D=31, M=1146638875819
Scheduled a DoS to fire after 149ms
DOS THREAD: SEND DoS PACKET At :1146638876002 74
DOS THREAD: SEND DoS PACKET At :1146638873005 75
Synch: Sending query: time=?;90
Received reply: time=;1146638876216;90
Synch Success: SAftr=1146638876264, SBfr=1146638876199, D=32, M=1146638876216
Scheduled a DoS to fire after 251ms
DOS THREAD: SEND DoS PACKET At :1146638876501 76
Synch: Sending query: time=?;91
Received reply: time=;1146638876615;91
Synch Success: SAftr=1146638876662, SBfr=1146638876598, D=32, M=1146638876615
Scheduled a DoS to fire after 352ms
Synch: Sending query: time=?;92
Received reply: time=;1146638877021;92
Synch Success: SAftr=1146638877088, SBfr=1146638877005, D=41, M=1146638877021
Scheduled a DoS to fire after 437ms
DOS THREAD: SEND DoS PACKET At :1146638877006 76
Synch: Sending query: time=?;93
Received reply: time=;1146638877439;93
Synch Success: SAftr=1146638877489, SBfr=1146638877422, D=33, M=1146638877439
Scheduled a DoS to fire after 27ms
DOS THREAD: SEND DoS PACKET At :1146638877502 77
Synch: Sending query: time=?;94
Received reply: time=;1146638877847;94
Synch Success: SAftr=1146638877895, SBfr=1146638877830, D=32, M=1146638877847
Scheduled a DoS to fire after 117ms
DOS THREAD: SEND DoS PACKET At :1146638878002 78
Synch: Sending query: time=?;95
Received reply: time=;1146638878248;95
Synch Success: SAftr=1146638878295, SBfr=1146638878231, D=32, M=1146638878248
Scheduled a DoS to fire after 209ms
DOS THREAD: SEND DoS PACKET At :1146638878503 79
Synch: Sending query: time=?;96
Received reply: time=;1146638878657;96
Synch Success: SAftr=1146638878703, SBfr=1146638878640, D=31, M=1146638878657
Scheduled a DoS to fire after 306ms
Synch: Sending query: time=?;97
DOS THREAD: SEND DoS PACKET At :1146638879001 80
Received reply: time=;1146638879060;97
Synch Success: SAftr=1146638879105, SBfr=1146638879043, D=31, M=1146638879060
Scheduled a DoS to fire after 408ms
Synch: Sending query: time=?;98
Received reply: time=;1146638879458;98
Synch Success: SAftr=1146638879505, SBfr=1146638879439, D=33, M=1146638879458
Scheduled a DoS to fire after 8ms
DOS THREAD: SEND DoS PACKET At :1146638879502 81
Synch: Sending query: time=?;99
Received reply: time=;1146638879858;99
Synch Success: SAftr=1146638879904, SBfr=1146638879841, D=31, M=1146638879858
Scheduled a DoS to fire after 109ms
DOS THREAD: SEND DoS PACKET At :1146638880002 82
Synch: Sending query: time=?;100
Received reply: time=;1146638880263;100
Synch Success: SAftr=1146638880338, SBfr=1146638880246, D=46, M=1146638880263
Scheduled a DoS to fire after 190ms
DOS THREAD: SEND DoS PACKET At :1146638880502 83
Synch: Sending query: time=?;101
Received reply: time=;1146638880694;101
Synch Success: SAftr=1146638880760, SBfr=1146638880677, D=41, M=1146638880694
Scheduled a DoS to fire after 264ms
DOS THREAD: SEND DoS PACKET At :1146638881003 84
Synch: Sending query: time=?;102
Received reply: time=;1146638881155;102
Synch Success: SAftr=1146638881222, SBfr=1146638881108, D=57, M=1146638881155
Scheduled a DoS to fire after 280ms
Synch: Sending query: time=?;103
DOS THREAD: SEND DoS PACKET At :1146638881502 85
Received reply: time=;1146638881583;103
Synch Success: SAftr=1146638881665, SBfr=1146638881566, D=49, M=1146638881583
Scheduled a DoS to fire after 367ms
Synch: Sending query: time=?;104
DOS THREAD: SEND DoS PACKET At :1146638882001 86
Received reply: time=;1146638882285;104
Synch Success: SAftr=1146638882334, SBfr=1146638882003, D=165, M=1146638882285
Scheduled a DoS to fire after 49ms
DOS THREAD: SEND DoS PACKET At :1146638882501 87
Synch: Sending query: time=?;105
Received reply: time=;1146638882689;105
Synch Success: SAftr=1146638882738, SBfr=1146638882672, D=33, M=1146638882689
Scheduled a DoS to fire after 275ms
Synch: Sending query: time=?;106
DOS THREAD: SEND DoS PACKET At :1146638883001 88
Received reply: time=;1146638883115;106
Synch Success: SAftr=1146638883169, SBfr=1146638883090, D=39, M=1146638883115
Scheduled a DoS to fire after 342ms
Synch: Sending query: time=?;107
Received reply: time=;1146638883534;107
Synch Success: SAftr=1146638883584, SBfr=1146638883514, D=35, M=1146638883534
Scheduled a DoS to fire after 429ms
DOS THREAD: SEND DoS PACKET At :1146638883501 89
Synch: Sending query: time=?;108
Received reply: time=;1146638883945;108
Synch Success: SAftr=1146638884000, SBfr=1146638883928, D=36, M=1146638883945
Scheduled a DoS to fire after 17ms
Synch: Sending query: time=?;109
Received reply: time=;1146638884352;109
Synch Success: SAftr=1146638884397, SBfr=1146638884335, D=31, M=1146638884352
Scheduled a DoS to fire after 116ms
DOS THREAD: SEND DoS PACKET At :1146638884502 90
Synch: Sending query: time=?;110
Received reply: time=;1146638884764;110
Synch Success: SAftr=1146638884829, SBfr=1146638884745, D=42, M=1146638884764
Scheduled a DoS to fire after 193ms
Synch: Sending query: time=?;111
Received reply: time=;1146638885180;111
Synch Success: SAftr=1146638885259, SBfr=1146638885163, D=48, M=1146638885180
Scheduled a DoS to fire after 271ms
Synch: Sending query: time=?;112
DOS THREAD: SEND DoS PACKET At :1146638885502 91
Received reply: time=;1146638885614;112
Synch Success: SAftr=1146638885671, SBfr=1146638885598, D=36, M=1146638885614
Scheduled a DoS to fire after 348ms
Synch: Sending query: time=?;113
DOS THREAD: SEND DoS PACKET At :1146638886001 92
Received reply: time=;1146638886049;113
Synch Success: SAftr=1146638886099, SBfr=1146638886018, D=40, M=1146638886049
Scheduled a DoS to fire after 408ms
Synch: Sending query: time=?;114
Received reply: time=;1146638886478;114
Synch Success: SAftr=1146638886527, SBfr=1146638886439, D=44, M=1146638886478
Scheduled a DoS to fire after 474ms
DOS THREAD: SEND DoS PACKET At :1146638886502 93
Synch: Sending query: time=?;115
Received reply: time=;1146638886929;115
Synch Success: SAftr=1146638886975, SBfr=1146638886908, D=33, M=1146638886929
Scheduled a DoS to fire after 37ms
DOS THREAD: SEND DoS PACKET At :1146638887002 94
DOS THREAD: SEND DoS PACKET At :1146638887504 95
DOS THREAD: SEND DoS PACKET At :1146638885002 96
Synch: Sending query: time=?;116
Received reply: time=;1146638890326;116
Synch Success: SAftr=1146638890373, SBfr=1146638890310, D=31, M=1146638890326
Scheduled a DoS to fire after 143ms
DOS THREAD: SEND DoS PACKET At :1146638890501 97
Synch: Sending query: time=?;117
Received reply: time=;1146638890729;117
Synch Success: SAftr=1146638890782, SBfr=1146638890707, D=37, M=1146638890729
Scheduled a DoS to fire after 204ms
DOS THREAD: SEND DoS PACKET At :1146638891001 98
DOS THREAD: SEND DoS PACKET At :1146638888007 99
Synch: Sending query: time=?;118
Received reply: time=;1146638891182;118
Synch Success: SAftr=1146638891227, SBfr=1146638891160, D=33, M=1146638891182
Scheduled a DoS to fire after 279ms
Synch: Sending query: time=?;119
DOS THREAD: SEND DoS PACKET At :1146638891501 100
Received reply: time=;1146638891942;119
Synch Failure: 231 D was greater than U
DOS THREAD: SEND DoS PACKET At :1146638892002 101
Attempt: Sending query: time=?;120
Received reply: time=;1146638892154;120
Synch Success: SAftr=1146638892215, SBfr=1146638892133, D=41, M=1146638892154
Scheduled a DoS to fire after 304ms
Synch: Sending query: time=?;121
DOS THREAD: SEND DoS PACKET At :1146638892502 102
Received reply: time=;1146638892576;121
Synch Success: SAftr=1146638892631, SBfr=1146638892556, D=37, M=1146638892576
Scheduled a DoS to fire after 386ms
Synch: Sending query: time=?;122
DOS THREAD: SEND DoS PACKET At :1146638893002 103
DOS THREAD: SEND DoS PACKET At :1146638884001 104
Received reply: time=;1146638893274;122
Synch Success: SAftr=1146638893321, SBfr=1146638892965, D=178, M=1146638893274
Scheduled a DoS to fire after 47ms
DOS THREAD: SEND DoS PACKET At :1146638893502 105
Synch: Sending query: time=?;123
Received reply: time=;1146638893674;123
Synch Success: SAftr=1146638893779, SBfr=1146638893658, D=60, M=1146638893674
Scheduled a DoS to fire after 263ms
DOS THREAD: SEND DoS PACKET At :1146638894002 106
Synch: Sending query: time=?;124
Received reply: time=;1146638894138;124
Synch Success: SAftr=1146638894199, SBfr=1146638894120, D=39, M=1146638894138
Scheduled a DoS to fire after 320ms
Synch: Sending query: time=?;125
DOS THREAD: SEND DoS PACKET At :1146638894502 107
Received reply: time=;1146638894552;125
Synch Success: SAftr=1146638894608, SBfr=1146638894535, D=36, M=1146638894552
Scheduled a DoS to fire after 410ms
Synch: Sending query: time=?;126
Received reply: time=;1146638894984;126
Synch Success: SAftr=1146638895064, SBfr=1146638894958, D=53, M=1146638894984
Scheduled a DoS to fire after 457ms
DOS THREAD: SEND DoS PACKET At :1146638895004 108
Synch: Sending query: time=?;127
DOS THREAD: SEND DoS PACKET At :1146638895502 109
Attempt: Sending query: time=?;128
Received reply: time=;1146638895952;128
Synch Success: SAftr=1146638896027, SBfr=1146638895936, D=45, M=1146638895952
Scheduled a DoS to fire after 2ms
DOS THREAD: SEND DoS PACKET At :1146638896000 110
Synch: Sending query: time=?;129
Received reply: time=;1146638896381;129
Synch Success: SAftr=1146638896438, SBfr=1146638896364, D=37, M=1146638896381
Scheduled a DoS to fire after 81ms
DOS THREAD: SEND DoS PACKET At :1146638896502 111
Received reply: time=;1146638895423;127
Synch Failure: sn and snPrime are not equal
Synch: Sending query: time=?;130
Received reply: time=;1146638898528;130
Synch Success: SAftr=1146638898583, SBfr=1146638898510, D=36, M=1146638898528
Scheduled a DoS to fire after 434ms
Synch: Sending query: time=?;131
Received reply: time=;1146638898942;131
Synch Success: SAftr=1146638898988, SBfr=1146638898922, D=33, M=1146638898942
Scheduled a DoS to fire after 23ms
DOS THREAD: SEND DoS PACKET At :1146638899002 112
Synch: Sending query: time=?;132
Received reply: time=;1146638899349;132
Synch Success: SAftr=1146638899395, SBfr=1146638899332, D=31, M=1146638899349
Scheduled a DoS to fire after 96ms
DOS THREAD: SEND DoS PACKET At :1146638899501 113
Synch: Sending query: time=?;133
Received reply: time=;1146638899789;133
Synch Success: SAftr=1146638899850, SBfr=1146638899767, D=41, M=1146638899789
Scheduled a DoS to fire after 147ms
DOS THREAD: SEND DoS PACKET At :1146638900002 114
DOS THREAD: SEND DoS PACKET At :1146638897004 115
Synch: Sending query: time=?;134
Received reply: time=;1146638900234;134
Synch Success: SAftr=1146638900285, SBfr=1146638900217, D=34, M=1146638900234
Scheduled a DoS to fire after 230ms
DOS THREAD: SEND DoS PACKET At :1146638900502 116
Synch: Sending query: time=?;135
Received reply: time=;1146638900636;135
Synch Success: SAftr=1146638900690, SBfr=1146638900620, D=35, M=1146638900636
Scheduled a DoS to fire after 328ms
Synch: Sending query: time=?;136
Received reply: time=;1146638901050;136
Synch Success: SAftr=1146638901096, SBfr=1146638901026, D=35, M=1146638901050
Scheduled a DoS to fire after 414ms
DOS THREAD: SEND DoS PACKET At :1146638901002 117
Synch: Sending query: time=?;137
Received reply: time=;1146638901472;137
Synch Success: SAftr=1146638901524, SBfr=1146638901448, D=38, M=1146638901472
Scheduled a DoS to fire after 489ms
DOS THREAD: SEND DoS PACKET At :1146638901501 118
Synch: Sending query: time=?;138
Received reply: time=;1146638901898;138
Synch Success: SAftr=1146638901958, SBfr=1146638901869, D=44, M=1146638901898
Scheduled a DoS to fire after 56ms
DOS THREAD: SEND DoS PACKET At :1146638902002 119
Synch: Sending query: time=?;139
Received reply: time=;1146638902345;139
Synch Success: SAftr=1146638902439, SBfr=1146638902320, D=59, M=1146638902345
Scheduled a DoS to fire after 60ms
DOS THREAD: SEND DoS PACKET At :1146638902502 120
Synch: Sending query: time=?;140
DOS THREAD: SEND DoS PACKET At :1146638903004 121
Received reply: time=;1146638903108;140
Synch Success: SAftr=1146638903200, SBfr=1146638902825, D=187, M=1146638903108
Scheduled a DoS to fire after 202ms
DOS THREAD: SEND DoS PACKET At :1146638903501 122
Synch: Sending query: time=?;141
Received reply: time=;1146638903557;141
Synch Success: SAftr=1146638903605, SBfr=1146638903537, D=34, M=1146638903557
Scheduled a DoS to fire after 376ms
Synch: Sending query: time=?;142
Received reply: time=;1146638903994;142
Synch Success: SAftr=1146638904052, SBfr=1146638903976, D=38, M=1146638903994
Scheduled a DoS to fire after 463ms
DOS THREAD: SEND DoS PACKET At :1146638904001 123
Synch: Sending query: time=?;143
Received reply: time=;1146638904416;143
Synch Success: SAftr=1146638904517, SBfr=1146638904393, D=62, M=1146638904416
Scheduled a DoS to fire after 19ms
DOS THREAD: SEND DoS PACKET At :1146638904501 124
Synch: Sending query: time=?;144
Received reply: time=;1146638904872;144
Synch Success: SAftr=1146638904928, SBfr=1146638904855, D=36, M=1146638904872
Scheduled a DoS to fire after 86ms
DOS THREAD: SEND DoS PACKET At :1146638905001 125
Synch: Sending query: time=?;145
Received reply: time=;1146638905299;145
Synch Success: SAftr=1146638905359, SBfr=1146638905279, D=40, M=1146638905299
Scheduled a DoS to fire after 160ms
DOS THREAD: SEND DoS PACKET At :1146638905502 126
Synch: Sending query: time=?;146
Received reply: time=;1146638905717;146
Synch Success: SAftr=1146638905771, SBfr=1146638905700, D=35, M=1146638905717
Scheduled a DoS to fire after 244ms
DOS THREAD: SEND DoS PACKET At :1146638906002 127
Synch: Sending query: time=?;147
Received reply: time=;1146638906127;147
Synch Success: SAftr=1146638906183, SBfr=1146638906110, D=36, M=1146638906127
Scheduled a DoS to fire after 336ms
Synch: Sending query: time=?;148
DOS THREAD: SEND DoS PACKET At :1146638906503 128
Received reply: time=;1146638906548;148
Synch Success: SAftr=1146638906612, SBfr=1146638906525, D=43, M=1146638906548
Scheduled a DoS to fire after 408ms
Synch: Sending query: time=?;149
Received reply: time=;1146638906997;149
Synch Success: SAftr=1146638907053, SBfr=1146638906965, D=44, M=1146638906997
Scheduled a DoS to fire after 458ms
DOS THREAD: SEND DoS PACKET At :1146638907002 129
Synch: Sending query: time=?;150
Received reply: time=;1146638907426;150
Synch Success: SAftr=1146638907479, SBfr=1146638907407, D=36, M=1146638907426
Scheduled a DoS to fire after 37ms
DOS THREAD: SEND DoS PACKET At :1146638907502 130
Synch: Sending query: time=?;151
Received reply: time=;1146638907873;151
Synch Success: SAftr=1146638907929, SBfr=1146638907841, D=44, M=1146638907873
Scheduled a DoS to fire after 82ms
DOS THREAD: SEND DoS PACKET At :1146638908001 131
Synch: Sending query: time=?;152
Received reply: time=;1146638908296;152
Synch Success: SAftr=1146638908341, SBfr=1146638908275, D=33, M=1146638908296
Scheduled a DoS to fire after 170ms
DOS THREAD: SEND DoS PACKET At :1146638908506 132
Synch: Sending query: time=?;153
Received reply: time=;1146638908703;153
Synch Success: SAftr=1146638908761, SBfr=1146638908683, D=39, M=1146638908703
Scheduled a DoS to fire after 257ms
Synch: Sending query: time=?;154
DOS THREAD: SEND DoS PACKET At :1146638909002 133
Received reply: time=;1146638909114;154
Synch Success: SAftr=1146638909163, SBfr=1146638909097, D=33, M=1146638909114
Scheduled a DoS to fire after 350ms
Synch: Sending query: time=?;155
Received reply: time=;1146638909524;155
DOS THREAD: SEND DoS PACKET At :1146638909502 134
Synch Success: SAftr=1146638909585, SBfr=1146638909503, D=41, M=1146638909524
Scheduled a DoS to fire after 409ms
Synch: Sending query: time=?;156
Received reply: time=;1146638909986;156
Synch Success: SAftr=1146638910079, SBfr=1146638909966, D=56, M=1146638909986
Scheduled a DoS to fire after 456ms
DOS THREAD: SEND DoS PACKET At :1146638910002 135
Synch: Sending query: time=?;157
Received reply: time=;1146638910435;157
Synch Success: SAftr=1146638910481, SBfr=1146638910418, D=31, M=1146638910435
Scheduled a DoS to fire after 29ms
Synch: Sending query: time=?;158
Received reply: time=;1146638910878;158
Synch Success: SAftr=1146638910928, SBfr=1146638910852, D=38, M=1146638910878
Scheduled a DoS to fire after 78ms
DOS THREAD: SEND DoS PACKET At :1146638911001 136
Synch: Sending query: time=?;159
Received reply: time=;1146638911319;159
Synch Success: SAftr=1146638911404, SBfr=1146638911292, D=56, M=1146638911319
Scheduled a DoS to fire after 124ms
DOS THREAD: SEND DoS PACKET At :1146638911501 137
Synch: Sending query: time=?;160
Received reply: time=;1146638911762;160
Synch Success: SAftr=1146638911837, SBfr=1146638911740, D=48, M=1146638911762
Scheduled a DoS to fire after 165ms
DOS THREAD: SEND DoS PACKET At :1146638912001 138
Synch: Sending query: time=?;161
Received reply: time=;1146638912222;161
Synch Success: SAftr=1146638912277, SBfr=1146638912206, D=35, M=1146638912222
Scheduled a DoS to fire after 242ms
DOS THREAD: SEND DoS PACKET At :1146638912503 139
Synch: Sending query: time=?;162
DOS THREAD: SEND DoS PACKET At :1146638913004 140
Attempt: Sending query: time=?;163
Received reply: time=;1146638913183;163
Synch Success: SAftr=1146638913230, SBfr=1146638913164, D=33, M=1146638913183
Scheduled a DoS to fire after 280ms
DOS THREAD: SEND DoS PACKET At :1146638910502 141
Synch: Sending query: time=?;164
DOS THREAD: SEND DoS PACKET At :1146638913505 142
Attempt: Sending query: time=?;165
Received reply: time=;1146638914163;165
Synch Success: SAftr=1146638914222, SBfr=1146638914132, D=45, M=1146638914163
Scheduled a DoS to fire after 292ms
DOS THREAD: SEND DoS PACKET At :1146638914501 143
DOS THREAD: SEND DoS PACKET At :1146638915005 144
DOS THREAD: SEND DoS PACKET At :1146638915521 145
Received reply: time=;1146638912652;162
Synch Failure: sn and snPrime are not equal
DOS THREAD: SEND DoS PACKET At :1146638916023 146
DOS THREAD: SEND DoS PACKET At :1146638916525 147
Received reply: time=;1146638913611;164
Synch Failure: sn and snPrime are not equal
Synch: Sending query: time=?;166
Received reply: time=;1146638916730;166
Synch Success: SAftr=1146638916785, SBfr=1146638916701, D=42, M=1146638916730
Scheduled a DoS to fire after 226ms
DOS THREAD: SEND DoS PACKET At :1146638917002 148
DOS THREAD: SEND DoS PACKET At :1146638914007 149
Synch: Sending query: time=?;167
Received reply: time=;1146638917137;167
Synch Success: SAftr=1146638917183, SBfr=1146638917120, D=31, M=1146638917137
Scheduled a DoS to fire after 330ms
Synch: Sending query: time=?;168
Received reply: time=;1146638917538;168
DOS THREAD: SEND DoS PACKET At :1146638917501 150
Synch Success: SAftr=1146638917590, SBfr=1146638917521, D=34, M=1146638917538
Scheduled a DoS to fire after 426ms
Synch: Sending query: time=?;169
Received reply: time=;1146638917944;169
Synch Success: SAftr=1146638917998, SBfr=1146638917927, D=35, M=1146638917944
Scheduled a DoS to fire after 500ms
Synch: Sending query: time=?;170
Received reply: time=;1146638918372;170
Synch Success: SAftr=1146638918435, SBfr=1146638918356, D=39, M=1146638918372
Scheduled a DoS to fire after 87ms
DOS THREAD: SEND DoS PACKET At :1146638918501 151
DOS THREAD: SEND DoS PACKET At :1146638919002 152
DOS THREAD: SEND DoS PACKET At :1146638919503 153
DOS THREAD: SEND DoS PACKET At :1146638920005 154
DOS THREAD: SEND DoS PACKET At :1146638920506 155
DOS THREAD: SEND DoS PACKET At :1146638921007 156
DOS THREAD: SEND DoS PACKET At :1146638921508 157
Synch: Sending query: time=?;171
Received reply: time=;1146638921816;171
Synch Success: SAftr=1146638921889, SBfr=1146638921788, D=50, M=1146638921816
Scheduled a DoS to fire after 133ms
DOS THREAD: SEND DoS PACKET At :1146638922002 158
Synch: Sending query: time=?;172
Received reply: time=;1146638922244;172
Synch Success: SAftr=1146638922290, SBfr=1146638922227, D=31, M=1146638922244
Scheduled a DoS to fire after 224ms
DOS THREAD: SEND DoS PACKET At :1146638922502 159
Synch: Sending query: time=?;173
Received reply: time=;1146638922649;173
Synch Success: SAftr=1146638922703, SBfr=1146638922633, D=35, M=1146638922649
Scheduled a DoS to fire after 314ms
Synch: Sending query: time=?;174
DOS THREAD: SEND DoS PACKET At :1146638923002 160
Received reply: time=;1146638923059;174
Synch Success: SAftr=1146638923122, SBfr=1146638923042, D=40, M=1146638923059
Scheduled a DoS to fire after 400ms
Synch: Sending query: time=?;175
Received reply: time=;1146638923476;175
Synch Success: SAftr=1146638923534, SBfr=1146638923459, D=37, M=1146638923476
Scheduled a DoS to fire after 485ms
DOS THREAD: SEND DoS PACKET At :1146638923502 161
Synch: Sending query: time=?;176
Received reply: time=;1146638923910;176
Synch Success: SAftr=1146638923964, SBfr=1146638923880, D=42, M=1146638923910
Scheduled a DoS to fire after 39ms
DOS THREAD: SEND DoS PACKET At :1146638924004 162
Synch: Sending query: time=?;177
Received reply: time=;1146638924326;177
Synch Success: SAftr=1146638924377, SBfr=1146638924309, D=34, M=1146638924326
Scheduled a DoS to fire after 139ms
DOS THREAD: SEND DoS PACKET At :1146638924502 163
Synch: Sending query: time=?;178
Received reply: time=;1146638924750;178
Synch Success: SAftr=1146638924799, SBfr=1146638924729, D=35, M=1146638924750
Scheduled a DoS to fire after 214ms
DOS THREAD: SEND DoS PACKET At :1146638925001 164
Synch: Sending query: time=?;179
Received reply: time=;1146638925171;179
Synch Success: SAftr=1146638925268, SBfr=1146638925149, D=59, M=1146638925171
Scheduled a DoS to fire after 269ms
Synch: Sending query: time=?;180
Received reply: time=;1146638925638;180
Synch Success: SAftr=1146638925705, SBfr=1146638925613, D=46, M=1146638925638
Scheduled a DoS to fire after 315ms
Synch: Sending query: time=?;181
DOS THREAD: SEND DoS PACKET At :1146638926002 165
Received reply: time=;1146638926068;181
Synch Success: SAftr=1146638926123, SBfr=1146638926049, D=37, M=1146638926068
Scheduled a DoS to fire after 392ms
Synch: Sending query: time=?;182
Received reply: time=;1146638926487;182
Synch Success: SAftr=1146638926541, SBfr=1146638926470, D=35, M=1146638926487
Scheduled a DoS to fire after 475ms
DOS THREAD: SEND DoS PACKET At :1146638926501 166
Synch: Sending query: time=?;183
Received reply: time=;1146638926897;183
Synch Success: SAftr=1146638926944, SBfr=1146638926879, D=32, M=1146638926897
Scheduled a DoS to fire after 70ms
Synch: Sending query: time=?;184
Received reply: time=;1146638927314;184
Synch Success: SAftr=1146638927367, SBfr=1146638927288, D=39, M=1146638927314
Scheduled a DoS to fire after 146ms
DOS THREAD: SEND DoS PACKET At :1146638927501 167
Synch: Sending query: time=?;185
Received reply: time=;1146638927993;185
Synch Success: SAftr=1146638928039, SBfr=1146638927711, D=164, M=1146638927993
Scheduled a DoS to fire after 342ms
DOS THREAD: SEND DoS PACKET At :1146638928004 168
Synch: Sending query: time=?;186
Received reply: time=;1146638928394;186
Synch Success: SAftr=1146638928440, SBfr=1146638928374, D=33, M=1146638928394
Scheduled a DoS to fire after 72ms
DOS THREAD: SEND DoS PACKET At :1146638928502 169
DOS THREAD: SEND DoS PACKET At :1146638928502 170
DOS THREAD: SEND DoS PACKET At :1146638925501 171
Synch: Sending query: time=?;187
DOS THREAD: SEND DoS PACKET At :1146638929003 172
Received reply: time=;1146638929077;187
Synch Success: SAftr=1146638929124, SBfr=1146638928795, D=164, M=1146638929077
Scheduled a DoS to fire after 257ms
Synch: Sending query: time=?;188
DOS THREAD: SEND DoS PACKET At :1146638929502 173
Received reply: time=;1146638929475;188
Synch Success: SAftr=1146638929526, SBfr=1146638929457, D=34, M=1146638929475
Scheduled a DoS to fire after 487ms
Synch: Sending query: time=?;189
Received reply: time=;1146638929916;189
Synch Success: SAftr=1146638929965, SBfr=1146638929887, D=39, M=1146638929916
Scheduled a DoS to fire after 43ms
DOS THREAD: SEND DoS PACKET At :1146638927002 174
DOS THREAD: SEND DoS PACKET At :1146638930002 175
Synch: Sending query: time=?;190
Received reply: time=;1146638930345;190
Synch Success: SAftr=1146638930411, SBfr=1146638930315, D=48, M=1146638930345
Scheduled a DoS to fire after 106ms
DOS THREAD: SEND DoS PACKET At :1146638930502 176
Synch: Sending query: time=?;191
Received reply: time=;1146638930778;191
Synch Success: SAftr=1146638930914, SBfr=1146638930757, D=78, M=1146638930778
Scheduled a DoS to fire after 138ms
DOS THREAD: SEND DoS PACKET At :1146638931002 176
Synch: Sending query: time=?;192
Received reply: time=;1146638931269;192
Synch Success: SAftr=1146638931321, SBfr=1146638931252, D=34, M=1146638931269
Scheduled a DoS to fire after 193ms
DOS THREAD: SEND DoS PACKET At :1146638931501 177
Synch: Sending query: time=?;193
Received reply: time=;1146638931687;193
Synch Success: SAftr=1146638931755, SBfr=1146638931666, D=44, M=1146638931687
Scheduled a DoS to fire after 263ms
Synch: Sending query: time=?;194
DOS THREAD: SEND DoS PACKET At :1146638932001 178
Received reply: time=;1146638932120;194
Synch Success: SAftr=1146638932170, SBfr=1146638932103, D=33, M=1146638932120
Scheduled a DoS to fire after 346ms
Synch: Sending query: time=?;195
Received reply: time=;1146638932537;195
Synch Success: SAftr=1146638932583, SBfr=1146638932515, D=34, M=1146638932537
Scheduled a DoS to fire after 428ms
DOS THREAD: SEND DoS PACKET At :1146638932501 179
Synch: Sending query: time=?;196
Received reply: time=;1146638932951;196
Synch Success: SAftr=1146638933006, SBfr=1146638932923, D=41, M=1146638932951
Scheduled a DoS to fire after 4ms
DOS THREAD: SEND DoS PACKET At :1146638933000 180
Synch: Sending query: time=?;197
Received reply: time=;1146638933363;197
Synch Success: SAftr=1146638933416, SBfr=1146638933345, D=35, M=1146638933363
Scheduled a DoS to fire after 15ms
DOS THREAD: SEND DoS PACKET At :1146638933502 181
Synch: Sending query: time=?;198
DOS THREAD: SEND DoS PACKET At :1146638934003 182
Received reply: time=;1146638934131;198
Synch Success: SAftr=1146638934185, SBfr=1146638933836, D=174, M=1146638934131
Scheduled a DoS to fire after 193ms
Synch: Sending query: time=?;199
Received reply: time=;1146638934560;199
Synch Success: SAftr=1146638934613, SBfr=1146638934532, D=40, M=1146638934560
Scheduled a DoS to fire after 399ms
Synch: Sending query: time=?;200
DOS THREAD: SEND DoS PACKET At :1146638935002 183
Received reply: time=;1146638935276;200
Synch Success: SAftr=1146638935331, SBfr=1146638934986, D=172, M=1146638935276
Scheduled a DoS to fire after 50ms
DOS THREAD: SEND DoS PACKET At :1146638935502 184
Synch: Sending query: time=?;201
DOS THREAD: SEND DoS PACKET At :1146638936003 185
Received reply: time=;1146638935989;201
Synch Success: SAftr=1146638936053, SBfr=1146638935692, D=180, M=1146638935989
Scheduled a DoS to fire after 329ms
Synch: Sending query: time=?;202
DOS THREAD: SEND DoS PACKET At :1146638936502 186
Received reply: time=;1146638936418;202
Synch Success: SAftr=1146638936471, SBfr=1146638936397, D=37, M=1146638936418
Scheduled a DoS to fire after 35ms
DOS THREAD: SEND DoS PACKET At :1146638936503 187
Synch: Sending query: time=?;203
DOS THREAD: SEND DoS PACKET At :1146638937005 188
Received reply: time=;1146638937122;203
Synch Success: SAftr=1146638937173, SBfr=1146638936831, D=171, M=1146638937122
Scheduled a DoS to fire after 206ms
DOS THREAD: SEND DoS PACKET At :1146638937501 189
DOS THREAD: SEND DoS PACKET At :1146638934502 190
Synch: Sending query: time=?;204
Received reply: time=;1146638937540;204
Synch Success: SAftr=1146638937593, SBfr=1146638937515, D=39, M=1146638937540
Scheduled a DoS to fire after 420ms
Synch: Sending query: time=?;205
Received reply: time=;1146638937951;205
Synch Success: SAftr=1146638937999, SBfr=1146638937930, D=34, M=1146638937951
Scheduled a DoS to fire after 14ms
DOS THREAD: SEND DoS PACKET At :1146638938002 191
Synch: Sending query: time=?;206
Received reply: time=;1146638938359;206
Synch Success: SAftr=1146638938420, SBfr=1146638938338, D=41, M=1146638938359
Scheduled a DoS to fire after 96ms
DOS THREAD: SEND DoS PACKET At :1146638938501 192
Synch: Sending query: time=?;207
Received reply: time=;1146638938782;207
Synch Success: SAftr=1146638938852, SBfr=1146638938763, D=44, M=1146638938782
Scheduled a DoS to fire after 145ms
DOS THREAD: SEND DoS PACKET At :1146638939002 193
Synch: Sending query: time=?;208
Received reply: time=;1146638939244;208
Synch Success: SAftr=1146638939298, SBfr=1146638939220, D=39, M=1146638939244
Scheduled a DoS to fire after 216ms
DOS THREAD: SEND DoS PACKET At :1146638939508 194
Synch: Sending query: time=?;209
Received reply: time=;1146638939661;209
Synch Success: SAftr=1146638939732, SBfr=1146638939640, D=46, M=1146638939661
Scheduled a DoS to fire after 290ms
Synch: Sending query: time=?;210
DOS THREAD: SEND DoS PACKET At :1146638940001 195
Received reply: time=;1146638940084;210
Synch Success: SAftr=1146638940139, SBfr=1146638940067, D=36, M=1146638940084
Scheduled a DoS to fire after 379ms
Synch: Sending query: time=?;211
DOS THREAD: SEND DoS PACKET At :1146638940501 196
Received reply: time=;1146638940794;211
Synch Success: SAftr=1146638940850, SBfr=1146638940506, D=172, M=1146638940794
Scheduled a DoS to fire after 32ms
DOS THREAD: SEND DoS PACKET At :1146638941001 197
Synch: Sending query: time=?;212
Received reply: time=;1146638941215;212
Synch Success: SAftr=1146638941268, SBfr=1146638941188, D=40, M=1146638941215
Scheduled a DoS to fire after 244ms
Synch: Sending query: time=?;213
DOS THREAD: SEND DoS PACKET At :1146638941511 197
Received reply: time=;1146638941624;213
Synch Success: SAftr=1146638941677, SBfr=1146638941607, D=35, M=1146638941624
Scheduled a DoS to fire after 339ms
Synch: Sending query: time=?;214
DOS THREAD: SEND DoS PACKET At :1146638942001 198
Received reply: time=;1146638942054;214
Synch Success: SAftr=1146638942116, SBfr=1146638942027, D=44, M=1146638942054
Scheduled a DoS to fire after 399ms
Synch: Sending query: time=?;215
Received reply: time=;1146638942475;215
Synch Success: SAftr=1146638942540, SBfr=1146638942454, D=43, M=1146638942475
Scheduled a DoS to fire after 480ms
DOS THREAD: SEND DoS PACKET At :1146638942502 199
Synch: Sending query: time=?;216
Received reply: time=;1146638942892;216
Synch Success: SAftr=1146638942946, SBfr=1146638942875, D=35, M=1146638942892
Scheduled a DoS to fire after 72ms
DOS THREAD: SEND DoS PACKET At :1146638943001 200
Synch: Sending query: time=?;217
Received reply: time=;1146638943302;217
Synch Success: SAftr=1146638943347, SBfr=1146638943285, D=31, M=1146638943302
Scheduled a DoS to fire after 166ms
DOS THREAD: SEND DoS PACKET At :1146638943502 201
Synch: Sending query: time=?;218
Received reply: time=;1146638943702;218
Synch Success: SAftr=1146638943750, SBfr=1146638943682, D=34, M=1146638943702
Scheduled a DoS to fire after 261ms
Synch: Sending query: time=?;219
DOS THREAD: SEND DoS PACKET At :1146638944002 202
Received reply: time=;1146638944115;219
Synch Success: SAftr=1146638944163, SBfr=1146638944089, D=37, M=1146638944115
Scheduled a DoS to fire after 347ms
Synch: Sending query: time=?;220
DOS THREAD: SEND DoS PACKET At :1146638944505 203
Received reply: time=;1146638944525;220
Synch Success: SAftr=1146638944587, SBfr=1146638944500, D=43, M=1146638944525
Scheduled a DoS to fire after 429ms
Synch: Sending query: time=?;221
Received reply: time=;1146638944948;221
Synch Success: SAftr=1146638945009, SBfr=1146638944930, D=39, M=1146638944948
Scheduled a DoS to fire after 12ms
DOS THREAD: SEND DoS PACKET At :1146638945002 204
Synch: Sending query: time=?;222
Received reply: time=;1146638945368;222
Synch Success: SAftr=1146638945427, SBfr=1146638945351, D=38, M=1146638945368
Scheduled a DoS to fire after 90ms
DOS THREAD: SEND DoS PACKET At :1146638945502 205
Synch: Sending query: time=?;223
DOS THREAD: SEND DoS PACKET At :1146638946003 206
Received reply: time=;1146638946060;223
Synch Success: SAftr=1146638946116, SBfr=1146638945774, D=171, M=1146638946060
Scheduled a DoS to fire after 268ms
DOS THREAD: SEND DoS PACKET At :1146638946501 207
Synch: Sending query: time=?;224
Received reply: time=;1146638946480;224
Synch Success: SAftr=1146638946532, SBfr=1146638946461, D=35, M=1146638946480
Scheduled a DoS to fire after 482ms
Synch: Sending query: time=?;225
Received reply: time=;1146638946917;225
Synch Success: SAftr=1146638947003, SBfr=1146638946893, D=55, M=1146638946917
Scheduled a DoS to fire after 27ms
DOS THREAD: SEND DoS PACKET At :1146638947004 208
Synch: Sending query: time=?;226
Received reply: time=;1146638947369;226
Synch Success: SAftr=1146638947435, SBfr=1146638947343, D=46, M=1146638947369
Scheduled a DoS to fire after 83ms
DOS THREAD: SEND DoS PACKET At :1146638947501 209
Synch: Sending query: time=?;227
Received reply: time=;1146638947804;227
Synch Success: SAftr=1146638947854, SBfr=1146638947777, D=38, M=1146638947804
Scheduled a DoS to fire after 156ms
DOS THREAD: SEND DoS PACKET At :1146638948001 210
Synch: Sending query: time=?;228
Received reply: time=;1146638948310;228
Synch Success: SAftr=1146638948360, SBfr=1146638948241, D=59, M=1146638948310
Scheduled a DoS to fire after 130ms
DOS THREAD: SEND DoS PACKET At :1146638948501 211
Synch: Sending query: time=?;229
Received reply: time=;1146638948734;229
Synch Success: SAftr=1146638948780, SBfr=1146638948718, D=31, M=1146638948734
Scheduled a DoS to fire after 232ms
DOS THREAD: SEND DoS PACKET At :1146638949002 212
Synch: Sending query: time=?;230
Received reply: time=;1146638949138;230
Synch Success: SAftr=1146638949186, SBfr=1146638949121, D=32, M=1146638949138
Scheduled a DoS to fire after 329ms
Synch: Sending query: time=?;231
DOS THREAD: SEND DoS PACKET At :1146638949502 213
Received reply: time=;1146638949569;231
Synch Success: SAftr=1146638949621, SBfr=1146638949549, D=36, M=1146638949569
Scheduled a DoS to fire after 394ms
Synch: Sending query: time=?;232
Received reply: time=;1146638949986;232
Synch Success: SAftr=1146638950044, SBfr=1146638949970, D=37, M=1146638949986
Scheduled a DoS to fire after 476ms
DOS THREAD: SEND DoS PACKET At :1146638950002 214
Synch: Sending query: time=?;233
Received reply: time=;1146638950401;233
Synch Success: SAftr=1146638950481, SBfr=1146638950383, D=49, M=1146638950401
Scheduled a DoS to fire after 45ms
Synch: Sending query: time=?;234
Received reply: time=;1146638950840;234
Synch Success: SAftr=1146638950898, SBfr=1146638950823, D=37, M=1146638950840
Scheduled a DoS to fire after 122ms
DOS THREAD: SEND DoS PACKET At :1146638951002 215
DOS THREAD: SEND DoS PACKET At :1146638951505 216
DOS THREAD: SEND DoS PACKET At :1146638952007 217
DOS THREAD: SEND DoS PACKET At :1146638952508 218
DOS THREAD: SEND DoS PACKET At :1146638953009 219
DOS THREAD: SEND DoS PACKET At :1146638953511 220
DOS THREAD: SEND DoS PACKET At :1146638950502 221
DOS THREAD: SEND DoS PACKET At :1146638954012 222
Synch: Sending query: time=?;235
Received reply: time=;1146638954290;235
Synch Success: SAftr=1146638954341, SBfr=1146638954264, D=38, M=1146638954290
Scheduled a DoS to fire after 170ms
DOS THREAD: SEND DoS PACKET At :1146638954503 223
Synch: Sending query: time=?;236
Received reply: time=;1146638954717;236
Synch Success: SAftr=1146638954789, SBfr=1146638954692, D=48, M=1146638954717
Scheduled a DoS to fire after 234ms
DOS THREAD: SEND DoS PACKET At :1146638955010 224
Synch: Sending query: time=?;237
Received reply: time=;1146638955143;237
Synch Success: SAftr=1146638955248, SBfr=1146638955126, D=61, M=1146638955143
Scheduled a DoS to fire after 287ms
Synch: Sending query: time=?;238
DOS THREAD: SEND DoS PACKET At :1146638955501 225
Received reply: time=;1146638955619;238
Synch Success: SAftr=1146638955680, SBfr=1146638955602, D=39, M=1146638955619
Scheduled a DoS to fire after 334ms
Synch: Sending query: time=?;239
DOS THREAD: SEND DoS PACKET At :1146638956002 226
Received reply: time=;1146638956051;239
Synch Success: SAftr=1146638956144, SBfr=1146638956026, D=59, M=1146638956051
Scheduled a DoS to fire after 388ms
Synch: Sending query: time=?;240
Received reply: time=;1146638956519;240
Synch Success: SAftr=1146638956570, SBfr=1146638956502, D=34, M=1146638956519
Scheduled a DoS to fire after 444ms
DOS THREAD: SEND DoS PACKET At :1146638956502 227
Synch: Sending query: time=?;241
Received reply: time=;1146638956980;241
Synch Success: SAftr=1146638957027, SBfr=1146638956950, D=38, M=1146638956980
Scheduled a DoS to fire after 481ms
DOS THREAD: SEND DoS PACKET At :1146638957001 228
Synch: Sending query: time=?;242
DOS THREAD: SEND DoS PACKET At :1146638957504 229
Attempt: Sending query: time=?;243
DOS THREAD: SEND DoS PACKET At :1146638958006 230
Received reply: time=;1146638958217;243
Synch Success: SAftr=1146638958280, SBfr=1146638957924, D=178, M=1146638958217
Scheduled a DoS to fire after 104ms
DOS THREAD: SEND DoS PACKET At :1146638958502 231
Synch: Sending query: time=?;244
DOS THREAD: SEND DoS PACKET At :1146638959004 232
Received reply: time=;1146638958933;244
Synch Success: SAftr=1146638959002, SBfr=1146638958638, D=182, M=1146638958933
Scheduled a DoS to fire after 351ms
DOS THREAD: SEND DoS PACKET At :1146638959502 233
DOS THREAD: SEND DoS PACKET At :1146638960003 234
Received reply: time=;1146638957396;242
Synch Failure: sn and snPrime are not equal
DOS THREAD: SEND DoS PACKET At :1146638960504 235
Synch: Sending query: time=?;245
Received reply: time=;1146638960548;245
Synch Success: SAftr=1146638960647, SBfr=1146638960528, D=59, M=1146638960548
Scheduled a DoS to fire after 389ms
Synch: Sending query: time=?;246
Received reply: time=;1146638961026;246
Synch Success: SAftr=1146638961109, SBfr=1146638961008, D=50, M=1146638961026
Scheduled a DoS to fire after 406ms
DOS THREAD: SEND DoS PACKET At :1146638961001 236
Synch: Sending query: time=?;247
Received reply: time=;1146638961501;247
Synch Success: SAftr=1146638961547, SBfr=1146638961479, D=34, M=1146638961501
Scheduled a DoS to fire after 452ms
DOS THREAD: SEND DoS PACKET At :1146638961501 237
Synch: Sending query: time=?;248
Received reply: time=;1146638961922;248
Synch Success: SAftr=1146638962004, SBfr=1146638961900, D=52, M=1146638961922
Scheduled a DoS to fire after 24ms
DOS THREAD: SEND DoS PACKET At :1146638962001 238
Synch: Sending query: time=?;249
Received reply: time=;1146638962367;249
Synch Success: SAftr=1146638962419, SBfr=1146638962346, D=36, M=1146638962367
Scheduled a DoS to fire after 91ms
DOS THREAD: SEND DoS PACKET At :1146638962502 239
Synch: Sending query: time=?;250
Received reply: time=;1146638962811;250
Synch Success: SAftr=1146638962888, SBfr=1146638962791, D=48, M=1146638962811
Scheduled a DoS to fire after 135ms
DOS THREAD: SEND DoS PACKET At :1146638963001 240
Synch: Sending query: time=?;251
Received reply: time=;1146638963254;251
Synch Success: SAftr=1146638963319, SBfr=1146638963235, D=42, M=1146638963254
Scheduled a DoS to fire after 203ms
DOS THREAD: SEND DoS PACKET At :1146638963501 241
Synch: Sending query: time=?;252
Received reply: time=;1146638963996;252
Synch Success: SAftr=1146638964042, SBfr=1146638963701, D=170, M=1146638963996
Scheduled a DoS to fire after 333ms
DOS THREAD: SEND DoS PACKET At :1146638964004 242
Synch: Sending query: time=?;253
DOS THREAD: SEND DoS PACKET At :1146638964503 243
Received reply: time=;1146638964395;253
Synch Success: SAftr=1146638964441, SBfr=1146638964378, D=31, M=1146638964395
Scheduled a DoS to fire after 74ms
DOS THREAD: SEND DoS PACKET At :1146638964501 244
Synch: Sending query: time=?;254
Received reply: time=;1146638964836;254
Synch Success: SAftr=1146638964922, SBfr=1146638964810, D=56, M=1146638964836
Scheduled a DoS to fire after 106ms
DOS THREAD: SEND DoS PACKET At :1146638965002 245
Synch: Sending query: time=?;255
Received reply: time=;1146638965282;255
Synch Success: SAftr=1146638965428, SBfr=1146638965262, D=83, M=1146638965282
Scheduled a DoS to fire after 134ms
DOS THREAD: SEND DoS PACKET At :1146638965502 245
Synch: Sending query: time=?;256
Received reply: time=;1146638965784;256
Synch Success: SAftr=1146638965835, SBfr=1146638965762, D=36, M=1146638965784
Scheduled a DoS to fire after 156ms
DOS THREAD: SEND DoS PACKET At :1146638966002 246
Synch: Sending query: time=?;257
Received reply: time=;1146638966225;257
Synch Success: SAftr=1146638966281, SBfr=1146638966204, D=38, M=1146638966225
Scheduled a DoS to fire after 236ms
DOS THREAD: SEND DoS PACKET At :1146638966502 247
Synch: Sending query: time=?;258
Received reply: time=;1146638966644;258
Synch Success: SAftr=1146638966694, SBfr=1146638966621, D=36, M=1146638966644
Scheduled a DoS to fire after 319ms
Synch: Sending query: time=?;259
DOS THREAD: SEND DoS PACKET At :1146638967002 248
Received reply: time=;1146638967055;259
Synch Success: SAftr=1146638967114, SBfr=1146638967037, D=38, M=1146638967055
Scheduled a DoS to fire after 406ms
Synch: Sending query: time=?;260
Received reply: time=;1146638967486;260
Synch Success: SAftr=1146638967540, SBfr=1146638967462, D=39, M=1146638967486
Scheduled a DoS to fire after 474ms
DOS THREAD: SEND DoS PACKET At :1146638967501 249
Synch: Sending query: time=?;261
DOS THREAD: SEND DoS PACKET At :1146638968002 250
Received reply: time=;1146638968239;261
Synch Success: SAftr=1146638968297, SBfr=1146638967934, D=181, M=1146638968239
Scheduled a DoS to fire after 79ms
DOS THREAD: SEND DoS PACKET At :1146638968501 251
Synch: Sending query: time=?;262
DOS THREAD: SEND DoS PACKET At :1146638969002 252
Received reply: time=;1146638968948;262
Synch Success: SAftr=1146638969025, SBfr=1146638968647, D=189, M=1146638968948
Scheduled a DoS to fire after 361ms
Synch: Sending query: time=?;263
DOS THREAD: SEND DoS PACKET At :1146638969502 253
Received reply: time=;1146638969410;263
Synch Success: SAftr=1146638969479, SBfr=1146638969384, D=47, M=1146638969410
Scheduled a DoS to fire after 41ms
DOS THREAD: SEND DoS PACKET At :1146638969501 254
Synch: Sending query: time=?;264
DOS THREAD: SEND DoS PACKET At :1146638970002 255
Received reply: time=;1146638970129;264
Synch Failure: 206 D was greater than U
Attempt: Sending query: time=?;265
Received reply: time=;1146638970392;265
Synch Success: SAftr=1146638970453, SBfr=1146638970375, D=39, M=1146638970392
Scheduled a DoS to fire after 68ms
DOS THREAD: SEND DoS PACKET At :1146638970502 256
Synch: Sending query: time=?;266
Received reply: time=;1146638970821;266
Synch Success: SAftr=1146638970873, SBfr=1146638970801, D=36, M=1146638970821
Scheduled a DoS to fire after 142ms
Synch: Sending query: time=?;267
Received reply: time=;1146638971233;267
Synch Success: SAftr=1146638971287, SBfr=1146638971214, D=36, M=1146638971233
Scheduled a DoS to fire after 225ms
DOS THREAD: SEND DoS PACKET At :1146638971502 257
Synch: Sending query: time=?;268
Received reply: time=;1146638971649;268
Synch Success: SAftr=1146638971707, SBfr=1146638971632, D=37, M=1146638971649
Scheduled a DoS to fire after 309ms
Synch: Sending query: time=?;269
DOS THREAD: SEND DoS PACKET At :1146638972002 258
Received reply: time=;1146638972067;269
Synch Success: SAftr=1146638972118, SBfr=1146638972046, D=36, M=1146638972067
Scheduled a DoS to fire after 369ms
Synch: Sending query: time=?;270
Received reply: time=;1146638972508;270
DOS THREAD: SEND DoS PACKET At :1146638972503 259
Synch Success: SAftr=1146638972557, SBfr=1146638972487, D=35, M=1146638972508
Scheduled a DoS to fire after 375ms
Synch: Sending query: time=?;271
Received reply: time=;1146638973019;271
Synch Success: SAftr=1146638973070, SBfr=1146638972990, D=40, M=1146638973019
Scheduled a DoS to fire after 439ms
DOS THREAD: SEND DoS PACKET At :1146638973002 260
Synch: Sending query: time=?;272
Received reply: time=;1146638973431;272
Synch Success: SAftr=1146638973537, SBfr=1146638973410, D=63, M=1146638973431
Scheduled a DoS to fire after 4ms
DOS THREAD: SEND DoS PACKET At :1146638973502 261
Synch: Sending query: time=?;273
Received reply: time=;1146638973909;273
Synch Success: SAftr=1146638973967, SBfr=1146638973891, D=38, M=1146638973909
Scheduled a DoS to fire after 52ms
DOS THREAD: SEND DoS PACKET At :1146638974001 262
DOS THREAD: SEND DoS PACKET At :1146638971001 263
Synch: Sending query: time=?;274
Received reply: time=;1146638974334;274
Synch Success: SAftr=1146638974403, SBfr=1146638974310, D=46, M=1146638974334
Scheduled a DoS to fire after 119ms
DOS THREAD: SEND DoS PACKET At :1146638974501 264
Synch: Sending query: time=?;275
Received reply: time=;1146638975036;275
Synch Success: SAftr=1146638975093, SBfr=1146638974737, D=178, M=1146638975036
Scheduled a DoS to fire after 284ms
DOS THREAD: SEND DoS PACKET At :1146638975003 265
Synch: Sending query: time=?;276
DOS THREAD: SEND DoS PACKET At :1146638975502 266
Received reply: time=;1146638975449;276
Synch Success: SAftr=1146638975515, SBfr=1146638975428, D=43, M=1146638975449
Scheduled a DoS to fire after 6ms
DOS THREAD: SEND DoS PACKET At :1146638975500 267
Synch: Sending query: time=?;277
Received reply: time=;1146638975918;277
Synch Success: SAftr=1146638976009, SBfr=1146638975872, D=68, M=1146638975918
Scheduled a DoS to fire after 13ms
DOS THREAD: SEND DoS PACKET At :1146638976009 268
Synch: Sending query: time=?;278
DOS THREAD: SEND DoS PACKET At :1146638973501 268
Received reply: time=;1146638976671;278
Synch Success: SAftr=1146638976742, SBfr=1146638976348, D=197, M=1146638976671
Scheduled a DoS to fire after 127ms
Synch: Sending query: time=?;279
Received reply: time=;1146638977148;279
Synch Success: SAftr=1146638977229, SBfr=1146638977096, D=66, M=1146638977148
Scheduled a DoS to fire after 285ms
Synch: Sending query: time=?;280
DOS THREAD: SEND DoS PACKET At :1146638977502 269
Received reply: time=;1146638977618;280
Synch Success: SAftr=1146638977735, SBfr=1146638977593, D=71, M=1146638977618
Scheduled a DoS to fire after 309ms
Synch: Sending query: time=?;281
DOS THREAD: SEND DoS PACKET At :1146638978002 270
Attempt: Sending query: time=?;282
DOS THREAD: SEND DoS PACKET At :1146638978504 270
Received reply: time=;1146638978641;282
Synch Success: SAftr=1146638978691, SBfr=1146638978620, D=35, M=1146638978641
Scheduled a DoS to fire after 323ms
Synch: Sending query: time=?;283
DOS THREAD: SEND DoS PACKET At :1146638979002 271
Received reply: time=;1146638979058;283
Synch Success: SAftr=1146638979115, SBfr=1146638979030, D=42, M=1146638979058
Scheduled a DoS to fire after 398ms
Received reply: time=;1146638978401;281
Synch Failure: sn and snPrime are not equal
Synch: Sending query: time=?;284
Received reply: time=;1146638981821;284
Synch Success: SAftr=1146638981881, SBfr=1146638981518, D=181, M=1146638981821
Scheduled a DoS to fire after 497ms
Synch: Sending query: time=?;285
Received reply: time=;1146638982267;285
Synch Success: SAftr=1146638982338, SBfr=1146638982243, D=47, M=1146638982267
Scheduled a DoS to fire after 184ms
DOS THREAD: SEND DoS PACKET At :1146638982501 271
Synch: Sending query: time=?;286
DOS THREAD: SEND DoS PACKET At :1146638979501 271
Attempt: Sending query: time=?;287
DOS THREAD: SEND DoS PACKET At :1146638976510 272
Received reply: time=;1146638982733;286
Synch Failure: sn and snPrime are not equal
DOS THREAD: SEND DoS PACKET At :1146638977001 273
Received reply: time=;1146638983290;287
Synch Failure: 1689 D was greater than U
Attempt: Sending query: time=?;288
Received reply: time=;1146638986697;288
Synch Failure: 1548 D was greater than U
Attempt: Sending query: time=?;289
DOS THREAD: SEND DoS PACKET At :1146638983002 274
DOS THREAD: SEND DoS PACKET At :1146638992072 275
DOS THREAD: SEND DoS PACKET At :1146638992574 275
Received reply: time=;1146638989920;289
Synch Failure: 1586 D was greater than U
Attempt: Sending query: time=?;290
DOS THREAD: SEND DoS PACKET At :1146638993076 276
Received reply: time=;1146638993359;290
Synch Success: SAftr=1146638993405, SBfr=1146638993037, D=184, M=1146638993359
Scheduled a DoS to fire after 456ms
DOS THREAD: SEND DoS PACKET At :1146638994003 277
DOS THREAD: SEND DoS PACKET At :1146638994505 278
DOS THREAD: SEND DoS PACKET At :1146638995007 279
DOS THREAD: SEND DoS PACKET At :1146638995509 279
DOS THREAD: SEND DoS PACKET At :1146638996009 280
DOS THREAD: SEND DoS PACKET At :1146638996510 281
DOS THREAD: SEND DoS PACKET At :1146638997012 282
DOS THREAD: SEND DoS PACKET At :1146638997514 283
DOS THREAD: SEND DoS PACKET At :1146638998016 284
DOS THREAD: SEND DoS PACKET At :1146638998517 285
DOS THREAD: SEND DoS PACKET At :1146638999024 286
DOS THREAD: SEND DoS PACKET At :1146639002108 287
DOS THREAD: SEND DoS PACKET At :1146639002609 288
Synch: Sending query: time=?;291
Received reply: time=;1146639002759;291
Synch Success: SAftr=1146639002819, SBfr=1146639002741, D=39, M=1146639002759
Scheduled a DoS to fire after 200ms
DOS THREAD: SEND DoS PACKET At :1146639003001 288
Synch: Sending query: time=?;292
Received reply: time=;1146639003197;292
Synch Success: SAftr=1146639003279, SBfr=1146639003177, D=51, M=1146639003197
Scheduled a DoS to fire after 221ms
DOS THREAD: SEND DoS PACKET At :1146639003505 289
DOS THREAD: SEND DoS PACKET At :1146639004010 290
DOS THREAD: SEND DoS PACKET At :1146639004511 291
DOS THREAD: SEND DoS PACKET At :1146639005014 292
DOS THREAD: SEND DoS PACKET At :1146639005515 293
DOS THREAD: SEND DoS PACKET At :1146639006016 293
DOS THREAD: SEND DoS PACKET At :1146639006517 293
Synch: Sending query: time=?;293
DOS THREAD: SEND DoS PACKET At :1146639007019 293
Attempt: Sending query: time=?;294
Received reply: time=;1146639007488;294
Synch Success: SAftr=1146639007545, SBfr=1146639007184, D=180, M=1146639007488
Scheduled a DoS to fire after 331ms
Synch: Sending query: time=?;295
DOS THREAD: SEND DoS PACKET At :1146639008014 294
Received reply: time=;1146639007914;295
Synch Success: SAftr=1146639007971, SBfr=1146639007891, D=40, M=1146639007914
Scheduled a DoS to fire after 45ms
DOS THREAD: SEND DoS PACKET At :1146639008002 295
Received reply: time=;1146639006680;293
Synch Failure: sn and snPrime are not equal
Synch: Sending query: time=?;296
Received reply: time=;1146639009788;296
Synch Success: SAftr=1146639009839, SBfr=1146639009770, D=34, M=1146639009788
Scheduled a DoS to fire after 177ms
Synch: Sending query: time=?;297
Received reply: time=;1146639010519;297
Synch Success: SAftr=1146639010566, SBfr=1146639010218, D=174, M=1146639010519
Scheduled a DoS to fire after 304ms
Synch: Sending query: time=?;298
DOS THREAD: SEND DoS PACKET At :1146639011003 296
DOS THREAD: SEND DoS PACKET At :1146639011505 297
Attempt: Sending query: time=?;299
Received reply: time=;1146639011487;299
Synch Success: SAftr=1146639011550, SBfr=1146639011463, D=43, M=1146639011487
Scheduled a DoS to fire after 468ms
DOS THREAD: SEND DoS PACKET At :1146639008503 298
Synch: Sending query: time=?;300
Received reply: time=;1146639011937;300
Synch Success: SAftr=1146639012001, SBfr=1146639011900, D=50, M=1146639011937
Scheduled a DoS to fire after 12ms
DOS THREAD: SEND DoS PACKET At :1146639010008 299
Received reply: time=;1146639010956;298
Synch Failure: sn and snPrime are not equal
Synch: Sending query: time=?;301
Received reply: time=;1146639014096;301
Synch Success: SAftr=1146639014210, SBfr=1146639014074, D=68, M=1146639014096
Scheduled a DoS to fire after 333ms
Synch: Sending query: time=?;302
Received reply: time=;1146639014574;302
Synch Success: SAftr=1146639014623, SBfr=1146639014555, D=34, M=1146639014574
Scheduled a DoS to fire after 389ms
DOS THREAD: SEND DoS PACKET At :1146639014502 300
Synch: Sending query: time=?;303
Received reply: time=;1146639015027;303
Synch Success: SAftr=1146639015074, SBfr=1146639015003, D=35, M=1146639015027
Scheduled a DoS to fire after 437ms
DOS THREAD: SEND DoS PACKET At :1146639015002 301
DOS THREAD: SEND DoS PACKET At :1146639012004 302
Synch: Sending query: time=?;304
Received reply: time=;1146639015448;304
Synch Success: SAftr=1146639015507, SBfr=1146639015429, D=39, M=1146639015448
Scheduled a DoS to fire after 11ms
DOS THREAD: SEND DoS PACKET At :1146639015501 303
Synch: Sending query: time=?;305
DOS THREAD: SEND DoS PACKET At :1146639016006 304
Received reply: time=;1146639016182;305
Synch Success: SAftr=1146639016245, SBfr=1146639015880, D=182, M=1146639016182
Scheduled a DoS to fire after 135ms
DOS THREAD: SEND DoS PACKET At :1146639016510 305
Synch: Sending query: time=?;306
Received reply: time=;1146639016642;306
Synch Success: SAftr=1146639016694, SBfr=1146639016621, D=36, M=1146639016642
Scheduled a DoS to fire after 321ms
Synch: Sending query: time=?;307
DOS THREAD: SEND DoS PACKET At :1146639017001 306
Received reply: time=;1146639017336;307
Synch Success: SAftr=1146639017382, SBfr=1146639017035, D=173, M=1146639017336
Scheduled a DoS to fire after 490ms
Synch: Sending query: time=?;308
DOS THREAD: SEND DoS PACKET At :1146639018002 307
Received reply: time=;1146639018013;308
Synch Success: SAftr=1146639018106, SBfr=1146639017717, D=194, M=1146639018013
Scheduled a DoS to fire after 290ms
Synch: Sending query: time=?;309
Received reply: time=;1146639018516;309
Synch Success: SAftr=1146639018599, SBfr=1146639018493, D=53, M=1146639018516
Scheduled a DoS to fire after 429ms
Synch: Sending query: time=?;310
Received reply: time=;1146639018987;310
Synch Success: SAftr=1146639019060, SBfr=1146639018966, D=47, M=1146639018987
Scheduled a DoS to fire after 464ms
DOS THREAD: SEND DoS PACKET At :1146639019001 308
Synch: Sending query: time=?;311
Received reply: time=;1146639019431;311
Synch Success: SAftr=1146639019480, SBfr=1146639019406, D=37, M=1146639019431
Scheduled a DoS to fire after 31ms
DOS THREAD: SEND DoS PACKET At :1146639019502 309
Synch: Sending query: time=?;312
DOS THREAD: SEND DoS PACKET At :1146639020005 310
Received reply: time=;1146639020137;312
Synch Success: SAftr=1146639020201, SBfr=1146639019835, D=183, M=1146639020137
Scheduled a DoS to fire after 179ms
DOS THREAD: SEND DoS PACKET At :1146639020502 311
Synch: Sending query: time=?;313
Received reply: time=;1146639020579;313
Synch Success: SAftr=1146639020664, SBfr=1146639020547, D=58, M=1146639020579
Scheduled a DoS to fire after 358ms
Synch: Sending query: time=?;314
Received reply: time=;1146639021025;314
DOS THREAD: SEND DoS PACKET At :1146639021003 312
Synch Success: SAftr=1146639021137, SBfr=1146639021008, D=64, M=1146639021025
Scheduled a DoS to fire after 398ms
DOS THREAD: SEND DoS PACKET At :1146639018501 313
Synch: Sending query: time=?;315
Received reply: time=;1146639021502;315
Synch Success: SAftr=1146639021593, SBfr=1146639021484, D=54, M=1146639021502
Scheduled a DoS to fire after 443ms
DOS THREAD: SEND DoS PACKET At :1146639021502 314
Synch: Sending query: time=?;316
Received reply: time=;1146639022025;316
Synch Success: SAftr=1146639022079, SBfr=1146639022007, D=36, M=1146639022025
Scheduled a DoS to fire after 438ms
DOS THREAD: SEND DoS PACKET At :1146639022002 315
Synch: Sending query: time=?;317
Received reply: time=;1146639022479;317
Synch Success: SAftr=1146639022547, SBfr=1146639022449, D=49, M=1146639022479
Scheduled a DoS to fire after 471ms
DOS THREAD: SEND DoS PACKET At :1146639022509 316
Synch: Sending query: time=?;318
Received reply: time=;1146639022932;318
Synch Success: SAftr=1146639023018, SBfr=1146639022905, D=56, M=1146639022932
Scheduled a DoS to fire after 10ms
DOS THREAD: SEND DoS PACKET At :1146639023005 317
Synch: Sending query: time=?;319
Received reply: time=;1146639023401;319
Synch Success: SAftr=1146639023491, SBfr=1146639023363, D=64, M=1146639023401
Scheduled a DoS to fire after 34ms
DOS THREAD: SEND DoS PACKET At :1146639023502 317
Synch: Sending query: time=?;320
Received reply: time=;1146639023849;320
Synch Success: SAftr=1146639023953, SBfr=1146639023832, D=60, M=1146639023849
Scheduled a DoS to fire after 90ms
DOS THREAD: SEND DoS PACKET At :1146639024005 318
Synch: Sending query: time=?;321
DOS THREAD: SEND DoS PACKET At :1146639024506 319
Received reply: time=;1146639024595;321
Synch Success: SAftr=1146639024671, SBfr=1146639024302, D=184, M=1146639024595
Scheduled a DoS to fire after 219ms
DOS THREAD: SEND DoS PACKET At :1146639025001 320
Synch: Sending query: time=?;322
DOS THREAD: SEND DoS PACKET At :1146639025509 321
Attempt: Sending query: time=?;323
Received reply: time=;1146639025591;323
Synch Success: SAftr=1146639025654, SBfr=1146639025571, D=41, M=1146639025591
Scheduled a DoS to fire after 366ms
Synch: Sending query: time=?;324
DOS THREAD: SEND DoS PACKET At :1146639026002 322
Attempt: Sending query: time=?;325
DOS THREAD: SEND DoS PACKET At :1146639026504 323
Received reply: time=;1146639026577;325
Synch Success: SAftr=1146639026630, SBfr=1146639026559, D=35, M=1146639026577
Scheduled a DoS to fire after 387ms
DOS THREAD: SEND DoS PACKET At :1146639027001 324
DOS THREAD: SEND DoS PACKET At :1146639027502 325
Received reply: time=;1146639025053;322
Synch Failure: sn and snPrime are not equal
DOS THREAD: SEND DoS PACKET At :1146639028006 326
DOS THREAD: SEND DoS PACKET At :1146639031083 327
DOS THREAD: SEND DoS PACKET At :1146639031584 328
DOS THREAD: SEND DoS PACKET At :1146639034625 329
Received reply: time=;1146639026042;324
Synch Failure: sn and snPrime are not equal
Synch: Sending query: time=?;326
DOS THREAD: SEND DoS PACKET At :1146639035127 330
Received reply: time=;1146639035144;326
Synch Success: SAftr=1146639035258, SBfr=1146639035127, D=65, M=1146639035144
Scheduled a DoS to fire after 284ms
Synch: Sending query: time=?;327
DOS THREAD: SEND DoS PACKET At :1146639035502 331
Received reply: time=;1146639035624;327
Synch Success: SAftr=1146639035683, SBfr=1146639035602, D=40, M=1146639035624
Scheduled a DoS to fire after 334ms
Synch: Sending query: time=?;328
DOS THREAD: SEND DoS PACKET At :1146639036002 332
Received reply: time=;1146639036045;328
Synch Success: SAftr=1146639036092, SBfr=1146639036025, D=33, M=1146639036045
Scheduled a DoS to fire after 421ms
Synch: Sending query: time=?;329
Received reply: time=;1146639036464;329
Synch Success: SAftr=1146639036545, SBfr=1146639036439, D=53, M=1146639036464
Scheduled a DoS to fire after 481ms
DOS THREAD: SEND DoS PACKET At :1146639036502 333
Synch: Sending query: time=?;330
Received reply: time=;1146639036907;330
Synch Success: SAftr=1146639036962, SBfr=1146639036890, D=36, M=1146639036907
Scheduled a DoS to fire after 55ms
DOS THREAD: SEND DoS PACKET At :1146639037002 334
Synch: Sending query: time=?;331
DOS THREAD: SEND DoS PACKET At :1146639037503 334
Attempt: Sending query: time=?;332
Received reply: time=;1146639037340;331
Synch Failure: sn and snPrime are not equal
Received reply: time=;1146639037963;332
Synch Failure: 1551 D was greater than U
DOS THREAD: SEND DoS PACKET At :1146639038005 335
Attempt: Sending query: time=?;333
Received reply: time=;1146639044411;333
Synch Failure: 1685 D was greater than U
Attempt: Sending query: time=?;334
Received reply: time=;1146639047540;334
Synch Success: SAftr=1146639047632, SBfr=1146639047521, D=55, M=1146639047540
Scheduled a DoS to fire after 404ms
Synch: Sending query: time=?;335
Received reply: time=;1146639047998;335
Synch Success: SAftr=1146639048097, SBfr=1146639047977, D=60, M=1146639047998
Scheduled a DoS to fire after 441ms
DOS THREAD: SEND DoS PACKET At :1146639048001 335
Synch: Sending query: time=?;336
DOS THREAD: SEND DoS PACKET At :1146639048502 335
Received reply: time=;1146639048786;336
Synch Success: SAftr=1146639048837, SBfr=1146639048467, D=185, M=1146639048786
Scheduled a DoS to fire after 28ms
DOS THREAD: SEND DoS PACKET At :1146639049002 336
Synch: Sending query: time=?;337
Received reply: time=;1146639049203;337
Synch Success: SAftr=1146639049259, SBfr=1146639049179, D=40, M=1146639049203
Scheduled a DoS to fire after 253ms
DOS THREAD: SEND DoS PACKET At :1146639049501 337
Synch: Sending query: time=?;338
Received reply: time=;1146639049927;338
Synch Success: SAftr=1146639050008, SBfr=1146639049608, D=200, M=1146639049927
Scheduled a DoS to fire after 372ms
DOS THREAD: SEND DoS PACKET At :1146639041095 338
Synch: Sending query: time=?;339
Received reply: time=;1146639050366;339
DOS THREAD: SEND DoS PACKET At :1146639050502 339
Synch Success: SAftr=1146639050458, SBfr=1146639050342, D=58, M=1146639050366
Scheduled a DoS to fire after 67ms
DOS THREAD: SEND DoS PACKET At :1146639050502 340
Synch: Sending query: time=?;340
Received reply: time=;1146639050851;340
Synch Success: SAftr=1146639050918, SBfr=1146639050822, D=48, M=1146639050851
Scheduled a DoS to fire after 98ms
DOS THREAD: SEND DoS PACKET At :1146639051002 341
Synch: Sending query: time=?;341
Received reply: time=;1146639051278;341
Synch Success: SAftr=1146639051393, SBfr=1146639051258, D=67, M=1146639051278
Scheduled a DoS to fire after 154ms
DOS THREAD: SEND DoS PACKET At :1146639051502 342
Synch: Sending query: time=?;342
Received reply: time=;1146639051747;342
Synch Success: SAftr=1146639051796, SBfr=1146639051729, D=33, M=1146639051747
Scheduled a DoS to fire after 219ms
DOS THREAD: SEND DoS PACKET At :1146639052001 343
Synch: Sending query: time=?;343
Received reply: time=;1146639052168;343
Synch Success: SAftr=1146639052239, SBfr=1146639052149, D=45, M=1146639052168
Scheduled a DoS to fire after 285ms
Synch: Sending query: time=?;344
DOS THREAD: SEND DoS PACKET At :1146639052503 344
Received reply: time=;1146639052892;344
Synch Success: SAftr=1146639052947, SBfr=1146639052580, D=183, M=1146639052892
Scheduled a DoS to fire after 424ms
Synch: Sending query: time=?;345
DOS THREAD: SEND DoS PACKET At :1146639053501 345
Received reply: time=;1146639053610;345
Synch Success: SAftr=1146639053672, SBfr=1146639053297, D=187, M=1146639053610
Scheduled a DoS to fire after 200ms
DOS THREAD: SEND DoS PACKET At :1146639054002 346
Synch: Sending query: time=?;346
Received reply: time=;1146639054033;346
Synch Success: SAftr=1146639054096, SBfr=1146639054012, D=42, M=1146639054033
Scheduled a DoS to fire after 424ms
Synch: Sending query: time=?;347
Received reply: time=;1146639054454;347
Synch Success: SAftr=1146639054517, SBfr=1146639054435, D=41, M=1146639054454
Scheduled a DoS to fire after 500ms
DOS THREAD: SEND DoS PACKET At :1146639055002 347
DOS THREAD: SEND DoS PACKET At :1146639055504 348
DOS THREAD: SEND DoS PACKET At :1146639056006 349
DOS THREAD: SEND DoS PACKET At :1146639056508 350
DOS THREAD: SEND DoS PACKET At :1146639057010 351
DOS THREAD: SEND DoS PACKET At :1146639057512 352
Synch: Sending query: time=?;348
Received reply: time=;1146639057877;348
Synch Success: SAftr=1146639057924, SBfr=1146639057856, D=34, M=1146639057877
Scheduled a DoS to fire after 46ms
DOS THREAD: SEND DoS PACKET At :1146639058002 353
Synch: Sending query: time=?;349
DOS THREAD: SEND DoS PACKET At :1146639058504 354
Received reply: time=;1146639058616;349
Synch Success: SAftr=1146639058681, SBfr=1146639058313, D=184, M=1146639058616
Scheduled a DoS to fire after 199ms
DOS THREAD: SEND DoS PACKET At :1146639059001 355
Synch: Sending query: time=?;350
Received reply: time=;1146639059334;350
Synch Success: SAftr=1146639059389, SBfr=1146639059030, D=179, M=1146639059334
Scheduled a DoS to fire after 484ms
DOS THREAD: SEND DoS PACKET At :1146639059502 356
Synch: Sending query: time=?;351
Received reply: time=;1146639059763;351
Synch Success: SAftr=1146639059814, SBfr=1146639059745, D=34, M=1146639059763
Scheduled a DoS to fire after 200ms
DOS THREAD: SEND DoS PACKET At :1146639060001 357
Synch: Sending query: time=?;352
Received reply: time=;1146639060209;352
Synch Success: SAftr=1146639060263, SBfr=1146639060172, D=45, M=1146639060209
Scheduled a DoS to fire after 245ms
DOS THREAD: SEND DoS PACKET At :1146639060501 358
Synch: Sending query: time=?;353
Received reply: time=;1146639060682;353
Synch Success: SAftr=1146639060829, SBfr=1146639060659, D=85, M=1146639060682
Scheduled a DoS to fire after 230ms
DOS THREAD: SEND DoS PACKET At :1146639061001 359
Synch: Sending query: time=?;354
Received reply: time=;1146639061198;354
Synch Success: SAftr=1146639061263, SBfr=1146639061173, D=45, M=1146639061198
Scheduled a DoS to fire after 227ms
DOS THREAD: SEND DoS PACKET At :1146639061502 360
Synch: Sending query: time=?;355
Received reply: time=;1146639061656;355
Synch Success: SAftr=1146639061731, SBfr=1146639061634, D=48, M=1146639061656
Scheduled a DoS to fire after 295ms
Synch: Sending query: time=?;356
Received reply: time=;1146639062133;356
Synch Success: SAftr=1146639062219, SBfr=1146639062104, D=57, M=1146639062133
Scheduled a DoS to fire after 308ms
Synch: Sending query: time=?;357
DOS THREAD: SEND DoS PACKET At :1146639062501 361
Received reply: time=;1146639062670;357
Synch Success: SAftr=1146639062724, SBfr=1146639062639, D=42, M=1146639062670
Scheduled a DoS to fire after 287ms
Synch: Sending query: time=?;358
DOS THREAD: SEND DoS PACKET At :1146639063002 362
Received reply: time=;1146639063083;358
Synch Success: SAftr=1146639063142, SBfr=1146639063066, D=38, M=1146639063083
Scheduled a DoS to fire after 375ms
Synch: Sending query: time=?;359
DOS THREAD: SEND DoS PACKET At :1146639063502 363
Attempt: Sending query: time=?;360
Received reply: time=;1146639064053;360
Synch Success: SAftr=1146639064105, SBfr=1146639064034, D=35, M=1146639064053
Scheduled a DoS to fire after 410ms
DOS THREAD: SEND DoS PACKET At :1146639064012 364
Synch: Sending query: time=?;361
Received reply: time=;1146639064465;361
Synch Success: SAftr=1146639064519, SBfr=1146639064449, D=35, M=1146639064465
Scheduled a DoS to fire after 497ms
DOS THREAD: SEND DoS PACKET At :1146639064502 365
DOS THREAD: SEND DoS PACKET At :1146639065003 366
DOS THREAD: SEND DoS PACKET At :1146639062003 366
DOS THREAD: SEND DoS PACKET At :1146639065505 367
DOS THREAD: SEND DoS PACKET At :1146639066007 368
DOS THREAD: SEND DoS PACKET At :1146639066508 369
Received reply: time=;1146639063518;359
Synch Failure: sn and snPrime are not equal
DOS THREAD: SEND DoS PACKET At :1146639067010 370
DOS THREAD: SEND DoS PACKET At :1146639067512 371
DOS THREAD: SEND DoS PACKET At :1146639068013 372
DOS THREAD: SEND DoS PACKET At :1146639068514 372
DOS THREAD: SEND DoS PACKET At :1146639069017 373
DOS THREAD: SEND DoS PACKET At :1146639069518 373
Synch: Sending query: time=?;362
Received reply: time=;1146639070031;362
Synch Success: SAftr=1146639070085, SBfr=1146639069722, D=181, M=1146639070031
Scheduled a DoS to fire after 285ms
DOS THREAD: SEND DoS PACKET At :1146639070020 374
Synch: Sending query: time=?;363
DOS THREAD: SEND DoS PACKET At :1146639070501 375
Received reply: time=;1146639070757;363
Synch Success: SAftr=1146639070826, SBfr=1146639070437, D=194, M=1146639070757
Scheduled a DoS to fire after 48ms
DOS THREAD: SEND DoS PACKET At :1146639071002 376
Synch: Sending query: time=?;364
Received reply: time=;1146639071181;364
Synch Success: SAftr=1146639071247, SBfr=1146639071163, D=42, M=1146639071181
Scheduled a DoS to fire after 276ms
DOS THREAD: SEND DoS PACKET At :1146639071502 377
Synch: Sending query: time=?;365
Received reply: time=;1146639071610;365
Synch Success: SAftr=1146639071661, SBfr=1146639071589, D=36, M=1146639071610
Scheduled a DoS to fire after 352ms
Synch: Sending query: time=?;366
Received reply: time=;1146639072018;366
Synch Success: SAftr=1146639072067, SBfr=1146639072001, D=33, M=1146639072018
Scheduled a DoS to fire after 448ms
DOS THREAD: SEND DoS PACKET At :1146639072002 378
Synch: Sending query: time=?;367
Received reply: time=;1146639072441;367
Synch Success: SAftr=1146639072501, SBfr=1146639072419, D=41, M=1146639072441
Scheduled a DoS to fire after 13ms
DOS THREAD: SEND DoS PACKET At :1146639072507 379
Synch: Sending query: time=?;368
Received reply: time=;1146639072856;368
Synch Success: SAftr=1146639072962, SBfr=1146639072839, D=61, M=1146639072856
Scheduled a DoS to fire after 80ms
DOS THREAD: SEND DoS PACKET At :1146639073001 380
Synch: Sending query: time=?;369
Received reply: time=;1146639073316;369
Synch Success: SAftr=1146639073374, SBfr=1146639073299, D=37, M=1146639073316
Scheduled a DoS to fire after 129ms
DOS THREAD: SEND DoS PACKET At :1146639073501 381
Synch: Sending query: time=?;370
Received reply: time=;1146639073750;370
Synch Success: SAftr=1146639073798, SBfr=1146639073733, D=32, M=1146639073750
Scheduled a DoS to fire after 214ms
DOS THREAD: SEND DoS PACKET At :1146639074010 382
Synch: Sending query: time=?;371
Received reply: time=;1146639074152;371
Synch Success: SAftr=1146639074223, SBfr=1146639074135, D=44, M=1146639074152
Scheduled a DoS to fire after 290ms
Synch: Sending query: time=?;372
DOS THREAD: SEND DoS PACKET At :1146639074502 383
Received reply: time=;1146639074596;372
Synch Success: SAftr=1146639074642, SBfr=1146639074579, D=31, M=1146639074596
Scheduled a DoS to fire after 372ms
Synch: Sending query: time=?;373
Received reply: time=;1146639075018;373
Synch Success: SAftr=1146639075067, SBfr=1146639074992, D=37, M=1146639075018
Scheduled a DoS to fire after 444ms
DOS THREAD: SEND DoS PACKET At :1146639075001 384
Synch: Sending query: time=?;374
DOS THREAD: SEND DoS PACKET At :1146639075501 385
Attempt: Sending query: time=?;375
Received reply: time=;1146639075999;375
Synch Success: SAftr=1146639076058, SBfr=1146639075982, D=38, M=1146639075999
Scheduled a DoS to fire after 456ms
DOS THREAD: SEND DoS PACKET At :1146639076004 386
Synch: Sending query: time=?;376
DOS THREAD: SEND DoS PACKET At :1146639076501 387
Received reply: time=;1146639076727;376
Synch Success: SAftr=1146639076775, SBfr=1146639076423, D=176, M=1146639076727
Scheduled a DoS to fire after 95ms
DOS THREAD: SEND DoS PACKET At :1146639077001 388
DOS THREAD: SEND DoS PACKET At :1146639077503 389
DOS THREAD: SEND DoS PACKET At :1146639078004 390
DOS THREAD: SEND DoS PACKET At :1146639078506 391
Received reply: time=;1146639075438;374
Synch Failure: sn and snPrime are not equal
Synch: Sending query: time=?;377
Received reply: time=;1146639078835;377
Synch Success: SAftr=1146639078885, SBfr=1146639078815, D=35, M=1146639078835
Scheduled a DoS to fire after 111ms
DOS THREAD: SEND DoS PACKET At :1146639079008 392
DOS THREAD: SEND DoS PACKET At :1146639079002 393
Synch: Sending query: time=?;378
Received reply: time=;1146639079276;378
Synch Success: SAftr=1146639079340, SBfr=1146639079255, D=42, M=1146639079276
Scheduled a DoS to fire after 182ms
DOS THREAD: SEND DoS PACKET At :1146639079502 394
Synch: Sending query: time=?;379
Received reply: time=;1146639079703;379
Synch Success: SAftr=1146639079766, SBfr=1146639079679, D=43, M=1146639079703
Scheduled a DoS to fire after 219ms
DOS THREAD: SEND DoS PACKET At :1146639080001 395
Synch: Sending query: time=?;380
Received reply: time=;1146639080186;380
Synch Success: SAftr=1146639080246, SBfr=1146639080155, D=45, M=1146639080186
Scheduled a DoS to fire after 264ms
DOS THREAD: SEND DoS PACKET At :1146639080501 396
Synch: Sending query: time=?;381
Received reply: time=;1146639080639;381
Synch Success: SAftr=1146639080706, SBfr=1146639080620, D=43, M=1146639080639
Scheduled a DoS to fire after 317ms
Synch: Sending query: time=?;382
DOS THREAD: SEND DoS PACKET At :1146639081001 397
Received reply: time=;1146639081073;382
Synch Success: SAftr=1146639081127, SBfr=1146639081053, D=37, M=1146639081073
Scheduled a DoS to fire after 389ms
Synch: Sending query: time=?;383
DOS THREAD: SEND DoS PACKET At :1146639081501 398
Received reply: time=;1146639081777;383
Synch Success: SAftr=1146639081844, SBfr=1146639081467, D=188, M=1146639081777
Scheduled a DoS to fire after 34ms
DOS THREAD: SEND DoS PACKET At :1146639082002 399
Synch: Sending query: time=?;384
Received reply: time=;1146639082209;384
Synch Success: SAftr=1146639082313, SBfr=1146639082185, D=64, M=1146639082209
Scheduled a DoS to fire after 223ms
DOS THREAD: SEND DoS PACKET At :1146639082501 400
Synch: Sending query: time=?;385
Received reply: time=;1146639082726;385
Synch Success: SAftr=1146639082773, SBfr=1146639082696, D=38, M=1146639082726
Scheduled a DoS to fire after 235ms
DOS THREAD: SEND DoS PACKET At :1146639083002 401
Synch: Sending query: time=?;386
Received reply: time=;1146639083140;386
