Master Name = 128.208.1.139
Master Send Port = 20010
Slave Rcv Port = 20100
U = 200 milliseconds
k = 10
W = 500 milliseconds
Synch Frequency = 300 milliseconds
DoS Target Host Name = 24.17.85.236
DoS Target Port = 80
AttackLifetime = 5 minute(s)
Attack Mode = TCP
Synch: Sending query: time=?;1
Received reply: time=;1146638843847;1
Synch Failure: 370 D was greater than U
Attempt: Sending query: time=?;2
Received reply: time=;1146638844620;2
Synch Failure: 421 D was greater than U
Attempt: Sending query: time=?;3
Received reply: time=;1146638845907;3
Synch Failure: 439 D was greater than U
Attempt: Sending query: time=?;4
Received reply: time=;1146638847549;4
Synch Failure: 1503 D was greater than U
Attempt: Sending query: time=?;5
Received reply: time=;1146638850653;5
Synch Failure: 365 D was greater than U
Attempt: Sending query: time=?;6
Received reply: time=;1146638851853;6
Synch Failure: 216 D was greater than U
Attempt: Sending query: time=?;7
Received reply: time=;1146638852618;7
Synch Failure: 393 D was greater than U
Attempt: Sending query: time=?;8
Received reply: time=;1146638853659;8
Synch Failure: 345 D was greater than U
Attempt: Sending query: time=?;9
Received reply: time=;1146638855083;9
Synch Failure: 1303 D was greater than U
Attempt: Sending query: time=?;10
Received reply: time=;1146638857954;10
Synch Failure: 491 D was greater than U
Maximum number of successive reading attempts failed
Leaving group and re-joining...
Synch: Sending query: time=?;11
Received reply: time=;1146638859197;11
Synch Failure: 207 D was greater than U
Attempt: Sending query: time=?;12
Received reply: time=;1146638859815;12
Synch Failure: 220 D was greater than U
Attempt: Sending query: time=?;13
Received reply: time=;1146638860615;13
Synch Failure: 450 D was greater than U
Attempt: Sending query: time=?;14
Received reply: time=;1146638861793;14
Synch Failure: 321 D was greater than U
Attempt: Sending query: time=?;15
Received reply: time=;1146638862700;15
Synch Failure: 217 D was greater than U
Attempt: Sending query: time=?;16
Received reply: time=;1146638863503;16
Synch Failure: 358 D was greater than U
Attempt: Sending query: time=?;17
Received reply: time=;1146638864386;17
Synch Success: SAftr=1146638864570, SBfr=1146638864358, D=106, M=1146638864386
Scheduled a DoS to fire after 3ms
DOS THREAD: SEND DoS PACKET At :1146638864501 1
Synch: Sending query: time=?;18
DOS THREAD: SEND DoS PACKET At :1146638865003 2
Received reply: time=;1146638865135;18
Synch Failure: 228 D was greater than U
Attempt: Sending query: time=?;19
DOS THREAD: SEND DoS PACKET At :1146638865509 3
DOS THREAD: SEND DoS PACKET At :1146638868749 4
DOS THREAD: SEND DoS PACKET At :1146638869251 5
Received reply: time=;1146638869030;19
Synch Failure: 464 D was greater than U
Attempt: Sending query: time=?;20
DOS THREAD: SEND DoS PACKET At :1146638869753 5
DOS THREAD: SEND DoS PACKET At :1146638870255 6
Received reply: time=;1146638870418;20
Synch Failure: 518 D was greater than U
DOS THREAD: SEND DoS PACKET At :1146638870883 7
Attempt: Sending query: time=?;21
DOS THREAD: SEND DoS PACKET At :1146638871384 8
DOS THREAD: SEND DoS PACKET At :1146638871968 9
Received reply: time=;1146638871913;21
Synch Failure: 626 D was greater than U
Attempt: Sending query: time=?;22
Received reply: time=;1146638873191;22
Synch Failure: 1187 D was greater than U
Attempt: Sending query: time=?;23
DOS THREAD: SEND DoS PACKET At :1146638872617 10
DOS THREAD: SEND DoS PACKET At :1146638875835 11
Received reply: time=;1146638875932;23
Synch Failure: 254 D was greater than U
DOS THREAD: SEND DoS PACKET At :1146638876337 12
Attempt: Sending query: time=?;24
DOS THREAD: SEND DoS PACKET At :1146638876844 13
Received reply: time=;1146638876891;24
Synch Failure: 450 D was greater than U
DOS THREAD: SEND DoS PACKET At :1146638877346 14
Attempt: Sending query: time=?;25
Received reply: time=;1146638877806;25
Synch Failure: 246 D was greater than U
DOS THREAD: SEND DoS PACKET At :1146638877848 15
Attempt: Sending query: time=?;26
DOS THREAD: SEND DoS PACKET At :1146638878358 16
Received reply: time=;1146638878712;26
Synch Failure: 311 D was greater than U
DOS THREAD: SEND DoS PACKET At :1146638878861 17
Attempt: Sending query: time=?;27
DOS THREAD: SEND DoS PACKET At :1146638879362 18
DOS THREAD: SEND DoS PACKET At :1146638879863 19
DOS THREAD: SEND DoS PACKET At :1146638880364 20
DOS THREAD: SEND DoS PACKET At :1146638880865 21
Received reply: time=;1146638879556;27
Synch Failure: 996 D was greater than U
Maximum number of successive reading attempts failed
Leaving group and re-joining...
Synch: Sending query: time=?;28
DOS THREAD: SEND DoS PACKET At :1146638881366 22
DOS THREAD: SEND DoS PACKET At :1146638881868 23
Received reply: time=;1146638881922;28
Synch Failure: 220 D was greater than U
Attempt: Sending query: time=?;29
DOS THREAD: SEND DoS PACKET At :1146638882369 23
Received reply: time=;1146638882607;29
Synch Failure: 256 D was greater than U
DOS THREAD: SEND DoS PACKET At :1146638882871 24
Attempt: Sending query: time=?;30
DOS THREAD: SEND DoS PACKET At :1146638883381 25
Received reply: time=;1146638883290;30
Synch Failure: 371 D was greater than U
DOS THREAD: SEND DoS PACKET At :1146638883883 26
Attempt: Sending query: time=?;31
DOS THREAD: SEND DoS PACKET At :1146638884385 27
Received reply: time=;1146638884490;31
Synch Failure: 387 D was greater than U
DOS THREAD: SEND DoS PACKET At :1146638884887 28
Attempt: Sending query: time=?;32
Received reply: time=;1146638885642;32
Synch Failure: 388 D was greater than U
Attempt: Sending query: time=?;33
Received reply: time=;1146638886873;33
Synch Failure: 600 D was greater than U
Attempt: Sending query: time=?;34
Received reply: time=;1146638888104;34
Synch Success: SAftr=1146638888445, SBfr=1146638888056, D=194, M=1146638888104
Scheduled a DoS to fire after 197ms
Synch: Sending query: time=?;35
Received reply: time=;1146638888974;35
Synch Failure: 271 D was greater than U
Attempt: Sending query: time=?;36
Received reply: time=;1146638890016;36
Synch Failure: 246 D was greater than U
Attempt: Sending query: time=?;37
Received reply: time=;1146638890715;37
Synch Failure: 363 D was greater than U
Attempt: Sending query: time=?;38
DOS THREAD: SEND DoS PACKET At :1146638888503 29
DOS THREAD: SEND DoS PACKET At :1146638885389 30
DOS THREAD: SEND DoS PACKET At :1146638891619 31
DOS THREAD: SEND DoS PACKET At :1146638892120 32
DOS THREAD: SEND DoS PACKET At :1146638892621 33
DOS THREAD: SEND DoS PACKET At :1146638893123 34
DOS THREAD: SEND DoS PACKET At :1146638893625 35
DOS THREAD: SEND DoS PACKET At :1146638894126 35
DOS THREAD: SEND DoS PACKET At :1146638894627 36
Received reply: time=;1146638891933;38
Synch Failure: 1872 D was greater than U
DOS THREAD: SEND DoS PACKET At :1146638895128 37
Attempt: Sending query: time=?;39
Received reply: time=;1146638895559;39
Synch Success: SAftr=1146638895749, SBfr=1146638895532, D=108, M=1146638895559
Scheduled a DoS to fire after 329ms
DOS THREAD: SEND DoS PACKET At :1146638896001 38
Synch: Sending query: time=?;40
DOS THREAD: SEND DoS PACKET At :1146638896502 39
Received reply: time=;1146638896626;40
Synch Failure: 250 D was greater than U
DOS THREAD: SEND DoS PACKET At :1146638897003 40
Attempt: Sending query: time=?;41
Received reply: time=;1146638897473;41
Synch Failure: 231 D was greater than U
DOS THREAD: SEND DoS PACKET At :1146638897507 41
Attempt: Sending query: time=?;42
DOS THREAD: SEND DoS PACKET At :1146638898008 42
Received reply: time=;1146638898261;42
Synch Success: SAftr=1146638898433, SBfr=1146638898104, D=164, M=1146638898261
Scheduled a DoS to fire after 72ms
DOS THREAD: SEND DoS PACKET At :1146638898504 43
Synch: Sending query: time=?;43
DOS THREAD: SEND DoS PACKET At :1146638899006 44
Received reply: time=;1146638898955;43
Synch Success: SAftr=1146638899143, SBfr=1146638898905, D=119, M=1146638898955
Scheduled a DoS to fire after 424ms
Synch: Sending query: time=?;44
DOS THREAD: SEND DoS PACKET At :1146638899502 45
Received reply: time=;1146638899622;44
Synch Success: SAftr=1146638899790, SBfr=1146638899553, D=118, M=1146638899622
Scheduled a DoS to fire after 258ms
DOS THREAD: SEND DoS PACKET At :1146638900003 45
Synch: Sending query: time=?;45
Received reply: time=;1146638900221;45
Synch Success: SAftr=1146638900456, SBfr=1146638900193, D=131, M=1146638900221
Scheduled a DoS to fire after 146ms
DOS THREAD: SEND DoS PACKET At :1146638900510 46
Synch: Sending query: time=?;46
Received reply: time=;1146638900935;46
Synch Success: SAftr=1146638901219, SBfr=1146638900887, D=166, M=1146638900935
Scheduled a DoS to fire after 397ms
DOS THREAD: SEND DoS PACKET At :1146638901012 47
Synch: Sending query: time=?;47
DOS THREAD: SEND DoS PACKET At :1146638901501 48
Received reply: time=;1146638901689;47
Synch Success: SAftr=1146638901997, SBfr=1146638901654, D=171, M=1146638901689
Scheduled a DoS to fire after 137ms
Synch: Sending query: time=?;48
Received reply: time=;1146638902477;48
Synch Success: SAftr=1146638902732, SBfr=1146638902402, D=165, M=1146638902477
Scheduled a DoS to fire after 357ms
Synch: Sending query: time=?;49
DOS THREAD: SEND DoS PACKET At :1146638903001 49
Received reply: time=;1146638903260;49
Synch Success: SAftr=1146638903537, SBfr=1146638903170, D=183, M=1146638903260
Scheduled a DoS to fire after 55ms
DOS THREAD: SEND DoS PACKET At :1146638903501 50
Synch: Sending query: time=?;50
DOS THREAD: SEND DoS PACKET At :1146638904008 51
Received reply: time=;1146638904101;50
Synch Success: SAftr=1146638904327, SBfr=1146638903992, D=167, M=1146638904101
Scheduled a DoS to fire after 229ms
DOS THREAD: SEND DoS PACKET At :1146638904502 52
Synch: Sending query: time=?;51
Received reply: time=;1146638904776;51
Synch Success: SAftr=1146638905041, SBfr=1146638904734, D=153, M=1146638904776
Scheduled a DoS to fire after 62ms
DOS THREAD: SEND DoS PACKET At :1146638905002 53
DOS THREAD: SEND DoS PACKET At :1146638902002 54
Synch: Sending query: time=?;52
Received reply: time=;1146638905482;52
Synch Success: SAftr=1146638905654, SBfr=1146638905454, D=100, M=1146638905482
Scheduled a DoS to fire after 415ms
Synch: Sending query: time=?;53
DOS THREAD: SEND DoS PACKET At :1146638906002 55
Received reply: time=;1146638906099;53
Synch Success: SAftr=1146638906273, SBfr=1146638906071, D=101, M=1146638906099
Scheduled a DoS to fire after 295ms
Synch: Sending query: time=?;54
DOS THREAD: SEND DoS PACKET At :1146638906509 56
Received reply: time=;1146638906713;54
Synch Success: SAftr=1146638906991, SBfr=1146638906679, D=156, M=1146638906713
Scheduled a DoS to fire after 128ms
DOS THREAD: SEND DoS PACKET At :1146638907001 57
Synch: Sending query: time=?;55
Received reply: time=;1146638907427;55
Synch Success: SAftr=1146638907610, SBfr=1146638907385, D=112, M=1146638907427
Scheduled a DoS to fire after 457ms
Synch: Sending query: time=?;56
DOS THREAD: SEND DoS PACKET At :1146638908002 57
Received reply: time=;1146638908057;56
Synch Success: SAftr=1146638908203, SBfr=1146638908029, D=87, M=1146638908057
Scheduled a DoS to fire after 353ms
Synch: Sending query: time=?;57
DOS THREAD: SEND DoS PACKET At :1146638905504 58
DOS THREAD: SEND DoS PACKET At :1146638908502 59
Received reply: time=;1146638908638;57
Synch Success: SAftr=1146638908849, SBfr=1146638908598, D=125, M=1146638908638
Scheduled a DoS to fire after 235ms
DOS THREAD: SEND DoS PACKET At :1146638909002 60
Synch: Sending query: time=?;58
Received reply: time=;1146638909282;58
Synch Success: SAftr=1146638909468, SBfr=1146638909253, D=107, M=1146638909282
Scheduled a DoS to fire after 99ms
DOS THREAD: SEND DoS PACKET At :1146638909502 61
Synch: Sending query: time=?;59
Received reply: time=;1146638909945;59
Synch Success: SAftr=1146638910160, SBfr=1146638909893, D=133, M=1146638909945
Scheduled a DoS to fire after 421ms
DOS THREAD: SEND DoS PACKET At :1146638910004 62
Synch: Sending query: time=?;60
DOS THREAD: SEND DoS PACKET At :1146638910502 63
Received reply: time=;1146638910691;60
Synch Success: SAftr=1146638910873, SBfr=1146638910662, D=105, M=1146638910691
Scheduled a DoS to fire after 195ms
DOS THREAD: SEND DoS PACKET At :1146638911002 64
Synch: Sending query: time=?;61
Received reply: time=;1146638911348;61
Synch Success: SAftr=1146638911531, SBfr=1146638911317, D=107, M=1146638911348
Scheduled a DoS to fire after 44ms
DOS THREAD: SEND DoS PACKET At :1146638911502 65
Synch: Sending query: time=?;62
DOS THREAD: SEND DoS PACKET At :1146638912003 66
Received reply: time=;1146638912107;62
Synch Success: SAftr=1146638912281, SBfr=1146638912066, D=107, M=1146638912107
Scheduled a DoS to fire after 284ms
DOS THREAD: SEND DoS PACKET At :1146638912501 67
Synch: Sending query: time=?;63
Received reply: time=;1146638912716;63
Synch Success: SAftr=1146638912905, SBfr=1146638912688, D=108, M=1146638912716
Scheduled a DoS to fire after 173ms
DOS THREAD: SEND DoS PACKET At :1146638913001 68
Synch: Sending query: time=?;64
Received reply: time=;1146638913340;64
Synch Success: SAftr=1146638913504, SBfr=1146638913310, D=97, M=1146638913340
Scheduled a DoS to fire after 60ms
DOS THREAD: SEND DoS PACKET At :1146638913501 69
Synch: Sending query: time=?;65
Received reply: time=;1146638913937;65
Synch Success: SAftr=1146638914107, SBfr=1146638913907, D=100, M=1146638913937
Scheduled a DoS to fire after 462ms
Synch: Sending query: time=?;66
DOS THREAD: SEND DoS PACKET At :1146638914502 70
Received reply: time=;1146638914543;66
Synch Success: SAftr=1146638914719, SBfr=1146638914513, D=103, M=1146638914543
Scheduled a DoS to fire after 353ms
Synch: Sending query: time=?;67
DOS THREAD: SEND DoS PACKET At :1146638915002 71
Received reply: time=;1146638915169;67
Synch Success: SAftr=1146638915349, SBfr=1146638915132, D=108, M=1146638915169
Scheduled a DoS to fire after 222ms
DOS THREAD: SEND DoS PACKET At :1146638915508 72
Synch: Sending query: time=?;68
Received reply: time=;1146638915774;68
Synch Success: SAftr=1146638915945, SBfr=1146638915746, D=99, M=1146638915774
Scheduled a DoS to fire after 125ms
DOS THREAD: SEND DoS PACKET At :1146638916002 73
Synch: Sending query: time=?;69
Received reply: time=;1146638916410;69
Synch Success: SAftr=1146638916572, SBfr=1146638916356, D=108, M=1146638916410
Scheduled a DoS to fire after 478ms
DOS THREAD: SEND DoS PACKET At :1146638916503 73
Synch: Sending query: time=?;70
Received reply: time=;1146638917005;70
DOS THREAD: SEND DoS PACKET At :1146638914003 74
Synch Success: SAftr=1146638917184, SBfr=1146638916976, D=104, M=1146638917005
Scheduled a DoS to fire after 389ms
Synch: Sending query: time=?;71
Received reply: time=;1146638917622;71
Synch Success: SAftr=1146638917819, SBfr=1146638917591, D=114, M=1146638917622
Scheduled a DoS to fire after 262ms
DOS THREAD: SEND DoS PACKET At :1146638918002 75
Synch: Sending query: time=?;72
Received reply: time=;1146638918376;72
Synch Success: SAftr=1146638918542, SBfr=1146638918318, D=112, M=1146638918376
Scheduled a DoS to fire after 10ms
DOS THREAD: SEND DoS PACKET At :1146638918504 76
Synch: Sending query: time=?;73
DOS THREAD: SEND DoS PACKET At :1146638919006 77
Received reply: time=;1146638919072;73
Synch Success: SAftr=1146638919299, SBfr=1146638919045, D=127, M=1146638919072
Scheduled a DoS to fire after 300ms
DOS THREAD: SEND DoS PACKET At :1146638919502 78
Synch: Sending query: time=?;74
Received reply: time=;1146638919731;74
Synch Success: SAftr=1146638919892, SBfr=1146638919701, D=95, M=1146638919731
Scheduled a DoS to fire after 172ms
DOS THREAD: SEND DoS PACKET At :1146638917014 79
Synch: Sending query: time=?;75
Received reply: time=;1146638920341;75
Synch Success: SAftr=1146638920511, SBfr=1146638920308, D=101, M=1146638920341
Scheduled a DoS to fire after 53ms
DOS THREAD: SEND DoS PACKET At :1146638920501 80
Synch: Sending query: time=?;76
Received reply: time=;1146638920950;76
Synch Success: SAftr=1146638921126, SBfr=1146638920916, D=105, M=1146638920950
Scheduled a DoS to fire after 444ms
DOS THREAD: SEND DoS PACKET At :1146638921002 81
Synch: Sending query: time=?;77
DOS THREAD: SEND DoS PACKET At :1146638921503 81
Received reply: time=;1146638921556;77
Synch Success: SAftr=1146638921731, SBfr=1146638921528, D=101, M=1146638921556
Scheduled a DoS to fire after 341ms
Synch: Sending query: time=?;78
DOS THREAD: SEND DoS PACKET At :1146638922001 82
Received reply: time=;1146638922169;78
Synch Success: SAftr=1146638922359, SBfr=1146638922141, D=109, M=1146638922169
Scheduled a DoS to fire after 218ms
DOS THREAD: SEND DoS PACKET At :1146638922501 83
Synch: Sending query: time=?;79
Received reply: time=;1146638922802;79
Synch Success: SAftr=1146638922959, SBfr=1146638922773, D=93, M=1146638922802
Scheduled a DoS to fire after 102ms
DOS THREAD: SEND DoS PACKET At :1146638920002 84
DOS THREAD: SEND DoS PACKET At :1146638923002 85
Synch: Sending query: time=?;80
Received reply: time=;1146638923409;80
Synch Success: SAftr=1146638923591, SBfr=1146638923372, D=109, M=1146638923409
Scheduled a DoS to fire after 481ms
DOS THREAD: SEND DoS PACKET At :1146638923505 85
Synch: Sending query: time=?;81
DOS THREAD: SEND DoS PACKET At :1146638924001 85
Received reply: time=;1146638924031;81
Synch Success: SAftr=1146638924212, SBfr=1146638923999, D=106, M=1146638924031
Scheduled a DoS to fire after 361ms
Synch: Sending query: time=?;82
Received reply: time=;1146638924648;82
Synch Success: SAftr=1146638924814, SBfr=1146638924618, D=98, M=1146638924648
Scheduled a DoS to fire after 252ms
DOS THREAD: SEND DoS PACKET At :1146638925001 86
Synch: Sending query: time=?;83
Received reply: time=;1146638925259;83
Synch Success: SAftr=1146638925435, SBfr=1146638925230, D=102, M=1146638925259
Scheduled a DoS to fire after 131ms
Synch: Sending query: time=?;84
Received reply: time=;1146638925877;84
Synch Success: SAftr=1146638926064, SBfr=1146638925847, D=108, M=1146638925877
Scheduled a DoS to fire after 499ms
Synch: Sending query: time=?;85
DOS THREAD: SEND DoS PACKET At :1146638926510 87
DOS THREAD: SEND DoS PACKET At :1146638917502 88
Received reply: time=;1146638926529;85
Synch Success: SAftr=1146638926711, SBfr=1146638926496, D=107, M=1146638926529
Scheduled a DoS to fire after 360ms
Synch: Sending query: time=?;86
DOS THREAD: SEND DoS PACKET At :1146638927002 89
Received reply: time=;1146638927136;86
Synch Success: SAftr=1146638927286, SBfr=1146638927109, D=88, M=1146638927136
Scheduled a DoS to fire after 274ms
DOS THREAD: SEND DoS PACKET At :1146638924502 90
DOS THREAD: SEND DoS PACKET At :1146638927502 90
Synch: Sending query: time=?;87
Received reply: time=;1146638927744;87
Synch Success: SAftr=1146638927924, SBfr=1146638927716, D=104, M=1146638927744
Scheduled a DoS to fire after 149ms
DOS THREAD: SEND DoS PACKET At :1146638928002 91
Synch: Sending query: time=?;88
DOS THREAD: SEND DoS PACKET At :1146638925502 92
Received reply: time=;1146638928352;88
Synch Success: SAftr=1146638928517, SBfr=1146638928324, D=96, M=1146638928352
Scheduled a DoS to fire after 46ms
Synch: Sending query: time=?;89
Received reply: time=;1146638928955;89
Synch Success: SAftr=1146638929139, SBfr=1146638928928, D=105, M=1146638928955
Scheduled a DoS to fire after 438ms
Synch: Sending query: time=?;90
Received reply: time=;1146638929576;90
Synch Success: SAftr=1146638929749, SBfr=1146638929548, D=100, M=1146638929576
Scheduled a DoS to fire after 321ms
DOS THREAD: SEND DoS PACKET At :1146638929501 92
Synch: Sending query: time=?;91
DOS THREAD: SEND DoS PACKET At :1146638930001 93
Received reply: time=;1146638930184;91
Synch Success: SAftr=1146638930361, SBfr=1146638930156, D=102, M=1146638930184
Scheduled a DoS to fire after 213ms
Synch: Sending query: time=?;92
Received reply: time=;1146638930792;92
Synch Success: SAftr=1146638930978, SBfr=1146638930765, D=106, M=1146638930792
Scheduled a DoS to fire after 83ms
DOS THREAD: SEND DoS PACKET At :1146638931001 94
Synch: Sending query: time=?;93
Received reply: time=;1146638931434;93
Synch Success: SAftr=1146638931609, SBfr=1146638931406, D=101, M=1146638931434
Scheduled a DoS to fire after 462ms
DOS THREAD: SEND DoS PACKET At :1146638928502 95
DOS THREAD: SEND DoS PACKET At :1146638931502 96
Synch: Sending query: time=?;94
DOS THREAD: SEND DoS PACKET At :1146638932002 96
Received reply: time=;1146638932040;94
Synch Success: SAftr=1146638932207, SBfr=1146638932009, D=99, M=1146638932040
Scheduled a DoS to fire after 357ms
Synch: Sending query: time=?;95
DOS THREAD: SEND DoS PACKET At :1146638932503 96
Received reply: time=;1146638932644;95
Synch Success: SAftr=1146638932818, SBfr=1146638932616, D=101, M=1146638932644
Scheduled a DoS to fire after 254ms
DOS THREAD: SEND DoS PACKET At :1146638933002 96
Synch: Sending query: time=?;96
Received reply: time=;1146638933256;96
Synch Success: SAftr=1146638933432, SBfr=1146638933228, D=102, M=1146638933256
Scheduled a DoS to fire after 134ms
DOS THREAD: SEND DoS PACKET At :1146638930501 97
DOS THREAD: SEND DoS PACKET At :1146638933502 98
Synch: Sending query: time=?;97
Received reply: time=;1146638933867;97
Synch Success: SAftr=1146638934048, SBfr=1146638933839, D=104, M=1146638933867
Scheduled a DoS to fire after 14ms
Synch: Sending query: time=?;98
Received reply: time=;1146638934501;98
Synch Success: SAftr=1146638934681, SBfr=1146638934474, D=103, M=1146638934501
Scheduled a DoS to fire after 392ms
Synch: Sending query: time=?;99
Received reply: time=;1146638935119;99
Synch Success: SAftr=1146638935261, SBfr=1146638935090, D=85, M=1146638935119
Scheduled a DoS to fire after 294ms
Synch: Sending query: time=?;100
DOS THREAD: SEND DoS PACKET At :1146638935503 99
Received reply: time=;1146638935692;100
Synch Success: SAftr=1146638935887, SBfr=1146638935662, D=112, M=1146638935692
Scheduled a DoS to fire after 194ms
DOS THREAD: SEND DoS PACKET At :1146638936005 99
Synch: Sending query: time=?;101
Received reply: time=;1146638936348;101
Synch Success: SAftr=1146638936533, SBfr=1146638936320, D=106, M=1146638936348
Scheduled a DoS to fire after 41ms
DOS THREAD: SEND DoS PACKET At :1146638936503 100
Synch: Sending query: time=?;102
Received reply: time=;1146638936971;102
Synch Success: SAftr=1146638937129, SBfr=1146638936940, D=94, M=1146638936971
Scheduled a DoS to fire after 433ms
DOS THREAD: SEND DoS PACKET At :1146638937006 101
Synch: Sending query: time=?;103
Received reply: time=;1146638937556;103
Synch Success: SAftr=1146638937787, SBfr=1146638937527, D=130, M=1146638937556
Scheduled a DoS to fire after 312ms
DOS THREAD: SEND DoS PACKET At :1146638934033 102
DOS THREAD: SEND DoS PACKET At :1146638935005 103
DOS THREAD: SEND DoS PACKET At :1146638938001 104
Synch: Sending query: time=?;104
Received reply: time=;1146638938217;104
Synch Success: SAftr=1146638938402, SBfr=1146638938189, D=106, M=1146638938217
Scheduled a DoS to fire after 173ms
Synch: Sending query: time=?;105
Received reply: time=;1146638938845;105
Synch Success: SAftr=1146638939029, SBfr=1146638938816, D=106, M=1146638938845
Scheduled a DoS to fire after 40ms
DOS THREAD: SEND DoS PACKET At :1146638939001 105
Synch: Sending query: time=?;106
Received reply: time=;1146638939476;106
Synch Success: SAftr=1146638939634, SBfr=1146638939449, D=92, M=1146638939476
Scheduled a DoS to fire after 427ms
DOS THREAD: SEND DoS PACKET At :1146638939506 106
Synch: Sending query: time=?;107
DOS THREAD: SEND DoS PACKET At :1146638940002 106
Received reply: time=;1146638940058;107
Synch Success: SAftr=1146638940216, SBfr=1146638940028, D=94, M=1146638940058
Scheduled a DoS to fire after 347ms
Synch: Sending query: time=?;108
DOS THREAD: SEND DoS PACKET At :1146638937504 106
Received reply: time=;1146638940635;108
Synch Success: SAftr=1146638940784, SBfr=1146638940596, D=94, M=1146638940635
Scheduled a DoS to fire after 269ms
DOS THREAD: SEND DoS PACKET At :1146638941002 106
Synch: Sending query: time=?;109
Received reply: time=;1146638941225;109
Synch Success: SAftr=1146638941399, SBfr=1146638941185, D=107, M=1146638941225
Scheduled a DoS to fire after 165ms
DOS THREAD: SEND DoS PACKET At :1146638938505 107
DOS THREAD: SEND DoS PACKET At :1146638941505 107
Synch: Sending query: time=?;110
Received reply: time=;1146638941836;110
Synch Success: SAftr=1146638942012, SBfr=1146638941806, D=103, M=1146638941836
Scheduled a DoS to fire after 59ms
DOS THREAD: SEND DoS PACKET At :1146638942002 108
Synch: Sending query: time=?;111
Received reply: time=;1146638942439;111
Synch Success: SAftr=1146638942596, SBfr=1146638942412, D=92, M=1146638942439
Scheduled a DoS to fire after 468ms
DOS THREAD: SEND DoS PACKET At :1146638942514 109
Synch: Sending query: time=?;112
Received reply: time=;1146638943027;112
Synch Success: SAftr=1146638943206, SBfr=1146638942999, D=103, M=1146638943027
Scheduled a DoS to fire after 368ms
Synch: Sending query: time=?;113
DOS THREAD: SEND DoS PACKET At :1146638940501 110
DOS THREAD: SEND DoS PACKET At :1146638943502 111
Received reply: time=;1146638943650;113
Synch Success: SAftr=1146638943843, SBfr=1146638943609, D=117, M=1146638943650
Scheduled a DoS to fire after 232ms
Synch: Sending query: time=?;114
Received reply: time=;1146638944290;114
Synch Success: SAftr=1146638944461, SBfr=1146638944263, D=99, M=1146638944290
Scheduled a DoS to fire after 110ms
DOS THREAD: SEND DoS PACKET At :1146638944511 111
Synch: Sending query: time=?;115
Received reply: time=;1146638944894;115
Synch Success: SAftr=1146638945071, SBfr=1146638944866, D=102, M=1146638944894
Scheduled a DoS to fire after 3ms
DOS THREAD: SEND DoS PACKET At :1146638945001 112
Synch: Sending query: time=?;116
DOS THREAD: SEND DoS PACKET At :1146638945502 113
Received reply: time=;1146638945500;116
Synch Success: SAftr=1146638945680, SBfr=1146638945472, D=104, M=1146638945500
Scheduled a DoS to fire after 394ms
Synch: Sending query: time=?;117
DOS THREAD: SEND DoS PACKET At :1146638943001 114
DOS THREAD: SEND DoS PACKET At :1146638946004 115
Received reply: time=;1146638946109;117
Synch Success: SAftr=1146638946293, SBfr=1146638946080, D=106, M=1146638946109
Scheduled a DoS to fire after 284ms
Synch: Sending query: time=?;118
Received reply: time=;1146638946738;118
Synch Success: SAftr=1146638946916, SBfr=1146638946694, D=111, M=1146638946738
Scheduled a DoS to fire after 150ms
DOS THREAD: SEND DoS PACKET At :1146638947002 117
DOS THREAD: SEND DoS PACKET At :1146638944002 117
Synch: Sending query: time=?;119
Received reply: time=;1146638947456;119
DOS THREAD: SEND DoS PACKET At :1146638947511 118
Synch Success: SAftr=1146638947700, SBfr=1146638947331, D=184, M=1146638947456
Scheduled a DoS to fire after 359ms
Synch: Sending query: time=?;120
DOS THREAD: SEND DoS PACKET At :1146638948009 119
Received reply: time=;1146638948173;120
Synch Success: SAftr=1146638948370, SBfr=1146638948100, D=135, M=1146638948173
Scheduled a DoS to fire after 187ms
DOS THREAD: SEND DoS PACKET At :1146638948501 119
Synch: Sending query: time=?;121
Received reply: time=;1146638948833;121
Synch Success: SAftr=1146638949014, SBfr=1146638948805, D=104, M=1146638948833
Scheduled a DoS to fire after 57ms
DOS THREAD: SEND DoS PACKET At :1146638949001 120
Synch: Sending query: time=?;122
Received reply: time=;1146638949435;122
Synch Success: SAftr=1146638949608, SBfr=1146638949408, D=100, M=1146638949435
Scheduled a DoS to fire after 463ms
DOS THREAD: SEND DoS PACKET At :1146638949503 121
DOS THREAD: SEND DoS PACKET At :1146638946501 122
Synch: Sending query: time=?;123
DOS THREAD: SEND DoS PACKET At :1146638950002 123
Received reply: time=;1146638950045;123
Synch Success: SAftr=1146638950229, SBfr=1146638950017, D=106, M=1146638950045
Scheduled a DoS to fire after 345ms
Synch: Sending query: time=?;124
DOS THREAD: SEND DoS PACKET At :1146638950502 123
Received reply: time=;1146638950668;124
Synch Success: SAftr=1146638950856, SBfr=1146638950640, D=108, M=1146638950668
Scheduled a DoS to fire after 220ms
DOS THREAD: SEND DoS PACKET At :1146638951001 124
Synch: Sending query: time=?;125
Received reply: time=;1146638951294;125
Synch Success: SAftr=1146638951459, SBfr=1146638951266, D=96, M=1146638951294
Scheduled a DoS to fire after 109ms
DOS THREAD: SEND DoS PACKET At :1146638951502 125
Synch: Sending query: time=?;126
Received reply: time=;1146638951892;126
Synch Success: SAftr=1146638952069, SBfr=1146638951865, D=102, M=1146638951892
Scheduled a DoS to fire after 3ms
DOS THREAD: SEND DoS PACKET At :1146638952001 126
Synch: Sending query: time=?;127
DOS THREAD: SEND DoS PACKET At :1146638952503 126
Received reply: time=;1146638952561;127
Synch Success: SAftr=1146638952743, SBfr=1146638952533, D=105, M=1146638952561
Scheduled a DoS to fire after 329ms
Synch: Sending query: time=?;128
DOS THREAD: SEND DoS PACKET At :1146638953002 127
Received reply: time=;1146638953186;128
Synch Success: SAftr=1146638953364, SBfr=1146638953157, D=103, M=1146638953186
Scheduled a DoS to fire after 207ms
DOS THREAD: SEND DoS PACKET At :1146638953502 128
Synch: Sending query: time=?;129
Received reply: time=;1146638953797;129
Synch Success: SAftr=1146638953961, SBfr=1146638953770, D=95, M=1146638953797
Scheduled a DoS to fire after 105ms
Synch: Sending query: time=?;130
Received reply: time=;1146638954394;130
Synch Success: SAftr=1146638954574, SBfr=1146638954367, D=103, M=1146638954394
Scheduled a DoS to fire after 2ms
DOS THREAD: SEND DoS PACKET At :1146638954501 129
Synch: Sending query: time=?;131
Received reply: time=;1146638954992;131
Synch Success: SAftr=1146638955155, SBfr=1146638954965, D=95, M=1146638954992
Scheduled a DoS to fire after 411ms
DOS THREAD: SEND DoS PACKET At :1146638955002 130
Synch: Sending query: time=?;132
DOS THREAD: SEND DoS PACKET At :1146638955502 131
Received reply: time=;1146638955587;132
Synch Success: SAftr=1146638955778, SBfr=1146638955560, D=109, M=1146638955587
Scheduled a DoS to fire after 303ms
DOS THREAD: SEND DoS PACKET At :1146638956003 132
Synch: Sending query: time=?;133
Received reply: time=;1146638956211;133
Synch Success: SAftr=1146638956386, SBfr=1146638956182, D=102, M=1146638956211
Scheduled a DoS to fire after 177ms
DOS THREAD: SEND DoS PACKET At :1146638956505 132
Synch: Sending query: time=?;134
Received reply: time=;1146638956825;134
Synch Success: SAftr=1146638956998, SBfr=1146638956798, D=100, M=1146638956825
Scheduled a DoS to fire after 72ms
DOS THREAD: SEND DoS PACKET At :1146638954001 133
DOS THREAD: SEND DoS PACKET At :1146638957001 134
Synch: Sending query: time=?;135
Received reply: time=;1146638957431;135
Synch Success: SAftr=1146638957615, SBfr=1146638957404, D=105, M=1146638957431
Scheduled a DoS to fire after 462ms
DOS THREAD: SEND DoS PACKET At :1146638957503 134
Synch: Sending query: time=?;136
Received reply: time=;1146638958055;136
Synch Success: SAftr=1146638958234, SBfr=1146638958028, D=103, M=1146638958055
Scheduled a DoS to fire after 329ms
Synch: Sending query: time=?;137
DOS THREAD: SEND DoS PACKET At :1146638958502 135
Received reply: time=;1146638958683;137
Synch Success: SAftr=1146638958860, SBfr=1146638958655, D=102, M=1146638958683
Scheduled a DoS to fire after 211ms
Synch: Sending query: time=?;138
Received reply: time=;1146638959302;138
Synch Success: SAftr=1146638959483, SBfr=1146638959274, D=104, M=1146638959302
Scheduled a DoS to fire after 92ms
DOS THREAD: SEND DoS PACKET At :1146638959511 136
Synch: Sending query: time=?;139
Received reply: time=;1146638959921;139
Synch Success: SAftr=1146638960105, SBfr=1146638959894, D=105, M=1146638959921
Scheduled a DoS to fire after 467ms
DOS THREAD: SEND DoS PACKET At :1146638960013 137
Synch: Sending query: time=?;140
DOS THREAD: SEND DoS PACKET At :1146638960502 138
Received reply: time=;1146638960541;140
Synch Success: SAftr=1146638960703, SBfr=1146638960513, D=95, M=1146638960541
Scheduled a DoS to fire after 363ms
DOS THREAD: SEND DoS PACKET At :1146638958002 139
Synch: Sending query: time=?;141
Received reply: time=;1146638961142;141
Synch Success: SAftr=1146638961320, SBfr=1146638961115, D=102, M=1146638961142
Scheduled a DoS to fire after 254ms
DOS THREAD: SEND DoS PACKET At :1146638961502 139
Synch: Sending query: time=?;142
Received reply: time=;1146638961750;142
Synch Success: SAftr=1146638961910, SBfr=1146638961723, D=93, M=1146638961750
Scheduled a DoS to fire after 153ms
DOS THREAD: SEND DoS PACKET At :1146638959007 140
DOS THREAD: SEND DoS PACKET At :1146638962002 140
Synch: Sending query: time=?;143
Received reply: time=;1146638962328;143
Synch Success: SAftr=1146638962464, SBfr=1146638962301, D=81, M=1146638962328
Scheduled a DoS to fire after 90ms
DOS THREAD: SEND DoS PACKET At :1146638962501 140
Synch: Sending query: time=?;144
Received reply: time=;1146638962885;144
Synch Success: SAftr=1146638963046, SBfr=1146638962857, D=94, M=1146638962885
Scheduled a DoS to fire after 18ms
DOS THREAD: SEND DoS PACKET At :1146638963002 140
Synch: Sending query: time=?;145
Received reply: time=;1146638963489;145
Synch Success: SAftr=1146638963666, SBfr=1146638963461, D=102, M=1146638963489
Scheduled a DoS to fire after 408ms
DOS THREAD: SEND DoS PACKET At :1146638963505 140
Synch: Sending query: time=?;146
DOS THREAD: SEND DoS PACKET At :1146638964001 141
Received reply: time=;1146638964103;146
Synch Success: SAftr=1146638964286, SBfr=1146638964075, D=105, M=1146638964103
Scheduled a DoS to fire after 291ms
Synch: Sending query: time=?;147
Received reply: time=;1146638964722;147
Synch Success: SAftr=1146638964907, SBfr=1146638964693, D=107, M=1146638964722
Scheduled a DoS to fire after 146ms
DOS THREAD: SEND DoS PACKET At :1146638965002 141
Synch: Sending query: time=?;148
Received reply: time=;1146638965369;148
Synch Success: SAftr=1146638965554, SBfr=1146638965338, D=108, M=1146638965369
Scheduled a DoS to fire after 22ms
DOS THREAD: SEND DoS PACKET At :1146638965501 142
Synch: Sending query: time=?;149
Received reply: time=;1146638965999;149
DOS THREAD: SEND DoS PACKET At :1146638966004 143
Synch Success: SAftr=1146638966175, SBfr=1146638965972, D=101, M=1146638965999
Scheduled a DoS to fire after 392ms
Synch: Sending query: time=?;150
DOS THREAD: SEND DoS PACKET At :1146638966502 144
Received reply: time=;1146638966618;150
Synch Success: SAftr=1146638966800, SBfr=1146638966590, D=105, M=1146638966618
Scheduled a DoS to fire after 268ms
DOS THREAD: SEND DoS PACKET At :1146638961002 145
DOS THREAD: SEND DoS PACKET At :1146638967002 146
Synch: Sending query: time=?;151
Received reply: time=;1146638967216;151
Synch Success: SAftr=1146638967355, SBfr=1146638967189, D=83, M=1146638967216
Scheduled a DoS to fire after 198ms
DOS THREAD: SEND DoS PACKET At :1146638964503 147
DOS THREAD: SEND DoS PACKET At :1146638967502 147
Synch: Sending query: time=?;152
Received reply: time=;1146638967780;152
Synch Success: SAftr=1146638967963, SBfr=1146638967753, D=105, M=1146638967780
Scheduled a DoS to fire after 113ms
Synch: Sending query: time=?;153
Attempt: Sending query: time=?;154
Received reply: time=;1146638968988;154
Synch Success: SAftr=1146638969175, SBfr=1146638968961, D=107, M=1146638968988
Scheduled a DoS to fire after 404ms
Synch: Sending query: time=?;155
DOS THREAD: SEND DoS PACKET At :1146638969503 148
Received reply: time=;1146638969598;155
Synch Success: SAftr=1146638969761, SBfr=1146638969565, D=98, M=1146638969598
Scheduled a DoS to fire after 302ms
DOS THREAD: SEND DoS PACKET At :1146638970002 148
DOS THREAD: SEND DoS PACKET At :1146638970504 148
DOS THREAD: SEND DoS PACKET At :1146638968002 149
DOS THREAD: SEND DoS PACKET At :1146638971005 149
Received reply: time=;1146638968389;153
Synch Failure: sn and snPrime are not equal
DOS THREAD: SEND DoS PACKET At :1146638971506 150
Synch: Sending query: time=?;156
Received reply: time=;1146638971702;156
Synch Success: SAftr=1146638971886, SBfr=1146638971674, D=106, M=1146638971702
Scheduled a DoS to fire after 167ms
DOS THREAD: SEND DoS PACKET At :1146638972001 150
Synch: Sending query: time=?;157
Received reply: time=;1146638972351;157
Synch Success: SAftr=1146638972532, SBfr=1146638972321, D=105, M=1146638972351
Scheduled a DoS to fire after 41ms
Synch: Sending query: time=?;158
Received reply: time=;1146638972969;158
Synch Success: SAftr=1146638973142, SBfr=1146638972941, D=100, M=1146638972969
Scheduled a DoS to fire after 429ms
Synch: Sending query: time=?;159
DOS THREAD: SEND DoS PACKET At :1146638973502 150
Received reply: time=;1146638973571;159
Synch Success: SAftr=1146638973745, SBfr=1146638973544, D=100, M=1146638973571
Scheduled a DoS to fire after 327ms
Synch: Sending query: time=?;160
DOS THREAD: SEND DoS PACKET At :1146638974002 151
Received reply: time=;1146638974169;160
Synch Success: SAftr=1146638974340, SBfr=1146638974142, D=99, M=1146638974169
Scheduled a DoS to fire after 224ms
DOS THREAD: SEND DoS PACKET At :1146638974502 152
Synch: Sending query: time=?;161
Received reply: time=;1146638974780;161
Synch Success: SAftr=1146638974951, SBfr=1146638974753, D=99, M=1146638974780
Scheduled a DoS to fire after 119ms
Synch: Sending query: time=?;162
Received reply: time=;1146638975384;162
Synch Success: SAftr=1146638975549, SBfr=1146638975357, D=96, M=1146638975384
Scheduled a DoS to fire after 19ms
DOS THREAD: SEND DoS PACKET At :1146638972502 153
DOS THREAD: SEND DoS PACKET At :1146638975502 154
Synch: Sending query: time=?;163
Received reply: time=;1146638975976;163
Synch Success: SAftr=1146638976139, SBfr=1146638975949, D=95, M=1146638975976
Scheduled a DoS to fire after 424ms
DOS THREAD: SEND DoS PACKET At :1146638976003 155
Synch: Sending query: time=?;164
DOS THREAD: SEND DoS PACKET At :1146638976502 155
Received reply: time=;1146638976579;164
Synch Success: SAftr=1146638976764, SBfr=1146638976552, D=106, M=1146638976579
Scheduled a DoS to fire after 313ms
Synch: Sending query: time=?;165
Received reply: time=;1146638977264;165
Synch Success: SAftr=1146638977592, SBfr=1146638977221, D=185, M=1146638977264
Scheduled a DoS to fire after 50ms
DOS THREAD: SEND DoS PACKET At :1146638977504 156
Synch: Sending query: time=?;166
DOS THREAD: SEND DoS PACKET At :1146638975006 157
DOS THREAD: SEND DoS PACKET At :1146638978006 158
Received reply: time=;1146638978141;166
Synch Failure: 305 D was greater than U
Attempt: Sending query: time=?;167
DOS THREAD: SEND DoS PACKET At :1146638978510 159
Received reply: time=;1146638978841;167
Synch Failure: 325 D was greater than U
DOS THREAD: SEND DoS PACKET At :1146638979011 160
Attempt: Sending query: time=?;168
DOS THREAD: SEND DoS PACKET At :1146638979512 161
Received reply: time=;1146638979670;168
Synch Failure: 248 D was greater than U
DOS THREAD: SEND DoS PACKET At :1146638977002 162
DOS THREAD: SEND DoS PACKET At :1146638980013 163
Attempt: Sending query: time=?;169
DOS THREAD: SEND DoS PACKET At :1146638980514 164
Received reply: time=;1146638980469;169
Synch Failure: 258 D was greater than U
Attempt: Sending query: time=?;170
DOS THREAD: SEND DoS PACKET At :1146638981019 165
Received reply: time=;1146638981140;170
Synch Failure: 233 D was greater than U
Attempt: Sending query: time=?;171
Received reply: time=;1146638981720;171
Synch Success: SAftr=1146638981944, SBfr=1146638981689, D=127, M=1146638981720
Scheduled a DoS to fire after 150ms
DOS THREAD: SEND DoS PACKET At :1146638982002 166
Synch: Sending query: time=?;172
DOS THREAD: SEND DoS PACKET At :1146638982503 167
Received reply: time=;1146638982502;172
Synch Failure: 248 D was greater than U
Attempt: Sending query: time=?;173
DOS THREAD: SEND DoS PACKET At :1146638983004 167
Received reply: time=;1146638983231;173
Synch Failure: 287 D was greater than U
DOS THREAD: SEND DoS PACKET At :1146638983506 168
Attempt: Sending query: time=?;174
Received reply: time=;1146638983898;174
Synch Success: SAftr=1146638984119, SBfr=1146638983866, D=126, M=1146638983898
Scheduled a DoS to fire after 470ms
DOS THREAD: SEND DoS PACKET At :1146638984007 169
Synch: Sending query: time=?;175
DOS THREAD: SEND DoS PACKET At :1146638981520 170
DOS THREAD: SEND DoS PACKET At :1146638984503 171
Received reply: time=;1146638984611;175
Synch Success: SAftr=1146638984911, SBfr=1146638984554, D=178, M=1146638984611
Scheduled a DoS to fire after 209ms
DOS THREAD: SEND DoS PACKET At :1146638985002 172
Synch: Sending query: time=?;176
Received reply: time=;1146638985467;176
Synch Failure: 201 D was greater than U
DOS THREAD: SEND DoS PACKET At :1146638985504 173
Attempt: Sending query: time=?;177
DOS THREAD: SEND DoS PACKET At :1146638986006 174
Received reply: time=;1146638986069;177
Synch Failure: 215 D was greater than U
Attempt: Sending query: time=?;178
DOS THREAD: SEND DoS PACKET At :1146638986508 175
Received reply: time=;1146638986663;178
Synch Success: SAftr=1146638986985, SBfr=1146638986629, D=178, M=1146638986663
Scheduled a DoS to fire after 158ms
Synch: Sending query: time=?;179
Received reply: time=;1146638987733;179
Synch Failure: 295 D was greater than U
Attempt: Sending query: time=?;180
Received reply: time=;1146638988332;180
Synch Failure: 300 D was greater than U
Attempt: Sending query: time=?;181
Received reply: time=;1146638989055;181
Synch Success: SAftr=1146638989255, SBfr=1146638988917, D=169, M=1146638989055
Scheduled a DoS to fire after 275ms
DOS THREAD: SEND DoS PACKET At :1146638989503 176
Synch: Sending query: time=?;182
DOS THREAD: SEND DoS PACKET At :1146638990005 176
DOS THREAD: SEND DoS PACKET At :1146638987003 177
Received reply: time=;1146638989972;182
Synch Success: SAftr=1146638990289, SBfr=1146638989898, D=195, M=1146638989972
Scheduled a DoS to fire after 321ms
DOS THREAD: SEND DoS PACKET At :1146638990501 178
Synch: Sending query: time=?;183
Received reply: time=;1146638990790;183
Synch Success: SAftr=1146638990990, SBfr=1146638990755, D=117, M=1146638990790
Scheduled a DoS to fire after 91ms
DOS THREAD: SEND DoS PACKET At :1146638991001 178
Synch: Sending query: time=?;184
DOS THREAD: SEND DoS PACKET At :1146638991502 179
Received reply: time=;1146638991670;184
Synch Success: SAftr=1146638991854, SBfr=1146638991643, D=105, M=1146638991670
Scheduled a DoS to fire after 223ms
DOS THREAD: SEND DoS PACKET At :1146638992001 180
Synch: Sending query: time=?;185
Received reply: time=;1146638992353;185
Synch Success: SAftr=1146638992655, SBfr=1146638992259, D=198, M=1146638992353
Scheduled a DoS to fire after 447ms
DOS THREAD: SEND DoS PACKET At :1146638992503 181
Synch: Sending query: time=?;186
DOS THREAD: SEND DoS PACKET At :1146638993001 182
Received reply: time=;1146638993346;186
Synch Failure: 267 D was greater than U
DOS THREAD: SEND DoS PACKET At :1146638993502 183
Attempt: Sending query: time=?;187
Received reply: time=;1146638993824;187
Synch Success: SAftr=1146638994040, SBfr=1146638993778, D=131, M=1146638993824
Scheduled a DoS to fire after 10ms
DOS THREAD: SEND DoS PACKET At :1146638994003 184
Synch: Sending query: time=?;188
Received reply: time=;1146638994500;188
Synch Success: SAftr=1146638994666, SBfr=1146638994471, D=97, M=1146638994500
Scheduled a DoS to fire after 399ms
DOS THREAD: SEND DoS PACKET At :1146638994505 185
Synch: Sending query: time=?;189
Received reply: time=;1146638995117;189
Synch Success: SAftr=1146638995306, SBfr=1146638995073, D=116, M=1146638995117
Scheduled a DoS to fire after 263ms
DOS THREAD: SEND DoS PACKET At :1146638995002 185
Synch: Sending query: time=?;190
Received reply: time=;1146638995748;190
Synch Success: SAftr=1146638995931, SBfr=1146638995720, D=105, M=1146638995748
Scheduled a DoS to fire after 145ms
DOS THREAD: SEND DoS PACKET At :1146638996002 185
Synch: Sending query: time=?;191
Received reply: time=;1146638996376;191
Synch Success: SAftr=1146638996565, SBfr=1146638996335, D=115, M=1146638996376
Scheduled a DoS to fire after 8ms
DOS THREAD: SEND DoS PACKET At :1146638996502 186
Synch: Sending query: time=?;192
DOS THREAD: SEND DoS PACKET At :1146638997003 186
Received reply: time=;1146638997011;192
Synch Success: SAftr=1146638997190, SBfr=1146638996981, D=104, M=1146638997011
Scheduled a DoS to fire after 383ms
Synch: Sending query: time=?;193
DOS THREAD: SEND DoS PACKET At :1146638997501 187
Received reply: time=;1146638997620;193
Synch Success: SAftr=1146638997799, SBfr=1146638997593, D=103, M=1146638997620
Scheduled a DoS to fire after 264ms
DOS THREAD: SEND DoS PACKET At :1146638998001 187
Synch: Sending query: time=?;194
Received reply: time=;1146638998225;194
Synch Success: SAftr=1146638998386, SBfr=1146638998198, D=94, M=1146638998225
Scheduled a DoS to fire after 179ms
DOS THREAD: SEND DoS PACKET At :1146638995502 188
DOS THREAD: SEND DoS PACKET At :1146638998508 188
Synch: Sending query: time=?;195
Received reply: time=;1146638998819;195
Synch Success: SAftr=1146638999020, SBfr=1146638998791, D=114, M=1146638998819
Scheduled a DoS to fire after 66ms
DOS THREAD: SEND DoS PACKET At :1146638999006 188
Synch: Sending query: time=?;196
Received reply: time=;1146638999462;196
Synch Success: SAftr=1146638999635, SBfr=1146638999433, D=101, M=1146638999462
Scheduled a DoS to fire after 430ms
DOS THREAD: SEND DoS PACKET At :1146638999508 189
Synch: Sending query: time=?;197
DOS THREAD: SEND DoS PACKET At :1146639000001 189
Received reply: time=;1146639000079;197
Synch Success: SAftr=1146639000258, SBfr=1146639000052, D=103, M=1146639000079
Scheduled a DoS to fire after 316ms
Synch: Sending query: time=?;198
Received reply: time=;1146639000681;198
Synch Success: SAftr=1146639000837, SBfr=1146639000653, D=92, M=1146639000681
Scheduled a DoS to fire after 224ms
DOS THREAD: SEND DoS PACKET At :1146639001002 190
Synch: Sending query: time=?;199
Received reply: time=;1146639001269;199
Synch Success: SAftr=1146639001443, SBfr=1146639001241, D=101, M=1146639001269
Scheduled a DoS to fire after 128ms
DOS THREAD: SEND DoS PACKET At :1146639001502 190
Synch: Sending query: time=?;200
DOS THREAD: SEND DoS PACKET At :1146639002003 190
Received reply: time=;1146639001994;200
Synch Success: SAftr=1146639002213, SBfr=1146639001881, D=166, M=1146639001994
Scheduled a DoS to fire after 335ms
Synch: Sending query: time=?;201
DOS THREAD: SEND DoS PACKET At :1146639002502 190
Received reply: time=;1146639002653;201
Synch Success: SAftr=1146639002836, SBfr=1146639002626, D=105, M=1146639002653
Scheduled a DoS to fire after 241ms
DOS THREAD: SEND DoS PACKET At :1146639003001 190
Synch: Sending query: time=?;202
Received reply: time=;1146639003274;202
Synch Success: SAftr=1146639003457, SBfr=1146639003246, D=105, M=1146639003274
Scheduled a DoS to fire after 119ms
DOS THREAD: SEND DoS PACKET At :1146639000502 191
DOS THREAD: SEND DoS PACKET At :1146639003502 192
Synch: Sending query: time=?;203
Received reply: time=;1146639003902;203
Synch Success: SAftr=1146639004113, SBfr=1146639003873, D=120, M=1146639003902
Scheduled a DoS to fire after 468ms
DOS THREAD: SEND DoS PACKET At :1146639004005 193
Synch: Sending query: time=?;204
DOS THREAD: SEND DoS PACKET At :1146639004510 194
Received reply: time=;1146639004557;204
Synch Success: SAftr=1146639004762, SBfr=1146639004529, D=116, M=1146639004557
Scheduled a DoS to fire after 307ms
DOS THREAD: SEND DoS PACKET At :1146639005001 194
DOS THREAD: SEND DoS PACKET At :1146639005502 194
DOS THREAD: SEND DoS PACKET At :1146639006003 195
DOS THREAD: SEND DoS PACKET At :1146639006505 196
DOS THREAD: SEND DoS PACKET At :1146639007008 196
DOS THREAD: SEND DoS PACKET At :1146639007509 197
DOS THREAD: SEND DoS PACKET At :1146639008011 198
Synch: Sending query: time=?;205
Received reply: time=;1146639008216;205
Synch Success: SAftr=1146639008388, SBfr=1146639008189, D=99, M=1146639008216
Scheduled a DoS to fire after 183ms
DOS THREAD: SEND DoS PACKET At :1146639008502 198
Synch: Sending query: time=?;206
Received reply: time=;1146639008825;206
Synch Success: SAftr=1146639008981, SBfr=1146639008798, D=91, M=1146639008825
Scheduled a DoS to fire after 83ms
DOS THREAD: SEND DoS PACKET At :1146639009001 199
Synch: Sending query: time=?;207
Received reply: time=;1146639009405;207
Synch Success: SAftr=1146639009581, SBfr=1146639009378, D=101, M=1146639009405
Scheduled a DoS to fire after 490ms
DOS THREAD: SEND DoS PACKET At :1146639009502 200
Synch: Sending query: time=?;208
DOS THREAD: SEND DoS PACKET At :1146639010002 201
Received reply: time=;1146639010016;208
Synch Success: SAftr=1146639010203, SBfr=1146639009989, D=107, M=1146639010016
Scheduled a DoS to fire after 374ms
Synch: Sending query: time=?;209
DOS THREAD: SEND DoS PACKET At :1146639010502 202
Received reply: time=;1146639010635;209
Synch Success: SAftr=1146639010814, SBfr=1146639010605, D=104, M=1146639010635
Scheduled a DoS to fire after 258ms
DOS THREAD: SEND DoS PACKET At :1146639011002 202
Synch: Sending query: time=?;210
Received reply: time=;1146639011244;210
Synch Success: SAftr=1146639011401, SBfr=1146639011217, D=92, M=1146639011244
Scheduled a DoS to fire after 157ms
DOS THREAD: SEND DoS PACKET At :1146639011502 202
Synch: Sending query: time=?;211
Received reply: time=;1146639011838;211
Synch Success: SAftr=1146639012016, SBfr=1146639011810, D=103, M=1146639011838
Scheduled a DoS to fire after 58ms
DOS THREAD: SEND DoS PACKET At :1146639012002 203
Synch: Sending query: time=?;212
Received reply: time=;1146639012464;212
Synch Success: SAftr=1146639012651, SBfr=1146639012435, D=108, M=1146639012464
Scheduled a DoS to fire after 425ms
DOS THREAD: SEND DoS PACKET At :1146639012504 203
Synch: Sending query: time=?;213
DOS THREAD: SEND DoS PACKET At :1146639013002 204
Received reply: time=;1146639013092;213
Synch Success: SAftr=1146639013271, SBfr=1146639013061, D=105, M=1146639013092
Scheduled a DoS to fire after 302ms
Synch: Sending query: time=?;214
DOS THREAD: SEND DoS PACKET At :1146639013502 205
Received reply: time=;1146639013699;214
Synch Success: SAftr=1146639013904, SBfr=1146639013670, D=117, M=1146639013699
Scheduled a DoS to fire after 169ms
DOS THREAD: SEND DoS PACKET At :1146639014001 206
Synch: Sending query: time=?;215
Received reply: time=;1146639014376;215
Synch Success: SAftr=1146639014567, SBfr=1146639014348, D=109, M=1146639014376
Scheduled a DoS to fire after 13ms
DOS THREAD: SEND DoS PACKET At :1146639014506 207
Synch: Sending query: time=?;216
Received reply: time=;1146639015005;216
Synch Success: SAftr=1146639015194, SBfr=1146639014978, D=108, M=1146639015005
Scheduled a DoS to fire after 385ms
Synch: Sending query: time=?;217
DOS THREAD: SEND DoS PACKET At :1146639015502 208
Received reply: time=;1146639015622;217
Synch Success: SAftr=1146639015789, SBfr=1146639015596, D=96, M=1146639015622
Scheduled a DoS to fire after 279ms
DOS THREAD: SEND DoS PACKET At :1146639016001 208
Synch: Sending query: time=?;218
Received reply: time=;1146639016220;218
Synch Success: SAftr=1146639016381, SBfr=1146639016191, D=95, M=1146639016220
Scheduled a DoS to fire after 184ms
DOS THREAD: SEND DoS PACKET At :1146639016501 209
Synch: Sending query: time=?;219
Received reply: time=;1146639016809;219
Synch Success: SAftr=1146639016986, SBfr=1146639016782, D=102, M=1146639016809
Scheduled a DoS to fire after 76ms
DOS THREAD: SEND DoS PACKET At :1146639017001 210
Synch: Sending query: time=?;220
Received reply: time=;1146639017436;220
Synch Success: SAftr=1146639017624, SBfr=1146639017409, D=107, M=1146639017436
Scheduled a DoS to fire after 452ms
DOS THREAD: SEND DoS PACKET At :1146639017503 210
Synch: Sending query: time=?;221
DOS THREAD: SEND DoS PACKET At :1146639015008 211
DOS THREAD: SEND DoS PACKET At :1146639018002 211
Received reply: time=;1146639018045;221
Synch Success: SAftr=1146639018195, SBfr=1146639018018, D=88, M=1146639018045
Scheduled a DoS to fire after 366ms
Synch: Sending query: time=?;222
DOS THREAD: SEND DoS PACKET At :1146639018501 211
Received reply: time=;1146639018627;222
Synch Success: SAftr=1146639018865, SBfr=1146639018600, D=132, M=1146639018627
Scheduled a DoS to fire after 236ms
DOS THREAD: SEND DoS PACKET At :1146639019002 212
Synch: Sending query: time=?;223
DOS THREAD: SEND DoS PACKET At :1146639019503 213
Attempt: Sending query: time=?;224
Received reply: time=;1146639019896;224
Synch Success: SAftr=1146639020073, SBfr=1146639019869, D=102, M=1146639019896
Scheduled a DoS to fire after 1ms
DOS THREAD: SEND DoS PACKET At :1146639020001 214
Received reply: time=;1146639019289;223
Synch Failure: sn and snPrime are not equal
Synch: Sending query: time=?;225
DOS THREAD: SEND DoS PACKET At :1146639020503 215
Received reply: time=;1146639020605;225
Synch Success: SAftr=1146639020784, SBfr=1146639020527, D=128, M=1146639020605
Scheduled a DoS to fire after 265ms
DOS THREAD: SEND DoS PACKET At :1146639021002 215
Synch: Sending query: time=?;226
Received reply: time=;1146639021219;226
Synch Success: SAftr=1146639021398, SBfr=1146639021191, D=103, M=1146639021219
Scheduled a DoS to fire after 175ms
DOS THREAD: SEND DoS PACKET At :1146639021508 216
Synch: Sending query: time=?;227
Received reply: time=;1146639021844;227
Synch Success: SAftr=1146639022041, SBfr=1146639021817, D=112, M=1146639021844
Scheduled a DoS to fire after 42ms
DOS THREAD: SEND DoS PACKET At :1146639022002 216
Synch: Sending query: time=?;228
Received reply: time=;1146639022469;228
Synch Success: SAftr=1146639022692, SBfr=1146639022443, D=124, M=1146639022469
Scheduled a DoS to fire after 406ms
DOS THREAD: SEND DoS PACKET At :1146639022503 217
Synch: Sending query: time=?;229
DOS THREAD: SEND DoS PACKET At :1146639023001 217
Received reply: time=;1146639023130;229
Synch Success: SAftr=1146639023332, SBfr=1146639023103, D=114, M=1146639023130
Scheduled a DoS to fire after 253ms
DOS THREAD: SEND DoS PACKET At :1146639023501 218
Synch: Sending query: time=?;230
Received reply: time=;1146639023885;230
Synch Success: SAftr=1146639024060, SBfr=1146639023858, D=101, M=1146639023885
Scheduled a DoS to fire after 5ms
DOS THREAD: SEND DoS PACKET At :1146639024001 219
Synch: Sending query: time=?;231
Received reply: time=;1146639024502;231
Synch Success: SAftr=1146639024669, SBfr=1146639024475, D=97, M=1146639024502
Scheduled a DoS to fire after 400ms
DOS THREAD: SEND DoS PACKET At :1146639024503 220
Synch: Sending query: time=?;232
DOS THREAD: SEND DoS PACKET At :1146639025001 220
Received reply: time=;1146639025155;232
Synch Success: SAftr=1146639025338, SBfr=1146639025128, D=105, M=1146639025155
Scheduled a DoS to fire after 236ms
DOS THREAD: SEND DoS PACKET At :1146639025507 220
Synch: Sending query: time=?;233
Received reply: time=;1146639025804;233
Synch Success: SAftr=1146639026035, SBfr=1146639025746, D=144, M=1146639025804
Scheduled a DoS to fire after 50ms
DOS THREAD: SEND DoS PACKET At :1146639026001 221
Synch: Sending query: time=?;234
Received reply: time=;1146639026468;234
Synch Success: SAftr=1146639026626, SBfr=1146639026439, D=93, M=1146639026468
Scheduled a DoS to fire after 435ms
DOS THREAD: SEND DoS PACKET At :1146639026502 222
Synch: Sending query: time=?;235
DOS THREAD: SEND DoS PACKET At :1146639027002 223
Received reply: time=;1146639027070;235
Synch Success: SAftr=1146639027232, SBfr=1146639027043, D=94, M=1146639027070
Scheduled a DoS to fire after 330ms
Synch: Sending query: time=?;236
DOS THREAD: SEND DoS PACKET At :1146639027505 223
Received reply: time=;1146639027673;236
Synch Success: SAftr=1146639027873, SBfr=1146639027642, D=115, M=1146639027673
Scheduled a DoS to fire after 199ms
DOS THREAD: SEND DoS PACKET At :1146639028002 224
Synch: Sending query: time=?;237
Received reply: time=;1146639028336;237
Synch Success: SAftr=1146639028511, SBfr=1146639028306, D=102, M=1146639028336
Scheduled a DoS to fire after 52ms
DOS THREAD: SEND DoS PACKET At :1146639028501 224
Synch: Sending query: time=?;238
Received reply: time=;1146639028957;238
Synch Success: SAftr=1146639029119, SBfr=1146639028930, D=94, M=1146639028957
Scheduled a DoS to fire after 447ms
DOS THREAD: SEND DoS PACKET At :1146639029003 225
Synch: Sending query: time=?;239
DOS THREAD: SEND DoS PACKET At :1146639029510 225
Received reply: time=;1146639029568;239
Synch Success: SAftr=1146639029805, SBfr=1146639029527, D=139, M=1146639029568
Scheduled a DoS to fire after 292ms
DOS THREAD: SEND DoS PACKET At :1146639030002 225
Synch: Sending query: time=?;240
Received reply: time=;1146639030272;240
Synch Success: SAftr=1146639030512, SBfr=1146639030209, D=151, M=1146639030272
Scheduled a DoS to fire after 76ms
DOS THREAD: SEND DoS PACKET At :1146639030510 226
Synch: Sending query: time=?;241
Received reply: time=;1146639030949;241
Synch Success: SAftr=1146639031138, SBfr=1146639030920, D=109, M=1146639030949
Scheduled a DoS to fire after 429ms
DOS THREAD: SEND DoS PACKET At :1146639031011 227
Synch: Sending query: time=?;242
DOS THREAD: SEND DoS PACKET At :1146639031501 228
Received reply: time=;1146639031579;242
Synch Success: SAftr=1146639031756, SBfr=1146639031550, D=103, M=1146639031579
Scheduled a DoS to fire after 317ms
Synch: Sending query: time=?;243
DOS THREAD: SEND DoS PACKET At :1146639032009 228
Received reply: time=;1146639032190;243
Synch Success: SAftr=1146639032358, SBfr=1146639032163, D=97, M=1146639032190
Scheduled a DoS to fire after 211ms
DOS THREAD: SEND DoS PACKET At :1146639032502 228
Synch: Sending query: time=?;244
Received reply: time=;1146639032811;244
Synch Success: SAftr=1146639032986, SBfr=1146639032782, D=102, M=1146639032811
Scheduled a DoS to fire after 85ms
DOS THREAD: SEND DoS PACKET At :1146639033001 229
Synch: Sending query: time=?;245
DOS THREAD: SEND DoS PACKET At :1146639033503 230
Received reply: time=;1146639033654;245
Synch Success: SAftr=1146639033882, SBfr=1146639033522, D=180, M=1146639033654
Scheduled a DoS to fire after 155ms
DOS THREAD: SEND DoS PACKET At :1146639034005 230
Synch: Sending query: time=?;246
Received reply: time=;1146639034319;246
Synch Success: SAftr=1146639034490, SBfr=1146639034291, D=99, M=1146639034319
Scheduled a DoS to fire after 79ms
Synch: Sending query: time=?;247
Received reply: time=;1146639034924;247
Synch Success: SAftr=1146639035107, SBfr=1146639034896, D=105, M=1146639034924
Scheduled a DoS to fire after 469ms
Synch: Sending query: time=?;248
DOS THREAD: SEND DoS PACKET At :1146639035501 231
Received reply: time=;1146639035533;248
Synch Success: SAftr=1146639035707, SBfr=1146639035506, D=100, M=1146639035533
Scheduled a DoS to fire after 366ms
Synch: Sending query: time=?;249
DOS THREAD: SEND DoS PACKET At :1146639036001 231
Received reply: time=;1146639036147;249
Synch Success: SAftr=1146639036331, SBfr=1146639036120, D=105, M=1146639036147
Scheduled a DoS to fire after 247ms
DOS THREAD: SEND DoS PACKET At :1146639036503 231
Synch: Sending query: time=?;250
Received reply: time=;1146639036770;250
Synch Success: SAftr=1146639036941, SBfr=1146639036742, D=99, M=1146639036770
Scheduled a DoS to fire after 128ms
DOS THREAD: SEND DoS PACKET At :1146639037002 232
Synch: Sending query: time=?;251
Received reply: time=;1146639037378;251
Synch Success: SAftr=1146639037548, SBfr=1146639037351, D=98, M=1146639037378
Scheduled a DoS to fire after 22ms
DOS THREAD: SEND DoS PACKET At :1146639037502 233
DOS THREAD: SEND DoS PACKET At :1146639034501 234
Synch: Sending query: time=?;252
Received reply: time=;1146639037966;252
Synch Success: SAftr=1146639038126, SBfr=1146639037939, D=93, M=1146639037966
Scheduled a DoS to fire after 438ms
Synch: Sending query: time=?;253
DOS THREAD: SEND DoS PACKET At :1146639038502 234
Received reply: time=;1146639038567;253
Synch Success: SAftr=1146639038754, SBfr=1146639038539, D=107, M=1146639038567
Scheduled a DoS to fire after 310ms
DOS THREAD: SEND DoS PACKET At :1146639039002 234
Synch: Sending query: time=?;254
Received reply: time=;1146639039197;254
Synch Success: SAftr=1146639039371, SBfr=1146639039170, D=100, M=1146639039197
Scheduled a DoS to fire after 197ms
DOS THREAD: SEND DoS PACKET At :1146639039502 235
Synch: Sending query: time=?;255
Received reply: time=;1146639039819;255
Synch Success: SAftr=1146639039979, SBfr=1146639039792, D=93, M=1146639039819
Scheduled a DoS to fire after 84ms
DOS THREAD: SEND DoS PACKET At :1146639040002 235
Synch: Sending query: time=?;256
Received reply: time=;1146639040409;256
Synch Success: SAftr=1146639040570, SBfr=1146639040383, D=93, M=1146639040409
Scheduled a DoS to fire after 495ms
DOS THREAD: SEND DoS PACKET At :1146639040504 236
Synch: Sending query: time=?;257
DOS THREAD: SEND DoS PACKET At :1146639041002 236
DOS THREAD: SEND DoS PACKET At :1146639038004 236
Received reply: time=;1146639041009;257
Synch Success: SAftr=1146639041206, SBfr=1146639040980, D=113, M=1146639041009
Scheduled a DoS to fire after 375ms
Synch: Sending query: time=?;258
DOS THREAD: SEND DoS PACKET At :1146639041502 237
Received reply: time=;1146639041652;258
Synch Success: SAftr=1146639041833, SBfr=1146639041625, D=104, M=1146639041652
Scheduled a DoS to fire after 242ms
DOS THREAD: SEND DoS PACKET At :1146639042001 237
Synch: Sending query: time=?;259
Received reply: time=;1146639042285;259
Synch Success: SAftr=1146639042445, SBfr=1146639042258, D=93, M=1146639042285
Scheduled a DoS to fire after 120ms
DOS THREAD: SEND DoS PACKET At :1146639042501 237
Synch: Sending query: time=?;260
Received reply: time=;1146639042868;260
Synch Success: SAftr=1146639043042, SBfr=1146639042841, D=100, M=1146639042868
Scheduled a DoS to fire after 30ms
DOS THREAD: SEND DoS PACKET At :1146639043004 238
Synch: Sending query: time=?;261
DOS THREAD: SEND DoS PACKET At :1146639043506 238
Received reply: time=;1146639043484;261
Synch Failure: 298 D was greater than U
Attempt: Sending query: time=?;262
DOS THREAD: SEND DoS PACKET At :1146639044009 238
Received reply: time=;1146639044108;262
Synch Success: SAftr=1146639044313, SBfr=1146639044082, D=115, M=1146639044108
Scheduled a DoS to fire after 276ms
DOS THREAD: SEND DoS PACKET At :1146639044503 239
Synch: Sending query: time=?;263
Received reply: time=;1146639044757;263
Synch Success: SAftr=1146639044947, SBfr=1146639044729, D=109, M=1146639044757
Scheduled a DoS to fire after 132ms
DOS THREAD: SEND DoS PACKET At :1146639045001 239
Synch: Sending query: time=?;264
Received reply: time=;1146639045379;264
Synch Success: SAftr=1146639045565, SBfr=1146639045351, D=107, M=1146639045379
Scheduled a DoS to fire after 11ms
DOS THREAD: SEND DoS PACKET At :1146639045502 239
Synch: Sending query: time=?;265
DOS THREAD: SEND DoS PACKET At :1146639046004 239
Received reply: time=;1146639045995;265
Synch Success: SAftr=1146639046169, SBfr=1146639045967, D=101, M=1146639045995
Scheduled a DoS to fire after 403ms
Synch: Sending query: time=?;266
DOS THREAD: SEND DoS PACKET At :1146639046503 239
Received reply: time=;1146639046605;266
Synch Success: SAftr=1146639046770, SBfr=1146639046578, D=96, M=1146639046605
Scheduled a DoS to fire after 292ms
DOS THREAD: SEND DoS PACKET At :1146639047003 239
Synch: Sending query: time=?;267
Received reply: time=;1146639047206;267
Synch Success: SAftr=1146639047372, SBfr=1146639047179, D=96, M=1146639047206
Scheduled a DoS to fire after 196ms
DOS THREAD: SEND DoS PACKET At :1146639047502 239
Synch: Sending query: time=?;268
Received reply: time=;1146639047798;268
Synch Success: SAftr=1146639047959, SBfr=1146639047772, D=93, M=1146639047798
Scheduled a DoS to fire after 106ms
DOS THREAD: SEND DoS PACKET At :1146639048004 239
Synch: Sending query: time=?;269
Received reply: time=;1146639048394;269
Synch Success: SAftr=1146639048563, SBfr=1146639048367, D=98, M=1146639048394
Scheduled a DoS to fire after 481ms
DOS THREAD: SEND DoS PACKET At :1146639048517 239
Synch: Sending query: time=?;270
DOS THREAD: SEND DoS PACKET At :1146639049003 239
Received reply: time=;1146639049033;270
Synch Success: SAftr=1146639049209, SBfr=1146639049006, D=101, M=1146639049033
Scheduled a DoS to fire after 362ms
Synch: Sending query: time=?;271
DOS THREAD: SEND DoS PACKET At :1146639049502 239
Received reply: time=;1146639049655;271
Synch Success: SAftr=1146639049840, SBfr=1146639049627, D=106, M=1146639049655
Scheduled a DoS to fire after 234ms
DOS THREAD: SEND DoS PACKET At :1146639050002 240
Synch: Sending query: time=?;272
Received reply: time=;1146639050276;272
Synch Success: SAftr=1146639050465, SBfr=1146639050249, D=108, M=1146639050276
Scheduled a DoS to fire after 111ms
DOS THREAD: SEND DoS PACKET At :1146639050512 241
Synch: Sending query: time=?;273
Received reply: time=;1146639050902;273
Synch Success: SAftr=1146639051078, SBfr=1146639050874, D=102, M=1146639050902
Scheduled a DoS to fire after 493ms
Synch: Sending query: time=?;274
DOS THREAD: SEND DoS PACKET At :1146639051502 241
Received reply: time=;1146639051515;274
Synch Success: SAftr=1146639051693, SBfr=1146639051488, D=102, M=1146639051515
Scheduled a DoS to fire after 380ms
Synch: Sending query: time=?;275
DOS THREAD: SEND DoS PACKET At :1146639052001 241
Received reply: time=;1146639052168;275
Synch Success: SAftr=1146639052323, SBfr=1146639052136, D=93, M=1146639052168
Scheduled a DoS to fire after 215ms
DOS THREAD: SEND DoS PACKET At :1146639052502 241
Synch: Sending query: time=?;276
Received reply: time=;1146639052791;276
Synch Success: SAftr=1146639052964, SBfr=1146639052762, D=101, M=1146639052791
Scheduled a DoS to fire after 106ms
DOS THREAD: SEND DoS PACKET At :1146639053001 242
Synch: Sending query: time=?;277
Received reply: time=;1146639053403;277
Synch Success: SAftr=1146639053577, SBfr=1146639053376, D=100, M=1146639053403
Scheduled a DoS to fire after 496ms
DOS THREAD: SEND DoS PACKET At :1146639053502 242
Synch: Sending query: time=?;278
DOS THREAD: SEND DoS PACKET At :1146639054002 242
Received reply: time=;1146639054012;278
Synch Success: SAftr=1146639054186, SBfr=1146639053985, D=100, M=1146639054012
Scheduled a DoS to fire after 387ms
Synch: Sending query: time=?;279
DOS THREAD: SEND DoS PACKET At :1146639054502 242
Received reply: time=;1146639054620;279
Synch Success: SAftr=1146639054803, SBfr=1146639054593, D=105, M=1146639054620
Scheduled a DoS to fire after 274ms
DOS THREAD: SEND DoS PACKET At :1146639055002 242
Synch: Sending query: time=?;280
Received reply: time=;1146639055224;280
Synch Success: SAftr=1146639055388, SBfr=1146639055197, D=95, M=1146639055224
Scheduled a DoS to fire after 174ms
Synch: Sending query: time=?;281
Received reply: time=;1146639055821;281
Synch Success: SAftr=1146639056004, SBfr=1146639055794, D=105, M=1146639055821
Scheduled a DoS to fire after 73ms
DOS THREAD: SEND DoS PACKET At :1146639056002 242
Synch: Sending query: time=?;282
Received reply: time=;1146639056434;282
Synch Success: SAftr=1146639056601, SBfr=1146639056407, D=97, M=1146639056434
Scheduled a DoS to fire after 468ms
DOS THREAD: SEND DoS PACKET At :1146639056503 243
Synch: Sending query: time=?;283
DOS THREAD: SEND DoS PACKET At :1146639057001 244
Received reply: time=;1146639057189;283
Synch Success: SAftr=1146639057361, SBfr=1146639057046, D=157, M=1146639057189
Scheduled a DoS to fire after 152ms
DOS THREAD: SEND DoS PACKET At :1146639057501 245
Synch: Sending query: time=?;284
Received reply: time=;1146639057775;284
Synch Success: SAftr=1146639057934, SBfr=1146639057748, D=93, M=1146639057775
Scheduled a DoS to fire after 130ms
DOS THREAD: SEND DoS PACKET At :1146639058002 245
Synch: Sending query: time=?;285
Received reply: time=;1146639058368;285
Synch Success: SAftr=1146639058529, SBfr=1146639058341, D=94, M=1146639058368
Scheduled a DoS to fire after 36ms
DOS THREAD: SEND DoS PACKET At :1146639058502 245
DOS THREAD: SEND DoS PACKET At :1146639055502 245
Synch: Sending query: time=?;286
Received reply: time=;1146639058955;286
Synch Success: SAftr=1146639059126, SBfr=1146639058928, D=99, M=1146639058955
Scheduled a DoS to fire after 444ms
DOS THREAD: SEND DoS PACKET At :1146639059003 245
Synch: Sending query: time=?;287
DOS THREAD: SEND DoS PACKET At :1146639059502 245
Received reply: time=;1146639059554;287
Synch Success: SAftr=1146639059711, SBfr=1146639059528, D=91, M=1146639059554
Scheduled a DoS to fire after 354ms
Synch: Sending query: time=?;288
DOS THREAD: SEND DoS PACKET At :1146639060001 245
Received reply: time=;1146639060135;288
Synch Success: SAftr=1146639060310, SBfr=1146639060109, D=100, M=1146639060135
Scheduled a DoS to fire after 262ms
DOS THREAD: SEND DoS PACKET At :1146639060502 246
Synch: Sending query: time=?;289
Received reply: time=;1146639060750;289
Synch Success: SAftr=1146639060934, SBfr=1146639060714, D=110, M=1146639060750
Scheduled a DoS to fire after 137ms
DOS THREAD: SEND DoS PACKET At :1146639061002 246
Synch: Sending query: time=?;290
Received reply: time=;1146639061370;290
Synch Success: SAftr=1146639061530, SBfr=1146639061342, D=94, M=1146639061370
Scheduled a DoS to fire after 30ms
DOS THREAD: SEND DoS PACKET At :1146639061502 246
Synch: Sending query: time=?;291
Received reply: time=;1146639061956;291
Synch Success: SAftr=1146639062104, SBfr=1146639061929, D=87, M=1146639061956
Scheduled a DoS to fire after 456ms
DOS THREAD: SEND DoS PACKET At :1146639062004 246
Synch: Sending query: time=?;292
DOS THREAD: SEND DoS PACKET At :1146639062502 246
Received reply: time=;1146639062536;292
Synch Success: SAftr=1146639062723, SBfr=1146639062507, D=108, M=1146639062536
Scheduled a DoS to fire after 355ms
Synch: Sending query: time=?;293
DOS THREAD: SEND DoS PACKET At :1146639063002 246
Received reply: time=;1146639063166;293
Synch Success: SAftr=1146639063342, SBfr=1146639063137, D=102, M=1146639063166
Scheduled a DoS to fire after 230ms
DOS THREAD: SEND DoS PACKET At :1146639063502 246
Synch: Sending query: time=?;294
Received reply: time=;1146639063768;294
Synch Success: SAftr=1146639063927, SBfr=1146639063740, D=93, M=1146639063768
Scheduled a DoS to fire after 138ms
DOS THREAD: SEND DoS PACKET At :1146639064013 246
Synch: Sending query: time=?;295
Received reply: time=;1146639064358;295
Synch Success: SAftr=1146639064526, SBfr=1146639064331, D=97, M=1146639064358
Scheduled a DoS to fire after 23ms
DOS THREAD: SEND DoS PACKET At :1146639064504 246
Synch: Sending query: time=?;296
Received reply: time=;1146639064972;296
Synch Success: SAftr=1146639065140, SBfr=1146639064946, D=97, M=1146639064972
Scheduled a DoS to fire after 428ms
DOS THREAD: SEND DoS PACKET At :1146639065006 246
Synch: Sending query: time=?;297
DOS THREAD: SEND DoS PACKET At :1146639065502 246
Received reply: time=;1146639065571;297
Synch Success: SAftr=1146639065756, SBfr=1146639065542, D=107, M=1146639065571
Scheduled a DoS to fire after 321ms
Synch: Sending query: time=?;298
DOS THREAD: SEND DoS PACKET At :1146639066001 247
Received reply: time=;1146639066200;298
Synch Success: SAftr=1146639066373, SBfr=1146639066172, D=100, M=1146639066200
Scheduled a DoS to fire after 198ms
DOS THREAD: SEND DoS PACKET At :1146639066502 247
Synch: Sending query: time=?;299
Received reply: time=;1146639066930;299
Synch Success: SAftr=1146639067106, SBfr=1146639066789, D=158, M=1146639066930
Scheduled a DoS to fire after 408ms
DOS THREAD: SEND DoS PACKET At :1146639067003 248
Synch: Sending query: time=?;300
DOS THREAD: SEND DoS PACKET At :1146639067502 248
Received reply: time=;1146639067534;300
Synch Success: SAftr=1146639067720, SBfr=1146639067505, D=107, M=1146639067534
Scheduled a DoS to fire after 356ms
Synch: Sending query: time=?;301
DOS THREAD: SEND DoS PACKET At :1146639068002 248
Received reply: time=;1146639068154;301
Synch Success: SAftr=1146639068330, SBfr=1146639068126, D=102, M=1146639068154
Scheduled a DoS to fire after 241ms
DOS THREAD: SEND DoS PACKET At :1146639068505 248
Synch: Sending query: time=?;302
Received reply: time=;1146639068764;302
Synch Success: SAftr=1146639068940, SBfr=1146639068737, D=101, M=1146639068764
Scheduled a DoS to fire after 133ms
DOS THREAD: SEND DoS PACKET At :1146639069002 248
Synch: Sending query: time=?;303
Received reply: time=;1146639069440;303
Synch Success: SAftr=1146639069614, SBfr=1146639069414, D=100, M=1146639069440
Scheduled a DoS to fire after 458ms
DOS THREAD: SEND DoS PACKET At :1146639069503 249
Synch: Sending query: time=?;304
DOS THREAD: SEND DoS PACKET At :1146639070007 250
Received reply: time=;1146639070039;304
Synch Success: SAftr=1146639070223, SBfr=1146639070013, D=105, M=1146639070039
Scheduled a DoS to fire after 355ms
Synch: Sending query: time=?;305
DOS THREAD: SEND DoS PACKET At :1146639070501 251
Received reply: time=;1146639070674;305
Synch Success: SAftr=1146639070848, SBfr=1146639070647, D=100, M=1146639070674
Scheduled a DoS to fire after 217ms
DOS THREAD: SEND DoS PACKET At :1146639071002 252
Synch: Sending query: time=?;306
Received reply: time=;1146639071314;306
Synch Success: SAftr=1146639071486, SBfr=1146639071283, D=101, M=1146639071314
Scheduled a DoS to fire after 82ms
Synch: Sending query: time=?;307
Received reply: time=;1146639071910;307
Synch Success: SAftr=1146639072082, SBfr=1146639071884, D=99, M=1146639071910
Scheduled a DoS to fire after 490ms
Synch: Sending query: time=?;308
DOS THREAD: SEND DoS PACKET At :1146639072502 253
Received reply: time=;1146639072501;308
Synch Success: SAftr=1146639072668, SBfr=1146639072474, D=97, M=1146639072501
Scheduled a DoS to fire after 401ms
Synch: Sending query: time=?;309
Received reply: time=;1146639073100;309
Synch Success: SAftr=1146639073270, SBfr=1146639073073, D=98, M=1146639073100
Scheduled a DoS to fire after 300ms
Synch: Sending query: time=?;310
DOS THREAD: SEND DoS PACKET At :1146639073504 254
Received reply: time=;1146639073717;310
Synch Success: SAftr=1146639073894, SBfr=1146639073690, D=102, M=1146639073717
Scheduled a DoS to fire after 180ms
DOS THREAD: SEND DoS PACKET At :1146639074001 255
Synch: Sending query: time=?;311
Received reply: time=;1146639074314;311
Synch Success: SAftr=1146639074477, SBfr=1146639074288, D=94, M=1146639074314
Scheduled a DoS to fire after 91ms
DOS THREAD: SEND DoS PACKET At :1146639071502 256
Synch: Sending query: time=?;312
Received reply: time=;1146639074912;312
Synch Success: SAftr=1146639075099, SBfr=1146639074885, D=107, M=1146639074912
Scheduled a DoS to fire after 480ms
Synch: Sending query: time=?;313
Received reply: time=;1146639075533;313
Synch Success: SAftr=1146639075704, SBfr=1146639075495, D=104, M=1146639075533
Scheduled a DoS to fire after 362ms
DOS THREAD: SEND DoS PACKET At :1146639075502 256
DOS THREAD: SEND DoS PACKET At :1146639073003 257
Synch: Sending query: time=?;314
DOS THREAD: SEND DoS PACKET At :1146639076001 258
Received reply: time=;1146639076147;314
Synch Success: SAftr=1146639076326, SBfr=1146639076121, D=102, M=1146639076147
Scheduled a DoS to fire after 250ms
DOS THREAD: SEND DoS PACKET At :1146639076503 259
Synch: Sending query: time=?;315
Received reply: time=;1146639076757;315
Synch Success: SAftr=1146639076924, SBfr=1146639076730, D=97, M=1146639076757
Scheduled a DoS to fire after 133ms
Synch: Sending query: time=?;316
Received reply: time=;1146639077369;316
Synch Success: SAftr=1146639077557, SBfr=1146639077343, D=107, M=1146639077369
Scheduled a DoS to fire after 21ms
DOS THREAD: SEND DoS PACKET At :1146639074501 260
Synch: Sending query: time=?;317
Received reply: time=;1146639077992;317
Synch Success: SAftr=1146639078156, SBfr=1146639077964, D=96, M=1146639077992
Scheduled a DoS to fire after 410ms
Synch: Sending query: time=?;318
Received reply: time=;1146639078586;318
Synch Success: SAftr=1146639078751, SBfr=1146639078559, D=96, M=1146639078586
Scheduled a DoS to fire after 314ms
Synch: Sending query: time=?;319
DOS THREAD: SEND DoS PACKET At :1146639079002 261
Received reply: time=;1146639079189;319
Synch Success: SAftr=1146639079365, SBfr=1146639079162, D=101, M=1146639079189
Scheduled a DoS to fire after 208ms
DOS THREAD: SEND DoS PACKET At :1146639079501 262
Synch: Sending query: time=?;320
Received reply: time=;1146639079811;320
Synch Success: SAftr=1146639079994, SBfr=1146639079783, D=105, M=1146639079811
Scheduled a DoS to fire after 78ms
DOS THREAD: SEND DoS PACKET At :1146639077003 263
DOS THREAD: SEND DoS PACKET At :1146639080001 264
Synch: Sending query: time=?;321
DOS THREAD: SEND DoS PACKET At :1146639077501 265
Received reply: time=;1146639080446;321
Synch Success: SAftr=1146639080637, SBfr=1146639080419, D=109, M=1146639080446
Scheduled a DoS to fire after 444ms
DOS THREAD: SEND DoS PACKET At :1146639080503 266
DOS THREAD: SEND DoS PACKET At :1146639081002 267
DOS THREAD: SEND DoS PACKET At :1146639078501 268
DOS THREAD: SEND DoS PACKET At :1146639081504 269
DOS THREAD: SEND DoS PACKET At :1146639082005 270
DOS THREAD: SEND DoS PACKET At :1146639082507 271
DOS THREAD: SEND DoS PACKET At :1146639083009 272
