Master Name = 128.208.1.139
Master Send Port = 20010
Slave Rcv Port = 20100
U = 200 milliseconds
k = 10
W = 500 milliseconds
Synch Frequency = 300 milliseconds
DoS Target Host Name = 24.17.85.236
DoS Target Port = 80
AttackLifetime = 5 minute(s)
Attack Mode = TCP
Synch: Sending query: time=?;1
Received reply: time=;1146640216787;1
Synch Success: SAftr=1146640216903, SBfr=1146640216750, D=76, M=1146640216787
Scheduled a DoS to fire after 135ms
Synch: Sending query: time=?;2
Received reply: time=;1146640217326;2
Synch Success: SAftr=1146640217440, SBfr=1146640217288, D=76, M=1146640217326
Scheduled a DoS to fire after 97ms
DOS THREAD: SEND DoS PACKET At :1146640217501 1
Synch: Sending query: time=?;3
Received reply: time=;1146640217858;3
Synch Success: SAftr=1146640217972, SBfr=1146640217820, D=76, M=1146640217858
Scheduled a DoS to fire after 65ms
DOS THREAD: SEND DoS PACKET At :1146640218001 1
Synch: Sending query: time=?;4
Received reply: time=;1146640218388;4
Synch Success: SAftr=1146640218503, SBfr=1146640218350, D=76, M=1146640218388
Scheduled a DoS to fire after 36ms
DOS THREAD: SEND DoS PACKET At :1146640218501 2
Synch: Sending query: time=?;5
Received reply: time=;1146640218919;5
Synch Success: SAftr=1146640219052, SBfr=1146640218881, D=85, M=1146640218919
Scheduled a DoS to fire after 495ms
DOS THREAD: SEND DoS PACKET At :1146640219002 3
Synch: Sending query: time=?;6
Received reply: time=;1146640219470;6
Synch Success: SAftr=1146640219585, SBfr=1146640219431, D=77, M=1146640219470
Scheduled a DoS to fire after 452ms
DOS THREAD: SEND DoS PACKET At :1146640219501 3
Synch: Sending query: time=?;7
Received reply: time=;1146640220001;7
Synch Success: SAftr=1146640220116, SBfr=1146640219963, D=76, M=1146640220001
Scheduled a DoS to fire after 423ms
DOS THREAD: SEND DoS PACKET At :1146640217010 4
DOS THREAD: SEND DoS PACKET At :1146640220002 4
Synch: Sending query: time=?;8
Received reply: time=;1146640220538;8
Synch Success: SAftr=1146640220653, SBfr=1146640220500, D=76, M=1146640220538
Scheduled a DoS to fire after 386ms
DOS THREAD: SEND DoS PACKET At :1146640220502 5
Synch: Sending query: time=?;9
DOS THREAD: SEND DoS PACKET At :1146640221001 6
Received reply: time=;1146640221072;9
Synch Success: SAftr=1146640221186, SBfr=1146640221034, D=76, M=1146640221072
Scheduled a DoS to fire after 351ms
Synch: Sending query: time=?;10
DOS THREAD: SEND DoS PACKET At :1146640221501 7
Received reply: time=;1146640221603;10
Synch Success: SAftr=1146640221717, SBfr=1146640221565, D=76, M=1146640221603
Scheduled a DoS to fire after 304ms
Synch: Sending query: time=?;11
DOS THREAD: SEND DoS PACKET At :1146640222004 7
Received reply: time=;1146640222156;11
Synch Success: SAftr=1146640222270, SBfr=1146640222118, D=76, M=1146640222156
Scheduled a DoS to fire after 267ms
Synch: Sending query: time=?;12
DOS THREAD: SEND DoS PACKET At :1146640222502 7
Received reply: time=;1146640222687;12
Synch Success: SAftr=1146640222805, SBfr=1146640222648, D=78, M=1146640222687
Scheduled a DoS to fire after 233ms
DOS THREAD: SEND DoS PACKET At :1146640223001 7
Synch: Sending query: time=?;13
Received reply: time=;1146640223222;13
Synch Success: SAftr=1146640223336, SBfr=1146640223185, D=75, M=1146640223222
Scheduled a DoS to fire after 202ms
DOS THREAD: SEND DoS PACKET At :1146640223501 7
Synch: Sending query: time=?;14
Received reply: time=;1146640223753;14
Synch Success: SAftr=1146640223867, SBfr=1146640223715, D=76, M=1146640223753
Scheduled a DoS to fire after 170ms
DOS THREAD: SEND DoS PACKET At :1146640224004 8
Synch: Sending query: time=?;15
Received reply: time=;1146640224283;15
Synch Success: SAftr=1146640224398, SBfr=1146640224245, D=76, M=1146640224283
Scheduled a DoS to fire after 139ms
DOS THREAD: SEND DoS PACKET At :1146640224501 9
Synch: Sending query: time=?;16
Received reply: time=;1146640224816;16
Synch Success: SAftr=1146640224930, SBfr=1146640224778, D=76, M=1146640224816
Scheduled a DoS to fire after 107ms
Synch: Sending query: time=?;17
Received reply: time=;1146640225346;17
Synch Success: SAftr=1146640225461, SBfr=1146640225308, D=76, M=1146640225346
Scheduled a DoS to fire after 78ms
DOS THREAD: SEND DoS PACKET At :1146640225501 9
Synch: Sending query: time=?;18
Received reply: time=;1146640225880;18
Synch Success: SAftr=1146640225995, SBfr=1146640225843, D=76, M=1146640225880
Scheduled a DoS to fire after 43ms
Synch: Sending query: time=?;19
Received reply: time=;1146640226411;19
Synch Success: SAftr=1146640226525, SBfr=1146640226373, D=76, M=1146640226411
Scheduled a DoS to fire after 12ms
DOS THREAD: SEND DoS PACKET At :1146640226503 9
Synch: Sending query: time=?;20
Received reply: time=;1146640226944;20
Synch Success: SAftr=1146640227059, SBfr=1146640226906, D=76, M=1146640226944
Scheduled a DoS to fire after 479ms
DOS THREAD: SEND DoS PACKET At :1146640227008 9
Synch: Sending query: time=?;21
Received reply: time=;1146640227476;21
Synch Success: SAftr=1146640227593, SBfr=1146640227438, D=77, M=1146640227476
Scheduled a DoS to fire after 443ms
DOS THREAD: SEND DoS PACKET At :1146640227501 9
Synch: Sending query: time=?;22
Received reply: time=;1146640228014;22
Synch Success: SAftr=1146640228129, SBfr=1146640227977, D=76, M=1146640228014
Scheduled a DoS to fire after 410ms
DOS THREAD: SEND DoS PACKET At :1146640228003 9
DOS THREAD: SEND DoS PACKET At :1146640225002 9
Synch: Sending query: time=?;23
DOS THREAD: SEND DoS PACKET At :1146640228502 9
Received reply: time=;1146640228545;23
Synch Success: SAftr=1146640228661, SBfr=1146640228507, D=77, M=1146640228545
Scheduled a DoS to fire after 358ms
Synch: Sending query: time=?;24
DOS THREAD: SEND DoS PACKET At :1146640226001 9
Received reply: time=;1146640229098;24
Synch Success: SAftr=1146640229228, SBfr=1146640229060, D=84, M=1146640229098
Scheduled a DoS to fire after 316ms
Synch: Sending query: time=?;25
Received reply: time=;1146640229645;25
Synch Success: SAftr=1146640229759, SBfr=1146640229607, D=76, M=1146640229645
Scheduled a DoS to fire after 278ms
Synch: Sending query: time=?;26
Received reply: time=;1146640230184;26
Synch Success: SAftr=1146640230299, SBfr=1146640230146, D=76, M=1146640230184
Scheduled a DoS to fire after 240ms
DOS THREAD: SEND DoS PACKET At :1146640230504 10
Synch: Sending query: time=?;27
Received reply: time=;1146640230715;27
Synch Success: SAftr=1146640230829, SBfr=1146640230678, D=75, M=1146640230715
Scheduled a DoS to fire after 208ms
DOS THREAD: SEND DoS PACKET At :1146640231013 11
Synch: Sending query: time=?;28
Received reply: time=;1146640231271;28
Synch Success: SAftr=1146640231386, SBfr=1146640231234, D=76, M=1146640231271
Scheduled a DoS to fire after 152ms
Synch: Sending query: time=?;29
Received reply: time=;1146640231815;29
Synch Success: SAftr=1146640231929, SBfr=1146640231777, D=76, M=1146640231815
Scheduled a DoS to fire after 108ms
DOS THREAD: SEND DoS PACKET At :1146640232008 11
DOS THREAD: SEND DoS PACKET At :1146640229002 11
Synch: Sending query: time=?;30
Received reply: time=;1146640232345;30
Synch Success: SAftr=1146640232462, SBfr=1146640232308, D=77, M=1146640232345
Scheduled a DoS to fire after 78ms
DOS THREAD: SEND DoS PACKET At :1146640232502 11
DOS THREAD: SEND DoS PACKET At :1146640229501 11
Synch: Sending query: time=?;31
Received reply: time=;1146640232881;31
Synch Success: SAftr=1146640232995, SBfr=1146640232844, D=75, M=1146640232881
Scheduled a DoS to fire after 43ms
DOS THREAD: SEND DoS PACKET At :1146640230001 11
Synch: Sending query: time=?;32
Received reply: time=;1146640233420;32
Synch Success: SAftr=1146640233535, SBfr=1146640233383, D=76, M=1146640233420
Scheduled a DoS to fire after 4ms
DOS THREAD: SEND DoS PACKET At :1146640233501 11
Synch: Sending query: time=?;33
Received reply: time=;1146640233951;33
Synch Success: SAftr=1146640234065, SBfr=1146640233913, D=76, M=1146640233951
Scheduled a DoS to fire after 473ms
DOS THREAD: SEND DoS PACKET At :1146640234002 11
Synch: Sending query: time=?;34
DOS THREAD: SEND DoS PACKET At :1146640231501 12
Received reply: time=;1146640234482;34
Synch Success: SAftr=1146640234598, SBfr=1146640234444, D=77, M=1146640234482
Scheduled a DoS to fire after 441ms
DOS THREAD: SEND DoS PACKET At :1146640234511 13
Synch: Sending query: time=?;35
Received reply: time=;1146640235013;35
Synch Success: SAftr=1146640235129, SBfr=1146640234976, D=76, M=1146640235013
Scheduled a DoS to fire after 407ms
Synch: Sending query: time=?;36
Received reply: time=;1146640235549;36
Synch Success: SAftr=1146640235666, SBfr=1146640235511, D=77, M=1146640235549
Scheduled a DoS to fire after 372ms
DOS THREAD: SEND DoS PACKET At :1146640235502 13
Synch: Sending query: time=?;37
DOS THREAD: SEND DoS PACKET At :1146640236008 14
Received reply: time=;1146640236090;37
Synch Success: SAftr=1146640236205, SBfr=1146640236052, D=76, M=1146640236090
Scheduled a DoS to fire after 334ms
DOS THREAD: SEND DoS PACKET At :1146640233021 14
Synch: Sending query: time=?;38
Received reply: time=;1146640236628;38
Synch Success: SAftr=1146640236742, SBfr=1146640236590, D=76, M=1146640236628
Scheduled a DoS to fire after 295ms
Synch: Sending query: time=?;39
DOS THREAD: SEND DoS PACKET At :1146640237002 14
Received reply: time=;1146640237160;39
Synch Success: SAftr=1146640237278, SBfr=1146640237122, D=78, M=1146640237160
Scheduled a DoS to fire after 254ms
Synch: Sending query: time=?;40
DOS THREAD: SEND DoS PACKET At :1146640237501 14
Received reply: time=;1146640237706;40
Synch Success: SAftr=1146640237821, SBfr=1146640237668, D=76, M=1146640237706
Scheduled a DoS to fire after 218ms
DOS THREAD: SEND DoS PACKET At :1146640235001 15
DOS THREAD: SEND DoS PACKET At :1146640238003 15
Synch: Sending query: time=?;41
Received reply: time=;1146640238238;41
Synch Success: SAftr=1146640238353, SBfr=1146640238200, D=76, M=1146640238238
Scheduled a DoS to fire after 186ms
DOS THREAD: SEND DoS PACKET At :1146640238502 16
Synch: Sending query: time=?;42
Received reply: time=;1146640238781;42
Synch Success: SAftr=1146640238897, SBfr=1146640238743, D=77, M=1146640238781
Scheduled a DoS to fire after 142ms
Synch: Sending query: time=?;43
Received reply: time=;1146640239313;43
Synch Success: SAftr=1146640239427, SBfr=1146640239274, D=76, M=1146640239313
Scheduled a DoS to fire after 110ms
DOS THREAD: SEND DoS PACKET At :1146640236501 17
DOS THREAD: SEND DoS PACKET At :1146640239502 17
Synch: Sending query: time=?;44
Received reply: time=;1146640239843;44
Synch Success: SAftr=1146640239959, SBfr=1146640239805, D=77, M=1146640239843
Scheduled a DoS to fire after 79ms
DOS THREAD: SEND DoS PACKET At :1146640240007 17
Synch: Sending query: time=?;45
Received reply: time=;1146640240379;45
Synch Success: SAftr=1146640240494, SBfr=1146640240341, D=76, M=1146640240379
Scheduled a DoS to fire after 44ms
DOS THREAD: SEND DoS PACKET At :1146640240502 18
Synch: Sending query: time=?;46
Received reply: time=;1146640240910;46
Synch Success: SAftr=1146640241025, SBfr=1146640240873, D=76, M=1146640240910
Scheduled a DoS to fire after 14ms
DOS THREAD: SEND DoS PACKET At :1146640241002 18
Synch: Sending query: time=?;47
Received reply: time=;1146640241440;47
Synch Success: SAftr=1146640241555, SBfr=1146640241403, D=76, M=1146640241440
Scheduled a DoS to fire after 484ms
Synch: Sending query: time=?;48
Received reply: time=;1146640241971;48
Synch Success: SAftr=1146640242088, SBfr=1146640241933, D=77, M=1146640241971
Scheduled a DoS to fire after 452ms
Synch: Sending query: time=?;49
Received reply: time=;1146640242503;49
Synch Success: SAftr=1146640242618, SBfr=1146640242465, D=76, M=1146640242503
Scheduled a DoS to fire after 419ms
DOS THREAD: SEND DoS PACKET At :1146640242501 18
Synch: Sending query: time=?;50
Received reply: time=;1146640243036;50
Synch Success: SAftr=1146640243151, SBfr=1146640242998, D=76, M=1146640243036
Scheduled a DoS to fire after 388ms
DOS THREAD: SEND DoS PACKET At :1146640243003 18
Synch: Sending query: time=?;51
Received reply: time=;1146640243566;51
Synch Success: SAftr=1146640243680, SBfr=1146640243528, D=76, M=1146640243566
Scheduled a DoS to fire after 357ms
DOS THREAD: SEND DoS PACKET At :1146640243502 18
Synch: Sending query: time=?;52
Received reply: time=;1146640244097;52
Synch Success: SAftr=1146640244212, SBfr=1146640244060, D=76, M=1146640244097
Scheduled a DoS to fire after 327ms
Synch: Sending query: time=?;53
Received reply: time=;1146640244627;53
Synch Success: SAftr=1146640244742, SBfr=1146640244589, D=76, M=1146640244627
Scheduled a DoS to fire after 297ms
Synch: Sending query: time=?;54
DOS THREAD: SEND DoS PACKET At :1146640245002 18
DOS THREAD: SEND DoS PACKET At :1146640242005 18
Received reply: time=;1146640245160;54
Synch Success: SAftr=1146640245274, SBfr=1146640245122, D=76, M=1146640245160
Scheduled a DoS to fire after 263ms
Synch: Sending query: time=?;55
DOS THREAD: SEND DoS PACKET At :1146640245501 18
Received reply: time=;1146640245690;55
Synch Success: SAftr=1146640245810, SBfr=1146640245652, D=79, M=1146640245690
Scheduled a DoS to fire after 153ms
DOS THREAD: SEND DoS PACKET At :1146640246004 18
Synch: Sending query: time=?;56
Received reply: time=;1146640246303;56
Synch Success: SAftr=1146640246422, SBfr=1146640246265, D=78, M=1146640246303
Scheduled a DoS to fire after 105ms
DOS THREAD: SEND DoS PACKET At :1146640246502 18
Synch: Sending query: time=?;57
Received reply: time=;1146640246851;57
Synch Success: SAftr=1146640246965, SBfr=1146640246813, D=76, M=1146640246851
Scheduled a DoS to fire after 72ms
DOS THREAD: SEND DoS PACKET At :1146640247006 18
Synch: Sending query: time=?;58
Received reply: time=;1146640247386;58
Synch Success: SAftr=1146640247501, SBfr=1146640247349, D=76, M=1146640247386
Scheduled a DoS to fire after 38ms
DOS THREAD: SEND DoS PACKET At :1146640247501 18
DOS THREAD: SEND DoS PACKET At :1146640244502 19
Synch: Sending query: time=?;59
Received reply: time=;1146640247916;59
Synch Success: SAftr=1146640248033, SBfr=1146640247878, D=77, M=1146640247916
Scheduled a DoS to fire after 6ms
Synch: Sending query: time=?;60
Received reply: time=;1146640248451;60
Synch Success: SAftr=1146640248566, SBfr=1146640248413, D=76, M=1146640248451
Scheduled a DoS to fire after 473ms
Synch: Sending query: time=?;61
Received reply: time=;1146640248982;61
Synch Success: SAftr=1146640249102, SBfr=1146640248945, D=78, M=1146640248982
Scheduled a DoS to fire after 439ms
DOS THREAD: SEND DoS PACKET At :1146640249001 19
Synch: Sending query: time=?;62
DOS THREAD: SEND DoS PACKET At :1146640249501 19
Received reply: time=;1146640249518;62
Synch Success: SAftr=1146640249633, SBfr=1146640249480, D=76, M=1146640249518
Scheduled a DoS to fire after 405ms
Synch: Sending query: time=?;63
DOS THREAD: SEND DoS PACKET At :1146640250001 19
Received reply: time=;1146640250049;63
Synch Success: SAftr=1146640250166, SBfr=1146640250011, D=77, M=1146640250049
Scheduled a DoS to fire after 373ms
Synch: Sending query: time=?;64
DOS THREAD: SEND DoS PACKET At :1146640241504 19
Received reply: time=;1146640250588;64
Synch Success: SAftr=1146640250703, SBfr=1146640250551, D=76, M=1146640250588
Scheduled a DoS to fire after 336ms
Synch: Sending query: time=?;65
Received reply: time=;1146640251124;65
Synch Success: SAftr=1146640251239, SBfr=1146640251087, D=76, M=1146640251124
Scheduled a DoS to fire after 299ms
Synch: Sending query: time=?;66
Received reply: time=;1146640251655;66
Synch Success: SAftr=1146640251769, SBfr=1146640251617, D=76, M=1146640251655
Scheduled a DoS to fire after 269ms
Synch: Sending query: time=?;67
Received reply: time=;1146640252185;67
Synch Success: SAftr=1146640252299, SBfr=1146640252147, D=76, M=1146640252185
Scheduled a DoS to fire after 238ms
DOS THREAD: SEND DoS PACKET At :1146640252503 19
Synch: Sending query: time=?;68
Received reply: time=;1146640252718;68
Synch Success: SAftr=1146640252833, SBfr=1146640252681, D=76, M=1146640252718
Scheduled a DoS to fire after 206ms
DOS THREAD: SEND DoS PACKET At :1146640253007 19
DOS THREAD: SEND DoS PACKET At :1146640244002 19
Synch: Sending query: time=?;69
Received reply: time=;1146640253249;69
Synch Success: SAftr=1146640253363, SBfr=1146640253211, D=76, M=1146640253249
Scheduled a DoS to fire after 175ms
DOS THREAD: SEND DoS PACKET At :1146640253502 19
DOS THREAD: SEND DoS PACKET At :1146640250510 19
Synch: Sending query: time=?;70
Received reply: time=;1146640253782;70
Synch Success: SAftr=1146640253896, SBfr=1146640253744, D=76, M=1146640253782
Scheduled a DoS to fire after 142ms
DOS THREAD: SEND DoS PACKET At :1146640251001 20
DOS THREAD: SEND DoS PACKET At :1146640254004 20
DOS THREAD: SEND DoS PACKET At :1146640248014 21
Synch: Sending query: time=?;71
Received reply: time=;1146640254313;71
Synch Success: SAftr=1146640254427, SBfr=1146640254275, D=76, M=1146640254313
Scheduled a DoS to fire after 111ms
Synch: Sending query: time=?;72
Received reply: time=;1146640254843;72
Synch Success: SAftr=1146640254961, SBfr=1146640254805, D=78, M=1146640254843
Scheduled a DoS to fire after 75ms
DOS THREAD: SEND DoS PACKET At :1146640255010 21
Synch: Sending query: time=?;73
Received reply: time=;1146640255380;73
Synch Success: SAftr=1146640255494, SBfr=1146640255342, D=76, M=1146640255380
Scheduled a DoS to fire after 39ms
Synch: Sending query: time=?;74
Received reply: time=;1146640255915;74
Synch Success: SAftr=1146640256032, SBfr=1146640255877, D=77, M=1146640255915
Scheduled a DoS to fire after 6ms
DOS THREAD: SEND DoS PACKET At :1146640256003 21
Synch: Sending query: time=?;75
Received reply: time=;1146640256459;75
Synch Success: SAftr=1146640256573, SBfr=1146640256421, D=76, M=1146640256459
Scheduled a DoS to fire after 465ms
DOS THREAD: SEND DoS PACKET At :1146640256504 21
Synch: Sending query: time=?;76
Received reply: time=;1146640256989;76
Synch Success: SAftr=1146640257104, SBfr=1146640256951, D=76, M=1146640256989
Scheduled a DoS to fire after 421ms
DOS THREAD: SEND DoS PACKET At :1146640257010 21
Synch: Sending query: time=?;77
Received reply: time=;1146640257533;77
DOS THREAD: SEND DoS PACKET At :1146640257501 21
Synch Success: SAftr=1146640257647, SBfr=1146640257495, D=76, M=1146640257533
DOS THREAD: SEND DoS PACKET At :1146640254501 22
Scheduled a DoS to fire after 390ms
DOS THREAD: SEND DoS PACKET At :1146640251501 23
Synch: Sending query: time=?;78
Received reply: time=;1146640258067;78
Synch Success: SAftr=1146640258181, SBfr=1146640258029, D=76, M=1146640258067
Scheduled a DoS to fire after 357ms
Synch: Sending query: time=?;79
Received reply: time=;1146640258601;79
Synch Success: SAftr=1146640258716, SBfr=1146640258563, D=76, M=1146640258601
Scheduled a DoS to fire after 322ms
Synch: Sending query: time=?;80
Received reply: time=;1146640259132;80
Synch Success: SAftr=1146640259246, SBfr=1146640259094, D=76, M=1146640259132
Scheduled a DoS to fire after 292ms
Synch: Sending query: time=?;81
DOS THREAD: SEND DoS PACKET At :1146640259503 23
Received reply: time=;1146640259662;81
Synch Success: SAftr=1146640259776, SBfr=1146640259624, D=76, M=1146640259662
Scheduled a DoS to fire after 262ms
DOS THREAD: SEND DoS PACKET At :1146640260005 23
DOS THREAD: SEND DoS PACKET At :1146640239004 23
Synch: Sending query: time=?;82
Received reply: time=;1146640260192;82
Synch Success: SAftr=1146640260307, SBfr=1146640260154, D=76, M=1146640260192
Scheduled a DoS to fire after 232ms
DOS THREAD: SEND DoS PACKET At :1146640260502 23
Synch: Sending query: time=?;83
Received reply: time=;1146640260722;83
Synch Success: SAftr=1146640260836, SBfr=1146640260684, D=76, M=1146640260722
Scheduled a DoS to fire after 201ms
DOS THREAD: SEND DoS PACKET At :1146640258003 24
DOS THREAD: SEND DoS PACKET At :1146640261003 24
DOS THREAD: SEND DoS PACKET At :1146640252003 24
Synch: Sending query: time=?;84
Received reply: time=;1146640261252;84
Synch Success: SAftr=1146640261367, SBfr=1146640261214, D=76, M=1146640261252
Scheduled a DoS to fire after 170ms
Synch: Sending query: time=?;85
Received reply: time=;1146640261784;85
Synch Success: SAftr=1146640261899, SBfr=1146640261746, D=76, M=1146640261784
Scheduled a DoS to fire after 139ms
DOS THREAD: SEND DoS PACKET At :1146640259006 25
DOS THREAD: SEND DoS PACKET At :1146640262001 25
Synch: Sending query: time=?;86
Received reply: time=;1146640262315;86
Synch Success: SAftr=1146640262429, SBfr=1146640262277, D=76, M=1146640262315
Scheduled a DoS to fire after 108ms
Synch: Sending query: time=?;87
Received reply: time=;1146640262847;87
Synch Success: SAftr=1146640262961, SBfr=1146640262809, D=76, M=1146640262847
Scheduled a DoS to fire after 76ms
DOS THREAD: SEND DoS PACKET At :1146640263020 25
Synch: Sending query: time=?;88
Received reply: time=;1146640263380;88
Synch Success: SAftr=1146640263494, SBfr=1146640263342, D=76, M=1146640263380
Scheduled a DoS to fire after 44ms
DOS THREAD: SEND DoS PACKET At :1146640263501 25
Synch: Sending query: time=?;89
Received reply: time=;1146640263909;89
Synch Success: SAftr=1146640264023, SBfr=1146640263871, D=76, M=1146640263909
Scheduled a DoS to fire after 498ms
Synch: Sending query: time=?;90
Received reply: time=;1146640264456;90
Synch Success: SAftr=1146640264570, SBfr=1146640264418, D=76, M=1146640264456
Scheduled a DoS to fire after 468ms
DOS THREAD: SEND DoS PACKET At :1146640261501 25
DOS THREAD: SEND DoS PACKET At :1146640264502 25
DOS THREAD: SEND DoS PACKET At :1146640255502 25
Synch: Sending query: time=?;91
Received reply: time=;1146640264986;91
Synch Success: SAftr=1146640265103, SBfr=1146640264948, D=77, M=1146640264986
Scheduled a DoS to fire after 437ms
Synch: Sending query: time=?;92
Received reply: time=;1146640265519;92
Synch Success: SAftr=1146640265633, SBfr=1146640265481, D=76, M=1146640265519
Scheduled a DoS to fire after 404ms
DOS THREAD: SEND DoS PACKET At :1146640265502 25
Synch: Sending query: time=?;93
Received reply: time=;1146640266051;93
Synch Success: SAftr=1146640266169, SBfr=1146640266014, D=77, M=1146640266051
Scheduled a DoS to fire after 369ms
DOS THREAD: SEND DoS PACKET At :1146640266001 25
Synch: Sending query: time=?;94
DOS THREAD: SEND DoS PACKET At :1146640266502 25
Received reply: time=;1146640266591;94
Synch Success: SAftr=1146640266705, SBfr=1146640266553, D=76, M=1146640266591
Scheduled a DoS to fire after 332ms
Synch: Sending query: time=?;95
DOS THREAD: SEND DoS PACKET At :1146640267003 25
Received reply: time=;1146640267126;95
Synch Success: SAftr=1146640267240, SBfr=1146640267088, D=76, M=1146640267126
Scheduled a DoS to fire after 298ms
Synch: Sending query: time=?;96
Received reply: time=;1146640267657;96
Synch Success: SAftr=1146640267772, SBfr=1146640267619, D=76, M=1146640267657
Scheduled a DoS to fire after 262ms
DOS THREAD: SEND DoS PACKET At :1146640265010 25
Synch: Sending query: time=?;97
Received reply: time=;1146640268198;97
Synch Success: SAftr=1146640268313, SBfr=1146640268161, D=76, M=1146640268198
Scheduled a DoS to fire after 225ms
DOS THREAD: SEND DoS PACKET At :1146640268502 26
Synch: Sending query: time=?;98
Received reply: time=;1146640268729;98
Synch Success: SAftr=1146640268844, SBfr=1146640268692, D=76, M=1146640268729
Scheduled a DoS to fire after 195ms
DOS THREAD: SEND DoS PACKET At :1146640269004 27
Synch: Sending query: time=?;99
Received reply: time=;1146640269260;99
Synch Success: SAftr=1146640269374, SBfr=1146640269222, D=76, M=1146640269260
Scheduled a DoS to fire after 163ms
DOS THREAD: SEND DoS PACKET At :1146640269501 28
Synch: Sending query: time=?;100
Received reply: time=;1146640269790;100
Synch Success: SAftr=1146640269905, SBfr=1146640269752, D=76, M=1146640269790
Scheduled a DoS to fire after 133ms
DOS THREAD: SEND DoS PACKET At :1146640270006 28
Synch: Sending query: time=?;101
Received reply: time=;1146640270332;101
Synch Success: SAftr=1146640270446, SBfr=1146640270294, D=76, M=1146640270332
Scheduled a DoS to fire after 91ms
Synch: Sending query: time=?;102
Received reply: time=;1146640270862;102
Synch Success: SAftr=1146640270977, SBfr=1146640270824, D=76, M=1146640270862
Scheduled a DoS to fire after 62ms
Synch: Sending query: time=?;103
Received reply: time=;1146640271393;103
Synch Success: SAftr=1146640271508, SBfr=1146640271356, D=76, M=1146640271393
Scheduled a DoS to fire after 26ms
DOS THREAD: SEND DoS PACKET At :1146640262502 28
Synch: Sending query: time=?;104
Received reply: time=;1146640271928;104
Synch Success: SAftr=1146640272044, SBfr=1146640271890, D=77, M=1146640271928
Scheduled a DoS to fire after 495ms
Synch: Sending query: time=?;105
Received reply: time=;1146640272460;105
Synch Success: SAftr=1146640272574, SBfr=1146640272421, D=76, M=1146640272460
Scheduled a DoS to fire after 464ms
DOS THREAD: SEND DoS PACKET At :1146640272504 28
Synch: Sending query: time=?;106
Received reply: time=;1146640272989;106
Synch Success: SAftr=1146640273105, SBfr=1146640272951, D=77, M=1146640272989
Scheduled a DoS to fire after 431ms
DOS THREAD: SEND DoS PACKET At :1146640273006 28
Synch: Sending query: time=?;107
Received reply: time=;1146640273523;107
Synch Success: SAftr=1146640273637, SBfr=1146640273485, D=76, M=1146640273523
Scheduled a DoS to fire after 400ms
DOS THREAD: SEND DoS PACKET At :1146640273502 28
DOS THREAD: SEND DoS PACKET At :1146640270502 28
Synch: Sending query: time=?;108
Received reply: time=;1146640274053;108
DOS THREAD: SEND DoS PACKET At :1146640271002 29
Synch Success: SAftr=1146640274170, SBfr=1146640274015, D=77, M=1146640274053
Scheduled a DoS to fire after 369ms
Synch: Sending query: time=?;109
DOS THREAD: SEND DoS PACKET At :1146640274502 29
DOS THREAD: SEND DoS PACKET At :1146640271502 29
Received reply: time=;1146640274587;109
Synch Success: SAftr=1146640274701, SBfr=1146640274549, D=76, M=1146640274587
Scheduled a DoS to fire after 337ms
Synch: Sending query: time=?;110
DOS THREAD: SEND DoS PACKET At :1146640275005 29
Received reply: time=;1146640275118;110
Synch Success: SAftr=1146640275233, SBfr=1146640275080, D=76, M=1146640275118
Scheduled a DoS to fire after 306ms
Synch: Sending query: time=?;111
DOS THREAD: SEND DoS PACKET At :1146640275507 29
Received reply: time=;1146640275649;111
Synch Success: SAftr=1146640275767, SBfr=1146640275611, D=78, M=1146640275649
Scheduled a DoS to fire after 273ms
Synch: Sending query: time=?;112
DOS THREAD: SEND DoS PACKET At :1146640276002 29
Received reply: time=;1146640276182;112
Synch Success: SAftr=1146640276296, SBfr=1146640276144, D=76, M=1146640276182
Scheduled a DoS to fire after 241ms
DOS THREAD: SEND DoS PACKET At :1146640276501 29
DOS THREAD: SEND DoS PACKET At :1146640267505 29
Synch: Sending query: time=?;113
Received reply: time=;1146640276712;113
Synch Success: SAftr=1146640276827, SBfr=1146640276674, D=76, M=1146640276712
Scheduled a DoS to fire after 212ms
DOS THREAD: SEND DoS PACKET At :1146640268002 30
Synch: Sending query: time=?;114
Received reply: time=;1146640277243;114
Synch Success: SAftr=1146640277357, SBfr=1146640277204, D=76, M=1146640277243
Scheduled a DoS to fire after 168ms
Synch: Sending query: time=?;115
Received reply: time=;1146640277785;115
Synch Success: SAftr=1146640277900, SBfr=1146640277747, D=76, M=1146640277785
Scheduled a DoS to fire after 139ms
DOS THREAD: SEND DoS PACKET At :1146640278001 30
Synch: Sending query: time=?;116
Received reply: time=;1146640278316;116
Synch Success: SAftr=1146640278430, SBfr=1146640278277, D=76, M=1146640278316
Scheduled a DoS to fire after 108ms
Synch: Sending query: time=?;117
Received reply: time=;1146640278846;117
Synch Success: SAftr=1146640278960, SBfr=1146640278808, D=76, M=1146640278846
Scheduled a DoS to fire after 77ms
Synch: Sending query: time=?;118
Received reply: time=;1146640279376;118
Synch Success: SAftr=1146640279493, SBfr=1146640279339, D=77, M=1146640279376
Scheduled a DoS to fire after 45ms
DOS THREAD: SEND DoS PACKET At :1146640258502 30
Synch: Sending query: time=?;119
Received reply: time=;1146640279910;119
Synch Success: SAftr=1146640280040, SBfr=1146640279872, D=84, M=1146640279910
Scheduled a DoS to fire after 470ms
DOS THREAD: SEND DoS PACKET At :1146640277002 31
Synch: Sending query: time=?;120
Received reply: time=;1146640280493;120
Synch Success: SAftr=1146640280607, SBfr=1146640280455, D=76, M=1146640280493
Scheduled a DoS to fire after 431ms
DOS THREAD: SEND DoS PACKET At :1146640277501 32
DOS THREAD: SEND DoS PACKET At :1146640280501 32
Synch: Sending query: time=?;121
Received reply: time=;1146640281023;121
Synch Success: SAftr=1146640281139, SBfr=1146640280985, D=77, M=1146640281023
Scheduled a DoS to fire after 398ms
Synch: Sending query: time=?;122
Received reply: time=;1146640281556;122
Synch Success: SAftr=1146640281670, SBfr=1146640281518, D=76, M=1146640281556
Scheduled a DoS to fire after 368ms
Synch: Sending query: time=?;123
Received reply: time=;1146640282095;123
Synch Success: SAftr=1146640282212, SBfr=1146640282057, D=77, M=1146640282095
Scheduled a DoS to fire after 327ms
Synch: Sending query: time=?;124
Received reply: time=;1146640282629;124
Synch Success: SAftr=1146640282747, SBfr=1146640282590, D=78, M=1146640282629
Scheduled a DoS to fire after 290ms
Synch: Sending query: time=?;125
DOS THREAD: SEND DoS PACKET At :1146640283006 32
Received reply: time=;1146640283166;125
Synch Success: SAftr=1146640283281, SBfr=1146640283128, D=76, M=1146640283166
Scheduled a DoS to fire after 258ms
DOS THREAD: SEND DoS PACKET At :1146640283502 32
Synch: Sending query: time=?;126
Received reply: time=;1146640283711;126
Synch Success: SAftr=1146640283826, SBfr=1146640283673, D=76, M=1146640283711
Scheduled a DoS to fire after 209ms
DOS THREAD: SEND DoS PACKET At :1146640284001 32
DOS THREAD: SEND DoS PACKET At :1146640281002 32
Synch: Sending query: time=?;127
Received reply: time=;1146640284249;127
Synch Success: SAftr=1146640284369, SBfr=1146640284211, D=79, M=1146640284249
Scheduled a DoS to fire after 127ms
DOS THREAD: SEND DoS PACKET At :1146640284501 32
DOS THREAD: SEND DoS PACKET At :1146640278505 33
DOS THREAD: SEND DoS PACKET At :1146640281501 33
Synch: Sending query: time=?;128
Received reply: time=;1146640284829;128
Synch Success: SAftr=1146640284944, SBfr=1146640284792, D=76, M=1146640284829
Scheduled a DoS to fire after 84ms
Synch: Sending query: time=?;129
Received reply: time=;1146640285372;129
Synch Success: SAftr=1146640285486, SBfr=1146640285333, D=76, M=1146640285372
Scheduled a DoS to fire after 50ms
DOS THREAD: SEND DoS PACKET At :1146640279501 34
DOS THREAD: SEND DoS PACKET At :1146640285502 34
Synch: Sending query: time=?;130
Received reply: time=;1146640285910;130
Synch Success: SAftr=1146640286029, SBfr=1146640285872, D=78, M=1146640285910
Scheduled a DoS to fire after 489ms
Synch: Sending query: time=?;131
Received reply: time=;1146640286467;131
Synch Success: SAftr=1146640286581, SBfr=1146640286429, D=76, M=1146640286467
Scheduled a DoS to fire after 457ms
DOS THREAD: SEND DoS PACKET At :1146640286501 34
Synch: Sending query: time=?;132
Received reply: time=;1146640286997;132
DOS THREAD: SEND DoS PACKET At :1146640287002 34
Synch Success: SAftr=1146640287204, SBfr=1146640286960, D=122, M=1146640286997
Scheduled a DoS to fire after 380ms
Synch: Sending query: time=?;133
Received reply: time=;1146640287624;133
Synch Success: SAftr=1146640287741, SBfr=1146640287587, D=77, M=1146640287624
Scheduled a DoS to fire after 299ms
DOS THREAD: SEND DoS PACKET At :1146640287502 34
Synch: Sending query: time=?;134
DOS THREAD: SEND DoS PACKET At :1146640279005 35
DOS THREAD: SEND DoS PACKET At :1146640288002 35
DOS THREAD: SEND DoS PACKET At :1146640285002 35
Received reply: time=;1146640288162;134
Synch Success: SAftr=1146640288276, SBfr=1146640288125, D=75, M=1146640288162
Scheduled a DoS to fire after 262ms
DOS THREAD: SEND DoS PACKET At :1146640288501 36
Synch: Sending query: time=?;135
Received reply: time=;1146640288696;135
Synch Success: SAftr=1146640288819, SBfr=1146640288659, D=80, M=1146640288696
Scheduled a DoS to fire after 218ms
Synch: Sending query: time=?;136
Received reply: time=;1146640289240;136
Synch Success: SAftr=1146640289354, SBfr=1146640289203, D=75, M=1146640289240
Scheduled a DoS to fire after 184ms
DOS THREAD: SEND DoS PACKET At :1146640289501 36
Synch: Sending query: time=?;137
Received reply: time=;1146640289771;137
Synch Success: SAftr=1146640289887, SBfr=1146640289734, D=76, M=1146640289771
Scheduled a DoS to fire after 152ms
DOS THREAD: SEND DoS PACKET At :1146640290002 36
Synch: Sending query: time=?;138
Received reply: time=;1146640290309;138
Synch Success: SAftr=1146640290423, SBfr=1146640290272, D=75, M=1146640290309
Scheduled a DoS to fire after 115ms
DOS THREAD: SEND DoS PACKET At :1146640290502 36
Synch: Sending query: time=?;139
Received reply: time=;1146640290840;139
Synch Success: SAftr=1146640290953, SBfr=1146640290802, D=75, M=1146640290840
Scheduled a DoS to fire after 84ms
DOS THREAD: SEND DoS PACKET At :1146640282005 36
DOS THREAD: SEND DoS PACKET At :1146640291027 36
Synch: Sending query: time=?;140
Received reply: time=;1146640291370;140
Synch Success: SAftr=1146640291484, SBfr=1146640291332, D=76, M=1146640291370
Scheduled a DoS to fire after 53ms
DOS THREAD: SEND DoS PACKET At :1146640291503 37
DOS THREAD: SEND DoS PACKET At :1146640282501 38
Synch: Sending query: time=?;141
Received reply: time=;1146640291902;141
Synch Success: SAftr=1146640292016, SBfr=1146640291864, D=76, M=1146640291902
Scheduled a DoS to fire after 22ms
Synch: Sending query: time=?;142
Received reply: time=;1146640292447;142
Synch Success: SAftr=1146640292562, SBfr=1146640292409, D=76, M=1146640292447
Scheduled a DoS to fire after 477ms
Synch: Sending query: time=?;143
Received reply: time=;1146640292987;143
Synch Success: SAftr=1146640293101, SBfr=1146640292950, D=75, M=1146640292987
Scheduled a DoS to fire after 437ms
DOS THREAD: SEND DoS PACKET At :1146640293003 38
Synch: Sending query: time=?;144
DOS THREAD: SEND DoS PACKET At :1146640293501 38
Received reply: time=;1146640293520;144
Synch Success: SAftr=1146640293635, SBfr=1146640293482, D=76, M=1146640293520
Scheduled a DoS to fire after 404ms
Synch: Sending query: time=?;145
DOS THREAD: SEND DoS PACKET At :1146640294002 38
Received reply: time=;1146640294052;145
Synch Success: SAftr=1146640294167, SBfr=1146640294014, D=76, M=1146640294052
Scheduled a DoS to fire after 371ms
Synch: Sending query: time=?;146
DOS THREAD: SEND DoS PACKET At :1146640294502 38
Received reply: time=;1146640294582;146
Synch Success: SAftr=1146640294696, SBfr=1146640294545, D=75, M=1146640294582
Scheduled a DoS to fire after 342ms
Synch: Sending query: time=?;147
DOS THREAD: SEND DoS PACKET At :1146640295001 38
DOS THREAD: SEND DoS PACKET At :1146640286004 38
DOS THREAD: SEND DoS PACKET At :1146640292008 38
DOS THREAD: SEND DoS PACKET At :1146640274006 38
Received reply: time=;1146640295113;147
Synch Success: SAftr=1146640295227, SBfr=1146640295076, D=75, M=1146640295113
Scheduled a DoS to fire after 311ms
Synch: Sending query: time=?;148
DOS THREAD: SEND DoS PACKET At :1146640295502 38
Received reply: time=;1146640295645;148
Synch Success: SAftr=1146640295760, SBfr=1146640295608, D=76, M=1146640295645
Scheduled a DoS to fire after 279ms
Synch: Sending query: time=?;149
DOS THREAD: SEND DoS PACKET At :1146640296006 38
Received reply: time=;1146640296190;149
Synch Success: SAftr=1146640296304, SBfr=1146640296153, D=75, M=1146640296190
Scheduled a DoS to fire after 234ms
DOS THREAD: SEND DoS PACKET At :1146640296502 39
Synch: Sending query: time=?;150
Received reply: time=;1146640296729;150
Synch Success: SAftr=1146640296843, SBfr=1146640296692, D=75, M=1146640296729
Scheduled a DoS to fire after 195ms
DOS THREAD: SEND DoS PACKET At :1146640297002 39
Synch: Sending query: time=?;151
Received reply: time=;1146640297261;151
Synch Success: SAftr=1146640297379, SBfr=1146640297223, D=78, M=1146640297261
Scheduled a DoS to fire after 160ms
DOS THREAD: SEND DoS PACKET At :1146640297502 39
Synch: Sending query: time=?;152
Received reply: time=;1146640297795;152
Synch Success: SAftr=1146640297909, SBfr=1146640297757, D=76, M=1146640297795
Scheduled a DoS to fire after 128ms
DOS THREAD: SEND DoS PACKET At :1146640298002 39
DOS THREAD: SEND DoS PACKET At :1146640289002 39
Synch: Sending query: time=?;153
Received reply: time=;1146640298325;153
Synch Success: SAftr=1146640298440, SBfr=1146640298288, D=76, M=1146640298325
Scheduled a DoS to fire after 99ms
DOS THREAD: SEND DoS PACKET At :1146640298502 39
Synch: Sending query: time=?;154
Received reply: time=;1146640298864;154
Synch Success: SAftr=1146640298985, SBfr=1146640298827, D=79, M=1146640298864
Scheduled a DoS to fire after 56ms
DOS THREAD: SEND DoS PACKET At :1146640299016 39
Synch: Sending query: time=?;155
Received reply: time=;1146640299401;155
Synch Success: SAftr=1146640299516, SBfr=1146640299364, D=76, M=1146640299401
Scheduled a DoS to fire after 23ms
DOS THREAD: SEND DoS PACKET At :1146640299501 39
Synch: Sending query: time=?;156
Received reply: time=;1146640299935;156
Synch Success: SAftr=1146640300049, SBfr=1146640299898, D=75, M=1146640299935
Scheduled a DoS to fire after 489ms
DOS THREAD: SEND DoS PACKET At :1146640300003 39
Synch: Sending query: time=?;157
Received reply: time=;1146640300465;157
Synch Success: SAftr=1146640300579, SBfr=1146640300427, D=76, M=1146640300465
Scheduled a DoS to fire after 458ms
