Master Name = 128.208.1.139
Master Send Port = 20010
Slave Rcv Port = 20100
U = 200 milliseconds
k = 10
W = 500 milliseconds
Synch Frequency = 300 milliseconds
DoS Target Host Name = 24.17.85.236
DoS Target Port = 80
AttackLifetime = 5 minute(s)
Attack Mode = TCP
Synch: Sending query: time=?;1
Received reply: time=;1146640216599;1
Synch Success: SAftr=1146640216725, SBfr=1146640216557, D=84, M=1146640216599
Scheduled a DoS to fire after 310ms
Synch: Sending query: time=?;2
Received reply: time=;1146640217175;2
Synch Success: SAftr=1146640217293, SBfr=1146640217134, D=79, M=1146640217175
Scheduled a DoS to fire after 245ms
Synch: Sending query: time=?;3
Received reply: time=;1146640217730;3
Synch Success: SAftr=1146640217849, SBfr=1146640217688, D=80, M=1146640217730
Scheduled a DoS to fire after 183ms
DOS THREAD: SEND DoS PACKET At :1146640218002 0
Synch: Sending query: time=?;4
Received reply: time=;1146640218278;4
Synch Success: SAftr=1146640218396, SBfr=1146640218237, D=79, M=1146640218278
Scheduled a DoS to fire after 140ms
DOS THREAD: SEND DoS PACKET At :1146640218501 1
Synch: Sending query: time=?;5
Received reply: time=;1146640218829;5
Synch Success: SAftr=1146640218950, SBfr=1146640218788, D=81, M=1146640218829
Scheduled a DoS to fire after 89ms
Synch: Sending query: time=?;6
Received reply: time=;1146640219376;6
Synch Success: SAftr=1146640219493, SBfr=1146640219335, D=79, M=1146640219376
Scheduled a DoS to fire after 43ms
DOS THREAD: SEND DoS PACKET At :1146640219502 1
Synch: Sending query: time=?;7
Received reply: time=;1146640219917;7
Synch Success: SAftr=1146640220035, SBfr=1146640219876, D=79, M=1146640219917
Scheduled a DoS to fire after 1ms
DOS THREAD: SEND DoS PACKET At :1146640217002 2
Synch: Sending query: time=?;8
Received reply: time=;1146640220461;8
Synch Success: SAftr=1146640220578, SBfr=1146640220419, D=79, M=1146640220461
Scheduled a DoS to fire after 455ms
DOS THREAD: SEND DoS PACKET At :1146640217502 3
Synch: Sending query: time=?;9
Received reply: time=;1146640221006;9
Synch Success: SAftr=1146640221126, SBfr=1146640220965, D=80, M=1146640221006
Scheduled a DoS to fire after 411ms
DOS THREAD: SEND DoS PACKET At :1146640221002 4
Synch: Sending query: time=?;10
Received reply: time=;1146640221551;10
Synch Success: SAftr=1146640221669, SBfr=1146640221509, D=80, M=1146640221551
Scheduled a DoS to fire after 367ms
Synch: Sending query: time=?;11
DOS THREAD: SEND DoS PACKET At :1146640222002 4
Received reply: time=;1146640222095;11
Synch Success: SAftr=1146640222212, SBfr=1146640222054, D=79, M=1146640222095
Scheduled a DoS to fire after 278ms
Synch: Sending query: time=?;12
DOS THREAD: SEND DoS PACKET At :1146640222502 4
Received reply: time=;1146640222688;12
Synch Success: SAftr=1146640222807, SBfr=1146640222644, D=81, M=1146640222688
Scheduled a DoS to fire after 230ms
DOS THREAD: SEND DoS PACKET At :1146640223002 5
DOS THREAD: SEND DoS PACKET At :1146640220000 6
Synch: Sending query: time=?;13
Received reply: time=;1146640223233;13
Synch Success: SAftr=1146640223350, SBfr=1146640223192, D=79, M=1146640223233
Scheduled a DoS to fire after 186ms
DOS THREAD: SEND DoS PACKET At :1146640223502 6
Synch: Sending query: time=?;14
Received reply: time=;1146640223783;14
Synch Success: SAftr=1146640223913, SBfr=1146640223741, D=86, M=1146640223783
Scheduled a DoS to fire after 112ms
DOS THREAD: SEND DoS PACKET At :1146640224002 7
Synch: Sending query: time=?;15
Received reply: time=;1146640224355;15
Synch Success: SAftr=1146640224474, SBfr=1146640224314, D=80, M=1146640224355
Scheduled a DoS to fire after 63ms
Synch: Sending query: time=?;16
Received reply: time=;1146640224903;16
Synch Success: SAftr=1146640225020, SBfr=1146640224861, D=79, M=1146640224903
Scheduled a DoS to fire after 16ms
Synch: Sending query: time=?;17
Received reply: time=;1146640225448;17
Synch Success: SAftr=1146640225570, SBfr=1146640225407, D=81, M=1146640225448
Scheduled a DoS to fire after 470ms
Synch: Sending query: time=?;18
Received reply: time=;1146640225994;18
Synch Success: SAftr=1146640226112, SBfr=1146640225953, D=79, M=1146640225994
Scheduled a DoS to fire after 426ms
Synch: Sending query: time=?;19
DOS THREAD: SEND DoS PACKET At :1146640226508 8
Received reply: time=;1146640226535;19
Synch Success: SAftr=1146640226660, SBfr=1146640226494, D=83, M=1146640226535
Scheduled a DoS to fire after 381ms
Synch: Sending query: time=?;20
Received reply: time=;1146640227083;20
Synch Success: SAftr=1146640227203, SBfr=1146640227042, D=80, M=1146640227083
Scheduled a DoS to fire after 334ms
DOS THREAD: SEND DoS PACKET At :1146640227003 8
Synch: Sending query: time=?;21
DOS THREAD: SEND DoS PACKET At :1146640224501 9
DOS THREAD: SEND DoS PACKET At :1146640227502 9
Received reply: time=;1146640227629;21
Synch Success: SAftr=1146640227771, SBfr=1146640227588, D=91, M=1146640227629
Scheduled a DoS to fire after 279ms
Synch: Sending query: time=?;22
DOS THREAD: SEND DoS PACKET At :1146640219001 10
DOS THREAD: SEND DoS PACKET At :1146640228004 10
DOS THREAD: SEND DoS PACKET At :1146640225003 10
Received reply: time=;1146640228230;22
Synch Success: SAftr=1146640228347, SBfr=1146640228188, D=79, M=1146640228230
Scheduled a DoS to fire after 190ms
DOS THREAD: SEND DoS PACKET At :1146640228501 10
Synch: Sending query: time=?;23
Received reply: time=;1146640228779;23
Synch Success: SAftr=1146640228897, SBfr=1146640228738, D=79, M=1146640228779
Scheduled a DoS to fire after 125ms
DOS THREAD: SEND DoS PACKET At :1146640229002 10
DOS THREAD: SEND DoS PACKET At :1146640226003 11
Synch: Sending query: time=?;24
Received reply: time=;1146640229338;24
Synch Success: SAftr=1146640229456, SBfr=1146640229297, D=79, M=1146640229338
Scheduled a DoS to fire after 82ms
Synch: Sending query: time=?;25
Received reply: time=;1146640229881;25
Synch Success: SAftr=1146640230002, SBfr=1146640229839, D=81, M=1146640229881
Scheduled a DoS to fire after 468ms
Synch: Sending query: time=?;26
Received reply: time=;1146640230497;26
Synch Success: SAftr=1146640230614, SBfr=1146640230456, D=79, M=1146640230497
Scheduled a DoS to fire after 422ms
DOS THREAD: SEND DoS PACKET At :1146640230505 12
DOS THREAD: SEND DoS PACKET At :1146640221502 13
Synch: Sending query: time=?;27
Received reply: time=;1146640231038;27
Synch Success: SAftr=1146640231155, SBfr=1146640230996, D=79, M=1146640231038
Scheduled a DoS to fire after 376ms
DOS THREAD: SEND DoS PACKET At :1146640231008 14
Synch: Sending query: time=?;28
Received reply: time=;1146640231592;28
Synch Success: SAftr=1146640231710, SBfr=1146640231550, D=80, M=1146640231592
Scheduled a DoS to fire after 325ms
Synch: Sending query: time=?;29
DOS THREAD: SEND DoS PACKET At :1146640232002 14
Received reply: time=;1146640232136;29
Synch Success: SAftr=1146640232259, SBfr=1146640232094, D=82, M=1146640232136
Scheduled a DoS to fire after 280ms
Synch: Sending query: time=?;30
DOS THREAD: SEND DoS PACKET At :1146640232501 14
DOS THREAD: SEND DoS PACKET At :1146640229502 14
Received reply: time=;1146640232684;30
Synch Success: SAftr=1146640232802, SBfr=1146640232643, D=79, M=1146640232684
Scheduled a DoS to fire after 235ms
Synch: Sending query: time=?;31
DOS THREAD: SEND DoS PACKET At :1146640233001 14
Received reply: time=;1146640233233;31
Synch Success: SAftr=1146640233351, SBfr=1146640233191, D=80, M=1146640233233
Scheduled a DoS to fire after 186ms
DOS THREAD: SEND DoS PACKET At :1146640233502 14
Synch: Sending query: time=?;32
Received reply: time=;1146640233774;32
Synch Success: SAftr=1146640233895, SBfr=1146640233733, D=81, M=1146640233774
Scheduled a DoS to fire after 144ms
DOS THREAD: SEND DoS PACKET At :1146640234002 14
Synch: Sending query: time=?;33
Received reply: time=;1146640234319;33
Synch Success: SAftr=1146640234437, SBfr=1146640234278, D=79, M=1146640234319
Scheduled a DoS to fire after 101ms
DOS THREAD: SEND DoS PACKET At :1146640231507 15
DOS THREAD: SEND DoS PACKET At :1146640234505 16
Synch: Sending query: time=?;34
Received reply: time=;1146640234861;34
Synch Success: SAftr=1146640234981, SBfr=1146640234820, D=80, M=1146640234861
Scheduled a DoS to fire after 52ms
DOS THREAD: SEND DoS PACKET At :1146640235002 17
Synch: Sending query: time=?;35
Received reply: time=;1146640235411;35
Synch Success: SAftr=1146640235529, SBfr=1146640235370, D=79, M=1146640235411
Scheduled a DoS to fire after 9ms
DOS THREAD: SEND DoS PACKET At :1146640235502 17
Synch: Sending query: time=?;36
Received reply: time=;1146640235956;36
Synch Success: SAftr=1146640236074, SBfr=1146640235915, D=79, M=1146640235956
Scheduled a DoS to fire after 459ms
DOS THREAD: SEND DoS PACKET At :1146640236004 18
Synch: Sending query: time=?;37
Received reply: time=;1146640236504;37
Synch Success: SAftr=1146640236621, SBfr=1146640236461, D=80, M=1146640236504
Scheduled a DoS to fire after 414ms
DOS THREAD: SEND DoS PACKET At :1146640236502 19
Synch: Sending query: time=?;38
Received reply: time=;1146640237049;38
Synch Success: SAftr=1146640237167, SBfr=1146640237008, D=79, M=1146640237049
Scheduled a DoS to fire after 370ms
Synch: Sending query: time=?;39
DOS THREAD: SEND DoS PACKET At :1146640237504 19
Received reply: time=;1146640237595;39
Synch Success: SAftr=1146640237712, SBfr=1146640237553, D=79, M=1146640237595
Scheduled a DoS to fire after 325ms
Synch: Sending query: time=?;40
DOS THREAD: SEND DoS PACKET At :1146640238002 19
Received reply: time=;1146640238136;40
Synch Success: SAftr=1146640238262, SBfr=1146640238095, D=83, M=1146640238136
Scheduled a DoS to fire after 277ms
Synch: Sending query: time=?;41
DOS THREAD: SEND DoS PACKET At :1146640238502 20
Received reply: time=;1146640238688;41
Synch Success: SAftr=1146640238818, SBfr=1146640238647, D=85, M=1146640238688
Scheduled a DoS to fire after 49ms
Synch: Sending query: time=?;42
Received reply: time=;1146640239419;42
Synch Success: SAftr=1146640239537, SBfr=1146640239378, D=79, M=1146640239419
Scheduled a DoS to fire after 499ms
Synch: Sending query: time=?;43
Received reply: time=;1146640239963;43
Synch Success: SAftr=1146640240081, SBfr=1146640239922, D=79, M=1146640239963
Scheduled a DoS to fire after 455ms
DOS THREAD: SEND DoS PACKET At :1146640237002 20
DOS THREAD: SEND DoS PACKET At :1146640240002 20
Synch: Sending query: time=?;44
Received reply: time=;1146640240514;44
Synch Success: SAftr=1146640240631, SBfr=1146640240472, D=79, M=1146640240514
Scheduled a DoS to fire after 406ms
DOS THREAD: SEND DoS PACKET At :1146640240507 21
Synch: Sending query: time=?;45
DOS THREAD: SEND DoS PACKET At :1146640241001 21
Received reply: time=;1146640241054;45
Synch Success: SAftr=1146640241175, SBfr=1146640241013, D=81, M=1146640241054
Scheduled a DoS to fire after 357ms
Synch: Sending query: time=?;46
Received reply: time=;1146640241612;46
Synch Success: SAftr=1146640241729, SBfr=1146640241570, D=79, M=1146640241612
Scheduled a DoS to fire after 307ms
Synch: Sending query: time=?;47
Received reply: time=;1146640242157;47
Synch Success: SAftr=1146640242284, SBfr=1146640242113, D=85, M=1146640242157
Scheduled a DoS to fire after 227ms
Synch: Sending query: time=?;48
DOS THREAD: SEND DoS PACKET At :1146640242502 21
Received reply: time=;1146640242738;48
Synch Success: SAftr=1146640242856, SBfr=1146640242697, D=79, M=1146640242738
Scheduled a DoS to fire after 181ms
DOS THREAD: SEND DoS PACKET At :1146640243004 21
Synch: Sending query: time=?;49
Received reply: time=;1146640243280;49
Synch Success: SAftr=1146640243397, SBfr=1146640243239, D=79, M=1146640243280
Scheduled a DoS to fire after 140ms
DOS THREAD: SEND DoS PACKET At :1146640243502 22
Synch: Sending query: time=?;50
Received reply: time=;1146640243821;50
Synch Success: SAftr=1146640243955, SBfr=1146640243780, D=87, M=1146640243821
Scheduled a DoS to fire after 89ms
DOS THREAD: SEND DoS PACKET At :1146640244001 23
Synch: Sending query: time=?;51
Received reply: time=;1146640244444;51
Synch Success: SAftr=1146640244579, SBfr=1146640244352, D=113, M=1146640244444
Scheduled a DoS to fire after 441ms
DOS THREAD: SEND DoS PACKET At :1146640244503 23
DOS THREAD: SEND DoS PACKET At :1146640241501 23
Synch: Sending query: time=?;52
DOS THREAD: SEND DoS PACKET At :1146640239003 24
Received reply: time=;1146640245038;52
Synch Success: SAftr=1146640245206, SBfr=1146640244976, D=115, M=1146640245038
Scheduled a DoS to fire after 346ms
DOS THREAD: SEND DoS PACKET At :1146640245005 24
Synch: Sending query: time=?;53
DOS THREAD: SEND DoS PACKET At :1146640245502 24
Received reply: time=;1146640245632;53
Synch Success: SAftr=1146640245749, SBfr=1146640245591, D=79, M=1146640245632
Scheduled a DoS to fire after 286ms
Synch: Sending query: time=?;54
DOS THREAD: SEND DoS PACKET At :1146640246002 24
Received reply: time=;1146640246174;54
Synch Success: SAftr=1146640246291, SBfr=1146640246133, D=79, M=1146640246174
Scheduled a DoS to fire after 243ms
Synch: Sending query: time=?;55
DOS THREAD: SEND DoS PACKET At :1146640246502 24
Received reply: time=;1146640246717;55
Synch Success: SAftr=1146640246835, SBfr=1146640246676, D=79, M=1146640246717
Scheduled a DoS to fire after 203ms
DOS THREAD: SEND DoS PACKET At :1146640247011 25
Synch: Sending query: time=?;56
Received reply: time=;1146640247272;56
Synch Success: SAftr=1146640247389, SBfr=1146640247231, D=79, M=1146640247272
Scheduled a DoS to fire after 137ms
Synch: Sending query: time=?;57
Received reply: time=;1146640247823;57
Synch Success: SAftr=1146640247945, SBfr=1146640247782, D=81, M=1146640247823
Scheduled a DoS to fire after 90ms
Synch: Sending query: time=?;58
Received reply: time=;1146640248375;58
Synch Success: SAftr=1146640248492, SBfr=1146640248334, D=79, M=1146640248375
Scheduled a DoS to fire after 43ms
Synch: Sending query: time=?;59
Received reply: time=;1146640248917;59
Synch Success: SAftr=1146640249040, SBfr=1146640248876, D=82, M=1146640248917
Scheduled a DoS to fire after 500ms
Synch: Sending query: time=?;60
Received reply: time=;1146640249465;60
Synch Success: SAftr=1146640249585, SBfr=1146640249424, D=80, M=1146640249465
Scheduled a DoS to fire after 450ms
DOS THREAD: SEND DoS PACKET At :1146640249503 25
Synch: Sending query: time=?;61
Received reply: time=;1146640250012;61
Synch Success: SAftr=1146640250130, SBfr=1146640249971, D=79, M=1146640250012
Scheduled a DoS to fire after 406ms
DOS THREAD: SEND DoS PACKET At :1146640250001 25
Synch: Sending query: time=?;62
Received reply: time=;1146640250563;62
Synch Success: SAftr=1146640250680, SBfr=1146640250521, D=79, M=1146640250563
Scheduled a DoS to fire after 355ms
Synch: Sending query: time=?;63
DOS THREAD: SEND DoS PACKET At :1146640248005 26
Received reply: time=;1146640251114;63
Synch Success: SAftr=1146640251231, SBfr=1146640251073, D=79, M=1146640251114
Scheduled a DoS to fire after 300ms
Synch: Sending query: time=?;64
DOS THREAD: SEND DoS PACKET At :1146640248502 26
Received reply: time=;1146640251682;64
Synch Success: SAftr=1146640251799, SBfr=1146640251637, D=81, M=1146640251682
Scheduled a DoS to fire after 236ms
Synch: Sending query: time=?;65
Received reply: time=;1146640252223;65
Synch Success: SAftr=1146640252340, SBfr=1146640252182, D=79, M=1146640252223
Scheduled a DoS to fire after 196ms
DOS THREAD: SEND DoS PACKET At :1146640252502 26
Synch: Sending query: time=?;66
Received reply: time=;1146640252765;66
Synch Success: SAftr=1146640252882, SBfr=1146640252724, D=79, M=1146640252765
Scheduled a DoS to fire after 154ms
DOS THREAD: SEND DoS PACKET At :1146640253001 26
Synch: Sending query: time=?;67
Received reply: time=;1146640253310;67
Synch Success: SAftr=1146640253427, SBfr=1146640253269, D=79, M=1146640253310
Scheduled a DoS to fire after 109ms
DOS THREAD: SEND DoS PACKET At :1146640253502 26
DOS THREAD: SEND DoS PACKET At :1146640250502 26
Synch: Sending query: time=?;68
Received reply: time=;1146640253854;68
Synch Success: SAftr=1146640253971, SBfr=1146640253813, D=79, M=1146640253854
Scheduled a DoS to fire after 65ms
DOS THREAD: SEND DoS PACKET At :1146640242001 27
DOS THREAD: SEND DoS PACKET At :1146640251002 28
DOS THREAD: SEND DoS PACKET At :1146640254003 28
Synch: Sending query: time=?;69
Received reply: time=;1146640254423;69
Synch Success: SAftr=1146640254543, SBfr=1146640254357, D=93, M=1146640254423
Scheduled a DoS to fire after 409ms
DOS THREAD: SEND DoS PACKET At :1146640254515 28
DOS THREAD: SEND DoS PACKET At :1146640251503 28
Synch: Sending query: time=?;70
Received reply: time=;1146640255040;70
Synch Success: SAftr=1146640255157, SBfr=1146640254999, D=79, M=1146640255040
DOS THREAD: SEND DoS PACKET At :1146640252002 29
Scheduled a DoS to fire after 378ms
Synch: Sending query: time=?;71
Received reply: time=;1146640255613;71
Synch Success: SAftr=1146640255731, SBfr=1146640255555, D=88, M=1146640255613
Scheduled a DoS to fire after 297ms
Synch: Sending query: time=?;72
DOS THREAD: SEND DoS PACKET At :1146640256002 29
Received reply: time=;1146640256161;72
Synch Success: SAftr=1146640256278, SBfr=1146640256120, D=79, M=1146640256161
Scheduled a DoS to fire after 256ms
Synch: Sending query: time=?;73
DOS THREAD: SEND DoS PACKET At :1146640256511 29
DOS THREAD: SEND DoS PACKET At :1146640247502 29
Received reply: time=;1146640256711;73
Synch Success: SAftr=1146640256829, SBfr=1146640256670, D=79, M=1146640256711
Scheduled a DoS to fire after 209ms
DOS THREAD: SEND DoS PACKET At :1146640257002 29
Synch: Sending query: time=?;74
Received reply: time=;1146640257253;74
Synch Success: SAftr=1146640257370, SBfr=1146640257212, D=79, M=1146640257253
Scheduled a DoS to fire after 167ms
DOS THREAD: SEND DoS PACKET At :1146640257508 29
Synch: Sending query: time=?;75
Received reply: time=;1146640257796;75
Synch Success: SAftr=1146640257917, SBfr=1146640257755, D=81, M=1146640257796
Scheduled a DoS to fire after 101ms
Synch: Sending query: time=?;76
Received reply: time=;1146640258367;76
Synch Success: SAftr=1146640258484, SBfr=1146640258326, D=79, M=1146640258367
Scheduled a DoS to fire after 49ms
Synch: Sending query: time=?;77
Received reply: time=;1146640258913;77
Synch Success: SAftr=1146640259031, SBfr=1146640258872, D=79, M=1146640258913
Scheduled a DoS to fire after 7ms
Synch: Sending query: time=?;78
Received reply: time=;1146640259455;78
Synch Success: SAftr=1146640259572, SBfr=1146640259413, D=79, M=1146640259455
Scheduled a DoS to fire after 464ms
Synch: Sending query: time=?;79
Received reply: time=;1146640259996;79
Synch Success: SAftr=1146640260114, SBfr=1146640259955, D=79, M=1146640259996
Scheduled a DoS to fire after 399ms
DOS THREAD: SEND DoS PACKET At :1146640260019 29
Synch: Sending query: time=?;80
DOS THREAD: SEND DoS PACKET At :1146640260505 29
Received reply: time=;1146640260574;80
Synch Success: SAftr=1146640260692, SBfr=1146640260533, D=79, M=1146640260574
Scheduled a DoS to fire after 346ms
DOS THREAD: SEND DoS PACKET At :1146640255002 30
Synch: Sending query: time=?;81
DOS THREAD: SEND DoS PACKET At :1146640261001 30
DOS THREAD: SEND DoS PACKET At :1146640258001 31
Received reply: time=;1146640261116;81
Synch Success: SAftr=1146640261233, SBfr=1146640261075, D=79, M=1146640261116
Scheduled a DoS to fire after 303ms
Synch: Sending query: time=?;82
Received reply: time=;1146640261658;82
Synch Success: SAftr=1146640261776, SBfr=1146640261617, D=79, M=1146640261658
Scheduled a DoS to fire after 259ms
Synch: Sending query: time=?;83
Received reply: time=;1146640262204;83
Synch Success: SAftr=1146640262322, SBfr=1146640262163, D=79, M=1146640262204
Scheduled a DoS to fire after 216ms
Synch: Sending query: time=?;84
Received reply: time=;1146640262745;84
Synch Success: SAftr=1146640262862, SBfr=1146640262704, D=79, M=1146640262745
Scheduled a DoS to fire after 174ms
DOS THREAD: SEND DoS PACKET At :1146640263001 31
Synch: Sending query: time=?;85
Received reply: time=;1146640263288;85
Synch Success: SAftr=1146640263405, SBfr=1146640263247, D=79, M=1146640263288
Scheduled a DoS to fire after 131ms
DOS THREAD: SEND DoS PACKET At :1146640263502 31
Synch: Sending query: time=?;86
Received reply: time=;1146640263831;86
Synch Success: SAftr=1146640263948, SBfr=1146640263790, D=79, M=1146640263831
Scheduled a DoS to fire after 85ms
DOS THREAD: SEND DoS PACKET At :1146640264004 31
Synch: Sending query: time=?;87
Received reply: time=;1146640264384;87
Synch Success: SAftr=1146640264502, SBfr=1146640264343, D=79, M=1146640264384
DOS THREAD: SEND DoS PACKET At :1146640258502 32
DOS THREAD: SEND DoS PACKET At :1146640261501 33
Scheduled a DoS to fire after 454ms
DOS THREAD: SEND DoS PACKET At :1146640255502 33
Synch: Sending query: time=?;88
Received reply: time=;1146640265025;88
Synch Success: SAftr=1146640265142, SBfr=1146640264984, D=79, M=1146640265025
Scheduled a DoS to fire after 394ms
Synch: Sending query: time=?;89
DOS THREAD: SEND DoS PACKET At :1146640265502 33
Received reply: time=;1146640265593;89
Synch Success: SAftr=1146640265724, SBfr=1146640265552, D=86, M=1146640265593
Scheduled a DoS to fire after 315ms
Synch: Sending query: time=?;90
DOS THREAD: SEND DoS PACKET At :1146640266001 33
Received reply: time=;1146640266160;90
Synch Success: SAftr=1146640266283, SBfr=1146640266120, D=81, M=1146640266160
Scheduled a DoS to fire after 217ms
DOS THREAD: SEND DoS PACKET At :1146640266501 33
Synch: Sending query: time=?;91
Received reply: time=;1146640266747;91
Synch Success: SAftr=1146640266864, SBfr=1146640266706, D=79, M=1146640266747
Scheduled a DoS to fire after 169ms
DOS THREAD: SEND DoS PACKET At :1146640267002 33
Synch: Sending query: time=?;92
Received reply: time=;1146640267293;92
Synch Success: SAftr=1146640267410, SBfr=1146640267252, D=79, M=1146640267293
Scheduled a DoS to fire after 126ms
DOS THREAD: SEND DoS PACKET At :1146640267501 33
DOS THREAD: SEND DoS PACKET At :1146640264509 33
Synch: Sending query: time=?;93
Received reply: time=;1146640267834;93
Synch Success: SAftr=1146640267951, SBfr=1146640267793, D=79, M=1146640267834
Scheduled a DoS to fire after 81ms
DOS THREAD: SEND DoS PACKET At :1146640265002 34
DOS THREAD: SEND DoS PACKET At :1146640268002 34
DOS THREAD: SEND DoS PACKET At :1146640259001 34
Synch: Sending query: time=?;94
Received reply: time=;1146640268379;94
Synch Success: SAftr=1146640268500, SBfr=1146640268338, D=81, M=1146640268379
Scheduled a DoS to fire after 37ms
DOS THREAD: SEND DoS PACKET At :1146640268501 35
Synch: Sending query: time=?;95
Received reply: time=;1146640268925;95
Synch Success: SAftr=1146640269047, SBfr=1146640268884, D=81, M=1146640268925
Scheduled a DoS to fire after 489ms
DOS THREAD: SEND DoS PACKET At :1146640269007 36
Synch: Sending query: time=?;96
Received reply: time=;1146640269477;96
Synch Success: SAftr=1146640269594, SBfr=1146640269436, D=79, M=1146640269477
Scheduled a DoS to fire after 443ms
Synch: Sending query: time=?;97
Received reply: time=;1146640270020;97
Synch Success: SAftr=1146640270137, SBfr=1146640269979, D=79, M=1146640270020
Scheduled a DoS to fire after 398ms
Synch: Sending query: time=?;98
Received reply: time=;1146640270572;98
Synch Success: SAftr=1146640270689, SBfr=1146640270531, D=79, M=1146640270572
Scheduled a DoS to fire after 348ms
Synch: Sending query: time=?;99
DOS THREAD: SEND DoS PACKET At :1146640271001 36
DOS THREAD: SEND DoS PACKET At :1146640262001 36
Received reply: time=;1146640271115;99
Synch Success: SAftr=1146640271232, SBfr=1146640271074, D=79, M=1146640271115
Scheduled a DoS to fire after 305ms
Synch: Sending query: time=?;100
Received reply: time=;1146640271666;100
Synch Success: SAftr=1146640271783, SBfr=1146640271614, D=84, M=1146640271666
Scheduled a DoS to fire after 248ms
Synch: Sending query: time=?;101
Received reply: time=;1146640272207;101
Synch Success: SAftr=1146640272325, SBfr=1146640272166, D=79, M=1146640272207
Scheduled a DoS to fire after 212ms
DOS THREAD: SEND DoS PACKET At :1146640269502 37
DOS THREAD: SEND DoS PACKET At :1146640272502 37
Synch: Sending query: time=?;102
Received reply: time=;1146640272782;102
Synch Success: SAftr=1146640272899, SBfr=1146640272733, D=83, M=1146640272782
Scheduled a DoS to fire after 132ms
DOS THREAD: SEND DoS PACKET At :1146640270003 37
DOS THREAD: SEND DoS PACKET At :1146640273020 37
Synch: Sending query: time=?;103
Received reply: time=;1146640273350;103
Synch Success: SAftr=1146640273467, SBfr=1146640273308, D=79, M=1146640273350
Scheduled a DoS to fire after 70ms
DOS THREAD: SEND DoS PACKET At :1146640273502 37
DOS THREAD: SEND DoS PACKET At :1146640270502 37
Synch: Sending query: time=?;104
Received reply: time=;1146640273892;104
Synch Success: SAftr=1146640274009, SBfr=1146640273851, D=79, M=1146640273892
Scheduled a DoS to fire after 27ms
Synch: Sending query: time=?;105
Received reply: time=;1146640274447;105
Synch Success: SAftr=1146640274564, SBfr=1146640274406, D=79, M=1146640274447
Scheduled a DoS to fire after 472ms
DOS THREAD: SEND DoS PACKET At :1146640271502 37
Synch: Sending query: time=?;106
Received reply: time=;1146640274994;106
Synch Success: SAftr=1146640275111, SBfr=1146640274953, D=79, M=1146640274994
Scheduled a DoS to fire after 422ms
DOS THREAD: SEND DoS PACKET At :1146640272001 37
DOS THREAD: SEND DoS PACKET At :1146640275001 37
Synch: Sending query: time=?;107
Received reply: time=;1146640275544;107
Synch Success: SAftr=1146640275663, SBfr=1146640275503, D=80, M=1146640275544
Scheduled a DoS to fire after 372ms
Synch: Sending query: time=?;108
DOS THREAD: SEND DoS PACKET At :1146640276005 37
Received reply: time=;1146640276091;108
Synch Success: SAftr=1146640276209, SBfr=1146640276050, D=79, M=1146640276091
Scheduled a DoS to fire after 329ms
Synch: Sending query: time=?;109
DOS THREAD: SEND DoS PACKET At :1146640276502 37
Received reply: time=;1146640276635;109
Synch Success: SAftr=1146640276753, SBfr=1146640276593, D=80, M=1146640276635
Scheduled a DoS to fire after 283ms
Synch: Sending query: time=?;110
DOS THREAD: SEND DoS PACKET At :1146640277002 38
Received reply: time=;1146640277181;110
Synch Success: SAftr=1146640277298, SBfr=1146640277140, D=79, M=1146640277181
Scheduled a DoS to fire after 236ms
Synch: Sending query: time=?;111
Received reply: time=;1146640277734;111
Synch Success: SAftr=1146640277852, SBfr=1146640277692, D=80, M=1146640277734
Scheduled a DoS to fire after 181ms
DOS THREAD: SEND DoS PACKET At :1146640278005 38
Synch: Sending query: time=?;112
Received reply: time=;1146640278280;112
Synch Success: SAftr=1146640278423, SBfr=1146640278238, D=92, M=1146640278280
Scheduled a DoS to fire after 96ms
DOS THREAD: SEND DoS PACKET At :1146640275502 38
DOS THREAD: SEND DoS PACKET At :1146640278501 38
Synch: Sending query: time=?;113
Received reply: time=;1146640278878;113
Synch Success: SAftr=1146640278997, SBfr=1146640278837, D=80, M=1146640278878
Scheduled a DoS to fire after 41ms
Synch: Sending query: time=?;114
Received reply: time=;1146640279421;114
Synch Success: SAftr=1146640279538, SBfr=1146640279380, D=79, M=1146640279421
Scheduled a DoS to fire after 498ms
Synch: Sending query: time=?;115
Received reply: time=;1146640279963;115
Synch Success: SAftr=1146640280080, SBfr=1146640279921, D=79, M=1146640279963
Scheduled a DoS to fire after 445ms
DOS THREAD: SEND DoS PACKET At :1146640280002 38
Synch: Sending query: time=?;116
Received reply: time=;1146640280515;116
Synch Success: SAftr=1146640280632, SBfr=1146640280474, D=79, M=1146640280515
Scheduled a DoS to fire after 403ms
DOS THREAD: SEND DoS PACKET At :1146640280502 38
DOS THREAD: SEND DoS PACKET At :1146640277501 38
Synch: Sending query: time=?;117
DOS THREAD: SEND DoS PACKET At :1146640281002 38
Received reply: time=;1146640281058;117
Synch Success: SAftr=1146640281175, SBfr=1146640281017, D=79, M=1146640281058
Scheduled a DoS to fire after 362ms
Synch: Sending query: time=?;118
Received reply: time=;1146640281598;118
Synch Success: SAftr=1146640281716, SBfr=1146640281557, D=79, M=1146640281598
Scheduled a DoS to fire after 321ms
Synch: Sending query: time=?;119
DOS THREAD: SEND DoS PACKET At :1146640282002 38
Received reply: time=;1146640282144;119
Synch Success: SAftr=1146640282278, SBfr=1146640282103, D=87, M=1146640282144
Scheduled a DoS to fire after 264ms
Synch: Sending query: time=?;120
DOS THREAD: SEND DoS PACKET At :1146640282501 38
Received reply: time=;1146640282705;120
Synch Success: SAftr=1146640282823, SBfr=1146640282664, D=79, M=1146640282705
Scheduled a DoS to fire after 215ms
DOS THREAD: SEND DoS PACKET At :1146640283001 38
DOS THREAD: SEND DoS PACKET At :1146640274013 38
Synch: Sending query: time=?;121
Received reply: time=;1146640283246;121
Synch Success: SAftr=1146640283364, SBfr=1146640283205, D=79, M=1146640283246
Scheduled a DoS to fire after 174ms
DOS THREAD: SEND DoS PACKET At :1146640283508 38
DOS THREAD: SEND DoS PACKET At :1146640262502 38
Synch: Sending query: time=?;122
Received reply: time=;1146640283788;122
Synch Success: SAftr=1146640283906, SBfr=1146640283747, D=79, M=1146640283788
Scheduled a DoS to fire after 131ms
DOS THREAD: SEND DoS PACKET At :1146640284001 38
Synch: Sending query: time=?;123
Received reply: time=;1146640284331;123
Synch Success: SAftr=1146640284448, SBfr=1146640284290, D=79, M=1146640284331
Scheduled a DoS to fire after 88ms
DOS THREAD: SEND DoS PACKET At :1146640284501 38
DOS THREAD: SEND DoS PACKET At :1146640281502 38
Synch: Sending query: time=?;124
Received reply: time=;1146640284871;124
Synch Success: SAftr=1146640284989, SBfr=1146640284830, D=79, M=1146640284871
Scheduled a DoS to fire after 45ms
Synch: Sending query: time=?;125
Received reply: time=;1146640285423;125
Synch Success: SAftr=1146640285541, SBfr=1146640285382, D=79, M=1146640285423
Scheduled a DoS to fire after 486ms
Synch: Sending query: time=?;126
Received reply: time=;1146640285994;126
Synch Success: SAftr=1146640286111, SBfr=1146640285953, D=79, M=1146640285994
Scheduled a DoS to fire after 424ms
Synch: Sending query: time=?;127
Received reply: time=;1146640286552;127
Synch Success: SAftr=1146640286669, SBfr=1146640286511, D=79, M=1146640286552
Scheduled a DoS to fire after 366ms
DOS THREAD: SEND DoS PACKET At :1146640286502 38
Synch: Sending query: time=?;128
Received reply: time=;1146640287122;128
Synch Success: SAftr=1146640287243, SBfr=1146640287065, D=89, M=1146640287122
Scheduled a DoS to fire after 285ms
DOS THREAD: SEND DoS PACKET At :1146640287003 38
Synch: Sending query: time=?;129
DOS THREAD: SEND DoS PACKET At :1146640287503 38
Received reply: time=;1146640287670;129
Synch Success: SAftr=1146640287787, SBfr=1146640287628, D=79, M=1146640287670
Scheduled a DoS to fire after 248ms
DOS THREAD: SEND DoS PACKET At :1146640279002 39
DOS THREAD: SEND DoS PACKET At :1146640285003 39
DOS THREAD: SEND DoS PACKET At :1146640288015 40
Synch: Sending query: time=?;130
Received reply: time=;1146640288216;130
Synch Success: SAftr=1146640288334, SBfr=1146640288175, D=79, M=1146640288216
Scheduled a DoS to fire after 203ms
DOS THREAD: SEND DoS PACKET At :1146640288512 41
Synch: Sending query: time=?;131
Received reply: time=;1146640288773;131
Synch Success: SAftr=1146640288890, SBfr=1146640288732, D=79, M=1146640288773
Scheduled a DoS to fire after 146ms
DOS THREAD: SEND DoS PACKET At :1146640289002 41
DOS THREAD: SEND DoS PACKET At :1146640286002 41
Synch: Sending query: time=?;132
Received reply: time=;1146640289314;132
Synch Success: SAftr=1146640289431, SBfr=1146640289273, D=79, M=1146640289314
Scheduled a DoS to fire after 106ms
Synch: Sending query: time=?;133
Received reply: time=;1146640289855;133
Synch Success: SAftr=1146640289973, SBfr=1146640289814, D=79, M=1146640289855
Scheduled a DoS to fire after 64ms
DOS THREAD: SEND DoS PACKET At :1146640290002 41
Synch: Sending query: time=?;134
Received reply: time=;1146640290400;134
Synch Success: SAftr=1146640290527, SBfr=1146640290359, D=84, M=1146640290400
Scheduled a DoS to fire after 11ms
DOS THREAD: SEND DoS PACKET At :1146640290501 41
Synch: Sending query: time=?;135
Received reply: time=;1146640290957;135
Synch Success: SAftr=1146640291074, SBfr=1146640290916, D=79, M=1146640290957
Scheduled a DoS to fire after 463ms
DOS THREAD: SEND DoS PACKET At :1146640291007 41
Synch: Sending query: time=?;136
Received reply: time=;1146640291498;136
Synch Success: SAftr=1146640291617, SBfr=1146640291457, D=80, M=1146640291498
Scheduled a DoS to fire after 418ms
DOS THREAD: SEND DoS PACKET At :1146640291501 42
Synch: Sending query: time=?;137
DOS THREAD: SEND DoS PACKET At :1146640292004 42
Received reply: time=;1146640292082;137
Synch Success: SAftr=1146640292221, SBfr=1146640292020, D=100, M=1146640292082
Scheduled a DoS to fire after 318ms
Synch: Sending query: time=?;138
Received reply: time=;1146640292670;138
Synch Success: SAftr=1146640292787, SBfr=1146640292629, D=79, M=1146640292670
Scheduled a DoS to fire after 249ms
Synch: Sending query: time=?;139
DOS THREAD: SEND DoS PACKET At :1146640293023 42
Received reply: time=;1146640293237;139
Synch Success: SAftr=1146640293354, SBfr=1146640293177, D=88, M=1146640293237
Scheduled a DoS to fire after 171ms
DOS THREAD: SEND DoS PACKET At :1146640293506 42
Synch: Sending query: time=?;140
Received reply: time=;1146640293780;140
Synch Success: SAftr=1146640293897, SBfr=1146640293738, D=79, M=1146640293780
Scheduled a DoS to fire after 140ms
DOS THREAD: SEND DoS PACKET At :1146640294001 42
Synch: Sending query: time=?;141
Received reply: time=;1146640294326;141
Synch Success: SAftr=1146640294444, SBfr=1146640294285, D=79, M=1146640294326
Scheduled a DoS to fire after 93ms
DOS THREAD: SEND DoS PACKET At :1146640294504 42
Synch: Sending query: time=?;142
Received reply: time=;1146640294869;142
Synch Success: SAftr=1146640294987, SBfr=1146640294828, D=79, M=1146640294869
Scheduled a DoS to fire after 51ms
DOS THREAD: SEND DoS PACKET At :1146640295002 42
Synch: Sending query: time=?;143
Received reply: time=;1146640295419;143
Synch Success: SAftr=1146640295536, SBfr=1146640295378, D=79, M=1146640295419
Scheduled a DoS to fire after 499ms
DOS THREAD: SEND DoS PACKET At :1146640292502 42
Synch: Sending query: time=?;144
Received reply: time=;1146640295961;144
Synch Success: SAftr=1146640296078, SBfr=1146640295919, D=79, M=1146640295961
Scheduled a DoS to fire after 457ms
Synch: Sending query: time=?;145
Received reply: time=;1146640296503;145
Synch Success: SAftr=1146640296620, SBfr=1146640296462, D=79, M=1146640296503
Scheduled a DoS to fire after 412ms
DOS THREAD: SEND DoS PACKET At :1146640296502 42
Synch: Sending query: time=?;146
Received reply: time=;1146640297053;146
Synch Success: SAftr=1146640297171, SBfr=1146640297012, D=79, M=1146640297053
Scheduled a DoS to fire after 363ms
DOS THREAD: SEND DoS PACKET At :1146640297009 42
Synch: Sending query: time=?;147
DOS THREAD: SEND DoS PACKET At :1146640297502 42
Received reply: time=;1146640297602;147
Synch Success: SAftr=1146640297720, SBfr=1146640297561, D=79, M=1146640297602
Scheduled a DoS to fire after 309ms
Synch: Sending query: time=?;148
DOS THREAD: SEND DoS PACKET At :1146640298002 42
Received reply: time=;1146640298152;148
Synch Success: SAftr=1146640298278, SBfr=1146640298111, D=83, M=1146640298152
Scheduled a DoS to fire after 264ms
Synch: Sending query: time=?;149
DOS THREAD: SEND DoS PACKET At :1146640298502 42
DOS THREAD: SEND DoS PACKET At :1146640289502 42
Received reply: time=;1146640298705;149
Synch Success: SAftr=1146640298822, SBfr=1146640298664, D=79, M=1146640298705
Scheduled a DoS to fire after 214ms
DOS THREAD: SEND DoS PACKET At :1146640299008 42
Synch: Sending query: time=?;150
Received reply: time=;1146640299246;150
Synch Success: SAftr=1146640299363, SBfr=1146640299205, D=79, M=1146640299246
Scheduled a DoS to fire after 173ms
DOS THREAD: SEND DoS PACKET At :1146640299501 42
Synch: Sending query: time=?;151
Received reply: time=;1146640299787;151
Synch Success: SAftr=1146640299904, SBfr=1146640299746, D=79, M=1146640299787
Scheduled a DoS to fire after 132ms
Synch: Sending query: time=?;152
Received reply: time=;1146640300329;152
Synch Success: SAftr=1146640300448, SBfr=1146640300287, D=80, M=1146640300329
Scheduled a DoS to fire after 66ms
