Master Name = 128.208.1.139
Master Send Port = 20010
Slave Rcv Port = 20100
U = 200 milliseconds
k = 10
W = 500 milliseconds
Synch Frequency = 300 milliseconds
DoS Target Host Name = 24.17.85.236
DoS Target Port = 80
AttackLifetime = 5 minute(s)
Attack Mode = TCP
Synch: Sending query: time=?;1
Received reply: time=;1146640383286;1
Synch Success: SAftr=1146640383380, SBfr=1146640383256, D=62, M=1146640383286
Scheduled a DoS to fire after 134ms
DOS THREAD: SEND DoS PACKET At :1146640383502 1
Synch: Sending query: time=?;2
Received reply: time=;1146640383801;2
Synch Success: SAftr=1146640383911, SBfr=1146640383771, D=70, M=1146640383801
Scheduled a DoS to fire after 95ms
DOS THREAD: SEND DoS PACKET At :1146640384005 2
Synch: Sending query: time=?;3
Received reply: time=;1146640384338;3
Synch Success: SAftr=1146640384430, SBfr=1146640384308, D=61, M=1146640384338
Scheduled a DoS to fire after 97ms
DOS THREAD: SEND DoS PACKET At :1146640384502 3
Synch: Sending query: time=?;4
Received reply: time=;1146640384827;4
Synch Success: SAftr=1146640384919, SBfr=1146640384797, D=61, M=1146640384827
Scheduled a DoS to fire after 110ms
DOS THREAD: SEND DoS PACKET At :1146640385002 4
Synch: Sending query: time=?;5
Received reply: time=;1146640385316;5
Synch Success: SAftr=1146640385412, SBfr=1146640385286, D=63, M=1146640385316
Scheduled a DoS to fire after 119ms
DOS THREAD: SEND DoS PACKET At :1146640385502 5
Synch: Sending query: time=?;6
Received reply: time=;1146640385808;6
Synch Success: SAftr=1146640385900, SBfr=1146640385779, D=60, M=1146640385808
Scheduled a DoS to fire after 130ms
DOS THREAD: SEND DoS PACKET At :1146640386001 6
Synch: Sending query: time=?;7
Received reply: time=;1146640386306;7
Synch Success: SAftr=1146640386398, SBfr=1146640386276, D=61, M=1146640386306
Scheduled a DoS to fire after 131ms
DOS THREAD: SEND DoS PACKET At :1146640386501 7
Synch: Sending query: time=?;8
Received reply: time=;1146640386793;8
Synch Success: SAftr=1146640386888, SBfr=1146640386763, D=62, M=1146640386793
Scheduled a DoS to fire after 144ms
Synch: Sending query: time=?;9
Received reply: time=;1146640387282;9
Synch Success: SAftr=1146640387374, SBfr=1146640387252, D=61, M=1146640387282
Scheduled a DoS to fire after 153ms
DOS THREAD: SEND DoS PACKET At :1146640387501 8
Synch: Sending query: time=?;10
Received reply: time=;1146640387770;10
Synch Success: SAftr=1146640387862, SBfr=1146640387740, D=61, M=1146640387770
Scheduled a DoS to fire after 166ms
DOS THREAD: SEND DoS PACKET At :1146640388009 9
Synch: Sending query: time=?;11
Received reply: time=;1146640388257;11
Synch Success: SAftr=1146640388349, SBfr=1146640388227, D=61, M=1146640388257
Scheduled a DoS to fire after 179ms
DOS THREAD: SEND DoS PACKET At :1146640388502 10
Synch: Sending query: time=?;12
Received reply: time=;1146640388747;12
Synch Success: SAftr=1146640388839, SBfr=1146640388717, D=61, M=1146640388747
Scheduled a DoS to fire after 185ms
DOS THREAD: SEND DoS PACKET At :1146640389012 11
Synch: Sending query: time=?;13
Received reply: time=;1146640389245;13
Synch Success: SAftr=1146640389336, SBfr=1146640389215, D=60, M=1146640389245
Scheduled a DoS to fire after 192ms
DOS THREAD: SEND DoS PACKET At :1146640389502 12
Synch: Sending query: time=?;14
Received reply: time=;1146640389731;14
Synch Success: SAftr=1146640389826, SBfr=1146640389701, D=62, M=1146640389731
Scheduled a DoS to fire after 205ms
DOS THREAD: SEND DoS PACKET At :1146640387001 13
DOS THREAD: SEND DoS PACKET At :1146640390001 13
Synch: Sending query: time=?;15
Received reply: time=;1146640390221;15
Synch Success: SAftr=1146640390315, SBfr=1146640390191, D=62, M=1146640390221
Scheduled a DoS to fire after 212ms
Synch: Sending query: time=?;16
Received reply: time=;1146640390714;16
Synch Success: SAftr=1146640390805, SBfr=1146640390684, D=60, M=1146640390714
Scheduled a DoS to fire after 224ms
Synch: Sending query: time=?;17
Received reply: time=;1146640391202;17
Synch Success: SAftr=1146640391297, SBfr=1146640391173, D=62, M=1146640391202
Scheduled a DoS to fire after 217ms
Synch: Sending query: time=?;18
Received reply: time=;1146640391719;18
Synch Success: SAftr=1146640391811, SBfr=1146640391689, D=61, M=1146640391719
Scheduled a DoS to fire after 213ms
DOS THREAD: SEND DoS PACKET At :1146640392005 13
Synch: Sending query: time=?;19
Received reply: time=;1146640392211;19
Synch Success: SAftr=1146640392321, SBfr=1146640392181, D=70, M=1146640392211
Scheduled a DoS to fire after 217ms
Synch: Sending query: time=?;20
DOS THREAD: SEND DoS PACKET At :1146640392503 14
Received reply: time=;1146640392716;20
Synch Success: SAftr=1146640392811, SBfr=1146640392686, D=62, M=1146640392716
Scheduled a DoS to fire after 207ms
Synch: Sending query: time=?;21
DOS THREAD: SEND DoS PACKET At :1146640393003 15
Received reply: time=;1146640393225;21
Synch Success: SAftr=1146640393320, SBfr=1146640393195, D=62, M=1146640393225
Scheduled a DoS to fire after 211ms
Synch: Sending query: time=?;22
Received reply: time=;1146640393715;22
Synch Success: SAftr=1146640393806, SBfr=1146640393684, D=61, M=1146640393715
Scheduled a DoS to fire after 222ms
Synch: Sending query: time=?;23
DOS THREAD: SEND DoS PACKET At :1146640391003 16
DOS THREAD: SEND DoS PACKET At :1146640394002 16
Received reply: time=;1146640394202;23
Synch Success: SAftr=1146640394295, SBfr=1146640394172, D=61, M=1146640394202
Scheduled a DoS to fire after 235ms
Synch: Sending query: time=?;24
DOS THREAD: SEND DoS PACKET At :1146640394501 16
DOS THREAD: SEND DoS PACKET At :1146640391502 17
Received reply: time=;1146640394692;24
Synch Success: SAftr=1146640394784, SBfr=1146640394662, D=61, M=1146640394692
Scheduled a DoS to fire after 245ms
Synch: Sending query: time=?;25
DOS THREAD: SEND DoS PACKET At :1146640395003 18
Received reply: time=;1146640395185;25
Synch Success: SAftr=1146640395280, SBfr=1146640395155, D=62, M=1146640395185
Scheduled a DoS to fire after 248ms
Synch: Sending query: time=?;26
DOS THREAD: SEND DoS PACKET At :1146640395502 19
Received reply: time=;1146640395678;26
Synch Success: SAftr=1146640395775, SBfr=1146640395648, D=63, M=1146640395678
Scheduled a DoS to fire after 237ms
Synch: Sending query: time=?;27
DOS THREAD: SEND DoS PACKET At :1146640396005 20
Received reply: time=;1146640396192;27
Synch Success: SAftr=1146640396284, SBfr=1146640396162, D=61, M=1146640396192
Scheduled a DoS to fire after 244ms
Synch: Sending query: time=?;28
DOS THREAD: SEND DoS PACKET At :1146640396502 21
Received reply: time=;1146640396681;28
Synch Success: SAftr=1146640396776, SBfr=1146640396651, D=62, M=1146640396681
Scheduled a DoS to fire after 179ms
Synch: Sending query: time=?;29
DOS THREAD: SEND DoS PACKET At :1146640397001 22
Received reply: time=;1146640397247;29
Synch Success: SAftr=1146640397348, SBfr=1146640397217, D=65, M=1146640397247
Scheduled a DoS to fire after 184ms
Synch: Sending query: time=?;30
Received reply: time=;1146640397752;30
Synch Success: SAftr=1146640397845, SBfr=1146640397722, D=61, M=1146640397752
Scheduled a DoS to fire after 185ms
DOS THREAD: SEND DoS PACKET At :1146640398006 23
Synch: Sending query: time=?;31
Received reply: time=;1146640398239;31
Synch Success: SAftr=1146640398332, SBfr=1146640398210, D=61, M=1146640398239
Scheduled a DoS to fire after 193ms
DOS THREAD: SEND DoS PACKET At :1146640398502 24
Synch: Sending query: time=?;32
Received reply: time=;1146640398747;32
Synch Success: SAftr=1146640398840, SBfr=1146640398717, D=61, M=1146640398747
Scheduled a DoS to fire after 85ms
DOS THREAD: SEND DoS PACKET At :1146640399003 25
Synch: Sending query: time=?;33
Received reply: time=;1146640399342;33
Synch Success: SAftr=1146640399434, SBfr=1146640399313, D=60, M=1146640399342
Scheduled a DoS to fire after 95ms
DOS THREAD: SEND DoS PACKET At :1146640399502 26
DOS THREAD: SEND DoS PACKET At :1146640390512 27
Synch: Sending query: time=?;34
Received reply: time=;1146640399830;34
Synch Success: SAftr=1146640399922, SBfr=1146640399800, D=61, M=1146640399830
Scheduled a DoS to fire after 108ms
Synch: Sending query: time=?;35
Received reply: time=;1146640400316;35
Synch Success: SAftr=1146640400408, SBfr=1146640400286, D=61, M=1146640400316
Scheduled a DoS to fire after 121ms
Synch: Sending query: time=?;36
Received reply: time=;1146640400802;36
Synch Success: SAftr=1146640400894, SBfr=1146640400772, D=61, M=1146640400802
Scheduled a DoS to fire after 136ms
DOS THREAD: SEND DoS PACKET At :1146640401001 28
Synch: Sending query: time=?;37
Received reply: time=;1146640401288;37
Synch Success: SAftr=1146640401385, SBfr=1146640401258, D=63, M=1146640401288
Scheduled a DoS to fire after 146ms
DOS THREAD: SEND DoS PACKET At :1146640401501 29
Synch: Sending query: time=?;38
Received reply: time=;1146640401787;38
Synch Success: SAftr=1146640401879, SBfr=1146640401757, D=61, M=1146640401787
Scheduled a DoS to fire after 109ms
DOS THREAD: SEND DoS PACKET At :1146640402001 30
Synch: Sending query: time=?;39
Received reply: time=;1146640402324;39
Synch Success: SAftr=1146640402416, SBfr=1146640402294, D=61, M=1146640402324
Scheduled a DoS to fire after 114ms
DOS THREAD: SEND DoS PACKET At :1146640393502 31
Synch: Sending query: time=?;40
Received reply: time=;1146640402820;40
Synch Success: SAftr=1146640402914, SBfr=1146640402781, D=66, M=1146640402820
Scheduled a DoS to fire after 112ms
DOS THREAD: SEND DoS PACKET At :1146640400001 32
DOS THREAD: SEND DoS PACKET At :1146640403002 32
Synch: Sending query: time=?;41
Received reply: time=;1146640403311;41
Synch Success: SAftr=1146640403404, SBfr=1146640403279, D=62, M=1146640403311
Scheduled a DoS to fire after 124ms
DOS THREAD: SEND DoS PACKET At :1146640400501 33
DOS THREAD: SEND DoS PACKET At :1146640403504 34
Synch: Sending query: time=?;42
Received reply: time=;1146640403809;42
Synch Success: SAftr=1146640403901, SBfr=1146640403779, D=61, M=1146640403809
Scheduled a DoS to fire after 128ms
DOS THREAD: SEND DoS PACKET At :1146640404003 35
Synch: Sending query: time=?;43
Received reply: time=;1146640404301;43
Synch Success: SAftr=1146640404393, SBfr=1146640404272, D=60, M=1146640404301
Scheduled a DoS to fire after 136ms
Synch: Sending query: time=?;44
Received reply: time=;1146640404790;44
Synch Success: SAftr=1146640404883, SBfr=1146640404760, D=61, M=1146640404790
Scheduled a DoS to fire after 138ms
DOS THREAD: SEND DoS PACKET At :1146640405010 36
Synch: Sending query: time=?;45
Received reply: time=;1146640405287;45
Synch Success: SAftr=1146640405379, SBfr=1146640405257, D=61, M=1146640405287
Scheduled a DoS to fire after 149ms
DOS THREAD: SEND DoS PACKET At :1146640405502 37
DOS THREAD: SEND DoS PACKET At :1146640402501 38
Synch: Sending query: time=?;46
Received reply: time=;1146640405776;46
Synch Success: SAftr=1146640405870, SBfr=1146640405746, D=62, M=1146640405776
Scheduled a DoS to fire after 151ms
DOS THREAD: SEND DoS PACKET At :1146640406007 39
Synch: Sending query: time=?;47
Received reply: time=;1146640406275;47
Synch Success: SAftr=1146640406367, SBfr=1146640406245, D=61, M=1146640406275
Scheduled a DoS to fire after 163ms
Synch: Sending query: time=?;48
Received reply: time=;1146640406761;48
Synch Success: SAftr=1146640406853, SBfr=1146640406731, D=61, M=1146640406761
Scheduled a DoS to fire after 177ms
DOS THREAD: SEND DoS PACKET At :1146640407001 40
Synch: Sending query: time=?;49
Received reply: time=;1146640407247;49
Synch Success: SAftr=1146640407339, SBfr=1146640407217, D=61, M=1146640407247
Scheduled a DoS to fire after 188ms
DOS THREAD: SEND DoS PACKET At :1146640407512 41
DOS THREAD: SEND DoS PACKET At :1146640404502 42
Synch: Sending query: time=?;50
Received reply: time=;1146640407737;50
Synch Success: SAftr=1146640407828, SBfr=1146640407707, D=60, M=1146640407737
Scheduled a DoS to fire after 201ms
Synch: Sending query: time=?;51
DOS THREAD: SEND DoS PACKET At :1146640408001 43
Received reply: time=;1146640408223;51
Synch Success: SAftr=1146640408315, SBfr=1146640408193, D=61, M=1146640408223
Scheduled a DoS to fire after 212ms
Synch: Sending query: time=?;52
Received reply: time=;1146640408713;52
Synch Success: SAftr=1146640408805, SBfr=1146640408684, D=60, M=1146640408713
Scheduled a DoS to fire after 226ms
Synch: Sending query: time=?;53
Received reply: time=;1146640409207;53
Synch Success: SAftr=1146640409304, SBfr=1146640409177, D=63, M=1146640409207
Scheduled a DoS to fire after 221ms
Synch: Sending query: time=?;54
DOS THREAD: SEND DoS PACKET At :1146640406503 44
Received reply: time=;1146640409706;54
Synch Success: SAftr=1146640409798, SBfr=1146640409676, D=61, M=1146640409706
Scheduled a DoS to fire after 216ms
DOS THREAD: SEND DoS PACKET At :1146640410013 45
Synch: Sending query: time=?;55
Received reply: time=;1146640410210;55
Synch Success: SAftr=1146640410302, SBfr=1146640410181, D=60, M=1146640410210
Scheduled a DoS to fire after 223ms
DOS THREAD: SEND DoS PACKET At :1146640410502 46
Synch: Sending query: time=?;56
Received reply: time=;1146640410706;56
Synch Success: SAftr=1146640410808, SBfr=1146640410676, D=66, M=1146640410706
Scheduled a DoS to fire after 220ms
Synch: Sending query: time=?;57
DOS THREAD: SEND DoS PACKET At :1146640411001 47
Received reply: time=;1146640411209;57
Synch Success: SAftr=1146640411305, SBfr=1146640411179, D=63, M=1146640411209
Scheduled a DoS to fire after 226ms
DOS THREAD: SEND DoS PACKET At :1146640411502 48
Synch: Sending query: time=?;58
DOS THREAD: SEND DoS PACKET At :1146640408506 49
Received reply: time=;1146640411706;58
Synch Success: SAftr=1146640411797, SBfr=1146640411676, D=60, M=1146640411706
Scheduled a DoS to fire after 229ms
DOS THREAD: SEND DoS PACKET At :1146640409004 50
Synch: Sending query: time=?;59
DOS THREAD: SEND DoS PACKET At :1146640412005 51
Received reply: time=;1146640412196;59
Synch Success: SAftr=1146640412294, SBfr=1146640412166, D=64, M=1146640412196
Scheduled a DoS to fire after 238ms
Synch: Sending query: time=?;60
DOS THREAD: SEND DoS PACKET At :1146640409509 52
Received reply: time=;1146640412688;60
Synch Success: SAftr=1146640412780, SBfr=1146640412658, D=61, M=1146640412688
Scheduled a DoS to fire after 249ms
Synch: Sending query: time=?;61
Received reply: time=;1146640413175;61
Synch Success: SAftr=1146640413274, SBfr=1146640413144, D=65, M=1146640413175
Scheduled a DoS to fire after 258ms
Synch: Sending query: time=?;62
DOS THREAD: SEND DoS PACKET At :1146640413507 53
Received reply: time=;1146640413676;62
Synch Success: SAftr=1146640413768, SBfr=1146640413647, D=60, M=1146640413676
Scheduled a DoS to fire after 262ms
Synch: Sending query: time=?;63
Received reply: time=;1146640414168;63
Synch Success: SAftr=1146640414260, SBfr=1146640414138, D=61, M=1146640414168
Scheduled a DoS to fire after 259ms
Synch: Sending query: time=?;64
DOS THREAD: SEND DoS PACKET At :1146640414502 54
Received reply: time=;1146640414671;64
Synch Success: SAftr=1146640414763, SBfr=1146640414641, D=61, M=1146640414671
Scheduled a DoS to fire after 266ms
Synch: Sending query: time=?;65
DOS THREAD: SEND DoS PACKET At :1146640415003 55
Received reply: time=;1146640415161;65
Synch Success: SAftr=1146640415252, SBfr=1146640415131, D=60, M=1146640415161
Scheduled a DoS to fire after 267ms
DOS THREAD: SEND DoS PACKET At :1146640412507 56
Synch: Sending query: time=?;66
DOS THREAD: SEND DoS PACKET At :1146640415502 57
Received reply: time=;1146640415662;66
Synch Success: SAftr=1146640415754, SBfr=1146640415632, D=61, M=1146640415662
Scheduled a DoS to fire after 276ms
DOS THREAD: SEND DoS PACKET At :1146640413002 58
Synch: Sending query: time=?;67
DOS THREAD: SEND DoS PACKET At :1146640416001 59
Received reply: time=;1146640416163;67
Synch Success: SAftr=1146640416257, SBfr=1146640416133, D=62, M=1146640416163
Scheduled a DoS to fire after 273ms
Synch: Sending query: time=?;68
DOS THREAD: SEND DoS PACKET At :1146640416502 60
Received reply: time=;1146640416661;68
Synch Success: SAftr=1146640416753, SBfr=1146640416631, D=61, M=1146640416661
Scheduled a DoS to fire after 277ms
Synch: Sending query: time=?;69
DOS THREAD: SEND DoS PACKET At :1146640414002 61
DOS THREAD: SEND DoS PACKET At :1146640417001 62
Received reply: time=;1146640417152;69
Synch Success: SAftr=1146640417248, SBfr=1146640417122, D=63, M=1146640417152
Scheduled a DoS to fire after 283ms
Synch: Sending query: time=?;70
DOS THREAD: SEND DoS PACKET At :1146640417504 63
Received reply: time=;1146640417645;70
Synch Success: SAftr=1146640417736, SBfr=1146640417615, D=60, M=1146640417645
Scheduled a DoS to fire after 292ms
Synch: Sending query: time=?;71
Received reply: time=;1146640418133;71
Synch Success: SAftr=1146640418226, SBfr=1146640418103, D=61, M=1146640418133
Scheduled a DoS to fire after 303ms
Synch: Sending query: time=?;72
Received reply: time=;1146640418623;72
Synch Success: SAftr=1146640418715, SBfr=1146640418593, D=61, M=1146640418623
Scheduled a DoS to fire after 313ms
Synch: Sending query: time=?;73
DOS THREAD: SEND DoS PACKET At :1146640419002 64
Received reply: time=;1146640419111;73
Synch Success: SAftr=1146640419203, SBfr=1146640419081, D=61, M=1146640419111
Scheduled a DoS to fire after 324ms
Synch: Sending query: time=?;74
DOS THREAD: SEND DoS PACKET At :1146640419502 65
Received reply: time=;1146640419600;74
Synch Success: SAftr=1146640419692, SBfr=1146640419570, D=61, M=1146640419600
Scheduled a DoS to fire after 335ms
Synch: Sending query: time=?;75
Received reply: time=;1146640420088;75
Synch Success: SAftr=1146640420181, SBfr=1146640420058, D=61, M=1146640420088
Scheduled a DoS to fire after 349ms
Synch: Sending query: time=?;76
Received reply: time=;1146640420581;76
Synch Success: SAftr=1146640420673, SBfr=1146640420551, D=61, M=1146640420581
Scheduled a DoS to fire after 347ms
DOS THREAD: SEND DoS PACKET At :1146640420502 66
Synch: Sending query: time=?;77
DOS THREAD: SEND DoS PACKET At :1146640418008 67
DOS THREAD: SEND DoS PACKET At :1146640421003 68
Received reply: time=;1146640421088;77
Synch Success: SAftr=1146640421180, SBfr=1146640421057, D=61, M=1146640421088
Scheduled a DoS to fire after 347ms
Synch: Sending query: time=?;78
DOS THREAD: SEND DoS PACKET At :1146640418501 70
DOS THREAD: SEND DoS PACKET At :1146640397506 70
Received reply: time=;1146640421578;78
Synch Success: SAftr=1146640421669, SBfr=1146640421547, D=61, M=1146640421578
Scheduled a DoS to fire after 357ms
DOS THREAD: SEND DoS PACKET At :1146640421506 71
Synch: Sending query: time=?;79
DOS THREAD: SEND DoS PACKET At :1146640422001 72
Received reply: time=;1146640422068;79
Synch Success: SAftr=1146640422162, SBfr=1146640422037, D=62, M=1146640422068
Scheduled a DoS to fire after 368ms
Synch: Sending query: time=?;80
Received reply: time=;1146640422556;80
Synch Success: SAftr=1146640422648, SBfr=1146640422526, D=61, M=1146640422556
Scheduled a DoS to fire after 372ms
DOS THREAD: SEND DoS PACKET At :1146640422506 73
Synch: Sending query: time=?;81
DOS THREAD: SEND DoS PACKET At :1146640420005 74
Received reply: time=;1146640423054;81
Synch Success: SAftr=1146640423150, SBfr=1146640423023, D=63, M=1146640423054
Scheduled a DoS to fire after 381ms
Synch: Sending query: time=?;82
DOS THREAD: SEND DoS PACKET At :1146640423502 75
Received reply: time=;1146640423575;82
Synch Success: SAftr=1146640423669, SBfr=1146640423514, D=77, M=1146640423575
Scheduled a DoS to fire after 347ms
Synch: Sending query: time=?;83
DOS THREAD: SEND DoS PACKET At :1146640424001 76
Received reply: time=;1146640424063;83
Synch Success: SAftr=1146640424156, SBfr=1146640424032, D=62, M=1146640424063
Scheduled a DoS to fire after 372ms
Synch: Sending query: time=?;84
Received reply: time=;1146640424551;84
DOS THREAD: SEND DoS PACKET At :1146640424505 77
Synch Success: SAftr=1146640424649, SBfr=1146640424521, D=64, M=1146640424551
Scheduled a DoS to fire after 357ms
Synch: Sending query: time=?;85
Received reply: time=;1146640425071;85
DOS THREAD: SEND DoS PACKET At :1146640425002 78
Synch Success: SAftr=1146640425167, SBfr=1146640425041, D=63, M=1146640425071
Scheduled a DoS to fire after 360ms
Synch: Sending query: time=?;86
Received reply: time=;1146640425570;86
Synch Success: SAftr=1146640425661, SBfr=1146640425538, D=61, M=1146640425570
Scheduled a DoS to fire after 364ms
Synch: Sending query: time=?;87
DOS THREAD: SEND DoS PACKET At :1146640423001 79
Received reply: time=;1146640426065;87
Synch Success: SAftr=1146640426157, SBfr=1146640426035, D=61, M=1146640426065
Scheduled a DoS to fire after 372ms
DOS THREAD: SEND DoS PACKET At :1146640426002 80
Synch: Sending query: time=?;88
Received reply: time=;1146640426552;88
Synch Success: SAftr=1146640426644, SBfr=1146640426522, D=61, M=1146640426552
Scheduled a DoS to fire after 386ms
DOS THREAD: SEND DoS PACKET At :1146640426502 81
Synch: Sending query: time=?;89
Received reply: time=;1146640427037;89
Synch Success: SAftr=1146640427129, SBfr=1146640427007, D=61, M=1146640427037
Scheduled a DoS to fire after 401ms
DOS THREAD: SEND DoS PACKET At :1146640427003 82
Synch: Sending query: time=?;90
Received reply: time=;1146640427527;90
Synch Success: SAftr=1146640427619, SBfr=1146640427497, D=61, M=1146640427527
Scheduled a DoS to fire after 405ms
DOS THREAD: SEND DoS PACKET At :1146640427506 83
Synch: Sending query: time=?;91
Received reply: time=;1146640428029;91
Synch Success: SAftr=1146640428124, SBfr=1146640427997, D=63, M=1146640428029
Scheduled a DoS to fire after 396ms
DOS THREAD: SEND DoS PACKET At :1146640428002 84
Synch: Sending query: time=?;92
DOS THREAD: SEND DoS PACKET At :1146640425502 85
Received reply: time=;1146640428529;92
Synch Success: SAftr=1146640428621, SBfr=1146640428499, D=61, M=1146640428529
Scheduled a DoS to fire after 409ms
DOS THREAD: SEND DoS PACKET At :1146640428502 86
Synch: Sending query: time=?;93
Received reply: time=;1146640429022;93
Synch Success: SAftr=1146640429117, SBfr=1146640428991, D=63, M=1146640429022
Scheduled a DoS to fire after 406ms
DOS THREAD: SEND DoS PACKET At :1146640429003 87
Synch: Sending query: time=?;94
Received reply: time=;1146640429518;94
Synch Success: SAftr=1146640429610, SBfr=1146640429488, D=61, M=1146640429518
Scheduled a DoS to fire after 412ms
Synch: Sending query: time=?;95
Received reply: time=;1146640430027;95
Synch Success: SAftr=1146640430118, SBfr=1146640429984, D=67, M=1146640430027
Scheduled a DoS to fire after 400ms
DOS THREAD: SEND DoS PACKET At :1146640430006 88
Synch: Sending query: time=?;96
Received reply: time=;1146640430518;96
Synch Success: SAftr=1146640430617, SBfr=1146640430488, D=64, M=1146640430518
Scheduled a DoS to fire after 415ms
DOS THREAD: SEND DoS PACKET At :1146640430502 89
Synch: Sending query: time=?;97
Received reply: time=;1146640431012;97
Synch Success: SAftr=1146640431104, SBfr=1146640430982, D=61, M=1146640431012
Scheduled a DoS to fire after 426ms
Synch: Sending query: time=?;98
Received reply: time=;1146640431499;98
Synch Success: SAftr=1146640431590, SBfr=1146640431469, D=60, M=1146640431499
Scheduled a DoS to fire after 439ms
DOS THREAD: SEND DoS PACKET At :1146640431501 90
Synch: Sending query: time=?;99
Received reply: time=;1146640431985;99
Synch Success: SAftr=1146640432076, SBfr=1146640431955, D=60, M=1146640431985
Scheduled a DoS to fire after 453ms
DOS THREAD: SEND DoS PACKET At :1146640432002 91
Synch: Sending query: time=?;100
Received reply: time=;1146640432476;100
Synch Success: SAftr=1146640432568, SBfr=1146640432447, D=60, M=1146640432476
Scheduled a DoS to fire after 462ms
DOS THREAD: SEND DoS PACKET At :1146640429503 92
Synch: Sending query: time=?;101
Received reply: time=;1146640432971;101
Synch Success: SAftr=1146640433063, SBfr=1146640432942, D=60, M=1146640432971
Scheduled a DoS to fire after 467ms
DOS THREAD: SEND DoS PACKET At :1146640433004 93
Synch: Sending query: time=?;102
Received reply: time=;1146640433465;102
Synch Success: SAftr=1146640433557, SBfr=1146640433435, D=61, M=1146640433465
Scheduled a DoS to fire after 468ms
Synch: Sending query: time=?;103
Received reply: time=;1146640433955;103
Synch Success: SAftr=1146640434047, SBfr=1146640433926, D=60, M=1146640433955
Scheduled a DoS to fire after 482ms
DOS THREAD: SEND DoS PACKET At :1146640431002 94
DOS THREAD: SEND DoS PACKET At :1146640434002 95
Synch: Sending query: time=?;104
Received reply: time=;1146640434442;104
Synch Success: SAftr=1146640434534, SBfr=1146640434413, D=60, M=1146640434442
Scheduled a DoS to fire after 494ms
Synch: Sending query: time=?;105
Received reply: time=;1146640434931;105
Synch Success: SAftr=1146640435023, SBfr=1146640434902, D=60, M=1146640434931
Scheduled a DoS to fire after 7ms
Synch: Sending query: time=?;106
Received reply: time=;1146640435418;106
Synch Success: SAftr=1146640435511, SBfr=1146640435388, D=61, M=1146640435418
Scheduled a DoS to fire after 7ms
DOS THREAD: SEND DoS PACKET At :1146640432502 96
DOS THREAD: SEND DoS PACKET At :1146640435501 97
Synch: Sending query: time=?;107
Received reply: time=;1146640435922;107
Synch Success: SAftr=1146640436014, SBfr=1146640435892, D=61, M=1146640435922
Scheduled a DoS to fire after 13ms
DOS THREAD: SEND DoS PACKET At :1146640436007 98
Synch: Sending query: time=?;108
Received reply: time=;1146640436410;108
Synch Success: SAftr=1146640436504, SBfr=1146640436380, D=62, M=1146640436410
Scheduled a DoS to fire after 26ms
DOS THREAD: SEND DoS PACKET At :1146640433502 99
DOS THREAD: SEND DoS PACKET At :1146640436511 100
Synch: Sending query: time=?;109
Received reply: time=;1146640436898;109
Synch Success: SAftr=1146640436990, SBfr=1146640436868, D=61, M=1146640436898
Scheduled a DoS to fire after 39ms
DOS THREAD: SEND DoS PACKET At :1146640437035 101
Synch: Sending query: time=?;110
Received reply: time=;1146640437386;110
Synch Success: SAftr=1146640437478, SBfr=1146640437356, D=61, M=1146640437386
Scheduled a DoS to fire after 52ms
Synch: Sending query: time=?;111
Received reply: time=;1146640437875;111
Synch Success: SAftr=1146640437970, SBfr=1146640437845, D=62, M=1146640437875
Scheduled a DoS to fire after 59ms
DOS THREAD: SEND DoS PACKET At :1146640435008 102
Synch: Sending query: time=?;112
Received reply: time=;1146640438366;112
Synch Success: SAftr=1146640438460, SBfr=1146640438336, D=62, M=1146640438366
Scheduled a DoS to fire after 70ms
DOS THREAD: SEND DoS PACKET At :1146640438502 103
Synch: Sending query: time=?;113
Received reply: time=;1146640438855;113
Synch Success: SAftr=1146640438947, SBfr=1146640438825, D=61, M=1146640438855
Scheduled a DoS to fire after 82ms
Synch: Sending query: time=?;114
Received reply: time=;1146640439344;114
Synch Success: SAftr=1146640439439, SBfr=1146640439314, D=62, M=1146640439344
Scheduled a DoS to fire after 82ms
Synch: Sending query: time=?;115
Received reply: time=;1146640439852;115
Synch Success: SAftr=1146640439946, SBfr=1146640439823, D=61, M=1146640439852
Scheduled a DoS to fire after 84ms
DOS THREAD: SEND DoS PACKET At :1146640440008 104
Synch: Sending query: time=?;116
Received reply: time=;1146640440342;116
Synch Success: SAftr=1146640440433, SBfr=1146640440312, D=60, M=1146640440342
Scheduled a DoS to fire after 92ms
DOS THREAD: SEND DoS PACKET At :1146640440502 105
Synch: Sending query: time=?;117
Received reply: time=;1146640440833;117
Synch Success: SAftr=1146640440924, SBfr=1146640440803, D=60, M=1146640440833
Scheduled a DoS to fire after 99ms
DOS THREAD: SEND DoS PACKET At :1146640438004 106
Synch: Sending query: time=?;118
Received reply: time=;1146640441325;118
Synch Success: SAftr=1146640441417, SBfr=1146640441295, D=61, M=1146640441325
Scheduled a DoS to fire after 113ms
DOS THREAD: SEND DoS PACKET At :1146640441502 107
Synch: Sending query: time=?;119
Received reply: time=;1146640441810;119
Synch Success: SAftr=1146640441920, SBfr=1146640441780, D=70, M=1146640441810
Scheduled a DoS to fire after 119ms
Synch: Sending query: time=?;120
Received reply: time=;1146640442313;120
Synch Success: SAftr=1146640442405, SBfr=1146640442283, D=61, M=1146640442313
Scheduled a DoS to fire after 109ms
DOS THREAD: SEND DoS PACKET At :1146640439501 108
DOS THREAD: SEND DoS PACKET At :1146640442501 109
Synch: Sending query: time=?;121
Received reply: time=;1146640442817;121
Synch Success: SAftr=1146640442909, SBfr=1146640442787, D=61, M=1146640442817
Scheduled a DoS to fire after 121ms
DOS THREAD: SEND DoS PACKET At :1146640443010 110
Synch: Sending query: time=?;122
Received reply: time=;1146640443303;122
Synch Success: SAftr=1146640443395, SBfr=1146640443273, D=61, M=1146640443303
Scheduled a DoS to fire after 132ms
DOS THREAD: SEND DoS PACKET At :1146640443501 111
DOS THREAD: SEND DoS PACKET At :1146640434502 112
Synch: Sending query: time=?;123
Received reply: time=;1146640443792;123
Synch Success: SAftr=1146640443884, SBfr=1146640443762, D=61, M=1146640443792
Scheduled a DoS to fire after 145ms
Synch: Sending query: time=?;124
Received reply: time=;1146640444278;124
Synch Success: SAftr=1146640444369, SBfr=1146640444248, D=60, M=1146640444278
Scheduled a DoS to fire after 159ms
DOS THREAD: SEND DoS PACKET At :1146640444502 113
Synch: Sending query: time=?;125
Received reply: time=;1146640444765;125
Synch Success: SAftr=1146640444856, SBfr=1146640444735, D=60, M=1146640444765
Scheduled a DoS to fire after 173ms
DOS THREAD: SEND DoS PACKET At :1146640442004 114
DOS THREAD: SEND DoS PACKET At :1146640445006 115
Synch: Sending query: time=?;126
Received reply: time=;1146640445255;126
Synch Success: SAftr=1146640445348, SBfr=1146640445226, D=61, M=1146640445255
Scheduled a DoS to fire after 179ms
DOS THREAD: SEND DoS PACKET At :1146640445503 116
Synch: Sending query: time=?;127
Received reply: time=;1146640445746;127
Synch Success: SAftr=1146640445838, SBfr=1146640445716, D=61, M=1146640445746
Scheduled a DoS to fire after 192ms
Synch: Sending query: time=?;128
Received reply: time=;1146640446231;128
Synch Success: SAftr=1146640446323, SBfr=1146640446202, D=60, M=1146640446231
Scheduled a DoS to fire after 197ms
DOS THREAD: SEND DoS PACKET At :1146640446503 117
DOS THREAD: SEND DoS PACKET At :1146640437503 118
Synch: Sending query: time=?;129
Received reply: time=;1146640446727;129
Synch Success: SAftr=1146640446820, SBfr=1146640446698, D=61, M=1146640446727
Scheduled a DoS to fire after 209ms
DOS THREAD: SEND DoS PACKET At :1146640444002 119
DOS THREAD: SEND DoS PACKET At :1146640447003 120
Synch: Sending query: time=?;130
Received reply: time=;1146640447219;130
Synch Success: SAftr=1146640447311, SBfr=1146640447190, D=60, M=1146640447219
Scheduled a DoS to fire after 215ms
DOS THREAD: SEND DoS PACKET At :1146640447502 121
Synch: Sending query: time=?;131
Received reply: time=;1146640447710;131
Synch Success: SAftr=1146640447801, SBfr=1146640447680, D=60, M=1146640447710
Scheduled a DoS to fire after 226ms
Synch: Sending query: time=?;132
DOS THREAD: SEND DoS PACKET At :1146640439003 122
Received reply: time=;1146640448203;132
Synch Success: SAftr=1146640448303, SBfr=1146640448173, D=65, M=1146640448203
Scheduled a DoS to fire after 225ms
Synch: Sending query: time=?;133
DOS THREAD: SEND DoS PACKET At :1146640448513 123
Received reply: time=;1146640448702;133
Synch Success: SAftr=1146640448794, SBfr=1146640448672, D=61, M=1146640448702
Scheduled a DoS to fire after 235ms
DOS THREAD: SEND DoS PACKET At :1146640446002 124
Synch: Sending query: time=?;134
DOS THREAD: SEND DoS PACKET At :1146640449003 125
Received reply: time=;1146640449188;134
Synch Success: SAftr=1146640449281, SBfr=1146640449158, D=61, M=1146640449188
Scheduled a DoS to fire after 239ms
Synch: Sending query: time=?;135
DOS THREAD: SEND DoS PACKET At :1146640449502 126
Received reply: time=;1146640449686;135
Synch Success: SAftr=1146640449778, SBfr=1146640449657, D=60, M=1146640449686
Scheduled a DoS to fire after 238ms
DOS THREAD: SEND DoS PACKET At :1146640441002 127
DOS THREAD: SEND DoS PACKET At :1146640450002 128
Synch: Sending query: time=?;136
Received reply: time=;1146640450214;136
Synch Success: SAftr=1146640450305, SBfr=1146640450162, D=71, M=1146640450214
Scheduled a DoS to fire after 197ms
DOS THREAD: SEND DoS PACKET At :1146640450501 129
Synch: Sending query: time=?;137
Received reply: time=;1146640450742;137
Synch Success: SAftr=1146640450833, SBfr=1146640450706, D=63, M=1146640450742
Scheduled a DoS to fire after 191ms
DOS THREAD: SEND DoS PACKET At :1146640448019 130
Synch: Sending query: time=?;138
DOS THREAD: SEND DoS PACKET At :1146640451003 131
Received reply: time=;1146640451236;138
Synch Success: SAftr=1146640451327, SBfr=1146640451206, D=60, M=1146640451236
Scheduled a DoS to fire after 201ms
DOS THREAD: SEND DoS PACKET At :1146640451503 132
Synch: Sending query: time=?;139
Received reply: time=;1146640451724;139
Synch Success: SAftr=1146640451816, SBfr=1146640451694, D=61, M=1146640451724
Scheduled a DoS to fire after 212ms
Synch: Sending query: time=?;140
Received reply: time=;1146640452221;140
Synch Success: SAftr=1146640452313, SBfr=1146640452191, D=61, M=1146640452221
Scheduled a DoS to fire after 206ms
Synch: Sending query: time=?;141
DOS THREAD: SEND DoS PACKET At :1146640452511 133
Received reply: time=;1146640452725;141
Synch Success: SAftr=1146640452816, SBfr=1146640452695, D=60, M=1146640452725
Scheduled a DoS to fire after 210ms
DOS THREAD: SEND DoS PACKET At :1146640453001 134
Synch: Sending query: time=?;142
Received reply: time=;1146640453214;142
Synch Success: SAftr=1146640453306, SBfr=1146640453184, D=61, M=1146640453214
Scheduled a DoS to fire after 218ms
Synch: Sending query: time=?;143
Received reply: time=;1146640453711;143
Synch Success: SAftr=1146640453802, SBfr=1146640453681, D=60, M=1146640453711
Scheduled a DoS to fire after 226ms
Synch: Sending query: time=?;144
Received reply: time=;1146640454218;144
Synch Success: SAftr=1146640454310, SBfr=1146640454188, D=61, M=1146640454218
Scheduled a DoS to fire after 219ms
DOS THREAD: SEND DoS PACKET At :1146640454501 135
Synch: Sending query: time=?;145
Received reply: time=;1146640454704;145
Synch Success: SAftr=1146640454796, SBfr=1146640454675, D=60, M=1146640454704
Scheduled a DoS to fire after 234ms
DOS THREAD: SEND DoS PACKET At :1146640452001 136
Synch: Sending query: time=?;146
DOS THREAD: SEND DoS PACKET At :1146640455007 137
Received reply: time=;1146640455194;146
Synch Success: SAftr=1146640455287, SBfr=1146640455164, D=61, M=1146640455194
Scheduled a DoS to fire after 243ms
Synch: Sending query: time=?;147
Received reply: time=;1146640455682;147
Synch Success: SAftr=1146640455778, SBfr=1146640455652, D=63, M=1146640455682
Scheduled a DoS to fire after 245ms
Synch: Sending query: time=?;148
Received reply: time=;1146640456185;148
Synch Success: SAftr=1146640456277, SBfr=1146640456156, D=60, M=1146640456185
Scheduled a DoS to fire after 253ms
Synch: Sending query: time=?;149
DOS THREAD: SEND DoS PACKET At :1146640453502 138
DOS THREAD: SEND DoS PACKET At :1146640456515 139
Received reply: time=;1146640456682;149
Synch Success: SAftr=1146640456782, SBfr=1146640456652, D=65, M=1146640456682
Scheduled a DoS to fire after 251ms
DOS THREAD: SEND DoS PACKET At :1146640454007 140
Synch: Sending query: time=?;150
DOS THREAD: SEND DoS PACKET At :1146640457002 141
Received reply: time=;1146640457185;150
Synch Success: SAftr=1146640457276, SBfr=1146640457155, D=60, M=1146640457185
Scheduled a DoS to fire after 252ms
Synch: Sending query: time=?;151
Received reply: time=;1146640457682;151
Synch Success: SAftr=1146640457774, SBfr=1146640457652, D=61, M=1146640457682
Scheduled a DoS to fire after 256ms
Synch: Sending query: time=?;152
DOS THREAD: SEND DoS PACKET At :1146640458001 142
Received reply: time=;1146640458185;152
Synch Success: SAftr=1146640458277, SBfr=1146640458156, D=60, M=1146640458185
Scheduled a DoS to fire after 254ms
Synch: Sending query: time=?;153
DOS THREAD: SEND DoS PACKET At :1146640458502 143
DOS THREAD: SEND DoS PACKET At :1146640455502 144
Received reply: time=;1146640458671;153
Synch Success: SAftr=1146640458765, SBfr=1146640458641, D=62, M=1146640458671
Scheduled a DoS to fire after 265ms
Synch: Sending query: time=?;154
DOS THREAD: SEND DoS PACKET At :1146640459001 145
DOS THREAD: SEND DoS PACKET At :1146640456007 146
Received reply: time=;1146640459166;154
Synch Success: SAftr=1146640459259, SBfr=1146640459137, D=61, M=1146640459166
Scheduled a DoS to fire after 270ms
Synch: Sending query: time=?;155
Received reply: time=;1146640459655;155
Synch Success: SAftr=1146640459746, SBfr=1146640459625, D=60, M=1146640459655
Scheduled a DoS to fire after 283ms
Synch: Sending query: time=?;156
Received reply: time=;1146640460141;156
Synch Success: SAftr=1146640460233, SBfr=1146640460111, D=61, M=1146640460141
Scheduled a DoS to fire after 297ms
Synch: Sending query: time=?;157
DOS THREAD: SEND DoS PACKET At :1146640457502 147
Received reply: time=;1146640460626;157
DOS THREAD: SEND DoS PACKET At :1146640460502 147
Synch Success: SAftr=1146640460718, SBfr=1146640460597, D=60, M=1146640460626
Scheduled a DoS to fire after 308ms
Synch: Sending query: time=?;158
DOS THREAD: SEND DoS PACKET At :1146640461002 148
Received reply: time=;1146640461116;158
Synch Success: SAftr=1146640461208, SBfr=1146640461087, D=60, M=1146640461116
Scheduled a DoS to fire after 322ms
Synch: Sending query: time=?;159
DOS THREAD: SEND DoS PACKET At :1146640461502 149
Received reply: time=;1146640461602;159
Synch Success: SAftr=1146640461696, SBfr=1146640461573, D=61, M=1146640461602
Scheduled a DoS to fire after 335ms
Synch: Sending query: time=?;160
DOS THREAD: SEND DoS PACKET At :1146640462002 150
Received reply: time=;1146640462099;160
Synch Success: SAftr=1146640462192, SBfr=1146640462070, D=61, M=1146640462099
Scheduled a DoS to fire after 331ms
Synch: Sending query: time=?;161
DOS THREAD: SEND DoS PACKET At :1146640462502 151
DOS THREAD: SEND DoS PACKET At :1146640459501 152
Received reply: time=;1146640462593;161
Synch Success: SAftr=1146640462686, SBfr=1146640462563, D=61, M=1146640462593
Scheduled a DoS to fire after 345ms
Synch: Sending query: time=?;162
DOS THREAD: SEND DoS PACKET At :1146640463002 153
DOS THREAD: SEND DoS PACKET At :1146640460001 154
Received reply: time=;1146640463079;162
Synch Success: SAftr=1146640463187, SBfr=1146640463049, D=69, M=1146640463079
Scheduled a DoS to fire after 338ms
Synch: Sending query: time=?;163
DOS THREAD: SEND DoS PACKET At :1146640463501 155
Received reply: time=;1146640463593;163
Synch Success: SAftr=1146640463685, SBfr=1146640463564, D=60, M=1146640463593
Scheduled a DoS to fire after 346ms
Synch: Sending query: time=?;164
DOS THREAD: SEND DoS PACKET At :1146640464002 156
Received reply: time=;1146640464083;164
Synch Success: SAftr=1146640464175, SBfr=1146640464054, D=60, M=1146640464083
Scheduled a DoS to fire after 355ms
Synch: Sending query: time=?;165
DOS THREAD: SEND DoS PACKET At :1146640464501 157
Received reply: time=;1146640464571;165
Synch Success: SAftr=1146640464663, SBfr=1146640464541, D=61, M=1146640464571
Scheduled a DoS to fire after 366ms
Synch: Sending query: time=?;166
Received reply: time=;1146640465060;166
Synch Success: SAftr=1146640465151, SBfr=1146640465030, D=60, M=1146640465060
Scheduled a DoS to fire after 378ms
Synch: Sending query: time=?;167
Received reply: time=;1146640465545;167
Synch Success: SAftr=1146640465638, SBfr=1146640465516, D=61, M=1146640465545
Scheduled a DoS to fire after 390ms
DOS THREAD: SEND DoS PACKET At :1146640465502 158
Synch: Sending query: time=?;168
Received reply: time=;1146640466039;168
Synch Success: SAftr=1146640466131, SBfr=1146640466010, D=60, M=1146640466039
Scheduled a DoS to fire after 397ms
Synch: Sending query: time=?;169
Received reply: time=;1146640466540;169
Synch Success: SAftr=1146640466632, SBfr=1146640466510, D=61, M=1146640466540
Scheduled a DoS to fire after 371ms
Synch: Sending query: time=?;170
Received reply: time=;1146640467056;170
Synch Success: SAftr=1146640467148, SBfr=1146640467026, D=61, M=1146640467056
Scheduled a DoS to fire after 381ms
DOS THREAD: SEND DoS PACKET At :1146640467003 159
Synch: Sending query: time=?;171
Received reply: time=;1146640467546;171
Synch Success: SAftr=1146640467638, SBfr=1146640467515, D=61, M=1146640467546
Scheduled a DoS to fire after 392ms
DOS THREAD: SEND DoS PACKET At :1146640467501 160
Synch: Sending query: time=?;172
Received reply: time=;1146640468032;172
Synch Success: SAftr=1146640468123, SBfr=1146640468002, D=60, M=1146640468032
Scheduled a DoS to fire after 406ms
DOS THREAD: SEND DoS PACKET At :1146640465002 161
Synch: Sending query: time=?;173
Received reply: time=;1146640468527;173
Synch Success: SAftr=1146640468619, SBfr=1146640468498, D=60, M=1146640468527
Scheduled a DoS to fire after 410ms
DOS THREAD: SEND DoS PACKET At :1146640468502 162
Synch: Sending query: time=?;174
Received reply: time=;1146640469014;174
Synch Success: SAftr=1146640469106, SBfr=1146640468984, D=61, M=1146640469014
Scheduled a DoS to fire after 419ms
DOS THREAD: SEND DoS PACKET At :1146640469002 163
DOS THREAD: SEND DoS PACKET At :1146640466002 164
Synch: Sending query: time=?;175
Received reply: time=;1146640469504;175
Synch Success: SAftr=1146640469596, SBfr=1146640469475, D=60, M=1146640469504
Scheduled a DoS to fire after 431ms
DOS THREAD: SEND DoS PACKET At :1146640469503 165
DOS THREAD: SEND DoS PACKET At :1146640466503 166
Synch: Sending query: time=?;176
Received reply: time=;1146640469994;176
Synch Success: SAftr=1146640470088, SBfr=1146640469964, D=62, M=1146640469994
Scheduled a DoS to fire after 428ms
DOS THREAD: SEND DoS PACKET At :1146640470002 167
Synch: Sending query: time=?;177
Received reply: time=;1146640470496;177
Synch Success: SAftr=1146640470588, SBfr=1146640470467, D=60, M=1146640470496
Scheduled a DoS to fire after 442ms
DOS THREAD: SEND DoS PACKET At :1146640470503 168
Synch: Sending query: time=?;178
Received reply: time=;1146640470984;178
Synch Success: SAftr=1146640471077, SBfr=1146640470955, D=61, M=1146640470984
Scheduled a DoS to fire after 448ms
DOS THREAD: SEND DoS PACKET At :1146640471003 169
DOS THREAD: SEND DoS PACKET At :1146640468006 170
Synch: Sending query: time=?;179
Received reply: time=;1146640471477;179
Synch Success: SAftr=1146640471571, SBfr=1146640471447, D=62, M=1146640471477
Scheduled a DoS to fire after 455ms
DOS THREAD: SEND DoS PACKET At :1146640471505 171
Synch: Sending query: time=?;180
Received reply: time=;1146640471969;180
Synch Success: SAftr=1146640472061, SBfr=1146640471939, D=61, M=1146640471969
Scheduled a DoS to fire after 450ms
DOS THREAD: SEND DoS PACKET At :1146640472003 172
Synch: Sending query: time=?;181
Received reply: time=;1146640472480;181
Synch Success: SAftr=1146640472572, SBfr=1146640472450, D=61, M=1146640472480
Scheduled a DoS to fire after 457ms
DOS THREAD: SEND DoS PACKET At :1146640472502 173
Synch: Sending query: time=?;182
Received reply: time=;1146640472968;182
Synch Success: SAftr=1146640473059, SBfr=1146640472938, D=60, M=1146640472968
Scheduled a DoS to fire after 467ms
DOS THREAD: SEND DoS PACKET At :1146640473004 174
Synch: Sending query: time=?;183
Received reply: time=;1146640473484;183
Synch Success: SAftr=1146640473576, SBfr=1146640473454, D=61, M=1146640473484
Scheduled a DoS to fire after 454ms
DOS THREAD: SEND DoS PACKET At :1146640473501 175
Synch: Sending query: time=?;184
Received reply: time=;1146640473977;184
Synch Success: SAftr=1146640474070, SBfr=1146640473948, D=61, M=1146640473977
Scheduled a DoS to fire after 449ms
DOS THREAD: SEND DoS PACKET At :1146640474003 176
Synch: Sending query: time=?;185
Received reply: time=;1146640474480;185
Synch Success: SAftr=1146640474572, SBfr=1146640474451, D=60, M=1146640474480
Scheduled a DoS to fire after 457ms
DOS THREAD: SEND DoS PACKET At :1146640474502 177
Synch: Sending query: time=?;186
Received reply: time=;1146640474969;186
Synch Success: SAftr=1146640475064, SBfr=1146640474939, D=62, M=1146640474969
Scheduled a DoS to fire after 428ms
DOS THREAD: SEND DoS PACKET At :1146640475005 178
Synch: Sending query: time=?;187
Received reply: time=;1146640475501;187
Synch Success: SAftr=1146640475594, SBfr=1146640475471, D=61, M=1146640475501
Scheduled a DoS to fire after 436ms
Synch: Sending query: time=?;188
Received reply: time=;1146640475989;188
Synch Success: SAftr=1146640476081, SBfr=1146640475959, D=61, M=1146640475989
Scheduled a DoS to fire after 412ms
DOS THREAD: SEND DoS PACKET At :1146640476008 179
Synch: Sending query: time=?;189
Received reply: time=;1146640476512;189
Synch Success: SAftr=1146640476605, SBfr=1146640476482, D=61, M=1146640476512
Scheduled a DoS to fire after 426ms
Synch: Sending query: time=?;190
Received reply: time=;1146640477027;190
Synch Success: SAftr=1146640477119, SBfr=1146640476998, D=60, M=1146640477027
Scheduled a DoS to fire after 412ms
DOS THREAD: SEND DoS PACKET At :1146640477002 180
Synch: Sending query: time=?;191
Received reply: time=;1146640477512;191
Synch Success: SAftr=1146640477604, SBfr=1146640477482, D=61, M=1146640477512
Scheduled a DoS to fire after 424ms
DOS THREAD: SEND DoS PACKET At :1146640477501 181
Synch: Sending query: time=?;192
Received reply: time=;1146640477999;192
Synch Success: SAftr=1146640478091, SBfr=1146640477969, D=61, M=1146640477999
Scheduled a DoS to fire after 439ms
Synch: Sending query: time=?;193
Received reply: time=;1146640478486;193
Synch Success: SAftr=1146640478579, SBfr=1146640478456, D=61, M=1146640478486
Scheduled a DoS to fire after 452ms
DOS THREAD: SEND DoS PACKET At :1146640475502 182
Synch: Sending query: time=?;194
Received reply: time=;1146640478973;194
Synch Success: SAftr=1146640479064, SBfr=1146640478943, D=60, M=1146640478973
Scheduled a DoS to fire after 465ms
DOS THREAD: SEND DoS PACKET At :1146640479001 183
Synch: Sending query: time=?;195
Received reply: time=;1146640479458;195
Synch Success: SAftr=1146640479549, SBfr=1146640479428, D=60, M=1146640479458
Scheduled a DoS to fire after 480ms
DOS THREAD: SEND DoS PACKET At :1146640476501 184
Synch: Sending query: time=?;196
DOS THREAD: SEND DoS PACKET At :1146640479501 185
Received reply: time=;1146640479947;196
Synch Success: SAftr=1146640480045, SBfr=1146640479917, D=64, M=1146640479947
Scheduled a DoS to fire after 486ms
Synch: Sending query: time=?;197
Received reply: time=;1146640480450;197
Synch Success: SAftr=1146640480543, SBfr=1146640480421, D=61, M=1146640480450
Scheduled a DoS to fire after 485ms
Synch: Sending query: time=?;198
Received reply: time=;1146640480941;198
Synch Success: SAftr=1146640481040, SBfr=1146640480912, D=64, M=1146640480941
Scheduled a DoS to fire after 416ms
DOS THREAD: SEND DoS PACKET At :1146640478002 186
DOS THREAD: SEND DoS PACKET At :1146640481008 187
Synch: Sending query: time=?;199
Received reply: time=;1146640481512;199
Synch Success: SAftr=1146640481605, SBfr=1146640481483, D=61, M=1146640481512
Scheduled a DoS to fire after 407ms
DOS THREAD: SEND DoS PACKET At :1146640478501 188
Synch: Sending query: time=?;200
Received reply: time=;1146640482018;200
Synch Success: SAftr=1146640482112, SBfr=1146640481988, D=62, M=1146640482018
Scheduled a DoS to fire after 403ms
Synch: Sending query: time=?;201
Received reply: time=;1146640482522;201
Synch Success: SAftr=1146640482614, SBfr=1146640482493, D=60, M=1146640482522
Scheduled a DoS to fire after 412ms
Synch: Sending query: time=?;202
Received reply: time=;1146640483014;202
Synch Success: SAftr=1146640483106, SBfr=1146640482984, D=61, M=1146640483014
Scheduled a DoS to fire after 406ms
DOS THREAD: SEND DoS PACKET At :1146640480001 189
Synch: Sending query: time=?;203
Received reply: time=;1146640483521;203
Synch Success: SAftr=1146640483613, SBfr=1146640483492, D=60, M=1146640483521
Scheduled a DoS to fire after 409ms
Synch: Sending query: time=?;204
Received reply: time=;1146640484017;204
Synch Success: SAftr=1146640484109, SBfr=1146640483987, D=61, M=1146640484017
Scheduled a DoS to fire after 399ms
DOS THREAD: SEND DoS PACKET At :1146640484003 189
Synch: Sending query: time=?;205
Received reply: time=;1146640484526;205
Synch Success: SAftr=1146640484618, SBfr=1146640484496, D=61, M=1146640484526
Scheduled a DoS to fire after 409ms
Synch: Sending query: time=?;206
DOS THREAD: SEND DoS PACKET At :1146640484501 190
Received reply: time=;1146640485014;206
Synch Success: SAftr=1146640485109, SBfr=1146640484985, D=62, M=1146640485014
Scheduled a DoS to fire after 369ms
DOS THREAD: SEND DoS PACKET At :1146640482006 191
DOS THREAD: SEND DoS PACKET At :1146640485008 191
Synch: Sending query: time=?;207
Received reply: time=;1146640485557;207
Synch Success: SAftr=1146640485649, SBfr=1146640485528, D=60, M=1146640485557
Scheduled a DoS to fire after 377ms
DOS THREAD: SEND DoS PACKET At :1146640482502 192
DOS THREAD: SEND DoS PACKET At :1146640485504 192
Synch: Sending query: time=?;208
Received reply: time=;1146640486048;208
Synch Success: SAftr=1146640486139, SBfr=1146640486018, D=60, M=1146640486048
Scheduled a DoS to fire after 390ms
Synch: Sending query: time=?;209
Received reply: time=;1146640486534;209
Synch Success: SAftr=1146640486626, SBfr=1146640486504, D=61, M=1146640486534
Scheduled a DoS to fire after 403ms
DOS THREAD: SEND DoS PACKET At :1146640486502 192
DOS THREAD: SEND DoS PACKET At :1146640483503 193
Synch: Sending query: time=?;210
Received reply: time=;1146640487020;210
Synch Success: SAftr=1146640487112, SBfr=1146640486990, D=61, M=1146640487020
Scheduled a DoS to fire after 415ms
Synch: Sending query: time=?;211
Received reply: time=;1146640487512;211
Synch Success: SAftr=1146640487603, SBfr=1146640487482, D=60, M=1146640487512
Scheduled a DoS to fire after 426ms
Synch: Sending query: time=?;212
DOS THREAD: SEND DoS PACKET At :1146640487501 193
Received reply: time=;1146640487997;212
Synch Success: SAftr=1146640488088, SBfr=1146640487967, D=60, M=1146640487997
Scheduled a DoS to fire after 441ms
Synch: Sending query: time=?;213
Received reply: time=;1146640488486;213
Synch Success: SAftr=1146640488578, SBfr=1146640488457, D=60, M=1146640488486
Scheduled a DoS to fire after 453ms
DOS THREAD: SEND DoS PACKET At :1146640488002 193
Synch: Sending query: time=?;214
Received reply: time=;1146640488973;214
Synch Success: SAftr=1146640489065, SBfr=1146640488944, D=60, M=1146640488973
Scheduled a DoS to fire after 466ms
DOS THREAD: SEND DoS PACKET At :1146640488501 194
Synch: Sending query: time=?;215
Received reply: time=;1146640489459;215
Synch Success: SAftr=1146640489550, SBfr=1146640489429, D=60, M=1146640489459
Scheduled a DoS to fire after 479ms
Synch: Sending query: time=?;216
Received reply: time=;1146640489944;216
Synch Success: SAftr=1146640490036, SBfr=1146640489914, D=61, M=1146640489944
Scheduled a DoS to fire after 493ms
DOS THREAD: SEND DoS PACKET At :1146640489501 194
DOS THREAD: SEND DoS PACKET At :1146640480501 195
Synch: Sending query: time=?;217
Received reply: time=;1146640490430;217
Synch Success: SAftr=1146640490522, SBfr=1146640490400, D=61, M=1146640490430
Scheduled a DoS to fire after 8ms
DOS THREAD: SEND DoS PACKET At :1146640490002 196
Synch: Sending query: time=?;218
Received reply: time=;1146640490916;218
Synch Success: SAftr=1146640491008, SBfr=1146640490886, D=61, M=1146640490916
Scheduled a DoS to fire after 20ms
DOS THREAD: SEND DoS PACKET At :1146640481501 197
Synch: Sending query: time=?;219
Received reply: time=;1146640491408;219
Synch Success: SAftr=1146640491500, SBfr=1146640491378, D=61, M=1146640491408
Scheduled a DoS to fire after 29ms
DOS THREAD: SEND DoS PACKET At :1146640491001 198
Synch: Sending query: time=?;220
Received reply: time=;1146640491896;220
Synch Success: SAftr=1146640491988, SBfr=1146640491867, D=60, M=1146640491896
Scheduled a DoS to fire after 40ms
DOS THREAD: SEND DoS PACKET At :1146640491501 198
Synch: Sending query: time=?;221
Received reply: time=;1146640492387;221
Synch Success: SAftr=1146640492478, SBfr=1146640492357, D=60, M=1146640492387
Scheduled a DoS to fire after 51ms
DOS THREAD: SEND DoS PACKET At :1146640492002 198
DOS THREAD: SEND DoS PACKET At :1146640489002 199
DOS THREAD: SEND DoS PACKET At :1146640483002 200
Synch: Sending query: time=?;222
Received reply: time=;1146640492872;222
Synch Success: SAftr=1146640492966, SBfr=1146640492843, D=61, M=1146640492872
Scheduled a DoS to fire after 63ms
DOS THREAD: SEND DoS PACKET At :1146640492504 201
Synch: Sending query: time=?;223
Received reply: time=;1146640493364;223
Synch Success: SAftr=1146640493455, SBfr=1146640493334, D=60, M=1146640493364
Scheduled a DoS to fire after 74ms
DOS THREAD: SEND DoS PACKET At :1146640493002 202
Synch: Sending query: time=?;224
Received reply: time=;1146640493849;224
Synch Success: SAftr=1146640493942, SBfr=1146640493819, D=61, M=1146640493849
Scheduled a DoS to fire after 89ms
DOS THREAD: SEND DoS PACKET At :1146640490501 203
Synch: Sending query: time=?;225
Received reply: time=;1146640494336;225
Synch Success: SAftr=1146640494428, SBfr=1146640494306, D=61, M=1146640494336
Scheduled a DoS to fire after 102ms
DOS THREAD: SEND DoS PACKET At :1146640494004 204
Synch: Sending query: time=?;226
Received reply: time=;1146640494987;226
Synch Success: SAftr=1146640495079, SBfr=1146640494957, D=61, M=1146640494987
Scheduled a DoS to fire after 450ms
DOS THREAD: SEND DoS PACKET At :1146640494501 205
Synch: Sending query: time=?;227
Received reply: time=;1146640495473;227
Synch Success: SAftr=1146640495565, SBfr=1146640495444, D=60, M=1146640495473
Scheduled a DoS to fire after 444ms
DOS THREAD: SEND DoS PACKET At :1146640486002 206
Synch: Sending query: time=?;228
Received reply: time=;1146640495983;228
Synch Success: SAftr=1146640496074, SBfr=1146640495953, D=60, M=1146640495983
Scheduled a DoS to fire after 455ms
DOS THREAD: SEND DoS PACKET At :1146640495501 207
Synch: Sending query: time=?;229
Received reply: time=;1146640496470;229
Synch Success: SAftr=1146640496563, SBfr=1146640496440, D=61, M=1146640496470
Scheduled a DoS to fire after 468ms
DOS THREAD: SEND DoS PACKET At :1146640487005 208
DOS THREAD: SEND DoS PACKET At :1146640496001 209
Synch: Sending query: time=?;230
Received reply: time=;1146640496958;230
Synch Success: SAftr=1146640497054, SBfr=1146640496928, D=63, M=1146640496958
Scheduled a DoS to fire after 471ms
DOS THREAD: SEND DoS PACKET At :1146640493501 210
DOS THREAD: SEND DoS PACKET At :1146640496502 211
Synch: Sending query: time=?;231
Received reply: time=;1146640497458;231
Synch Success: SAftr=1146640497556, SBfr=1146640497428, D=64, M=1146640497458
Scheduled a DoS to fire after 476ms
DOS THREAD: SEND DoS PACKET At :1146640497002 212
Synch: Sending query: time=?;232
Received reply: time=;1146640497952;232
Synch Success: SAftr=1146640498049, SBfr=1146640497922, D=63, M=1146640497952
Scheduled a DoS to fire after 481ms
DOS THREAD: SEND DoS PACKET At :1146640497502 213
Synch: Sending query: time=?;233
Received reply: time=;1146640498446;233
Synch Success: SAftr=1146640498540, SBfr=1146640498417, D=61, M=1146640498446
Scheduled a DoS to fire after 491ms
Synch: Sending query: time=?;234
Received reply: time=;1146640498934;234
Synch Success: SAftr=1146640499026, SBfr=1146640498904, D=61, M=1146640498934
Scheduled a DoS to fire after 493ms
DOS THREAD: SEND DoS PACKET At :1146640498501 214
Synch: Sending query: time=?;235
Received reply: time=;1146640499431;235
Synch Success: SAftr=1146640499523, SBfr=1146640499402, D=60, M=1146640499431
Scheduled a DoS to fire after 7ms
DOS THREAD: SEND DoS PACKET At :1146640499001 215
Synch: Sending query: time=?;236
Received reply: time=;1146640499920;236
Synch Success: SAftr=1146640500012, SBfr=1146640499890, D=61, M=1146640499920
Scheduled a DoS to fire after 1ms
Synch: Sending query: time=?;237
Received reply: time=;1146640500423;237
Synch Success: SAftr=1146640500515, SBfr=1146640500393, D=61, M=1146640500423
Scheduled a DoS to fire after 492ms
DOS THREAD: SEND DoS PACKET At :1146640500000 216
Synch: Sending query: time=?;238
Received reply: time=;1146640500939;238
Synch Success: SAftr=1146640501031, SBfr=1146640500909, D=61, M=1146640500939
Scheduled a DoS to fire after 497ms
Synch: Sending query: time=?;239
Received reply: time=;1146640501426;239
Synch Success: SAftr=1146640501517, SBfr=1146640501396, D=60, M=1146640501426
Scheduled a DoS to fire after 11ms
DOS THREAD: SEND DoS PACKET At :1146640501001 217
DOS THREAD: SEND DoS PACKET At :1146640498002 218
Synch: Sending query: time=?;240
Received reply: time=;1146640501913;240
Synch Success: SAftr=1146640502010, SBfr=1146640501883, D=63, M=1146640501913
Scheduled a DoS to fire after 17ms
DOS THREAD: SEND DoS PACKET At :1146640501500 219
Synch: Sending query: time=?;241
Received reply: time=;1146640502409;241
Synch Success: SAftr=1146640502500, SBfr=1146640502379, D=60, M=1146640502409
Scheduled a DoS to fire after 29ms
DOS THREAD: SEND DoS PACKET At :1146640502000 220
Synch: Sending query: time=?;242
Received reply: time=;1146640502894;242
Synch Success: SAftr=1146640502986, SBfr=1146640502865, D=60, M=1146640502894
Scheduled a DoS to fire after 44ms
DOS THREAD: SEND DoS PACKET At :1146640502503 221
DOS THREAD: SEND DoS PACKET At :1146640499506 222
Synch: Sending query: time=?;243
Received reply: time=;1146640503388;243
Synch Success: SAftr=1146640503480, SBfr=1146640503358, D=61, M=1146640503388
Scheduled a DoS to fire after 45ms
DOS THREAD: SEND DoS PACKET At :1146640503002 223
Synch: Sending query: time=?;244
Received reply: time=;1146640503880;244
Synch Success: SAftr=1146640503976, SBfr=1146640503851, D=62, M=1146640503880
Scheduled a DoS to fire after 56ms
DOS THREAD: SEND DoS PACKET At :1146640503502 224
Synch: Sending query: time=?;245
Received reply: time=;1146640504370;245
Synch Success: SAftr=1146640504461, SBfr=1146640504340, D=60, M=1146640504370
Scheduled a DoS to fire after 65ms
