Master Name = 128.208.1.139
Master Send Port = 20010
Slave Rcv Port = 20100
U = 200 milliseconds
k = 10
W = 500 milliseconds
Synch Frequency = 300 milliseconds
DoS Target Host Name = 24.17.85.236
DoS Target Port = 80
AttackLifetime = 5 minute(s)
Attack Mode = TCP
Synch: Sending query: time=?;1
Received reply: time=;1146640381783;1
Synch Success: SAftr=1146640381911, SBfr=1146640381743, D=84, M=1146640381783
Scheduled a DoS to fire after 131ms
DOS THREAD: SEND DoS PACKET At :1146640382003 1
Synch: Sending query: time=?;2
Received reply: time=;1146640382335;2
Synch Success: SAftr=1146640382450, SBfr=1146640382297, D=76, M=1146640382335
Scheduled a DoS to fire after 89ms
DOS THREAD: SEND DoS PACKET At :1146640382503 2
Synch: Sending query: time=?;3
Received reply: time=;1146640382867;3
Synch Success: SAftr=1146640382981, SBfr=1146640382828, D=76, M=1146640382867
Scheduled a DoS to fire after 56ms
DOS THREAD: SEND DoS PACKET At :1146640383001 3
Synch: Sending query: time=?;4
Received reply: time=;1146640383401;4
Synch Success: SAftr=1146640383516, SBfr=1146640383363, D=76, M=1146640383401
Scheduled a DoS to fire after 22ms
DOS THREAD: SEND DoS PACKET At :1146640383502 4
Synch: Sending query: time=?;5
Received reply: time=;1146640383933;5
Synch Success: SAftr=1146640384048, SBfr=1146640383895, D=76, M=1146640383933
Scheduled a DoS to fire after 490ms
DOS THREAD: SEND DoS PACKET At :1146640384004 5
Synch: Sending query: time=?;6
Received reply: time=;1146640384465;6
Synch Success: SAftr=1146640384579, SBfr=1146640384427, D=76, M=1146640384465
Scheduled a DoS to fire after 458ms
DOS THREAD: SEND DoS PACKET At :1146640384503 6
Synch: Sending query: time=?;7
Received reply: time=;1146640384995;7
Synch Success: SAftr=1146640385110, SBfr=1146640384957, D=76, M=1146640384995
Scheduled a DoS to fire after 429ms
DOS THREAD: SEND DoS PACKET At :1146640385001 7
Synch: Sending query: time=?;8
Received reply: time=;1146640385526;8
Synch Success: SAftr=1146640385643, SBfr=1146640385488, D=77, M=1146640385526
Scheduled a DoS to fire after 396ms
DOS THREAD: SEND DoS PACKET At :1146640385502 8
Synch: Sending query: time=?;9
Received reply: time=;1146640386063;9
Synch Success: SAftr=1146640386177, SBfr=1146640386025, D=76, M=1146640386063
Scheduled a DoS to fire after 356ms
DOS THREAD: SEND DoS PACKET At :1146640386012 9
Synch: Sending query: time=?;10
DOS THREAD: SEND DoS PACKET At :1146640386502 10
Received reply: time=;1146640386602;10
Synch Success: SAftr=1146640386718, SBfr=1146640386564, D=77, M=1146640386602
Scheduled a DoS to fire after 321ms
Synch: Sending query: time=?;11
Received reply: time=;1146640387134;11
Synch Success: SAftr=1146640387248, SBfr=1146640387096, D=76, M=1146640387134
Scheduled a DoS to fire after 289ms
Synch: Sending query: time=?;12
Received reply: time=;1146640387664;12
Synch Success: SAftr=1146640387778, SBfr=1146640387626, D=76, M=1146640387664
Scheduled a DoS to fire after 259ms
Synch: Sending query: time=?;13
DOS THREAD: SEND DoS PACKET At :1146640388001 11
Received reply: time=;1146640388197;13
Synch Success: SAftr=1146640388311, SBfr=1146640388159, D=76, M=1146640388197
Scheduled a DoS to fire after 226ms
DOS THREAD: SEND DoS PACKET At :1146640388503 12
Synch: Sending query: time=?;14
Received reply: time=;1146640388727;14
Synch Success: SAftr=1146640388842, SBfr=1146640388690, D=76, M=1146640388727
Scheduled a DoS to fire after 196ms
DOS THREAD: SEND DoS PACKET At :1146640389002 13
Synch: Sending query: time=?;15
Received reply: time=;1146640389260;15
Synch Success: SAftr=1146640389375, SBfr=1146640389223, D=76, M=1146640389260
Scheduled a DoS to fire after 163ms
DOS THREAD: SEND DoS PACKET At :1146640389502 14
Synch: Sending query: time=?;16
Received reply: time=;1146640389793;16
Synch Success: SAftr=1146640389907, SBfr=1146640389755, D=76, M=1146640389793
Scheduled a DoS to fire after 130ms
DOS THREAD: SEND DoS PACKET At :1146640387003 15
DOS THREAD: SEND DoS PACKET At :1146640390005 15
Synch: Sending query: time=?;17
Received reply: time=;1146640390326;17
Synch Success: SAftr=1146640390440, SBfr=1146640390287, D=76, M=1146640390326
Scheduled a DoS to fire after 97ms
DOS THREAD: SEND DoS PACKET At :1146640387501 16
DOS THREAD: SEND DoS PACKET At :1146640390501 17
Synch: Sending query: time=?;18
Received reply: time=;1146640390856;18
Synch Success: SAftr=1146640390971, SBfr=1146640390818, D=76, M=1146640390856
Scheduled a DoS to fire after 67ms
Synch: Sending query: time=?;19
Received reply: time=;1146640391387;19
Synch Success: SAftr=1146640391502, SBfr=1146640391349, D=76, M=1146640391387
Scheduled a DoS to fire after 36ms
DOS THREAD: SEND DoS PACKET At :1146640391502 18
Synch: Sending query: time=?;20
Received reply: time=;1146640391921;20
Synch Success: SAftr=1146640392036, SBfr=1146640391883, D=76, M=1146640391921
Scheduled a DoS to fire after 3ms
DOS THREAD: SEND DoS PACKET At :1146640392033 18
Synch: Sending query: time=?;21
Received reply: time=;1146640392453;21
Synch Success: SAftr=1146640392567, SBfr=1146640392414, D=76, M=1146640392453
Scheduled a DoS to fire after 471ms
Synch: Sending query: time=?;22
Received reply: time=;1146640392988;22
Synch Success: SAftr=1146640393103, SBfr=1146640392950, D=76, M=1146640392988
Scheduled a DoS to fire after 434ms
DOS THREAD: SEND DoS PACKET At :1146640393003 19
Synch: Sending query: time=?;23
Received reply: time=;1146640393520;23
Synch Success: SAftr=1146640393635, SBfr=1146640393483, D=76, M=1146640393520
Scheduled a DoS to fire after 404ms
DOS THREAD: SEND DoS PACKET At :1146640393501 20
Synch: Sending query: time=?;24
Received reply: time=;1146640394076;24
Synch Success: SAftr=1146640394209, SBfr=1146640394026, D=91, M=1146640394076
Scheduled a DoS to fire after 332ms
DOS THREAD: SEND DoS PACKET At :1146640394010 20
Synch: Sending query: time=?;25
DOS THREAD: SEND DoS PACKET At :1146640394505 20
Received reply: time=;1146640394626;25
Synch Success: SAftr=1146640394740, SBfr=1146640394588, D=76, M=1146640394626
Scheduled a DoS to fire after 297ms
Synch: Sending query: time=?;26
DOS THREAD: SEND DoS PACKET At :1146640395002 21
Received reply: time=;1146640395156;26
Synch Success: SAftr=1146640395272, SBfr=1146640395119, D=76, M=1146640395156
Scheduled a DoS to fire after 268ms
Synch: Sending query: time=?;27
DOS THREAD: SEND DoS PACKET At :1146640395502 22
Received reply: time=;1146640395687;27
Synch Success: SAftr=1146640395802, SBfr=1146640395649, D=76, M=1146640395687
Scheduled a DoS to fire after 236ms
Synch: Sending query: time=?;28
DOS THREAD: SEND DoS PACKET At :1146640396008 23
Received reply: time=;1146640396222;28
Synch Success: SAftr=1146640396343, SBfr=1146640396184, D=79, M=1146640396222
Scheduled a DoS to fire after 134ms
DOS THREAD: SEND DoS PACKET At :1146640396510 24
Synch: Sending query: time=?;29
Received reply: time=;1146640396832;29
Synch Success: SAftr=1146640396953, SBfr=1146640396795, D=79, M=1146640396832
Scheduled a DoS to fire after 88ms
DOS THREAD: SEND DoS PACKET At :1146640397002 25
Synch: Sending query: time=?;30
Received reply: time=;1146640397372;30
Synch Success: SAftr=1146640397487, SBfr=1146640397334, D=76, M=1146640397372
Scheduled a DoS to fire after 52ms
DOS THREAD: SEND DoS PACKET At :1146640397502 26
Synch: Sending query: time=?;31
Received reply: time=;1146640397914;31
Synch Success: SAftr=1146640398029, SBfr=1146640397876, D=76, M=1146640397914
Scheduled a DoS to fire after 10ms
DOS THREAD: SEND DoS PACKET At :1146640398035 27
Synch: Sending query: time=?;32
Received reply: time=;1146640398449;32
Synch Success: SAftr=1146640398563, SBfr=1146640398411, D=76, M=1146640398449
Scheduled a DoS to fire after 474ms
Synch: Sending query: time=?;33
Received reply: time=;1146640398981;33
Synch Success: SAftr=1146640399098, SBfr=1146640398943, D=77, M=1146640398981
Scheduled a DoS to fire after 435ms
DOS THREAD: SEND DoS PACKET At :1146640399002 28
Synch: Sending query: time=?;34
Received reply: time=;1146640399524;34
Synch Success: SAftr=1146640399639, SBfr=1146640399487, D=76, M=1146640399524
Scheduled a DoS to fire after 400ms
DOS THREAD: SEND DoS PACKET At :1146640399502 29
Synch: Sending query: time=?;35
DOS THREAD: SEND DoS PACKET At :1146640391007 30
Received reply: time=;1146640400055;35
Synch Success: SAftr=1146640400170, SBfr=1146640400017, D=76, M=1146640400055
Scheduled a DoS to fire after 369ms
DOS THREAD: SEND DoS PACKET At :1146640400002 31
Synch: Sending query: time=?;36
DOS THREAD: SEND DoS PACKET At :1146640400502 32
Received reply: time=;1146640400590;36
Synch Success: SAftr=1146640400705, SBfr=1146640400552, D=76, M=1146640400590
Scheduled a DoS to fire after 334ms
Synch: Sending query: time=?;37
DOS THREAD: SEND DoS PACKET At :1146640401012 33
Received reply: time=;1146640401120;37
Synch Success: SAftr=1146640401238, SBfr=1146640401082, D=78, M=1146640401120
Scheduled a DoS to fire after 250ms
DOS THREAD: SEND DoS PACKET At :1146640401502 34
Synch: Sending query: time=?;38
Received reply: time=;1146640401721;38
Synch Success: SAftr=1146640401838, SBfr=1146640401684, D=77, M=1146640401721
Scheduled a DoS to fire after 191ms
DOS THREAD: SEND DoS PACKET At :1146640402002 35
Synch: Sending query: time=?;39
Received reply: time=;1146640402267;39
Synch Success: SAftr=1146640402389, SBfr=1146640402230, D=79, M=1146640402267
Scheduled a DoS to fire after 150ms
Synch: Sending query: time=?;40
Received reply: time=;1146640402816;40
Synch Success: SAftr=1146640402931, SBfr=1146640402779, D=76, M=1146640402816
Scheduled a DoS to fire after 107ms
DOS THREAD: SEND DoS PACKET At :1146640403001 35
Synch: Sending query: time=?;41
Received reply: time=;1146640403361;41
Synch Success: SAftr=1146640403479, SBfr=1146640403323, D=78, M=1146640403361
Scheduled a DoS to fire after 61ms
DOS THREAD: SEND DoS PACKET At :1146640403502 36
Synch: Sending query: time=?;42
Received reply: time=;1146640403899;42
Synch Success: SAftr=1146640404014, SBfr=1146640403861, D=76, M=1146640403899
Scheduled a DoS to fire after 25ms
DOS THREAD: SEND DoS PACKET At :1146640404001 37
Synch: Sending query: time=?;43
Received reply: time=;1146640404432;43
Synch Success: SAftr=1146640404546, SBfr=1146640404394, D=76, M=1146640404432
Scheduled a DoS to fire after 492ms
DOS THREAD: SEND DoS PACKET At :1146640404502 38
Synch: Sending query: time=?;44
Received reply: time=;1146640404963;44
Synch Success: SAftr=1146640405078, SBfr=1146640404926, D=76, M=1146640404963
Scheduled a DoS to fire after 461ms
DOS THREAD: SEND DoS PACKET At :1146640405002 39
Synch: Sending query: time=?;45
Received reply: time=;1146640405493;45
Synch Success: SAftr=1146640405607, SBfr=1146640405455, D=76, M=1146640405493
Scheduled a DoS to fire after 430ms
DOS THREAD: SEND DoS PACKET At :1146640402504 40
DOS THREAD: SEND DoS PACKET At :1146640405501 41
Synch: Sending query: time=?;46
Received reply: time=;1146640406024;46
Synch Success: SAftr=1146640406139, SBfr=1146640405986, D=76, M=1146640406024
Scheduled a DoS to fire after 400ms
DOS THREAD: SEND DoS PACKET At :1146640406001 42
Synch: Sending query: time=?;47
Received reply: time=;1146640406554;47
Synch Success: SAftr=1146640406669, SBfr=1146640406516, D=76, M=1146640406554
Scheduled a DoS to fire after 370ms
DOS THREAD: SEND DoS PACKET At :1146640406501 43
Synch: Sending query: time=?;48
DOS THREAD: SEND DoS PACKET At :1146640407002 44
Received reply: time=;1146640407096;48
Synch Success: SAftr=1146640407212, SBfr=1146640407059, D=76, M=1146640407096
Scheduled a DoS to fire after 319ms
Synch: Sending query: time=?;49
DOS THREAD: SEND DoS PACKET At :1146640407501 45
Received reply: time=;1146640407637;49
Synch Success: SAftr=1146640407752, SBfr=1146640407600, D=76, M=1146640407637
Scheduled a DoS to fire after 287ms
Synch: Sending query: time=?;50
DOS THREAD: SEND DoS PACKET At :1146640408011 46
Received reply: time=;1146640408175;50
Synch Success: SAftr=1146640408290, SBfr=1146640408138, D=76, M=1146640408175
Scheduled a DoS to fire after 249ms
Synch: Sending query: time=?;51
Received reply: time=;1146640408706;51
Synch Success: SAftr=1146640408821, SBfr=1146640408668, D=76, M=1146640408706
Scheduled a DoS to fire after 218ms
Synch: Sending query: time=?;52
Received reply: time=;1146640409236;52
Synch Success: SAftr=1146640409351, SBfr=1146640409198, D=76, M=1146640409236
Scheduled a DoS to fire after 188ms
Synch: Sending query: time=?;53
Received reply: time=;1146640409766;53
Synch Success: SAftr=1146640409882, SBfr=1146640409728, D=77, M=1146640409766
Scheduled a DoS to fire after 156ms
DOS THREAD: SEND DoS PACKET At :1146640410003 47
Synch: Sending query: time=?;54
Received reply: time=;1146640410298;54
Synch Success: SAftr=1146640410413, SBfr=1146640410260, D=76, M=1146640410298
Scheduled a DoS to fire after 125ms
DOS THREAD: SEND DoS PACKET At :1146640410501 48
Synch: Sending query: time=?;55
Received reply: time=;1146640410829;55
Synch Success: SAftr=1146640410944, SBfr=1146640410791, D=76, M=1146640410829
Scheduled a DoS to fire after 94ms
DOS THREAD: SEND DoS PACKET At :1146640411004 49
Synch: Sending query: time=?;56
Received reply: time=;1146640411360;56
Synch Success: SAftr=1146640411480, SBfr=1146640411322, D=79, M=1146640411360
Scheduled a DoS to fire after 60ms
DOS THREAD: SEND DoS PACKET At :1146640411501 50
DOS THREAD: SEND DoS PACKET At :1146640408512 51
Synch: Sending query: time=?;57
Received reply: time=;1146640411911;57
Synch Success: SAftr=1146640412027, SBfr=1146640411873, D=77, M=1146640411911
Scheduled a DoS to fire after 10ms
DOS THREAD: SEND DoS PACKET At :1146640412002 52
DOS THREAD: SEND DoS PACKET At :1146640409002 53
Synch: Sending query: time=?;58
Received reply: time=;1146640412445;58
Synch Success: SAftr=1146640412560, SBfr=1146640412407, D=76, M=1146640412445
Scheduled a DoS to fire after 478ms
Synch: Sending query: time=?;59
Received reply: time=;1146640412976;59
Synch Success: SAftr=1146640413091, SBfr=1146640412938, D=76, M=1146640412976
Scheduled a DoS to fire after 432ms
Synch: Sending query: time=?;60
Received reply: time=;1146640413522;60
Synch Success: SAftr=1146640413636, SBfr=1146640413484, D=76, M=1146640413522
Scheduled a DoS to fire after 401ms
DOS THREAD: SEND DoS PACKET At :1146640413501 54
Synch: Sending query: time=?;61
Received reply: time=;1146640414053;61
Synch Success: SAftr=1146640414169, SBfr=1146640414016, D=76, M=1146640414053
Scheduled a DoS to fire after 370ms
DOS THREAD: SEND DoS PACKET At :1146640414001 55
Synch: Sending query: time=?;62
DOS THREAD: SEND DoS PACKET At :1146640414502 56
Received reply: time=;1146640414586;62
Synch Success: SAftr=1146640414700, SBfr=1146640414548, D=76, M=1146640414586
Scheduled a DoS to fire after 338ms
Synch: Sending query: time=?;63
DOS THREAD: SEND DoS PACKET At :1146640415004 57
Received reply: time=;1146640415116;63
Synch Success: SAftr=1146640415230, SBfr=1146640415078, D=76, M=1146640415116
Scheduled a DoS to fire after 307ms
Synch: Sending query: time=?;64
DOS THREAD: SEND DoS PACKET At :1146640415501 58
Received reply: time=;1146640415646;64
Synch Success: SAftr=1146640415760, SBfr=1146640415608, D=76, M=1146640415646
Scheduled a DoS to fire after 277ms
DOS THREAD: SEND DoS PACKET At :1146640413001 59
Synch: Sending query: time=?;65
DOS THREAD: SEND DoS PACKET At :1146640416003 60
Received reply: time=;1146640416175;65
Synch Success: SAftr=1146640416290, SBfr=1146640416138, D=76, M=1146640416175
Scheduled a DoS to fire after 248ms
DOS THREAD: SEND DoS PACKET At :1146640416501 61
Synch: Sending query: time=?;66
Received reply: time=;1146640416707;66
Synch Success: SAftr=1146640416824, SBfr=1146640416669, D=77, M=1146640416707
Scheduled a DoS to fire after 215ms
DOS THREAD: SEND DoS PACKET At :1146640417002 62
Synch: Sending query: time=?;67
Received reply: time=;1146640417244;67
Synch Success: SAftr=1146640417359, SBfr=1146640417207, D=76, M=1146640417244
Scheduled a DoS to fire after 180ms
DOS THREAD: SEND DoS PACKET At :1146640417502 63
Synch: Sending query: time=?;68
Received reply: time=;1146640417775;68
Synch Success: SAftr=1146640417889, SBfr=1146640417737, D=76, M=1146640417775
Scheduled a DoS to fire after 148ms
Synch: Sending query: time=?;69
Received reply: time=;1146640418312;69
Synch Success: SAftr=1146640418427, SBfr=1146640418273, D=77, M=1146640418312
Scheduled a DoS to fire after 110ms
DOS THREAD: SEND DoS PACKET At :1146640409502 64
Synch: Sending query: time=?;70
Received reply: time=;1146640418842;70
Synch Success: SAftr=1146640418957, SBfr=1146640418805, D=76, M=1146640418842
Scheduled a DoS to fire after 81ms
DOS THREAD: SEND DoS PACKET At :1146640419002 65
Synch: Sending query: time=?;71
Received reply: time=;1146640419383;71
Synch Success: SAftr=1146640419498, SBfr=1146640419345, D=76, M=1146640419383
Scheduled a DoS to fire after 40ms
DOS THREAD: SEND DoS PACKET At :1146640419508 66
Synch: Sending query: time=?;72
Received reply: time=;1146640419914;72
Synch Success: SAftr=1146640420029, SBfr=1146640419876, D=76, M=1146640419914
Scheduled a DoS to fire after 9ms
Synch: Sending query: time=?;73
Received reply: time=;1146640420446;73
Synch Success: SAftr=1146640420561, SBfr=1146640420408, D=76, M=1146640420446
Scheduled a DoS to fire after 478ms
Synch: Sending query: time=?;74
Received reply: time=;1146640420977;74
Synch Success: SAftr=1146640421104, SBfr=1146640420939, D=82, M=1146640420977
Scheduled a DoS to fire after 433ms
DOS THREAD: SEND DoS PACKET At :1146640418002 67
DOS THREAD: SEND DoS PACKET At :1146640421002 68
Synch: Sending query: time=?;75
DOS THREAD: SEND DoS PACKET At :1146640418501 69
DOS THREAD: SEND DoS PACKET At :1146640412504 70
Received reply: time=;1146640421528;75
Synch Success: SAftr=1146640421643, SBfr=1146640421490, D=76, M=1146640421528
Scheduled a DoS to fire after 395ms
DOS THREAD: SEND DoS PACKET At :1146640421502 71
Synch: Sending query: time=?;76
DOS THREAD: SEND DoS PACKET At :1146640422002 72
Received reply: time=;1146640422061;76
Synch Success: SAftr=1146640422179, SBfr=1146640422021, D=79, M=1146640422061
Scheduled a DoS to fire after 355ms
Synch: Sending query: time=?;77
Received reply: time=;1146640422599;77
Synch Success: SAftr=1146640422714, SBfr=1146640422562, D=76, M=1146640422599
Scheduled a DoS to fire after 324ms
DOS THREAD: SEND DoS PACKET At :1146640420005 73
Synch: Sending query: time=?;78
DOS THREAD: SEND DoS PACKET At :1146640423009 74
Received reply: time=;1146640423142;78
Synch Success: SAftr=1146640423261, SBfr=1146640423105, D=78, M=1146640423142
Scheduled a DoS to fire after 279ms
Synch: Sending query: time=?;79
DOS THREAD: SEND DoS PACKET At :1146640423501 75
Received reply: time=;1146640423679;79
Synch Success: SAftr=1146640423799, SBfr=1146640423639, D=80, M=1146640423679
Scheduled a DoS to fire after 231ms
DOS THREAD: SEND DoS PACKET At :1146640424001 76
Synch: Sending query: time=?;80
Received reply: time=;1146640424259;80
Synch Success: SAftr=1146640424373, SBfr=1146640424220, D=76, M=1146640424259
Scheduled a DoS to fire after 164ms
DOS THREAD: SEND DoS PACKET At :1146640424502 77
Synch: Sending query: time=?;81
Received reply: time=;1146640424792;81
Synch Success: SAftr=1146640424907, SBfr=1146640424755, D=76, M=1146640424792
Scheduled a DoS to fire after 132ms
DOS THREAD: SEND DoS PACKET At :1146640425017 78
Synch: Sending query: time=?;82
Received reply: time=;1146640425322;82
Synch Success: SAftr=1146640425437, SBfr=1146640425284, D=76, M=1146640425322
Scheduled a DoS to fire after 102ms
Synch: Sending query: time=?;83
Received reply: time=;1146640425854;83
Synch Success: SAftr=1146640425968, SBfr=1146640425816, D=76, M=1146640425854
Scheduled a DoS to fire after 68ms
DOS THREAD: SEND DoS PACKET At :1146640426004 79
Synch: Sending query: time=?;84
Received reply: time=;1146640426386;84
Synch Success: SAftr=1146640426500, SBfr=1146640426348, D=76, M=1146640426386
Scheduled a DoS to fire after 37ms
DOS THREAD: SEND DoS PACKET At :1146640426502 80
Synch: Sending query: time=?;85
Received reply: time=;1146640426918;85
Synch Success: SAftr=1146640427038, SBfr=1146640426880, D=79, M=1146640426918
Scheduled a DoS to fire after 2ms
DOS THREAD: SEND DoS PACKET At :1146640427001 81
Synch: Sending query: time=?;86
Received reply: time=;1146640427455;86
Synch Success: SAftr=1146640427570, SBfr=1146640427416, D=77, M=1146640427455
Scheduled a DoS to fire after 468ms
DOS THREAD: SEND DoS PACKET At :1146640427503 82
Synch: Sending query: time=?;87
Received reply: time=;1146640427986;87
Synch Success: SAftr=1146640428101, SBfr=1146640427948, D=76, M=1146640427986
Scheduled a DoS to fire after 437ms
DOS THREAD: SEND DoS PACKET At :1146640428007 83
Synch: Sending query: time=?;88
DOS THREAD: SEND DoS PACKET At :1146640425502 84
Received reply: time=;1146640428516;88
Synch Success: SAftr=1146640428630, SBfr=1146640428478, D=76, M=1146640428516
Scheduled a DoS to fire after 407ms
DOS THREAD: SEND DoS PACKET At :1146640428502 85
Synch: Sending query: time=?;89
DOS THREAD: SEND DoS PACKET At :1146640429004 86
Received reply: time=;1146640429048;89
Synch Success: SAftr=1146640429163, SBfr=1146640429011, D=76, M=1146640429048
Scheduled a DoS to fire after 375ms
Synch: Sending query: time=?;90
DOS THREAD: SEND DoS PACKET At :1146640429504 87
Received reply: time=;1146640429580;90
Synch Success: SAftr=1146640429697, SBfr=1146640429543, D=77, M=1146640429580
Scheduled a DoS to fire after 338ms
Synch: Sending query: time=?;91
DOS THREAD: SEND DoS PACKET At :1146640430004 88
Received reply: time=;1146640430128;91
Synch Success: SAftr=1146640430242, SBfr=1146640430090, D=76, M=1146640430128
Scheduled a DoS to fire after 295ms
Synch: Sending query: time=?;92
DOS THREAD: SEND DoS PACKET At :1146640430502 89
Received reply: time=;1146640430659;92
Synch Success: SAftr=1146640430773, SBfr=1146640430621, D=76, M=1146640430659
Scheduled a DoS to fire after 264ms
Synch: Sending query: time=?;93
Received reply: time=;1146640431189;93
Synch Success: SAftr=1146640431304, SBfr=1146640431151, D=76, M=1146640431189
Scheduled a DoS to fire after 234ms
DOS THREAD: SEND DoS PACKET At :1146640422502 90
Synch: Sending query: time=?;94
Received reply: time=;1146640431721;94
Synch Success: SAftr=1146640431836, SBfr=1146640431684, D=76, M=1146640431721
Scheduled a DoS to fire after 202ms
DOS THREAD: SEND DoS PACKET At :1146640432002 91
Synch: Sending query: time=?;95
Received reply: time=;1146640432253;95
Synch Success: SAftr=1146640432373, SBfr=1146640432214, D=79, M=1146640432253
Scheduled a DoS to fire after 165ms
DOS THREAD: SEND DoS PACKET At :1146640432505 92
Synch: Sending query: time=?;96
Received reply: time=;1146640432791;96
Synch Success: SAftr=1146640432905, SBfr=1146640432753, D=76, M=1146640432791
Scheduled a DoS to fire after 132ms
DOS THREAD: SEND DoS PACKET At :1146640433001 93
Synch: Sending query: time=?;97
Received reply: time=;1146640433321;97
Synch Success: SAftr=1146640433435, SBfr=1146640433283, D=76, M=1146640433321
Scheduled a DoS to fire after 103ms
Synch: Sending query: time=?;98
Received reply: time=;1146640433850;98
Synch Success: SAftr=1146640433966, SBfr=1146640433812, D=77, M=1146640433850
Scheduled a DoS to fire after 72ms
DOS THREAD: SEND DoS PACKET At :1146640431002 94
Synch: Sending query: time=?;99
Received reply: time=;1146640434382;99
Synch Success: SAftr=1146640434496, SBfr=1146640434344, D=76, M=1146640434382
Scheduled a DoS to fire after 41ms
DOS THREAD: SEND DoS PACKET At :1146640431502 95
Synch: Sending query: time=?;100
Received reply: time=;1146640434915;100
Synch Success: SAftr=1146640435030, SBfr=1146640434878, D=76, M=1146640434915
Scheduled a DoS to fire after 9ms
Synch: Sending query: time=?;101
Received reply: time=;1146640435445;101
Synch Success: SAftr=1146640435561, SBfr=1146640435407, D=77, M=1146640435445
Scheduled a DoS to fire after 477ms
Synch: Sending query: time=?;102
Received reply: time=;1146640435982;102
Synch Success: SAftr=1146640436097, SBfr=1146640435945, D=76, M=1146640435982
Scheduled a DoS to fire after 437ms
DOS THREAD: SEND DoS PACKET At :1146640436001 96
Synch: Sending query: time=?;103
Received reply: time=;1146640436518;103
Synch Success: SAftr=1146640436632, SBfr=1146640436480, D=76, M=1146640436518
Scheduled a DoS to fire after 405ms
DOS THREAD: SEND DoS PACKET At :1146640436501 97
DOS THREAD: SEND DoS PACKET At :1146640433501 98
Synch: Sending query: time=?;104
Received reply: time=;1146640437050;104
Synch Success: SAftr=1146640437164, SBfr=1146640437011, D=76, M=1146640437050
Scheduled a DoS to fire after 373ms
DOS THREAD: SEND DoS PACKET At :1146640437001 99
Synch: Sending query: time=?;105
Received reply: time=;1146640437580;105
Synch Success: SAftr=1146640437695, SBfr=1146640437542, D=76, M=1146640437580
Scheduled a DoS to fire after 344ms
Synch: Sending query: time=?;106
DOS THREAD: SEND DoS PACKET At :1146640435004 100
DOS THREAD: SEND DoS PACKET At :1146640438020 101
Received reply: time=;1146640438117;106
Synch Success: SAftr=1146640438231, SBfr=1146640438079, D=76, M=1146640438117
Scheduled a DoS to fire after 306ms
Synch: Sending query: time=?;107
Received reply: time=;1146640438654;107
Synch Success: SAftr=1146640438776, SBfr=1146640438616, D=80, M=1146640438654
Scheduled a DoS to fire after 266ms
Synch: Sending query: time=?;108
DOS THREAD: SEND DoS PACKET At :1146640439002 102
Received reply: time=;1146640439192;108
Synch Success: SAftr=1146640439308, SBfr=1146640439154, D=77, M=1146640439192
Scheduled a DoS to fire after 230ms
Synch: Sending query: time=?;109
Received reply: time=;1146640439724;109
Synch Success: SAftr=1146640439838, SBfr=1146640439686, D=76, M=1146640439724
Scheduled a DoS to fire after 199ms
DOS THREAD: SEND DoS PACKET At :1146640440005 103
Synch: Sending query: time=?;110
Received reply: time=;1146640440254;110
Synch Success: SAftr=1146640440368, SBfr=1146640440216, D=76, M=1146640440254
Scheduled a DoS to fire after 169ms
DOS THREAD: SEND DoS PACKET At :1146640440501 104
Synch: Sending query: time=?;111
Received reply: time=;1146640440790;111
Synch Success: SAftr=1146640440904, SBfr=1146640440752, D=76, M=1146640440790
Scheduled a DoS to fire after 133ms
DOS THREAD: SEND DoS PACKET At :1146640441001 105
Synch: Sending query: time=?;112
Received reply: time=;1146640441321;112
Synch Success: SAftr=1146640441439, SBfr=1146640441283, D=78, M=1146640441321
Scheduled a DoS to fire after 101ms
DOS THREAD: SEND DoS PACKET At :1146640441502 106
DOS THREAD: SEND DoS PACKET At :1146640438501 107
Synch: Sending query: time=?;113
Received reply: time=;1146640441855;113
Synch Success: SAftr=1146640441969, SBfr=1146640441817, D=76, M=1146640441855
Scheduled a DoS to fire after 68ms
Synch: Sending query: time=?;114
Received reply: time=;1146640442389;114
Synch Success: SAftr=1146640442503, SBfr=1146640442351, D=76, M=1146640442389
Scheduled a DoS to fire after 34ms
DOS THREAD: SEND DoS PACKET At :1146640442502 108
DOS THREAD: SEND DoS PACKET At :1146640439501 109
Synch: Sending query: time=?;115
Received reply: time=;1146640442932;115
Synch Success: SAftr=1146640443047, SBfr=1146640442893, D=77, M=1146640442932
Scheduled a DoS to fire after 490ms
DOS THREAD: SEND DoS PACKET At :1146640443004 110
DOS THREAD: SEND DoS PACKET At :1146640434004 111
Synch: Sending query: time=?;116
Received reply: time=;1146640443466;116
Synch Success: SAftr=1146640443580, SBfr=1146640443428, D=76, M=1146640443466
Scheduled a DoS to fire after 457ms
DOS THREAD: SEND DoS PACKET At :1146640443501 112
DOS THREAD: SEND DoS PACKET At :1146640434501 113
Synch: Sending query: time=?;117
Received reply: time=;1146640444002;117
Synch Success: SAftr=1146640444116, SBfr=1146640443964, D=76, M=1146640444002
Scheduled a DoS to fire after 421ms
Synch: Sending query: time=?;118
Received reply: time=;1146640444532;118
Synch Success: SAftr=1146640444651, SBfr=1146640444494, D=78, M=1146640444532
Scheduled a DoS to fire after 383ms
DOS THREAD: SEND DoS PACKET At :1146640444501 114
Synch: Sending query: time=?;119
DOS THREAD: SEND DoS PACKET At :1146640442001 115
DOS THREAD: SEND DoS PACKET At :1146640445007 116
Received reply: time=;1146640445077;119
Synch Success: SAftr=1146640445195, SBfr=1146640445039, D=78, M=1146640445077
Scheduled a DoS to fire after 344ms
Synch: Sending query: time=?;120
DOS THREAD: SEND DoS PACKET At :1146640445504 117
Received reply: time=;1146640445611;120
Synch Success: SAftr=1146640445725, SBfr=1146640445573, D=76, M=1146640445611
Scheduled a DoS to fire after 313ms
Synch: Sending query: time=?;121
Received reply: time=;1146640446144;121
Synch Success: SAftr=1146640446259, SBfr=1146640446107, D=76, M=1146640446144
Scheduled a DoS to fire after 280ms
Synch: Sending query: time=?;122
DOS THREAD: SEND DoS PACKET At :1146640446502 118
DOS THREAD: SEND DoS PACKET At :1146640437501 119
Received reply: time=;1146640446675;122
Synch Success: SAftr=1146640446789, SBfr=1146640446637, D=76, M=1146640446675
Scheduled a DoS to fire after 247ms
DOS THREAD: SEND DoS PACKET At :1146640444003 120
DOS THREAD: SEND DoS PACKET At :1146640447004 121
Synch: Sending query: time=?;123
Received reply: time=;1146640447213;123
Synch Success: SAftr=1146640447327, SBfr=1146640447175, D=76, M=1146640447213
Scheduled a DoS to fire after 211ms
DOS THREAD: SEND DoS PACKET At :1146640447501 122
Synch: Sending query: time=?;124
Received reply: time=;1146640447744;124
Synch Success: SAftr=1146640447859, SBfr=1146640447705, D=77, M=1146640447744
Scheduled a DoS to fire after 178ms
DOS THREAD: SEND DoS PACKET At :1146640448002 123
Synch: Sending query: time=?;125
Received reply: time=;1146640448280;125
Synch Success: SAftr=1146640448395, SBfr=1146640448243, D=76, M=1146640448280
Scheduled a DoS to fire after 144ms
DOS THREAD: SEND DoS PACKET At :1146640448502 124
Synch: Sending query: time=?;126
Received reply: time=;1146640448811;126
Synch Success: SAftr=1146640449003, SBfr=1146640448773, D=115, M=1146640448811
Scheduled a DoS to fire after 69ms
DOS THREAD: SEND DoS PACKET At :1146640446002 125
DOS THREAD: SEND DoS PACKET At :1146640449001 126
Synch: Sending query: time=?;127
Received reply: time=;1146640449423;127
Synch Success: SAftr=1146640449537, SBfr=1146640449386, D=75, M=1146640449423
Scheduled a DoS to fire after 1ms
DOS THREAD: SEND DoS PACKET At :1146640449501 127
Synch: Sending query: time=?;128
Received reply: time=;1146640449954;128
Synch Success: SAftr=1146640450075, SBfr=1146640449916, D=79, M=1146640449954
Scheduled a DoS to fire after 465ms
Synch: Sending query: time=?;129
Received reply: time=;1146640450492;129
Synch Success: SAftr=1146640450606, SBfr=1146640450455, D=75, M=1146640450492
Scheduled a DoS to fire after 432ms
DOS THREAD: SEND DoS PACKET At :1146640450502 128
Synch: Sending query: time=?;130
Received reply: time=;1146640451023;130
Synch Success: SAftr=1146640451137, SBfr=1146640450985, D=76, M=1146640451023
Scheduled a DoS to fire after 400ms
DOS THREAD: SEND DoS PACKET At :1146640451002 129
Synch: Sending query: time=?;131
Received reply: time=;1146640451553;131
DOS THREAD: SEND DoS PACKET At :1146640451501 130
Synch Success: SAftr=1146640451667, SBfr=1146640451515, D=76, M=1146640451553
Scheduled a DoS to fire after 370ms
Synch: Sending query: time=?;132
Received reply: time=;1146640452090;132
Synch Success: SAftr=1146640452205, SBfr=1146640452052, D=76, M=1146640452090
Scheduled a DoS to fire after 334ms
Synch: Sending query: time=?;133
DOS THREAD: SEND DoS PACKET At :1146640452503 131
Received reply: time=;1146640452632;133
Synch Success: SAftr=1146640452753, SBfr=1146640452595, D=79, M=1146640452632
Scheduled a DoS to fire after 289ms
Synch: Sending query: time=?;134
DOS THREAD: SEND DoS PACKET At :1146640450003 132
DOS THREAD: SEND DoS PACKET At :1146640453002 133
Received reply: time=;1146640453172;134
Synch Success: SAftr=1146640453286, SBfr=1146640453134, D=76, M=1146640453172
Scheduled a DoS to fire after 251ms
Synch: Sending query: time=?;135
DOS THREAD: SEND DoS PACKET At :1146640453501 134
Received reply: time=;1146640453707;135
Synch Success: SAftr=1146640453821, SBfr=1146640453669, D=76, M=1146640453707
Scheduled a DoS to fire after 216ms
Synch: Sending query: time=?;136
Received reply: time=;1146640454237;136
Synch Success: SAftr=1146640454353, SBfr=1146640454199, D=77, M=1146640454237
Scheduled a DoS to fire after 185ms
DOS THREAD: SEND DoS PACKET At :1146640454502 135
Synch: Sending query: time=?;137
Received reply: time=;1146640454770;137
Synch Success: SAftr=1146640454884, SBfr=1146640454733, D=75, M=1146640454770
Scheduled a DoS to fire after 154ms
DOS THREAD: SEND DoS PACKET At :1146640452002 136
DOS THREAD: SEND DoS PACKET At :1146640455002 137
Synch: Sending query: time=?;138
Received reply: time=;1146640455300;138
Synch Success: SAftr=1146640455414, SBfr=1146640455262, D=76, M=1146640455300
Scheduled a DoS to fire after 123ms
Synch: Sending query: time=?;139
Received reply: time=;1146640455831;139
Synch Success: SAftr=1146640455945, SBfr=1146640455793, D=76, M=1146640455831
Scheduled a DoS to fire after 91ms
Synch: Sending query: time=?;140
Received reply: time=;1146640456371;140
Synch Success: SAftr=1146640456485, SBfr=1146640456333, D=76, M=1146640456371
Scheduled a DoS to fire after 52ms
DOS THREAD: SEND DoS PACKET At :1146640456518 138
Synch: Sending query: time=?;141
Received reply: time=;1146640456908;141
Synch Success: SAftr=1146640457023, SBfr=1146640456871, D=76, M=1146640456908
Scheduled a DoS to fire after 15ms
DOS THREAD: SEND DoS PACKET At :1146640454002 139
DOS THREAD: SEND DoS PACKET At :1146640457002 140
Synch: Sending query: time=?;142
Received reply: time=;1146640457440;142
Synch Success: SAftr=1146640457554, SBfr=1146640457402, D=76, M=1146640457440
Scheduled a DoS to fire after 483ms
DOS THREAD: SEND DoS PACKET At :1146640457511 141
Synch: Sending query: time=?;143
Received reply: time=;1146640457974;143
Synch Success: SAftr=1146640458120, SBfr=1146640457936, D=92, M=1146640457974
Scheduled a DoS to fire after 434ms
Synch: Sending query: time=?;144
Received reply: time=;1146640458537;144
Synch Success: SAftr=1146640458653, SBfr=1146640458500, D=76, M=1146640458537
Scheduled a DoS to fire after 386ms
DOS THREAD: SEND DoS PACKET At :1146640455507 142
DOS THREAD: SEND DoS PACKET At :1146640458504 143
Synch: Sending query: time=?;145
DOS THREAD: SEND DoS PACKET At :1146640456007 144
DOS THREAD: SEND DoS PACKET At :1146640459002 145
Received reply: time=;1146640459068;145
Synch Success: SAftr=1146640459182, SBfr=1146640459030, D=76, M=1146640459068
Scheduled a DoS to fire after 355ms
Synch: Sending query: time=?;146
DOS THREAD: SEND DoS PACKET At :1146640459502 146
Received reply: time=;1146640459598;146
Synch Success: SAftr=1146640459712, SBfr=1146640459560, D=76, M=1146640459598
Scheduled a DoS to fire after 325ms
Synch: Sending query: time=?;147
Received reply: time=;1146640460129;147
Synch Success: SAftr=1146640460243, SBfr=1146640460091, D=76, M=1146640460129
Scheduled a DoS to fire after 294ms
Synch: Sending query: time=?;148
DOS THREAD: SEND DoS PACKET At :1146640460505 146
Received reply: time=;1146640460664;148
Synch Success: SAftr=1146640460779, SBfr=1146640460627, D=76, M=1146640460664
Scheduled a DoS to fire after 233ms
DOS THREAD: SEND DoS PACKET At :1146640458002 147
DOS THREAD: SEND DoS PACKET At :1146640461007 148
Synch: Sending query: time=?;149
Received reply: time=;1146640461222;149
Synch Success: SAftr=1146640461336, SBfr=1146640461184, D=76, M=1146640461222
Scheduled a DoS to fire after 201ms
DOS THREAD: SEND DoS PACKET At :1146640461502 149
Synch: Sending query: time=?;150
Received reply: time=;1146640461755;150
Synch Success: SAftr=1146640461869, SBfr=1146640461718, D=75, M=1146640461755
Scheduled a DoS to fire after 169ms
DOS THREAD: SEND DoS PACKET At :1146640462002 150
Synch: Sending query: time=?;151
Received reply: time=;1146640462285;151
Synch Success: SAftr=1146640462399, SBfr=1146640462247, D=76, M=1146640462285
Scheduled a DoS to fire after 138ms
DOS THREAD: SEND DoS PACKET At :1146640462503 151
Synch: Sending query: time=?;152
Received reply: time=;1146640462815;152
Synch Success: SAftr=1146640462929, SBfr=1146640462777, D=76, M=1146640462815
Scheduled a DoS to fire after 108ms
DOS THREAD: SEND DoS PACKET At :1146640460002 152
DOS THREAD: SEND DoS PACKET At :1146640463006 153
Synch: Sending query: time=?;153
Received reply: time=;1146640463346;153
Synch Success: SAftr=1146640463461, SBfr=1146640463308, D=76, M=1146640463346
Scheduled a DoS to fire after 77ms
DOS THREAD: SEND DoS PACKET At :1146640463502 154
Synch: Sending query: time=?;154
Received reply: time=;1146640463878;154
Synch Success: SAftr=1146640463992, SBfr=1146640463841, D=75, M=1146640463878
Scheduled a DoS to fire after 47ms
DOS THREAD: SEND DoS PACKET At :1146640464005 155
Synch: Sending query: time=?;155
Received reply: time=;1146640464408;155
Synch Success: SAftr=1146640464523, SBfr=1146640464371, D=76, M=1146640464408
Scheduled a DoS to fire after 15ms
DOS THREAD: SEND DoS PACKET At :1146640464501 156
Synch: Sending query: time=?;156
Received reply: time=;1146640464939;156
Synch Success: SAftr=1146640465067, SBfr=1146640464901, D=83, M=1146640464939
Scheduled a DoS to fire after 478ms
Synch: Sending query: time=?;157
Received reply: time=;1146640465483;157
Synch Success: SAftr=1146640465598, SBfr=1146640465446, D=76, M=1146640465483
Scheduled a DoS to fire after 441ms
DOS THREAD: SEND DoS PACKET At :1146640465501 157
Synch: Sending query: time=?;158
Received reply: time=;1146640466014;158
Synch Success: SAftr=1146640466130, SBfr=1146640465976, D=77, M=1146640466014
Scheduled a DoS to fire after 408ms
Synch: Sending query: time=?;159
Received reply: time=;1146640466546;159
Synch Success: SAftr=1146640466660, SBfr=1146640466508, D=76, M=1146640466546
Scheduled a DoS to fire after 377ms
Synch: Sending query: time=?;160
DOS THREAD: SEND DoS PACKET At :1146640467003 158
Received reply: time=;1146640467076;160
Synch Success: SAftr=1146640467190, SBfr=1146640467038, D=76, M=1146640467076
Scheduled a DoS to fire after 347ms
Synch: Sending query: time=?;161
DOS THREAD: SEND DoS PACKET At :1146640467501 159
Received reply: time=;1146640467606;161
Synch Success: SAftr=1146640467723, SBfr=1146640467568, D=77, M=1146640467606
Scheduled a DoS to fire after 316ms
Synch: Sending query: time=?;162
DOS THREAD: SEND DoS PACKET At :1146640465004 160
Received reply: time=;1146640468144;162
Synch Success: SAftr=1146640468261, SBfr=1146640468107, D=77, M=1146640468144
Scheduled a DoS to fire after 278ms
Synch: Sending query: time=?;163
DOS THREAD: SEND DoS PACKET At :1146640468501 161
Received reply: time=;1146640468678;163
Synch Success: SAftr=1146640468792, SBfr=1146640468640, D=76, M=1146640468678
Scheduled a DoS to fire after 246ms
Synch: Sending query: time=?;164
DOS THREAD: SEND DoS PACKET At :1146640469003 162
DOS THREAD: SEND DoS PACKET At :1146640466001 163
Received reply: time=;1146640469215;164
Synch Success: SAftr=1146640469329, SBfr=1146640469178, D=75, M=1146640469215
Scheduled a DoS to fire after 209ms
Synch: Sending query: time=?;165
DOS THREAD: SEND DoS PACKET At :1146640466501 164
Received reply: time=;1146640469745;165
Synch Success: SAftr=1146640469859, SBfr=1146640469707, D=76, M=1146640469745
Scheduled a DoS to fire after 179ms
Synch: Sending query: time=?;166
DOS THREAD: SEND DoS PACKET At :1146640470006 165
Received reply: time=;1146640470275;166
Synch Success: SAftr=1146640470389, SBfr=1146640470237, D=76, M=1146640470275
Scheduled a DoS to fire after 148ms
Synch: Sending query: time=?;167
Received reply: time=;1146640470805;167
Synch Success: SAftr=1146640470921, SBfr=1146640470767, D=77, M=1146640470805
Scheduled a DoS to fire after 115ms
DOS THREAD: SEND DoS PACKET At :1146640471003 166
DOS THREAD: SEND DoS PACKET At :1146640468006 167
Synch: Sending query: time=?;168
Received reply: time=;1146640471339;168
Synch Success: SAftr=1146640471453, SBfr=1146640471301, D=76, M=1146640471339
Scheduled a DoS to fire after 84ms
DOS THREAD: SEND DoS PACKET At :1146640471501 168
Synch: Sending query: time=?;169
Received reply: time=;1146640471869;169
Synch Success: SAftr=1146640471983, SBfr=1146640471831, D=76, M=1146640471869
Scheduled a DoS to fire after 55ms
DOS THREAD: SEND DoS PACKET At :1146640472002 169
Synch: Sending query: time=?;170
Received reply: time=;1146640472399;170
Synch Success: SAftr=1146640472513, SBfr=1146640472361, D=76, M=1146640472399
Scheduled a DoS to fire after 24ms
DOS THREAD: SEND DoS PACKET At :1146640472501 170
DOS THREAD: SEND DoS PACKET At :1146640469501 171
Synch: Sending query: time=?;171
Received reply: time=;1146640472929;171
Synch Success: SAftr=1146640473043, SBfr=1146640472892, D=75, M=1146640472929
Scheduled a DoS to fire after 495ms
DOS THREAD: SEND DoS PACKET At :1146640473002 172
Synch: Sending query: time=?;172
Received reply: time=;1146640473459;172
Synch Success: SAftr=1146640473573, SBfr=1146640473421, D=76, M=1146640473459
Scheduled a DoS to fire after 465ms
DOS THREAD: SEND DoS PACKET At :1146640473501 173
DOS THREAD: SEND DoS PACKET At :1146640470501 174
Synch: Sending query: time=?;173
Received reply: time=;1146640473989;173
Synch Success: SAftr=1146640474103, SBfr=1146640473951, D=76, M=1146640473989
Scheduled a DoS to fire after 425ms
DOS THREAD: SEND DoS PACKET At :1146640474004 175
Synch: Sending query: time=?;174
Received reply: time=;1146640474528;174
Synch Success: SAftr=1146640474642, SBfr=1146640474490, D=76, M=1146640474528
Scheduled a DoS to fire after 395ms
DOS THREAD: SEND DoS PACKET At :1146640474502 176
Synch: Sending query: time=?;175
Received reply: time=;1146640475059;175
Synch Success: SAftr=1146640475180, SBfr=1146640475021, D=79, M=1146640475059
Scheduled a DoS to fire after 361ms
Synch: Sending query: time=?;176
Received reply: time=;1146640475599;176
Synch Success: SAftr=1146640475713, SBfr=1146640475561, D=76, M=1146640475599
Scheduled a DoS to fire after 325ms
Synch: Sending query: time=?;177
Received reply: time=;1146640476129;177
Synch Success: SAftr=1146640476246, SBfr=1146640476091, D=77, M=1146640476129
Scheduled a DoS to fire after 289ms
DOS THREAD: SEND DoS PACKET At :1146640476002 177
Synch: Sending query: time=?;178
Received reply: time=;1146640476667;178
Synch Success: SAftr=1146640476781, SBfr=1146640476629, D=76, M=1146640476667
Scheduled a DoS to fire after 256ms
DOS THREAD: SEND DoS PACKET At :1146640476502 178
Synch: Sending query: time=?;179
Received reply: time=;1146640477202;179
Synch Success: SAftr=1146640477318, SBfr=1146640477164, D=77, M=1146640477202
Scheduled a DoS to fire after 220ms
DOS THREAD: SEND DoS PACKET At :1146640477002 179
Synch: Sending query: time=?;180
Received reply: time=;1146640477734;180
Synch Success: SAftr=1146640477848, SBfr=1146640477696, D=76, M=1146640477734
Scheduled a DoS to fire after 189ms
DOS THREAD: SEND DoS PACKET At :1146640477501 180
Synch: Sending query: time=?;181
DOS THREAD: SEND DoS PACKET At :1146640475001 181
DOS THREAD: SEND DoS PACKET At :1146640478001 182
Received reply: time=;1146640478263;181
Synch Success: SAftr=1146640478378, SBfr=1146640478226, D=76, M=1146640478263
Scheduled a DoS to fire after 161ms
Synch: Sending query: time=?;182
DOS THREAD: SEND DoS PACKET At :1146640475502 183
Received reply: time=;1146640478797;182
Synch Success: SAftr=1146640478912, SBfr=1146640478760, D=76, M=1146640478797
Scheduled a DoS to fire after 127ms
Synch: Sending query: time=?;183
DOS THREAD: SEND DoS PACKET At :1146640479002 184
Received reply: time=;1146640479327;183
Synch Success: SAftr=1146640479442, SBfr=1146640479290, D=76, M=1146640479327
Scheduled a DoS to fire after 97ms
Synch: Sending query: time=?;184
DOS THREAD: SEND DoS PACKET At :1146640479502 185
Received reply: time=;1146640479861;184
Synch Success: SAftr=1146640479975, SBfr=1146640479824, D=75, M=1146640479861
Scheduled a DoS to fire after 63ms
Synch: Sending query: time=?;185
Received reply: time=;1146640480390;185
Synch Success: SAftr=1146640480509, SBfr=1146640480353, D=78, M=1146640480390
Scheduled a DoS to fire after 32ms
Synch: Sending query: time=?;186
Received reply: time=;1146640480924;186
Synch Success: SAftr=1146640481046, SBfr=1146640480887, D=79, M=1146640480924
Scheduled a DoS to fire after 469ms
Synch: Sending query: time=?;187
Received reply: time=;1146640481489;187
Synch Success: SAftr=1146640481603, SBfr=1146640481452, D=75, M=1146640481489
Scheduled a DoS to fire after 435ms
DOS THREAD: SEND DoS PACKET At :1146640478502 186
DOS THREAD: SEND DoS PACKET At :1146640481508 187
Synch: Sending query: time=?;188
Received reply: time=;1146640482018;188
Synch Success: SAftr=1146640482132, SBfr=1146640481981, D=75, M=1146640482018
Scheduled a DoS to fire after 406ms
DOS THREAD: SEND DoS PACKET At :1146640482007 188
Synch: Sending query: time=?;189
Received reply: time=;1146640482549;189
Synch Success: SAftr=1146640482663, SBfr=1146640482511, D=76, M=1146640482549
Scheduled a DoS to fire after 375ms
Synch: Sending query: time=?;190
Received reply: time=;1146640483083;190
Synch Success: SAftr=1146640483200, SBfr=1146640483045, D=77, M=1146640483083
Scheduled a DoS to fire after 339ms
DOS THREAD: SEND DoS PACKET At :1146640480001 189
DOS THREAD: SEND DoS PACKET At :1146640483007 190
Synch: Sending query: time=?;191
Received reply: time=;1146640483617;191
Synch Success: SAftr=1146640483732, SBfr=1146640483579, D=76, M=1146640483617
Scheduled a DoS to fire after 306ms
Synch: Sending query: time=?;192
Received reply: time=;1146640484155;192
Synch Success: SAftr=1146640484269, SBfr=1146640484117, D=76, M=1146640484155
Scheduled a DoS to fire after 269ms
DOS THREAD: SEND DoS PACKET At :1146640484001 190
Synch: Sending query: time=?;193
Received reply: time=;1146640484684;193
Synch Success: SAftr=1146640484799, SBfr=1146640484647, D=76, M=1146640484684
Scheduled a DoS to fire after 240ms
DOS THREAD: SEND DoS PACKET At :1146640484501 191
Synch: Sending query: time=?;194
Received reply: time=;1146640485222;194
Synch Success: SAftr=1146640485336, SBfr=1146640485185, D=75, M=1146640485222
Scheduled a DoS to fire after 202ms
DOS THREAD: SEND DoS PACKET At :1146640485003 191
Synch: Sending query: time=?;195
Received reply: time=;1146640485756;195
Synch Success: SAftr=1146640485870, SBfr=1146640485718, D=76, M=1146640485756
Scheduled a DoS to fire after 168ms
DOS THREAD: SEND DoS PACKET At :1146640485502 191
Synch: Sending query: time=?;196
Received reply: time=;1146640486286;196
Synch Success: SAftr=1146640486401, SBfr=1146640486249, D=76, M=1146640486286
Scheduled a DoS to fire after 138ms
DOS THREAD: SEND DoS PACKET At :1146640486005 192
Synch: Sending query: time=?;197
Received reply: time=;1146640486817;197
Synch Success: SAftr=1146640486931, SBfr=1146640486778, D=76, M=1146640486817
Scheduled a DoS to fire after 106ms
DOS THREAD: SEND DoS PACKET At :1146640483502 193
DOS THREAD: SEND DoS PACKET At :1146640486502 193
Synch: Sending query: time=?;198
Received reply: time=;1146640487347;198
Synch Success: SAftr=1146640487462, SBfr=1146640487309, D=76, M=1146640487347
Scheduled a DoS to fire after 77ms
Synch: Sending query: time=?;199
Received reply: time=;1146640487878;199
Synch Success: SAftr=1146640487992, SBfr=1146640487840, D=76, M=1146640487878
Scheduled a DoS to fire after 46ms
DOS THREAD: SEND DoS PACKET At :1146640487502 194
Synch: Sending query: time=?;200
Received reply: time=;1146640488407;200
Synch Success: SAftr=1146640488521, SBfr=1146640488369, D=76, M=1146640488407
Scheduled a DoS to fire after 16ms
DOS THREAD: SEND DoS PACKET At :1146640488002 194
Synch: Sending query: time=?;201
Received reply: time=;1146640488937;201
Synch Success: SAftr=1146640489056, SBfr=1146640488899, D=78, M=1146640488937
Scheduled a DoS to fire after 484ms
DOS THREAD: SEND DoS PACKET At :1146640488502 194
Synch: Sending query: time=?;202
Received reply: time=;1146640489473;202
Synch Success: SAftr=1146640489587, SBfr=1146640489435, D=76, M=1146640489473
Scheduled a DoS to fire after 440ms
Synch: Sending query: time=?;203
DOS THREAD: SEND DoS PACKET At :1146640489502 194
DOS THREAD: SEND DoS PACKET At :1146640480501 195
Received reply: time=;1146640490013;203
Synch Success: SAftr=1146640490128, SBfr=1146640489975, D=76, M=1146640490013
Scheduled a DoS to fire after 411ms
Synch: Sending query: time=?;204
DOS THREAD: SEND DoS PACKET At :1146640490007 196
Received reply: time=;1146640490551;204
Synch Success: SAftr=1146640490669, SBfr=1146640490513, D=78, M=1146640490551
Scheduled a DoS to fire after 370ms
Synch: Sending query: time=?;205
DOS THREAD: SEND DoS PACKET At :1146640490502 197
Received reply: time=;1146640491087;205
Synch Success: SAftr=1146640491202, SBfr=1146640491050, D=76, M=1146640491087
Scheduled a DoS to fire after 337ms
Synch: Sending query: time=?;206
DOS THREAD: SEND DoS PACKET At :1146640491002 197
Received reply: time=;1146640491619;206
Synch Success: SAftr=1146640491733, SBfr=1146640491581, D=76, M=1146640491619
Scheduled a DoS to fire after 304ms
DOS THREAD: SEND DoS PACKET At :1146640482502 198
Synch: Sending query: time=?;207
DOS THREAD: SEND DoS PACKET At :1146640491502 199
Received reply: time=;1146640492148;207
Synch Success: SAftr=1146640492262, SBfr=1146640492110, D=76, M=1146640492148
Scheduled a DoS to fire after 275ms
DOS THREAD: SEND DoS PACKET At :1146640492002 199
Synch: Sending query: time=?;208
Received reply: time=;1146640492686;208
Synch Success: SAftr=1146640492800, SBfr=1146640492648, D=76, M=1146640492686
Scheduled a DoS to fire after 238ms
DOS THREAD: SEND DoS PACKET At :1146640492506 199
Synch: Sending query: time=?;209
Received reply: time=;1146640493219;209
Synch Success: SAftr=1146640493337, SBfr=1146640493181, D=78, M=1146640493219
Scheduled a DoS to fire after 203ms
DOS THREAD: SEND DoS PACKET At :1146640493003 200
Synch: Sending query: time=?;210
Received reply: time=;1146640493752;210
Synch Success: SAftr=1146640493866, SBfr=1146640493715, D=75, M=1146640493752
Scheduled a DoS to fire after 172ms
Synch: Sending query: time=?;211
Received reply: time=;1146640494282;211
Synch Success: SAftr=1146640494396, SBfr=1146640494244, D=76, M=1146640494282
Scheduled a DoS to fire after 141ms
DOS THREAD: SEND DoS PACKET At :1146640494008 201
Synch: Sending query: time=?;212
Received reply: time=;1146640494812;212
Synch Success: SAftr=1146640494926, SBfr=1146640494774, D=76, M=1146640494812
Scheduled a DoS to fire after 112ms
DOS THREAD: SEND DoS PACKET At :1146640494502 202
Synch: Sending query: time=?;213
Received reply: time=;1146640495341;213
Synch Success: SAftr=1146640495457, SBfr=1146640495303, D=77, M=1146640495341
Scheduled a DoS to fire after 82ms
DOS THREAD: SEND DoS PACKET At :1146640495003 203
Synch: Sending query: time=?;214
Received reply: time=;1146640495873;214
Synch Success: SAftr=1146640495987, SBfr=1146640495835, D=76, M=1146640495873
Scheduled a DoS to fire after 50ms
DOS THREAD: SEND DoS PACKET At :1146640495502 204
Synch: Sending query: time=?;215
Received reply: time=;1146640496404;215
Synch Success: SAftr=1146640496518, SBfr=1146640496366, D=76, M=1146640496404
Scheduled a DoS to fire after 19ms
DOS THREAD: SEND DoS PACKET At :1146640487002 205
DOS THREAD: SEND DoS PACKET At :1146640496002 206
Synch: Sending query: time=?;216
Received reply: time=;1146640496939;216
Synch Success: SAftr=1146640497054, SBfr=1146640496902, D=76, M=1146640496939
Scheduled a DoS to fire after 482ms
DOS THREAD: SEND DoS PACKET At :1146640493502 207
DOS THREAD: SEND DoS PACKET At :1146640496501 208
Synch: Sending query: time=?;217
Received reply: time=;1146640497473;217
Synch Success: SAftr=1146640497587, SBfr=1146640497435, D=76, M=1146640497473
Scheduled a DoS to fire after 450ms
Synch: Sending query: time=?;218
Received reply: time=;1146640498003;218
Synch Success: SAftr=1146640498117, SBfr=1146640497965, D=76, M=1146640498003
Scheduled a DoS to fire after 420ms
DOS THREAD: SEND DoS PACKET At :1146640497501 209
Synch: Sending query: time=?;219
Received reply: time=;1146640498533;219
Synch Success: SAftr=1146640498647, SBfr=1146640498495, D=76, M=1146640498533
Scheduled a DoS to fire after 391ms
DOS THREAD: SEND DoS PACKET At :1146640498004 210
Synch: Sending query: time=?;220
Received reply: time=;1146640499066;220
Synch Success: SAftr=1146640499180, SBfr=1146640499026, D=77, M=1146640499066
Scheduled a DoS to fire after 355ms
DOS THREAD: SEND DoS PACKET At :1146640498501 211
Synch: Sending query: time=?;221
Received reply: time=;1146640499597;221
Synch Success: SAftr=1146640499711, SBfr=1146640499559, D=76, M=1146640499597
Scheduled a DoS to fire after 322ms
DOS THREAD: SEND DoS PACKET At :1146640499004 212
Synch: Sending query: time=?;222
Received reply: time=;1146640500131;222
Synch Success: SAftr=1146640500245, SBfr=1146640500093, D=76, M=1146640500131
Scheduled a DoS to fire after 266ms
Synch: Sending query: time=?;223
DOS THREAD: SEND DoS PACKET At :1146640500001 213
Received reply: time=;1146640500689;223
Synch Success: SAftr=1146640500805, SBfr=1146640500652, D=76, M=1146640500689
Scheduled a DoS to fire after 233ms
Synch: Sending query: time=?;224
DOS THREAD: SEND DoS PACKET At :1146640500501 214
Received reply: time=;1146640501222;224
Synch Success: SAftr=1146640501336, SBfr=1146640501184, D=76, M=1146640501222
Scheduled a DoS to fire after 201ms
Synch: Sending query: time=?;225
DOS THREAD: SEND DoS PACKET At :1146640501001 215
Received reply: time=;1146640501752;225
Synch Success: SAftr=1146640501866, SBfr=1146640501714, D=76, M=1146640501752
Scheduled a DoS to fire after 171ms
Synch: Sending query: time=?;226
DOS THREAD: SEND DoS PACKET At :1146640501501 216
Received reply: time=;1146640502282;226
Synch Success: SAftr=1146640502396, SBfr=1146640502244, D=76, M=1146640502282
Scheduled a DoS to fire after 141ms
Synch: Sending query: time=?;227
DOS THREAD: SEND DoS PACKET At :1146640502001 217
Received reply: time=;1146640502812;227
Synch Success: SAftr=1146640502926, SBfr=1146640502774, D=76, M=1146640502812
Scheduled a DoS to fire after 111ms
DOS THREAD: SEND DoS PACKET At :1146640502502 218
DOS THREAD: SEND DoS PACKET At :1146640499501 219
Synch: Sending query: time=?;228
Received reply: time=;1146640503342;228
Synch Success: SAftr=1146640503456, SBfr=1146640503304, D=76, M=1146640503342
Scheduled a DoS to fire after 82ms
Synch: Sending query: time=?;229
DOS THREAD: SEND DoS PACKET At :1146640503004 220
Received reply: time=;1146640503879;229
Synch Success: SAftr=1146640503993, SBfr=1146640503841, D=76, M=1146640503879
Scheduled a DoS to fire after 45ms
DOS THREAD: SEND DoS PACKET At :1146640503501 221
Synch: Sending query: time=?;230
Received reply: time=;1146640504408;230
