Master Name = 128.208.1.137
Master Send Port = 20010
Slave Rcv Port = 20011
U = 350 milliseconds
k = 10
W = 1000 milliseconds
DoS Target Host Name = 67.168.70.86
DoS Target Port = 80
AttackLifetime = 1 minute(s)
Attack Mode = TCP
Synch: Sending query: time=?;1
Received reply: time=;1146594056436;1
Synch Success: SAftr=1146594056450, SBfr=1146594056429, D=10, M=1146594056436
Scheduled a DoS to fire after 24ms
Synch: Sending query: time=?;2
Received reply: time=;1146594056784;2
Synch Success: SAftr=1146594056787, SBfr=1146594056782, D=2, M=1146594056784
Scheduled a DoS to fire after 213ms
Synch: Sending query: time=?;3
Received reply: time=;1146594057092;3
Synch Success: SAftr=1146594057102, SBfr=1146594057090, D=6, M=1146594057092
Scheduled a DoS to fire after 400ms
Synch: Sending query: time=?;4
Received reply: time=;1146594057407;4
Synch Success: SAftr=1146594057416, SBfr=1146594057405, D=5, M=1146594057407
Scheduled a DoS to fire after 86ms
Synch: Sending query: time=?;5
Received reply: time=;1146594057722;5
Synch Success: SAftr=1146594057722, SBfr=1146594057720, D=1, M=1146594057722
Scheduled a DoS to fire after 275ms
Synch: Sending query: time=?;6
Received reply: time=;1146594058027;6
Synch Success: SAftr=1146594058028, SBfr=1146594058025, D=1, M=1146594058027
Scheduled a DoS to fire after 471ms
Synch: Sending query: time=?;7
Received reply: time=;1146594058333;7
Synch Success: SAftr=1146594058335, SBfr=1146594058331, D=2, M=1146594058333
Scheduled a DoS to fire after 163ms
Synch: Sending query: time=?;8
Received reply: time=;1146594058640;8
Synch Success: SAftr=1146594058641, SBfr=1146594058638, D=1, M=1146594058640
Scheduled a DoS to fire after 358ms
Synch: Sending query: time=?;9
Received reply: time=;1146594058945;9
Synch Success: SAftr=1146594058946, SBfr=1146594058943, D=1, M=1146594058945
Scheduled a DoS to fire after 53ms
Synch: Sending query: time=?;10
Received reply: time=;1146594059251;10
Synch Success: SAftr=1146594059252, SBfr=1146594059249, D=1, M=1146594059251
Scheduled a DoS to fire after 242ms
Synch: Sending query: time=?;11
Received reply: time=;1146594059567;11
Synch Success: SAftr=1146594059568, SBfr=1146594059565, D=1, M=1146594059567
Scheduled a DoS to fire after 431ms
Synch: Sending query: time=?;12
Received reply: time=;1146594059872;12
Synch Success: SAftr=1146594059873, SBfr=1146594059870, D=1, M=1146594059872
Scheduled a DoS to fire after 126ms
Synch: Sending query: time=?;13
Received reply: time=;1146594060178;13
Synch Success: SAftr=1146594060179, SBfr=1146594060176, D=1, M=1146594060178
Scheduled a DoS to fire after 302ms
Synch: Sending query: time=?;14
Received reply: time=;1146594060503;14
Synch Success: SAftr=1146594060503, SBfr=1146594060500, D=1, M=1146594060503
Scheduled a DoS to fire after 494ms
Synch: Sending query: time=?;15
Received reply: time=;1146594060818;15
Synch Success: SAftr=1146594060826, SBfr=1146594060816, D=5, M=1146594060818
Scheduled a DoS to fire after 170ms
Synch: Sending query: time=?;16
Received reply: time=;1146594061140;16
Synch Success: SAftr=1146594061140, SBfr=1146594061138, D=1, M=1146594061140
Scheduled a DoS to fire after 357ms
Synch: Sending query: time=?;17
Received reply: time=;1146594061445;17
Synch Success: SAftr=1146594061445, SBfr=1146594061443, D=1, M=1146594061445
Scheduled a DoS to fire after 52ms
Synch: Sending query: time=?;18
Received reply: time=;1146594061750;18
Synch Success: SAftr=1146594061751, SBfr=1146594061748, D=1, M=1146594061750
Scheduled a DoS to fire after 248ms
Synch: Sending query: time=?;19
Received reply: time=;1146594062056;19
Synch Success: SAftr=1146594062056, SBfr=1146594062054, D=1, M=1146594062056
Scheduled a DoS to fire after 391ms
Synch: Sending query: time=?;20
Received reply: time=;1146594062420;20
Synch Success: SAftr=1146594062431, SBfr=1146594062418, D=6, M=1146594062420
Scheduled a DoS to fire after 71ms
Synch: Sending query: time=?;21
Received reply: time=;1146594062738;21
Synch Success: SAftr=1146594062738, SBfr=1146594062736, D=1, M=1146594062738
Scheduled a DoS to fire after 259ms
Synch: Sending query: time=?;22
Received reply: time=;1146594063044;22
Synch Success: SAftr=1146594063044, SBfr=1146594063042, D=1, M=1146594063044
Scheduled a DoS to fire after 454ms
Synch: Sending query: time=?;23
Received reply: time=;1146594063357;23
Synch Success: SAftr=1146594063357, SBfr=1146594063355, D=1, M=1146594063357
Scheduled a DoS to fire after 140ms
Synch: Sending query: time=?;24
Received reply: time=;1146594063667;24
Synch Success: SAftr=1146594063675, SBfr=1146594063665, D=5, M=1146594063667
Scheduled a DoS to fire after 326ms
Synch: Sending query: time=?;25
Received reply: time=;1146594063982;25
Synch Success: SAftr=1146594063982, SBfr=1146594063980, D=1, M=1146594063982
Scheduled a DoS to fire after 15ms
Synch: Sending query: time=?;26
Received reply: time=;1146594064289;26
Synch Success: SAftr=1146594064289, SBfr=1146594064287, D=1, M=1146594064289
Scheduled a DoS to fire after 207ms
Synch: Sending query: time=?;27
Received reply: time=;1146594064596;27
Synch Success: SAftr=1146594064598, SBfr=1146594064594, D=2, M=1146594064596
Scheduled a DoS to fire after 400ms
Synch: Sending query: time=?;28
Received reply: time=;1146594064912;28
Synch Success: SAftr=1146594064913, SBfr=1146594064910, D=1, M=1146594064912
Scheduled a DoS to fire after 84ms
Synch: Sending query: time=?;29
Received reply: time=;1146594065220;29
Synch Success: SAftr=1146594065221, SBfr=1146594065218, D=1, M=1146594065220
Scheduled a DoS to fire after 274ms
Synch: Sending query: time=?;30
Received reply: time=;1146594065532;30
Synch Success: SAftr=1146594065533, SBfr=1146594065530, D=1, M=1146594065532
Scheduled a DoS to fire after 465ms
Synch: Sending query: time=?;31
Received reply: time=;1146594065844;31
Synch Success: SAftr=1146594065856, SBfr=1146594065842, D=7, M=1146594065844
Scheduled a DoS to fire after 145ms
Synch: Sending query: time=?;32
Received reply: time=;1146594066166;32
Synch Success: SAftr=1146594066173, SBfr=1146594066164, D=4, M=1146594066166
Scheduled a DoS to fire after 316ms
Synch: Sending query: time=?;33
Received reply: time=;1146594066492;33
Synch Success: SAftr=1146594066492, SBfr=1146594066489, D=1, M=1146594066492
Scheduled a DoS to fire after 3ms
Synch: Sending query: time=?;34
Received reply: time=;1146594066799;34
Synch Success: SAftr=1146594066800, SBfr=1146594066797, D=1, M=1146594066799
Scheduled a DoS to fire after 196ms
Synch: Sending query: time=?;35
Received reply: time=;1146594067107;35
Synch Success: SAftr=1146594067114, SBfr=1146594067105, D=4, M=1146594067107
Scheduled a DoS to fire after 380ms
Synch: Sending query: time=?;36
Received reply: time=;1146594067428;36
Synch Success: SAftr=1146594067438, SBfr=1146594067426, D=6, M=1146594067428
Scheduled a DoS to fire after 62ms
Synch: Sending query: time=?;37
Received reply: time=;1146594067745;37
Synch Success: SAftr=1146594067746, SBfr=1146594067743, D=1, M=1146594067745
Scheduled a DoS to fire after 253ms
Synch: Sending query: time=?;38
Received reply: time=;1146594068051;38
Synch Success: SAftr=1146594068054, SBfr=1146594068049, D=2, M=1146594068051
Scheduled a DoS to fire after 390ms
Synch: Sending query: time=?;39
Received reply: time=;1146594068423;39
Synch Success: SAftr=1146594068432, SBfr=1146594068421, D=5, M=1146594068423
Scheduled a DoS to fire after 71ms
Synch: Sending query: time=?;40
Received reply: time=;1146594068737;40
Synch Success: SAftr=1146594068738, SBfr=1146594068735, D=1, M=1146594068737
Scheduled a DoS to fire after 261ms
Synch: Sending query: time=?;41
Received reply: time=;1146594069044;41
Synch Success: SAftr=1146594069045, SBfr=1146594069042, D=1, M=1146594069044
Scheduled a DoS to fire after 449ms
Synch: Sending query: time=?;42
Received reply: time=;1146594069355;42
Synch Success: SAftr=1146594069356, SBfr=1146594069353, D=1, M=1146594069355
Scheduled a DoS to fire after 142ms
Synch: Sending query: time=?;43
Received reply: time=;1146594069664;43
Synch Success: SAftr=1146594069664, SBfr=1146594069662, D=1, M=1146594069664
Scheduled a DoS to fire after 334ms
Synch: Sending query: time=?;44
Received reply: time=;1146594069968;44
Synch Success: SAftr=1146594069970, SBfr=1146594069966, D=2, M=1146594069968
Scheduled a DoS to fire after 26ms
Synch: Sending query: time=?;45
Received reply: time=;1146594070278;45
Synch Success: SAftr=1146594070278, SBfr=1146594070276, D=1, M=1146594070278
Scheduled a DoS to fire after 219ms
Synch: Sending query: time=?;46
Received reply: time=;1146594070584;46
Synch Success: SAftr=1146594070590, SBfr=1146594070582, D=4, M=1146594070584
Scheduled a DoS to fire after 410ms
Synch: Sending query: time=?;47
Received reply: time=;1146594070896;47
Synch Success: SAftr=1146594070896, SBfr=1146594070894, D=1, M=1146594070896
Scheduled a DoS to fire after 100ms
Synch: Sending query: time=?;48
Received reply: time=;1146594071203;48
Synch Success: SAftr=1146594071203, SBfr=1146594071201, D=1, M=1146594071203
Scheduled a DoS to fire after 295ms
Synch: Sending query: time=?;49
Received reply: time=;1146594071508;49
Synch Success: SAftr=1146594071508, SBfr=1146594071506, D=1, M=1146594071508
Scheduled a DoS to fire after 487ms
Synch: Sending query: time=?;50
Received reply: time=;1146594071816;50
Synch Success: SAftr=1146594071818, SBfr=1146594071814, D=2, M=1146594071816
Scheduled a DoS to fire after 179ms
Synch: Sending query: time=?;51
Received reply: time=;1146594072125;51
Synch Success: SAftr=1146594072127, SBfr=1146594072123, D=2, M=1146594072125
Scheduled a DoS to fire after 371ms
Synch: Sending query: time=?;52
Received reply: time=;1146594072433;52
Synch Success: SAftr=1146594072433, SBfr=1146594072431, D=1, M=1146594072433
Scheduled a DoS to fire after 65ms
Synch: Sending query: time=?;53
Received reply: time=;1146594072738;53
Synch Success: SAftr=1146594072738, SBfr=1146594072736, D=1, M=1146594072738
Scheduled a DoS to fire after 260ms
Synch: Sending query: time=?;54
Received reply: time=;1146594073048;54
Synch Success: SAftr=1146594073048, SBfr=1146594073046, D=1, M=1146594073048
Scheduled a DoS to fire after 450ms
Synch: Sending query: time=?;55
Received reply: time=;1146594073354;55
Synch Success: SAftr=1146594073354, SBfr=1146594073352, D=1, M=1146594073354
Scheduled a DoS to fire after 142ms
Synch: Sending query: time=?;56
Received reply: time=;1146594073662;56
Synch Success: SAftr=1146594073662, SBfr=1146594073660, D=1, M=1146594073662
Scheduled a DoS to fire after 336ms
Synch: Sending query: time=?;57
Received reply: time=;1146594073968;57
Synch Success: SAftr=1146594073968, SBfr=1146594073966, D=1, M=1146594073968
Scheduled a DoS to fire after 30ms
Synch: Sending query: time=?;58
Received reply: time=;1146594074273;58
Synch Success: SAftr=1146594074274, SBfr=1146594074272, D=1, M=1146594074273
Scheduled a DoS to fire after 224ms
Synch: Sending query: time=?;59
Received reply: time=;1146594074579;59
Synch Success: SAftr=1146594074580, SBfr=1146594074577, D=1, M=1146594074579
Scheduled a DoS to fire after 418ms
Synch: Sending query: time=?;60
Received reply: time=;1146594074886;60
Synch Success: SAftr=1146594074893, SBfr=1146594074883, D=5, M=1146594074886
Scheduled a DoS to fire after 108ms
Synch: Sending query: time=?;61
Received reply: time=;1146594075200;61
Synch Success: SAftr=1146594075202, SBfr=1146594075198, D=2, M=1146594075200
Scheduled a DoS to fire after 297ms
Synch: Sending query: time=?;62
Received reply: time=;1146594075510;62
Synch Success: SAftr=1146594075511, SBfr=1146594075508, D=1, M=1146594075510
Scheduled a DoS to fire after 488ms
Synch: Sending query: time=?;63
Received reply: time=;1146594075816;63
Synch Success: SAftr=1146594075816, SBfr=1146594075814, D=1, M=1146594075816
Scheduled a DoS to fire after 181ms
Synch: Sending query: time=?;64
Received reply: time=;1146594076122;64
Synch Success: SAftr=1146594076122, SBfr=1146594076119, D=1, M=1146594076122
Scheduled a DoS to fire after 376ms
Synch: Sending query: time=?;65
Received reply: time=;1146594076426;65
Synch Success: SAftr=1146594076427, SBfr=1146594076424, D=1, M=1146594076426
Scheduled a DoS to fire after 26ms
Synch: Sending query: time=?;66
Received reply: time=;1146594076778;66
Synch Success: SAftr=1146594076779, SBfr=1146594076776, D=1, M=1146594076778
Scheduled a DoS to fire after 220ms
Synch: Sending query: time=?;67
Received reply: time=;1146594077084;67
Synch Success: SAftr=1146594077084, SBfr=1146594077082, D=1, M=1146594077084
Scheduled a DoS to fire after 409ms
Synch: Sending query: time=?;68
Received reply: time=;1146594077394;68
Synch Success: SAftr=1146594077394, SBfr=1146594077392, D=1, M=1146594077394
Scheduled a DoS to fire after 102ms
Synch: Sending query: time=?;69
Received reply: time=;1146594077708;69
Synch Success: SAftr=1146594077712, SBfr=1146594077706, D=3, M=1146594077708
Scheduled a DoS to fire after 286ms
Synch: Sending query: time=?;70
Received reply: time=;1146594078022;70
Synch Success: SAftr=1146594078031, SBfr=1146594078020, D=5, M=1146594078022
Scheduled a DoS to fire after 459ms
Synch: Sending query: time=?;71
Received reply: time=;1146594078350;71
Synch Success: SAftr=1146594078350, SBfr=1146594078347, D=1, M=1146594078350
Scheduled a DoS to fire after 147ms
Synch: Sending query: time=?;72
Received reply: time=;1146594078657;72
Synch Success: SAftr=1146594078657, SBfr=1146594078655, D=1, M=1146594078657
Scheduled a DoS to fire after 339ms
Synch: Sending query: time=?;73
Received reply: time=;1146594078964;73
Synch Success: SAftr=1146594078972, SBfr=1146594078962, D=5, M=1146594078964
Scheduled a DoS to fire after 28ms
Synch: Sending query: time=?;74
Received reply: time=;1146594079281;74
Synch Success: SAftr=1146594079282, SBfr=1146594079277, D=2, M=1146594079281
Scheduled a DoS to fire after 216ms
Synch: Sending query: time=?;75
Received reply: time=;1146594079587;75
Synch Success: SAftr=1146594079588, SBfr=1146594079585, D=1, M=1146594079587
Scheduled a DoS to fire after 411ms
Synch: Sending query: time=?;76
Received reply: time=;1146594079893;76
Synch Success: SAftr=1146594079893, SBfr=1146594079891, D=1, M=1146594079893
Scheduled a DoS to fire after 104ms
Synch: Sending query: time=?;77
Received reply: time=;1146594080199;77
Synch Success: SAftr=1146594080199, SBfr=1146594080197, D=1, M=1146594080199
Scheduled a DoS to fire after 299ms
Synch: Sending query: time=?;78
Received reply: time=;1146594080504;78
Synch Success: SAftr=1146594080504, SBfr=1146594080502, D=1, M=1146594080504
Scheduled a DoS to fire after 494ms
Synch: Sending query: time=?;79
Received reply: time=;1146594080810;79
Synch Success: SAftr=1146594080810, SBfr=1146594080808, D=1, M=1146594080810
Scheduled a DoS to fire after 188ms
Synch: Sending query: time=?;80
Received reply: time=;1146594081115;80
Synch Success: SAftr=1146594081115, SBfr=1146594081113, D=1, M=1146594081115
Scheduled a DoS to fire after 382ms
Synch: Sending query: time=?;81
Received reply: time=;1146594081424;81
Synch Success: SAftr=1146594081426, SBfr=1146594081419, D=3, M=1146594081424
Scheduled a DoS to fire after 70ms
Synch: Sending query: time=?;82
Received reply: time=;1146594081743;82
Synch Success: SAftr=1146594081743, SBfr=1146594081738, D=2, M=1146594081743
Scheduled a DoS to fire after 252ms
Synch: Sending query: time=?;83
Received reply: time=;1146594082059;83
Synch Success: SAftr=1146594082062, SBfr=1146594082058, D=2, M=1146594082059
Scheduled a DoS to fire after 431ms
Synch: Sending query: time=?;84
Received reply: time=;1146594082373;84
Synch Success: SAftr=1146594082374, SBfr=1146594082372, D=1, M=1146594082373
Scheduled a DoS to fire after 125ms
Synch: Sending query: time=?;85
Received reply: time=;1146594082678;85
Synch Success: SAftr=1146594082679, SBfr=1146594082676, D=1, M=1146594082678
Scheduled a DoS to fire after 320ms
Synch: Sending query: time=?;86
Received reply: time=;1146594082983;86
Synch Success: SAftr=1146594082984, SBfr=1146594082981, D=1, M=1146594082983
Scheduled a DoS to fire after 12ms
Synch: Sending query: time=?;87
Received reply: time=;1146594083291;87
Synch Success: SAftr=1146594083292, SBfr=1146594083289, D=1, M=1146594083291
Scheduled a DoS to fire after 205ms
Synch: Sending query: time=?;88
Received reply: time=;1146594083598;88
Synch Success: SAftr=1146594083598, SBfr=1146594083596, D=1, M=1146594083598
Scheduled a DoS to fire after 399ms
Synch: Sending query: time=?;89
Received reply: time=;1146594083904;89
Synch Success: SAftr=1146594083906, SBfr=1146594083902, D=2, M=1146594083904
Scheduled a DoS to fire after 92ms
Synch: Sending query: time=?;90
Received reply: time=;1146594084212;90
Synch Success: SAftr=1146594084212, SBfr=1146594084210, D=1, M=1146594084212
Scheduled a DoS to fire after 283ms
Synch: Sending query: time=?;91
Received reply: time=;1146594084519;91
Synch Success: SAftr=1146594084519, SBfr=1146594084517, D=1, M=1146594084519
Scheduled a DoS to fire after 479ms
Synch: Sending query: time=?;92
Received reply: time=;1146594084825;92
Synch Success: SAftr=1146594084825, SBfr=1146594084822, D=1, M=1146594084825
Scheduled a DoS to fire after 171ms
Synch: Sending query: time=?;93
Received reply: time=;1146594085141;93
Synch Success: SAftr=1146594085141, SBfr=1146594085139, D=1, M=1146594085141
Scheduled a DoS to fire after 357ms
Synch: Sending query: time=?;94
Received reply: time=;1146594085447;94
Synch Success: SAftr=1146594085447, SBfr=1146594085445, D=1, M=1146594085447
Scheduled a DoS to fire after 50ms
Synch: Sending query: time=?;95
Received reply: time=;1146594085756;95
Synch Success: SAftr=1146594085758, SBfr=1146594085754, D=2, M=1146594085756
Scheduled a DoS to fire after 240ms
Synch: Sending query: time=?;96
Received reply: time=;1146594086063;96
Synch Success: SAftr=1146594086066, SBfr=1146594086061, D=2, M=1146594086063
Scheduled a DoS to fire after 433ms
Synch: Sending query: time=?;97
Received reply: time=;1146594086372;97
Synch Success: SAftr=1146594086374, SBfr=1146594086370, D=2, M=1146594086372
Scheduled a DoS to fire after 125ms
Synch: Sending query: time=?;98
Received reply: time=;1146594086679;98
Synch Success: SAftr=1146594086679, SBfr=1146594086677, D=1, M=1146594086679
Scheduled a DoS to fire after 319ms
Synch: Sending query: time=?;99
Received reply: time=;1146594086985;99
Synch Success: SAftr=1146594086986, SBfr=1146594086983, D=1, M=1146594086985
Scheduled a DoS to fire after 13ms
Synch: Sending query: time=?;100
Received reply: time=;1146594087291;100
Synch Success: SAftr=1146594087292, SBfr=1146594087289, D=1, M=1146594087291
Scheduled a DoS to fire after 207ms
Synch: Sending query: time=?;101
Received reply: time=;1146594087598;101
Synch Success: SAftr=1146594087607, SBfr=1146594087596, D=5, M=1146594087598
Scheduled a DoS to fire after 395ms
Synch: Sending query: time=?;102
Received reply: time=;1146594087913;102
Synch Success: SAftr=1146594087913, SBfr=1146594087911, D=1, M=1146594087913
Scheduled a DoS to fire after 84ms
Synch: Sending query: time=?;103
Received reply: time=;1146594088227;103
Synch Success: SAftr=1146594088227, SBfr=1146594088225, D=1, M=1146594088227
Scheduled a DoS to fire after 271ms
Synch: Sending query: time=?;104
Received reply: time=;1146594088533;104
Synch Success: SAftr=1146594088533, SBfr=1146594088530, D=1, M=1146594088533
Scheduled a DoS to fire after 465ms
Synch: Sending query: time=?;105
Received reply: time=;1146594088838;105
Synch Success: SAftr=1146594088840, SBfr=1146594088836, D=2, M=1146594088838
Scheduled a DoS to fire after 159ms
Synch: Sending query: time=?;106
Received reply: time=;1146594089146;106
Synch Success: SAftr=1146594089146, SBfr=1146594089144, D=1, M=1146594089146
Scheduled a DoS to fire after 352ms
Synch: Sending query: time=?;107
Received reply: time=;1146594089451;107
Synch Success: SAftr=1146594089461, SBfr=1146594089449, D=6, M=1146594089451
Scheduled a DoS to fire after 41ms
Synch: Sending query: time=?;108
Received reply: time=;1146594089767;108
Synch Success: SAftr=1146594089767, SBfr=1146594089765, D=1, M=1146594089767
Scheduled a DoS to fire after 231ms
Synch: Sending query: time=?;109
Received reply: time=;1146594090072;109
Synch Success: SAftr=1146594090072, SBfr=1146594090070, D=1, M=1146594090072
Scheduled a DoS to fire after 426ms
Synch: Sending query: time=?;110
Received reply: time=;1146594090377;110
Synch Success: SAftr=1146594090385, SBfr=1146594090375, D=5, M=1146594090377
Scheduled a DoS to fire after 95ms
Synch: Sending query: time=?;111
Received reply: time=;1146594090712;111
Synch Success: SAftr=1146594090712, SBfr=1146594090710, D=1, M=1146594090712
Scheduled a DoS to fire after 283ms
Synch: Sending query: time=?;112
Received reply: time=;1146594091022;112
Synch Success: SAftr=1146594091022, SBfr=1146594091020, D=1, M=1146594091022
Scheduled a DoS to fire after 476ms
Synch: Sending query: time=?;113
Received reply: time=;1146594091329;113
Synch Success: SAftr=1146594091329, SBfr=1146594091326, D=1, M=1146594091329
Scheduled a DoS to fire after 169ms
Synch: Sending query: time=?;114
Received reply: time=;1146594091642;114
Synch Success: SAftr=1146594091650, SBfr=1146594091640, D=5, M=1146594091642
Scheduled a DoS to fire after 352ms
Synch: Sending query: time=?;115
Received reply: time=;1146594091954;115
Synch Success: SAftr=1146594091956, SBfr=1146594091952, D=2, M=1146594091954
Scheduled a DoS to fire after 43ms
Synch: Sending query: time=?;116
Received reply: time=;1146594092266;116
Synch Success: SAftr=1146594092266, SBfr=1146594092264, D=1, M=1146594092266
Scheduled a DoS to fire after 232ms
Synch: Sending query: time=?;117
Received reply: time=;1146594092574;117
Synch Success: SAftr=1146594092578, SBfr=1146594092573, D=2, M=1146594092574
Scheduled a DoS to fire after 423ms
Synch: Sending query: time=?;118
Received reply: time=;1146594092886;118
Synch Success: SAftr=1146594092886, SBfr=1146594092884, D=1, M=1146594092886
Scheduled a DoS to fire after 81ms
Synch: Sending query: time=?;119
Received reply: time=;1146594093222;119
Synch Success: SAftr=1146594093223, SBfr=1146594093220, D=1, M=1146594093222
Scheduled a DoS to fire after 276ms
Synch: Sending query: time=?;120
Received reply: time=;1146594093527;120
Synch Success: SAftr=1146594093527, SBfr=1146594093525, D=1, M=1146594093527
Scheduled a DoS to fire after 469ms
Synch: Sending query: time=?;121
Received reply: time=;1146594093834;121
Synch Success: SAftr=1146594093844, SBfr=1146594093832, D=6, M=1146594093834
Scheduled a DoS to fire after 156ms
Synch: Sending query: time=?;122
Received reply: time=;1146594094152;122
Synch Success: SAftr=1146594094152, SBfr=1146594094150, D=1, M=1146594094152
Scheduled a DoS to fire after 345ms
Synch: Sending query: time=?;123
Received reply: time=;1146594094458;123
Synch Success: SAftr=1146594094459, SBfr=1146594094456, D=1, M=1146594094458
Scheduled a DoS to fire after 38ms
Synch: Sending query: time=?;124
Received reply: time=;1146594094765;124
Synch Success: SAftr=1146594094765, SBfr=1146594094763, D=1, M=1146594094765
Scheduled a DoS to fire after 233ms
Synch: Sending query: time=?;125
Received reply: time=;1146594095077;125
Synch Success: SAftr=1146594095077, SBfr=1146594095074, D=1, M=1146594095077
Scheduled a DoS to fire after 421ms
Synch: Sending query: time=?;126
Received reply: time=;1146594095384;126
Synch Success: SAftr=1146594095384, SBfr=1146594095380, D=2, M=1146594095384
Scheduled a DoS to fire after 110ms
Synch: Sending query: time=?;127
Received reply: time=;1146594095691;127
Synch Success: SAftr=1146594095694, SBfr=1146594095689, D=2, M=1146594095691
Scheduled a DoS to fire after 305ms
Synch: Sending query: time=?;128
Received reply: time=;1146594096000;128
Synch Success: SAftr=1146594096000, SBfr=1146594095998, D=1, M=1146594096000
Scheduled a DoS to fire after 497ms
Synch: Sending query: time=?;129
Received reply: time=;1146594096305;129
Synch Success: SAftr=1146594096305, SBfr=1146594096303, D=1, M=1146594096305
Scheduled a DoS to fire after 192ms
Synch: Sending query: time=?;130
Received reply: time=;1146594096611;130
Synch Success: SAftr=1146594096611, SBfr=1146594096609, D=1, M=1146594096611
Scheduled a DoS to fire after 387ms
Synch: Sending query: time=?;131
Received reply: time=;1146594096916;131
Synch Success: SAftr=1146594096916, SBfr=1146594096914, D=1, M=1146594096916
Scheduled a DoS to fire after 80ms
Synch: Sending query: time=?;132
Received reply: time=;1146594097223;132
Synch Success: SAftr=1146594097223, SBfr=1146594097221, D=1, M=1146594097223
Scheduled a DoS to fire after 275ms
Synch: Sending query: time=?;133
Received reply: time=;1146594097528;133
Synch Success: SAftr=1146594097528, SBfr=1146594097526, D=1, M=1146594097528
Scheduled a DoS to fire after 467ms
Synch: Sending query: time=?;134
Received reply: time=;1146594097836;134
Synch Success: SAftr=1146594097838, SBfr=1146594097834, D=2, M=1146594097836
Scheduled a DoS to fire after 161ms
Synch: Sending query: time=?;135
Received reply: time=;1146594098143;135
Synch Success: SAftr=1146594098143, SBfr=1146594098141, D=1, M=1146594098143
Scheduled a DoS to fire after 355ms
Synch: Sending query: time=?;136
Received reply: time=;1146594098449;136
Synch Success: SAftr=1146594098449, SBfr=1146594098447, D=1, M=1146594098449
Scheduled a DoS to fire after 43ms
Synch: Sending query: time=?;137
Received reply: time=;1146594098761;137
Synch Success: SAftr=1146594098761, SBfr=1146594098759, D=1, M=1146594098761
Scheduled a DoS to fire after 237ms
Synch: Sending query: time=?;138
Received reply: time=;1146594099067;138
Synch Success: SAftr=1146594099067, SBfr=1146594099065, D=1, M=1146594099067
Scheduled a DoS to fire after 422ms
Synch: Sending query: time=?;139
Received reply: time=;1146594099382;139
Synch Success: SAftr=1146594099382, SBfr=1146594099379, D=1, M=1146594099382
Scheduled a DoS to fire after 115ms
Synch: Sending query: time=?;140
Received reply: time=;1146594099687;140
Synch Success: SAftr=1146594099688, SBfr=1146594099685, D=1, M=1146594099687
Scheduled a DoS to fire after 311ms
Synch: Sending query: time=?;141
Received reply: time=;1146594099993;141
Synch Success: SAftr=1146594099993, SBfr=1146594099990, D=1, M=1146594099993
Scheduled a DoS to fire after 4ms
Synch: Sending query: time=?;142
Received reply: time=;1146594100298;142
Synch Success: SAftr=1146594100298, SBfr=1146594100296, D=1, M=1146594100298
Scheduled a DoS to fire after 153ms
Synch: Sending query: time=?;143
Received reply: time=;1146594100650;143
Synch Success: SAftr=1146594100653, SBfr=1146594100648, D=2, M=1146594100650
Scheduled a DoS to fire after 346ms
Synch: Sending query: time=?;144
Received reply: time=;1146594100963;144
Synch Success: SAftr=1146594100963, SBfr=1146594100961, D=1, M=1146594100963
Scheduled a DoS to fire after 35ms
Synch: Sending query: time=?;145
Received reply: time=;1146594101268;145
Synch Success: SAftr=1146594101269, SBfr=1146594101267, D=1, M=1146594101268
Scheduled a DoS to fire after 230ms
Synch: Sending query: time=?;146
Received reply: time=;1146594101574;146
Synch Success: SAftr=1146594101574, SBfr=1146594101572, D=1, M=1146594101574
Scheduled a DoS to fire after 420ms
Synch: Sending query: time=?;147
Received reply: time=;1146594101890;147
Synch Success: SAftr=1146594101893, SBfr=1146594101888, D=2, M=1146594101890
Scheduled a DoS to fire after 107ms
Synch: Sending query: time=?;148
Received reply: time=;1146594102198;148
Synch Success: SAftr=1146594102198, SBfr=1146594102196, D=1, M=1146594102198
Scheduled a DoS to fire after 300ms
Synch: Sending query: time=?;149
Received reply: time=;1146594102503;149
Synch Success: SAftr=1146594102505, SBfr=1146594102501, D=2, M=1146594102503
Scheduled a DoS to fire after 475ms
Synch: Sending query: time=?;150
Received reply: time=;1146594102828;150
Synch Success: SAftr=1146594102828, SBfr=1146594102826, D=1, M=1146594102828
Scheduled a DoS to fire after 169ms
Synch: Sending query: time=?;151
Received reply: time=;1146594103133;151
Synch Success: SAftr=1146594103133, SBfr=1146594103131, D=1, M=1146594103133
Scheduled a DoS to fire after 365ms
Synch: Sending query: time=?;152
Received reply: time=;1146594103442;152
Synch Success: SAftr=1146594103442, SBfr=1146594103440, D=1, M=1146594103442
Scheduled a DoS to fire after 46ms
Synch: Sending query: time=?;153
Received reply: time=;1146594103759;153
Synch Success: SAftr=1146594103760, SBfr=1146594103757, D=1, M=1146594103759
Scheduled a DoS to fire after 238ms
Synch: Sending query: time=?;154
Received reply: time=;1146594104066;154
Synch Success: SAftr=1146594104066, SBfr=1146594104064, D=1, M=1146594104066
Scheduled a DoS to fire after 409ms
Synch: Sending query: time=?;155
Received reply: time=;1146594104394;155
Synch Success: SAftr=1146594104394, SBfr=1146594104392, D=1, M=1146594104394
Scheduled a DoS to fire after 104ms
Synch: Sending query: time=?;156
Received reply: time=;1146594104700;156
Synch Success: SAftr=1146594104702, SBfr=1146594104698, D=2, M=1146594104700
Scheduled a DoS to fire after 296ms
Synch: Sending query: time=?;157
Received reply: time=;1146594105015;157
Synch Success: SAftr=1146594105016, SBfr=1146594105013, D=1, M=1146594105015
Scheduled a DoS to fire after 482ms
Synch: Sending query: time=?;158
Received reply: time=;1146594105322;158
Synch Success: SAftr=1146594105325, SBfr=1146594105320, D=2, M=1146594105322
Scheduled a DoS to fire after 173ms
Synch: Sending query: time=?;159
Received reply: time=;1146594105632;159
Synch Success: SAftr=1146594105632, SBfr=1146594105630, D=1, M=1146594105632
Scheduled a DoS to fire after 350ms
Synch: Sending query: time=?;160
Received reply: time=;1146594105953;160
Synch Success: SAftr=1146594105953, SBfr=1146594105951, D=1, M=1146594105953
Scheduled a DoS to fire after 38ms
Synch: Sending query: time=?;161
Received reply: time=;1146594106265;161
Synch Success: SAftr=1146594106265, SBfr=1146594106263, D=1, M=1146594106265
Scheduled a DoS to fire after 232ms
Synch: Sending query: time=?;162
Received reply: time=;1146594106571;162
Synch Success: SAftr=1146594106571, SBfr=1146594106569, D=1, M=1146594106571
Scheduled a DoS to fire after 427ms
Synch: Sending query: time=?;163
Received reply: time=;1146594106876;163
Synch Success: SAftr=1146594106878, SBfr=1146594106874, D=2, M=1146594106876
Scheduled a DoS to fire after 120ms
Synch: Sending query: time=?;164
Received reply: time=;1146594107184;164
Synch Success: SAftr=1146594107184, SBfr=1146594107182, D=1, M=1146594107184
Scheduled a DoS to fire after 314ms
Synch: Sending query: time=?;165
Received reply: time=;1146594107489;165
Synch Success: SAftr=1146594107492, SBfr=1146594107487, D=2, M=1146594107489
Scheduled a DoS to fire after 5ms
Synch: Sending query: time=?;166
Received reply: time=;1146594107800;166
Synch Success: SAftr=1146594107800, SBfr=1146594107798, D=1, M=1146594107800
Scheduled a DoS to fire after 198ms
Synch: Sending query: time=?;167
Received reply: time=;1146594108121;167
Synch Success: SAftr=1146594108133, SBfr=1146594108119, D=7, M=1146594108121
Scheduled a DoS to fire after 347ms
Synch: Sending query: time=?;168
Received reply: time=;1146594108461;168
Synch Success: SAftr=1146594108463, SBfr=1146594108459, D=2, M=1146594108461
Scheduled a DoS to fire after 36ms
Synch: Sending query: time=?;169
Received reply: time=;1146594108767;169
Synch Success: SAftr=1146594108768, SBfr=1146594108765, D=1, M=1146594108767
Scheduled a DoS to fire after 231ms
Synch: Sending query: time=?;170
Received reply: time=;1146594109072;170
Synch Success: SAftr=1146594109080, SBfr=1146594109070, D=5, M=1146594109072
Scheduled a DoS to fire after 421ms
Synch: Sending query: time=?;171
Received reply: time=;1146594109385;171
Synch Success: SAftr=1146594109385, SBfr=1146594109383, D=1, M=1146594109385
Scheduled a DoS to fire after 109ms
Synch: Sending query: time=?;172
Received reply: time=;1146594109693;172
Synch Success: SAftr=1146594109703, SBfr=1146594109691, D=6, M=1146594109693
Scheduled a DoS to fire after 277ms
Synch: Sending query: time=?;173
Received reply: time=;1146594110030;173
Synch Success: SAftr=1146594110034, SBfr=1146594110028, D=3, M=1146594110030
Scheduled a DoS to fire after 465ms
Synch: Sending query: time=?;174
Received reply: time=;1146594110340;174
Synch Success: SAftr=1146594110340, SBfr=1146594110338, D=1, M=1146594110340
Scheduled a DoS to fire after 157ms
Synch: Sending query: time=?;175
Received reply: time=;1146594110646;175
Synch Success: SAftr=1146594110646, SBfr=1146594110644, D=1, M=1146594110646
Scheduled a DoS to fire after 352ms
Synch: Sending query: time=?;176
Received reply: time=;1146594110950;176
Synch Success: SAftr=1146594110950, SBfr=1146594110948, D=1, M=1146594110950
Scheduled a DoS to fire after 48ms
Synch: Sending query: time=?;177
Received reply: time=;1146594111255;177
Synch Success: SAftr=1146594111255, SBfr=1146594111253, D=1, M=1146594111255
Scheduled a DoS to fire after 243ms
Synch: Sending query: time=?;178
Received reply: time=;1146594111560;178
Synch Success: SAftr=1146594111561, SBfr=1146594111558, D=1, M=1146594111560
Scheduled a DoS to fire after 437ms
Synch: Sending query: time=?;179
Received reply: time=;1146594111867;179
Synch Success: SAftr=1146594111867, SBfr=1146594111865, D=1, M=1146594111867
Scheduled a DoS to fire after 130ms
Synch: Sending query: time=?;180
Received reply: time=;1146594112172;180
Synch Success: SAftr=1146594112175, SBfr=1146594112170, D=2, M=1146594112172
Scheduled a DoS to fire after 325ms
Synch: Sending query: time=?;181
Received reply: time=;1146594112487;181
Synch Success: SAftr=1146594112488, SBfr=1146594112484, D=2, M=1146594112487
Scheduled a DoS to fire after 8ms
Synch: Sending query: time=?;182
Received reply: time=;1146594112796;182
Synch Success: SAftr=1146594112796, SBfr=1146594112793, D=1, M=1146594112796
Scheduled a DoS to fire after 201ms
Synch: Sending query: time=?;183
Received reply: time=;1146594113102;183
Synch Success: SAftr=1146594113102, SBfr=1146594113100, D=1, M=1146594113102
Scheduled a DoS to fire after 388ms
Synch: Sending query: time=?;184
Received reply: time=;1146594113415;184
Synch Success: SAftr=1146594113415, SBfr=1146594113413, D=1, M=1146594113415
Scheduled a DoS to fire after 82ms
Synch: Sending query: time=?;185
Received reply: time=;1146594113720;185
Synch Success: SAftr=1146594113720, SBfr=1146594113718, D=1, M=1146594113720
Scheduled a DoS to fire after 278ms
Synch: Sending query: time=?;186
Received reply: time=;1146594114030;186
Synch Success: SAftr=1146594114036, SBfr=1146594114028, D=4, M=1146594114030
Scheduled a DoS to fire after 465ms
Synch: Sending query: time=?;187
Received reply: time=;1146594114341;187
Synch Success: SAftr=1146594114341, SBfr=1146594114339, D=1, M=1146594114341
Scheduled a DoS to fire after 157ms
Synch: Sending query: time=?;188
Received reply: time=;1146594114654;188
Synch Success: SAftr=1146594114656, SBfr=1146594114652, D=2, M=1146594114654
Scheduled a DoS to fire after 289ms
Synch: Sending query: time=?;189
Received reply: time=;1146594115025;189
Synch Success: SAftr=1146594115033, SBfr=1146594115023, D=5, M=1146594115025
Scheduled a DoS to fire after 383ms
Synch: Sending query: time=?;190
Received reply: time=;1146594115424;190
Synch Success: SAftr=1146594115424, SBfr=1146594115422, D=1, M=1146594115424
Scheduled a DoS to fire after 74ms
Synch: Sending query: time=?;191
Received reply: time=;1146594115728;191
Synch Success: SAftr=1146594115730, SBfr=1146594115727, D=1, M=1146594115728
Scheduled a DoS to fire after 270ms
Synch: Sending query: time=?;192
Received reply: time=;1146594116034;192
Synch Success: SAftr=1146594116043, SBfr=1146594116033, D=5, M=1146594116034
Scheduled a DoS to fire after 452ms
Synch: Sending query: time=?;193
Received reply: time=;1146594116356;193
Synch Success: SAftr=1146594116369, SBfr=1146594116354, D=7, M=1146594116356
Scheduled a DoS to fire after 99ms
DoS Attack lifetime has expired. Shutting down slave...
SYNCHRONIZATION STATISTICS
--------------------------------------------------------------
--------------------------------------------------------------
 Time Synch Messages SENT to Master:
	 Successive Synch Requests sent : 193
	 Retry Synch Requests sent      : 0
	 TOTAL SYNCH Requests sent      : 193
--------------------------------------------------------------
 Time Synch Messages RECEIVED from Master:
	 Synch Replies Received On-time : 193
	 [These are replies received [on-time] before a new synch request was scheduled]
		 Successful Synch Replies received         : 193
		 Synch Replies received with D > U         : 0
		 Synch Replies received with seq# mismatch : 0
	 Synch Replies lost/discarded   : 0
	 [These are replies lost due to communication failure or ignored]
---------------------------------------------------------------
 Synchronization Success Rate ~= 100%
 Clock was synchronized 193 times in 1minute(s)
	 Average gap between clock synchs ~= 310milliseconds
--------------------------------------------------------------
--------------------------------------------------------------
